
Gurobi 11.0.2 (win64) logging started Sun Aug 18 13:03:21 2024

Set parameter LogFile to value "D:\Documenti\Scuola\Laurea magistrale unibs\laurea-unibs-mkfsp\output\2024-08-18T10_03_15.889499\logs\instance07_bucket3.log"
Set parameter TimeLimit to value 350
Set parameter MIPGap to value 0
Gurobi Optimizer version 11.0.2 build v11.0.2rc0 (win64 - Windows 10.0 (19045.2))

CPU model: Intel(R) Core(TM) i5-4670 CPU @ 3.40GHz, instruction set [SSE2|AVX|AVX2]
Thread count: 4 physical cores, 4 logical processors, using up to 4 threads

Optimize a model with 788 rows, 2099 columns and 57616 nonzeros
Model fingerprint: 0xe7f7fc62
Variable types: 0 continuous, 2099 integer (2052 binary)
Coefficient statistics:
  Matrix range     [1e+00, 8e+03]
  Objective range  [6e+02, 8e+03]
  Bounds range     [1e+00, 1e+00]
  RHS range        [1e+00, 2e+05]
Presolve time: 0.11s
Presolved: 788 rows, 2099 columns, 57616 nonzeros
Variable types: 0 continuous, 2099 integer (2052 binary)

Root relaxation: objective 2.495196e+05, 2528 iterations, 0.30 seconds (0.53 work units)

    Nodes    |    Current Node    |     Objective Bounds      |     Work
 Expl Unexpl |  Obj  Depth IntInf | Incumbent    BestBd   Gap | It/Node Time

     0     0 249519.605    0  478          - 249519.605      -     -    1s
H    0     0                    215528.00000 249519.605  15.8%     -    1s
     0     0 249110.585    0  851 215528.000 249110.585  15.6%     -    2s
H    0     0                    216246.00000 248993.216  15.1%     -    3s
     0     0 248993.216    0  700 216246.000 248993.216  15.1%     -    3s
     0     0 248807.060    0  858 216246.000 248807.060  15.1%     -    5s
     0     0 248807.060    0  595 216246.000 248807.060  15.1%     -    7s
H    0     0                    217846.00000 248807.060  14.2%     -    7s
H    0     0                    218110.00000 248807.060  14.1%     -    7s
     0     2 248807.060    0  500 218110.000 248807.060  14.1%     -    9s
     7    12 248704.222    3  704 218110.000 248807.060  14.1%  1923   11s
    11    16 248573.024    3  656 218110.000 248807.060  14.1%  2670   15s
H   31    34                    219018.00000 248807.060  13.6%  1760   16s
H   64    73                    220224.00000 248807.060  13.0%  1235   18s
H  101   106                    222324.00000 248807.060  11.9%   935   19s
   114   133 247835.188   18  410 222324.000 248807.060  11.9%   879   20s
H  132   138                    224104.00000 248807.060  11.0%   803   21s
H  138   159                    224946.00000 248807.060  10.6%   782   21s
H  168   173                    227038.00000 248807.060  9.59%   686   21s
   197   207 246937.863   31  407 227038.000 248807.060  9.59%   629   25s
H  201   207                    227314.00000 248807.060  9.46%   624   25s
H  204   207                    228568.00000 248807.060  8.85%   618   25s
H  207   207                    228600.00000 248807.060  8.84%   611   25s
H  403   429                    228616.00000 248807.060  8.83%   452   28s
H  487   487                    229003.00000 248807.060  8.65%   426   29s
   531   539 245784.000   84  336 229003.000 248807.060  8.65%   417   30s
H  579   565                    229358.00000 248807.060  8.48%   412   30s
H  689   694                    230070.00000 248807.060  8.14%   407   33s
   783   795 245784.000  112  253 230070.000 248807.060  8.14%   404   35s
  1026  1000 245784.000  143  222 230070.000 248807.060  8.14%   411   40s
  1170  1095 245617.704  172  395 230070.000 248807.060  8.14%   443   46s
  1273  1194 245080.000  184  309 230070.000 248807.060  8.14%   466   50s
  1387  1274 245080.000  195  337 230070.000 248807.060  8.14%   478   56s
  1491  1374 243690.314  202  471 230070.000 248807.060  8.14%   484   60s
  1575  1485 240641.812  211  410 230070.000 248807.060  8.14%   501   65s
H 1725  1588                    230127.00000 248807.060  8.12%   501   68s
  1739  1646 239861.857  222  333 230127.000 248807.060  8.12%   503   70s
  1933  1822 239327.000  237  374 230127.000 248807.060  8.12%   509   75s
  2113  2012 238593.000  256  344 230127.000 248807.060  8.12%   513   81s
  2312  2114 233872.614  293  451 230127.000 248807.060  8.12%   501   87s
  2334  2121 248564.853    4  934 230127.000 248807.060  8.12%   511   90s
  2342  2122 248174.101   19  595 230127.000 248807.060  8.12%   518   98s
  2344  2123 245343.000   76 1259 230127.000 248807.060  8.12%   517  101s
  2347  2128 248807.060   13 1146 230127.000 248807.060  8.12%   523  106s
  2353  2134 248644.067   15 1156 230127.000 248807.060  8.12%   535  110s
  2357  2137 248724.861   15 1225 230127.000 248807.060  8.12%   545  116s
  2369  2146 248638.618   17 1243 230127.000 248807.060  8.12%   577  123s
  2378  2151 248279.891   18 1217 230127.000 248807.060  8.12%   593  127s
  2387  2159 248252.266   20 1185 230127.000 248807.060  8.12%   604  131s
  2393  2162 248207.549   21 1207 230127.000 248807.060  8.12%   612  135s
  2404  2170 248048.225   22 1231 230127.000 248807.060  8.12%   628  140s
  2414  2176 247930.953   23 1203 230127.000 248807.060  8.12%   637  147s
  2427  2184 247726.403   25 1069 230127.000 248807.060  8.12%   659  151s
  2431  2186 246006.244   25 1022 230127.000 248807.060  8.12%   670  156s
  2435  2191 247638.496   26 1053 230127.000 248807.060  8.12%   693  160s
  2456  2207 245912.767   28  946 230127.000 248807.060  8.12%   712  167s
  2464  2213 245654.179   29  822 230127.000 248807.060  8.12%   720  170s
  2479  2225 247439.612   31 1067 230127.000 248807.060  8.12%   734  175s
H 2487  2116                    230637.00000 248807.060  7.88%   739  175s
  2497  2130 245636.185   33  927 230637.000 248807.060  7.88%   751  182s
H 2503  2027                    232007.00000 248807.060  7.24%   755  182s
  2508  2040 247051.207   34 1017 232007.000 248807.060  7.24%   760  185s
  2531  2057 247149.978   37  979 232007.000 248807.060  7.24%   781  192s
  2547  2070 246962.275   39 1042 232007.000 248807.060  7.24%   792  196s
  2565  2080 246095.720   41  991 232007.000 248807.060  7.24%   805  200s
H 2590  1993                    232031.00000 248807.060  7.23%   821  204s
H 2593  1901                    232121.00000 248807.060  7.19%   824  204s
  2599  1917 246621.578   46  982 232121.000 248807.060  7.19%   828  208s
  2617  1931 245522.247   48  839 232121.000 248807.060  7.19%   840  212s
  2637  1947 244638.643   51  825 232121.000 248807.060  7.19%   852  216s
  2659  1962 245574.954   54  945 232121.000 248807.060  7.19%   866  220s
  2710  2000 242207.000   62  732 232121.000 248807.060  7.19%   891  228s
  2743  2028 242207.000   67  723 232121.000 248807.060  7.19%   902  232s
  2784  2063 242207.000   73  732 232121.000 248807.060  7.19%   913  236s
  2832  2091 242207.000   79  710 232121.000 248807.060  7.19%   923  240s
  2923  2157 242207.000   90  762 232121.000 248807.060  7.19%   945  248s
  2973  2203 241466.000   97  670 232121.000 248807.060  7.19%   954  253s
H 3023  2100                    232145.00000 248807.060  7.18%   956  253s
  3035  2165 241495.000  106  611 232145.000 248807.060  7.18%   958  257s
  3104  2228 241537.000  118  602 232145.000 248807.060  7.18%   962  262s
  3190  2290 241666.622  131  635 232145.000 248807.060  7.18%   961  266s
  3281  2349 241497.664  143  696 232145.000 248807.060  7.18%   959  271s
  3372  2363 239996.968  155  602 232145.000 248807.060  7.18%   960  276s
  3428  2370 239777.733  165  519 232145.000 248807.060  7.18%   962  281s
  3482  2374 248807.060   18 1253 232145.000 248807.060  7.18%   967  286s
  3516  2381 248807.060   20 1247 232145.000 248807.060  7.18%   976  292s
  3546  2395 248807.060   22 1299 232145.000 248807.060  7.18%   985  298s
  3570  2413 248716.777   25 1238 232145.000 248807.060  7.18%   995  304s
  3596  2428 248563.882   28 1168 232145.000 248807.060  7.18%  1006  310s
  3620  2449 248022.119   31 1175 232145.000 248807.060  7.18%  1017  316s
  3649  2472 247603.244   35 1117 232145.000 248807.060  7.18%  1029  323s
  3682  2495 246361.554   38 1022 232145.000 248807.060  7.18%  1040  329s
  3716  2518 247010.641   42 1105 232145.000 248807.060  7.18%  1053  336s
  3750  2546 246425.013   45 1085 232145.000 248807.060  7.18%  1066  343s
  3789  2567 246331.743   49 1049 232145.000 248807.060  7.18%  1080  350s

Explored 3824 nodes (4190781 simplex iterations) in 350.02 seconds (719.46 work units)
Thread count was 4 (of 4 available processors)

Solution count 10: 232145 232121 232031 ... 228616

Time limit reached
Best objective 2.321450000000e+05, best bound 2.488070000000e+05, gap 7.1774%
