
Gurobi 11.0.2 (win64) logging started Sun Aug 18 12:43:20 2024

Set parameter LogFile to value "D:\Documenti\Scuola\Laurea magistrale unibs\laurea-unibs-mkfsp\output\2024-08-18T10_03_15.889499\logs\instance05_bucket4.log"
Set parameter TimeLimit to value 350
Set parameter MIPGap to value 0
Gurobi Optimizer version 11.0.2 build v11.0.2rc0 (win64 - Windows 10.0 (19045.2))

CPU model: Intel(R) Core(TM) i5-4670 CPU @ 3.40GHz, instruction set [SSE2|AVX|AVX2]
Thread count: 4 physical cores, 4 logical processors, using up to 4 threads

Optimize a model with 1160 rows, 3974 columns and 110551 nonzeros
Model fingerprint: 0xf30b53ee
Variable types: 0 continuous, 3974 integer (3927 binary)
Coefficient statistics:
  Matrix range     [1e+00, 9e+03]
  Objective range  [6e+02, 9e+03]
  Bounds range     [1e+00, 1e+00]
  RHS range        [1e+00, 2e+05]
Found heuristic solution: objective 223662.00000
Presolve time: 0.19s
Presolved: 1160 rows, 3974 columns, 110551 nonzeros
Variable types: 0 continuous, 3974 integer (3927 binary)

Root relaxation: objective 2.699430e+05, 1107 iterations, 0.07 seconds (0.10 work units)

    Nodes    |    Current Node    |     Objective Bounds      |     Work
 Expl Unexpl |  Obj  Depth IntInf | Incumbent    BestBd   Gap | It/Node Time

     0     0 269943.000    0  151 223662.000 269943.000  20.7%     -    0s
H    0     0                    233019.00000 269943.000  15.8%     -    0s
     0     0 269943.000    0  434 233019.000 269943.000  15.8%     -    1s
H    0     0                    241671.00000 269943.000  11.7%     -    2s
     0     0 269943.000    0  380 241671.000 269943.000  11.7%     -    2s
     0     0 269943.000    0  242 241671.000 269943.000  11.7%     -    7s
     0     0 269943.000    0  235 241671.000 269943.000  11.7%     -    7s
     0     0 269943.000    0  218 241671.000 269943.000  11.7%     -   10s
     0     0 269943.000    0  178 241671.000 269943.000  11.7%     -   10s
     0     2 269943.000    0  174 241671.000 269943.000  11.7%     -   12s
H   27    32                    243199.00000 269943.000  11.0%   996   15s
H   28    32                    243202.00000 269943.000  11.0%   970   15s
H   30    32                    243906.00000 269943.000  10.7%   940   15s
H  124   128                    243913.00000 269943.000  10.7%   636   19s
   130   465 269943.000   36  247 243913.000 269943.000  10.7%   618   25s
H  262   465                    243922.00000 269943.000  10.7%   352   25s
H  316   465                    243935.00000 269943.000  10.7%   312   25s
H  317   465                    244652.00000 269943.000  10.3%   312   25s
H  475   465                    245286.00000 269943.000  10.1%   243   25s
H  476   838                    245293.00000 269943.000  10.0%   244   29s
   874   973 269943.000  230  307 245293.000 269943.000  10.0%   201   32s
H  935   973                    245974.00000 269943.000  9.74%   194   32s
H  986   973                    246000.00000 269943.000  9.73%   194   32s
  1016  1302 269943.000  288  324 246000.000 269943.000  9.73%   195   36s
  1356  1425 269943.000  374  275 246000.000 269943.000  9.73%   181   40s
H 1380  1425                    246773.00000 269943.000  9.39%   181   40s
  1814  1976 269943.000  508  248 246773.000 269943.000  9.39%   177   47s
  2070  2270 268852.693  588  230 246773.000 269943.000  9.39%   186   50s
H 2380  2306                    247194.00000 269943.000  9.20%   189   55s
H 2382  2306                    247202.00000 269943.000  9.20%   189   55s
H 2417  2306                    247472.00000 269943.000  9.08%   189   55s
  2418  2402 267746.000  652  230 247472.000 269943.000  9.08%   189   62s
  2527  2659 267661.556  682  232 247472.000 269943.000  9.08%   192   66s
  2799  2956 256343.000  760  117 247472.000 269943.000  9.08%   197   70s
  3424  3435 269943.000  291  178 247472.000 269943.000  9.08%   218   78s
  3633  3553 268508.000  364  262 247472.000 269943.000  9.08%   233   84s
H 3678  3553                    248153.00000 269943.000  8.78%   233   84s
  3762  3853 267883.000  401  236 248153.000 269943.000  8.78%   237   89s
  4105  4121 267202.000  478  228 248153.000 269943.000  8.78%   243   94s
  4388  4130 266452.000  503  244 248153.000 269943.000  8.78%   259  101s
H 4390  4127                    249843.00000 269943.000  8.05%   259  101s
  4398  4377 266485.000  504  238 249843.000 269943.000  8.05%   259  107s
  4650  4663 266477.594  560  244 249843.000 269943.000  8.05%   268  114s
H 4815  4663                    249913.00000 269943.000  8.01%   268  114s
  4962  4969 255912.000  627  121 249913.000 269943.000  8.01%   270  120s
H 5313  4969                    249957.00000 269943.000  8.00%   274  122s
  5316  4971 268938.769  444  510 249957.000 269943.000  8.00%   274  133s
  5317  4972 266359.814  679  477 249957.000 269943.000  8.00%   274  140s
  5318  4973 267300.798  637  473 249957.000 269943.000  8.00%   274  147s
H 5319  4724                    249968.00000 269943.000  7.99%   274  154s
  5321  4726 269213.000  372  411 249968.000 269943.000  7.99%   274  155s
  5322  4726 268446.000  201  441 249968.000 269943.000  7.99%   274  160s
  5324  4728 269943.000  319  432 249968.000 269943.000  7.99%   274  166s
  5326  4729 267883.000  408  412 249968.000 269943.000  7.99%   274  172s
H 5327  4493                    250322.00000 269943.000  7.84%   274  178s
H 5327  4268                    252741.00000 269943.000  6.81%   274  178s
  5330  4270 269943.000  277  377 252741.000 269943.000  6.81%   273  186s
  5331  4270 268456.000  212  378 252741.000 269943.000  6.81%   273  190s
H 5332  4057                    252827.00000 269943.000  6.77%   273  200s
H 5333  3857                    253174.00000 269943.000  6.62%   312  204s
  5334  3858 269943.000   11  371 253174.000 269943.000  6.62%   314  206s
  5348  3870 269943.000   14  405 253174.000 269943.000  6.62%   323  210s
H 5362  3685                    254426.00000 269943.000  6.10%   326  213s
H 5363  3502                    254661.00000 269943.000  6.00%   327  213s
  5365  3505 269943.000   16  375 254661.000 269943.000  6.00%   328  215s
  5381  3528 269943.000   18  351 254661.000 269943.000  6.00%   334  221s
H 5397  3369                    255242.00000 269943.000  5.76%   342  229s
  5419  3443 269943.000   24  474 255242.000 269943.000  5.76%   350  242s
  5500  3541 269943.000   35  397 255242.000 269943.000  5.76%   374  267s
H 5540  3363                    256922.00000 269943.000  5.07%   386  267s
  5625  3631 269943.000   52  329 256922.000 269943.000  5.07%   415  304s
H 5725  3440                    259187.00000 269943.000  4.15%   436  304s
  5922  3647 269213.000   97  371 259187.000 269943.000  4.15%   489  335s
H 6091  3442                    259933.00000 269943.000  3.85%   515  335s
  6199  3546 267042.000  154  329 259933.000 269943.000  3.85%   548  350s
H 6293  3373                    259988.00000 269943.000  3.83%   557  350s

Cutting planes:
  Gomory: 2
  Lift-and-project: 6
  RLT: 3

Explored 6347 nodes (3644130 simplex iterations) in 350.02 seconds (572.63 work units)
Thread count was 4 (of 4 available processors)

Solution count 10: 259988 259933 259187 ... 252741

Time limit reached
Best objective 2.599880000000e+05, best bound 2.699430000000e+05, gap 3.8290%
