
Gurobi 11.0.2 (win64) logging started Sun Aug 18 12:53:24 2024

Set parameter LogFile to value "D:\Documenti\Scuola\Laurea magistrale unibs\laurea-unibs-mkfsp\output\2024-08-18T10_03_15.889499\logs\instance06_bucket4.log"
Set parameter TimeLimit to value 350
Set parameter MIPGap to value 0
Gurobi Optimizer version 11.0.2 build v11.0.2rc0 (win64 - Windows 10.0 (19045.2))

CPU model: Intel(R) Core(TM) i5-4670 CPU @ 3.40GHz, instruction set [SSE2|AVX|AVX2]
Thread count: 4 physical cores, 4 logical processors, using up to 4 threads

Optimize a model with 2085 rows, 9108 columns and 256739 nonzeros
Model fingerprint: 0xb926d0ae
Variable types: 0 continuous, 9108 integer (9039 binary)
Coefficient statistics:
  Matrix range     [1e+00, 8e+03]
  Objective range  [6e+02, 8e+03]
  Bounds range     [1e+00, 1e+00]
  RHS range        [1e+00, 3e+05]
Found heuristic solution: objective 334176.00000
Presolve time: 0.47s
Presolved: 2085 rows, 9108 columns, 256739 nonzeros
Variable types: 0 continuous, 9108 integer (9039 binary)
Found heuristic solution: objective 359076.00000

Root relaxation: objective 4.110840e+05, 975 iterations, 0.03 seconds (0.02 work units)

    Nodes    |    Current Node    |     Objective Bounds      |     Work
 Expl Unexpl |  Obj  Depth IntInf | Incumbent    BestBd   Gap | It/Node Time

H    0     0                    411084.00000 411084.000  0.00%     -    0s
     0     0 411084.000    0  427 411084.000 411084.000  0.00%     -    0s

Explored 1 nodes (975 simplex iterations) in 0.55 seconds (0.49 work units)
Thread count was 4 (of 4 available processors)

Solution count 3: 411084 359076 334176 

Optimal solution found (tolerance 0.00e+00)
Best objective 4.110840000000e+05, best bound 4.110840000000e+05, gap 0.0000%
