
Gurobi 11.0.2 (win64) logging started Sun Aug 18 13:55:20 2024

Set parameter LogFile to value "D:\Documenti\Scuola\Laurea magistrale unibs\laurea-unibs-mkfsp\output\2024-08-18T10_03_15.889499\logs\instance12_bucket3.log"
Set parameter TimeLimit to value 350
Set parameter MIPGap to value 0
Gurobi Optimizer version 11.0.2 build v11.0.2rc0 (win64 - Windows 10.0 (19045.2))

CPU model: Intel(R) Core(TM) i5-4670 CPU @ 3.40GHz, instruction set [SSE2|AVX|AVX2]
Thread count: 4 physical cores, 4 logical processors, using up to 4 threads

Optimize a model with 6822 rows, 35340 columns and 995020 nonzeros
Model fingerprint: 0xc4d00892
Variable types: 0 continuous, 35340 integer (35070 binary)
Coefficient statistics:
  Matrix range     [1e+00, 8e+03]
  Objective range  [6e+02, 8e+03]
  Bounds range     [1e+00, 1e+00]
  RHS range        [1e+00, 1e+06]
Found heuristic solution: objective 1237485.0000
Presolve time: 2.70s
Presolved: 6822 rows, 35340 columns, 995020 nonzeros
Variable types: 0 continuous, 35340 integer (35070 binary)
Found heuristic solution: objective 1331456.0000
Deterministic concurrent LP optimizer: primal simplex, dual simplex, and barrier
Showing barrier log only...

Root barrier log...

Ordering time: 0.11s

Barrier statistics:
 AA' NZ     : 1.062e+06
 Factor NZ  : 1.282e+06 (roughly 24 MB of memory)
 Factor Ops : 6.602e+08 (less than 1 second per iteration)
 Threads    : 2

Barrier performed 0 iterations in 3.76 seconds (2.54 work units)
Barrier solve interrupted - model solved by another algorithm

Concurrent spin time: 0.22s (can be avoided by choosing Method=3)

Solved with dual simplex

Root relaxation: objective 1.582573e+06, 2050 iterations, 0.94 seconds (0.52 work units)

    Nodes    |    Current Node    |     Objective Bounds      |     Work
 Expl Unexpl |  Obj  Depth IntInf | Incumbent    BestBd   Gap | It/Node Time

H    0     0                    1582573.0000 1582573.00  0.00%     -    4s
     0     0 1582573.00    0    4 1582573.00 1582573.00  0.00%     -    4s

Explored 1 nodes (3826 simplex iterations) in 4.24 seconds (2.89 work units)
Thread count was 4 (of 4 available processors)

Solution count 3: 1.58257e+06 1.33146e+06 1.23749e+06 

Optimal solution found (tolerance 0.00e+00)
Best objective 1.582573000000e+06, best bound 1.582573000000e+06, gap 0.0000%
