
Gurobi 11.0.2 (win64) logging started Sun Aug 18 12:39:07 2024

Set parameter LogFile to value "D:\Documenti\Scuola\Laurea magistrale unibs\laurea-unibs-mkfsp\output\2024-08-18T10_03_15.889499\logs\instance04_bucket4.log"
Set parameter TimeLimit to value 2.4907226689999879e+02
Set parameter MIPGap to value 0
Gurobi Optimizer version 11.0.2 build v11.0.2rc0 (win64 - Windows 10.0 (19045.2))

CPU model: Intel(R) Core(TM) i5-4670 CPU @ 3.40GHz, instruction set [SSE2|AVX|AVX2]
Thread count: 4 physical cores, 4 logical processors, using up to 4 threads

Optimize a model with 457 rows, 996 columns and 27191 nonzeros
Model fingerprint: 0x693423a4
Variable types: 0 continuous, 996 integer (973 binary)
Coefficient statistics:
  Matrix range     [1e+00, 8e+03]
  Objective range  [6e+02, 8e+03]
  Bounds range     [1e+00, 1e+00]
  RHS range        [1e+00, 8e+04]
Presolve time: 0.05s
Presolved: 457 rows, 996 columns, 27191 nonzeros
Variable types: 0 continuous, 996 integer (973 binary)

Root relaxation: objective 9.648110e+04, 1750 iterations, 0.14 seconds (0.25 work units)

    Nodes    |    Current Node    |     Objective Bounds      |     Work
 Expl Unexpl |  Obj  Depth IntInf | Incumbent    BestBd   Gap | It/Node Time

     0     0 96481.1033    0  335          - 96481.1033      -     -    0s
     0     0 95808.4734    0  485          - 95808.4734      -     -    1s
     0     0 95788.4124    0  430          - 95788.4124      -     -    1s
     0     0 95511.4830    0  472          - 95511.4830      -     -    2s
     0     0 95394.8196    0  458          - 95394.8196      -     -    2s
     0     0 95247.5676    0  507          - 95247.5676      -     -    3s
     0     0 95247.5676    0  411          - 95247.5676      -     -    4s
     0     2 95247.5676    0  384          - 95247.5676      -     -    5s
   950   844 94666.9462    7  251          - 95247.5676      -   192   10s
  1168   991 95247.5676   15  674          - 95247.5676      -   9.8   15s
  1188  1004 95017.2344   18  632          - 95247.5676      -  47.6   20s
  1229  1035 94072.5455   23  621          - 95247.5676      -   102   25s
  1323  1097 89070.0000   36  320          - 95247.5676      -   166   30s
  1471  1211 87642.0000   58  271          - 95247.5676      -   224   35s
  1612  1241 94292.7678   21  555          - 95247.5676      -   246   40s
  1684  1284 93688.0169   26  534          - 95247.5676      -   270   45s
  1799  1361 92270.1399   35  392          - 95247.5676      -   312   50s
  2057  1492 87625.2474   64  203          - 95247.5676      -   342   57s
  2174  1535 95032.6939   22  635          - 95247.5676      -   349   61s
  2288  1640 92578.3189   34  466          - 95247.5676      -   370   65s
  2383  1690 89784.0000   36  308          - 95247.5676      -   376   70s
  2647  1843 83654.0959   79  171          - 95247.5676      -   380   75s
  2995  2139 88982.4263   53  350          - 95247.5676      -   382   81s
  3379  2208 94088.9564   25  549          - 95247.5676      -   371   85s
  3566  2276 89826.0000   42  300          - 95247.5676      -   374   90s
  4074  2513 94242.6716   25  569          - 95247.5676      -   377   97s
  4168  2660 93648.3182   28  467          - 95247.5676      -   379  100s
  4531  3022 90214.5991   47  291          - 95247.5676      -   381  105s
  4969  3350 95009.2767   19  619          - 95247.5676      -   380  111s
  5418  3731 88715.0419   65  332          - 95247.5676      -   382  117s
  5617  3784 94801.2398   19  589          - 95247.5676      -   386  120s
  5860  4248 90355.0000   36  365          - 95247.5676      -   396  127s
  6264  4409 87479.0000   68  212          - 95247.5676      -   391  131s
  6779  4871 89718.3013   48  351          - 95247.5676      -   393  139s
  7029  4976 94594.5640   21  548          - 95247.5676      -   390  143s
  7165  5145 91568.0000   29  430          - 95247.5676      -   397  147s
  7336  5471 88745.0000   55  288          - 95247.5676      -   401  151s
  7734  5616 94567.2072   19  568          - 95222.6871      -   399  155s
  7881  6024 91609.8048   34  513          - 95222.6871      -   405  160s
  8606  6606 91410.0000   34  343          - 95202.4164      -   403  169s
  9079  6715 85282.9600   69  220          - 95172.1134      -   401  175s
  9208  7041 94291.3494   25  629          - 95172.1134      -   403  180s
  9572  7260 91679.0000   29  487          - 95172.1134      -   403  185s
  9834  7614 89321.6976   46  301          - 95172.1134      -   409  191s
 10227  8050 87599.0000   64  208          - 95160.8773      -   411  198s
 10773  8192 92692.8762   34  479          - 95079.2439      -   410  203s
 10919  8522 88390.3287   64  265          - 95077.8084      -   412  209s
 11305  8899 92198.6265   39  493          - 95062.9385      -   415  216s
 11749  9348 93794.4728   27  559          - 95062.9385      -   415  222s
 12283  9596 86123.1849   74  197          - 95027.4571      -   414  229s
 12582  9946 93129.8618   33  542          - 95027.4571      -   414  235s
 12984 10394 89173.0009   49  357          - 95013.6785      -   416  241s
 13510 10724 92759.9827   34  379          - 95013.6785      -   414  246s

Cutting planes:
  Gomory: 2

Explored 14103 nodes (6089447 simplex iterations) in 249.08 seconds (593.85 work units)
Thread count was 4 (of 4 available processors)

Solution count 0

Time limit reached
Best objective -, best bound 9.501300000000e+04, gap -
