
Gurobi 11.0.2 (win64) logging started Sun Aug 18 12:53:27 2024

Set parameter LogFile to value "D:\Documenti\Scuola\Laurea magistrale unibs\laurea-unibs-mkfsp\output\2024-08-18T10_03_15.889499\logs\instance06_bucket6.log"
Set parameter TimeLimit to value 350
Set parameter MIPGap to value 0
Gurobi Optimizer version 11.0.2 build v11.0.2rc0 (win64 - Windows 10.0 (19045.2))

CPU model: Intel(R) Core(TM) i5-4670 CPU @ 3.40GHz, instruction set [SSE2|AVX|AVX2]
Thread count: 4 physical cores, 4 logical processors, using up to 4 threads

Optimize a model with 2712 rows, 12715 columns and 359088 nonzeros
Model fingerprint: 0xadce0321
Variable types: 0 continuous, 12715 integer (12620 binary)
Coefficient statistics:
  Matrix range     [1e+00, 8e+03]
  Objective range  [6e+02, 8e+03]
  Bounds range     [1e+00, 1e+00]
  RHS range        [1e+00, 5e+05]
Found heuristic solution: objective 494447.00000
Presolve time: 0.68s
Presolved: 2712 rows, 12715 columns, 359088 nonzeros
Variable types: 0 continuous, 12715 integer (12620 binary)
Found heuristic solution: objective 506719.00000
Deterministic concurrent LP optimizer: primal and dual simplex
Showing primal log only...

Concurrent spin time: 0.00s

Solved with dual simplex

Root relaxation: objective 5.750360e+05, 818 iterations, 0.18 seconds (0.18 work units)

    Nodes    |    Current Node    |     Objective Bounds      |     Work
 Expl Unexpl |  Obj  Depth IntInf | Incumbent    BestBd   Gap | It/Node Time

H    0     0                    575036.00000 575036.000  0.00%     -    1s
     0     0 575036.000    0    3 575036.000 575036.000  0.00%     -    1s

Explored 1 nodes (1596 simplex iterations) in 1.02 seconds (0.96 work units)
Thread count was 4 (of 4 available processors)

Solution count 3: 575036 506719 494447 

Optimal solution found (tolerance 0.00e+00)
Best objective 5.750360000000e+05, best bound 5.750360000000e+05, gap 0.0000%
