
Gurobi 11.0.2 (win64) logging started Sun Aug 18 12:23:19 2024

Set parameter LogFile to value "D:\Documenti\Scuola\Laurea magistrale unibs\laurea-unibs-mkfsp\output\2024-08-18T10_03_15.889499\logs\instance03_bucket4.log"
Set parameter TimeLimit to value 350
Set parameter MIPGap to value 0
Gurobi Optimizer version 11.0.2 build v11.0.2rc0 (win64 - Windows 10.0 (19045.2))

CPU model: Intel(R) Core(TM) i5-4670 CPU @ 3.40GHz, instruction set [SSE2|AVX|AVX2]
Thread count: 4 physical cores, 4 logical processors, using up to 4 threads

Optimize a model with 1748 rows, 8553 columns and 91342 nonzeros
Model fingerprint: 0x78428eba
Variable types: 0 continuous, 8553 integer (8484 binary)
Coefficient statistics:
  Matrix range     [1e+00, 8e+03]
  Objective range  [6e+02, 8e+03]
  Bounds range     [1e+00, 1e+00]
  RHS range        [1e+00, 3e+05]
Found heuristic solution: objective 304392.00000
Presolve time: 0.11s
Presolved: 1748 rows, 8553 columns, 91342 nonzeros
Variable types: 0 continuous, 8553 integer (8484 binary)
Found heuristic solution: objective 325255.00000

Root relaxation: objective 3.711910e+05, 913 iterations, 0.01 seconds (0.01 work units)

    Nodes    |    Current Node    |     Objective Bounds      |     Work
 Expl Unexpl |  Obj  Depth IntInf | Incumbent    BestBd   Gap | It/Node Time

H    0     0                    371191.00000 371191.000  0.00%     -    0s
     0     0 371191.000    0  398 371191.000 371191.000  0.00%     -    0s

Explored 1 nodes (913 simplex iterations) in 0.15 seconds (0.12 work units)
Thread count was 4 (of 4 available processors)

Solution count 3: 371191 325255 304392 

Optimal solution found (tolerance 0.00e+00)
Best objective 3.711910000000e+05, best bound 3.711910000000e+05, gap 0.0000%
