WARN | Starting Kernel Search with 31 families per bucket
WARN | Building Kernel Search initial solution
WARN | Kernel size: 75
WARN | Relaxed optimum: 1935203.6868518395							17.0830s
WARN | Kernel: [1, 2, 3, 4, 7, 10, 11, 12, 13, 15, 16, 18, 19, 20, 21, 22, 25, 27, 28, 31, 32, 34, 35, 36, 37, 42, 44, 47, 48, 50, 51, 54, 55, 58, 61, 62, 63, 64, 67, 69, 70, 71, 73, 75, 77, 78, 84, 87, 88, 89, 91, 92, 95, 96, 97, 98, 100, 102, 103, 104, 106, 107, 109, 111, 113, 116, 117, 118, 120, 121, 122, 123, 124, 125, 127]
WARN | Solving with bucket number 0							17.0873s
WARN | Kernel: [1, 2, 3, 4, 7, 10, 11, 12, 13, 15, 16, 18, 19, 20, 21, 22, 25, 27, 28, 31, 32, 34, 35, 36, 37, 42, 44, 47, 48, 50, 51, 54, 55, 58, 61, 62, 63, 64, 67, 69, 70, 71, 73, 75, 77, 78, 84, 87, 88, 89, 91, 92, 95, 96, 97, 98, 100, 102, 103, 104, 106, 107, 109, 111, 113, 116, 117, 118, 120, 121, 122, 123, 124, 125, 127]	17.0873s
WARN | Bucket: []	17.0873s
WARN | The model was solved to optimality
ERRO | Families from bucket --> []
WARN | Solution value: 422967								18.2329s
WARN | Solution improved
WARN | Indexes of the families added to the kernel: []					18.2384s
WARN | Solving with bucket number 1							18.2391s
WARN | Kernel: [1, 2, 3, 4, 7, 10, 11, 12, 13, 15, 16, 18, 19, 20, 21, 22, 25, 27, 28, 31, 32, 34, 35, 36, 37, 42, 44, 47, 48, 50, 51, 54, 55, 58, 61, 62, 63, 64, 67, 69, 70, 71, 73, 75, 77, 78, 84, 87, 88, 89, 91, 92, 95, 96, 97, 98, 100, 102, 103, 104, 106, 107, 109, 111, 113, 116, 117, 118, 120, 121, 122, 123, 124, 125, 127]	18.2391s
WARN | Bucket: [129, 131, 134, 136, 137, 138, 141, 142, 146, 147, 149, 153, 154, 156, 157, 162, 163, 166, 167, 168, 170, 172, 174, 175, 179, 180, 181, 182, 184, 185, 186]	18.2391s
WARN | The model was solved to optimality
ERRO | Families from bucket --> [129, 131, 134, 136, 137, 138, 141, 142, 146, 147, 149, 153, 154, 156, 157, 162, 163, 166, 167, 168, 170, 172, 174, 175, 179, 180, 181, 182, 184, 185, 186]
WARN | Solution value: 597040								20.1078s
WARN | Solution improved
WARN | Indexes of the families added to the kernel: [129, 131, 134, 136, 137, 138, 141, 142, 146, 147, 149, 153, 154, 156, 157, 162, 163, 166, 167, 168, 170, 172, 174, 175, 179, 180, 181, 182, 184, 185, 186]					20.1148s
WARN | Solving with bucket number 2							20.1157s
WARN | Kernel: [1, 2, 3, 4, 7, 10, 11, 12, 13, 15, 16, 18, 19, 20, 21, 22, 25, 27, 28, 31, 32, 34, 35, 36, 37, 42, 44, 47, 48, 50, 51, 54, 55, 58, 61, 62, 63, 64, 67, 69, 70, 71, 73, 75, 77, 78, 84, 87, 88, 89, 91, 92, 95, 96, 97, 98, 100, 102, 103, 104, 106, 107, 109, 111, 113, 116, 117, 118, 120, 121, 122, 123, 124, 125, 127, 129, 131, 134, 136, 137, 138, 141, 142, 146, 147, 149, 153, 154, 156, 157, 162, 163, 166, 167, 168, 170, 172, 174, 175, 179, 180, 181, 182, 184, 185, 186]	20.1157s
WARN | Bucket: [187, 189, 190, 195, 196, 198, 200, 201, 202, 203, 204, 205, 206, 207, 209, 210, 213, 216, 217, 218, 219, 220, 222, 223, 225, 226, 229, 230, 232, 233, 235]	20.1157s
WARN | The model was solved to optimality
ERRO | Families from bucket --> [187, 189, 190, 195, 196, 198, 200, 201, 202, 203, 204, 205, 206, 207, 209, 210, 213, 216, 217, 218, 219, 220, 222, 223, 225, 226, 229, 230, 232, 233, 235]
WARN | Solution value: 787412								22.4493s
WARN | Solution improved
WARN | Indexes of the families added to the kernel: [187, 189, 190, 195, 196, 198, 200, 201, 202, 203, 204, 205, 206, 207, 209, 210, 213, 216, 217, 218, 219, 220, 222, 223, 225, 226, 229, 230, 232, 233, 235]					22.4581s
WARN | Solving with bucket number 3							22.4592s
WARN | Kernel: [1, 2, 3, 4, 7, 10, 11, 12, 13, 15, 16, 18, 19, 20, 21, 22, 25, 27, 28, 31, 32, 34, 35, 36, 37, 42, 44, 47, 48, 50, 51, 54, 55, 58, 61, 62, 63, 64, 67, 69, 70, 71, 73, 75, 77, 78, 84, 87, 88, 89, 91, 92, 95, 96, 97, 98, 100, 102, 103, 104, 106, 107, 109, 111, 113, 116, 117, 118, 120, 121, 122, 123, 124, 125, 127, 129, 131, 134, 136, 137, 138, 141, 142, 146, 147, 149, 153, 154, 156, 157, 162, 163, 166, 167, 168, 170, 172, 174, 175, 179, 180, 181, 182, 184, 185, 186, 187, 189, 190, 195, 196, 198, 200, 201, 202, 203, 204, 205, 206, 207, 209, 210, 213, 216, 217, 218, 219, 220, 222, 223, 225, 226, 229, 230, 232, 233, 235]	22.4592s
WARN | Bucket: [236, 237, 238, 239, 240, 241, 242, 244, 245, 250, 251, 252, 253, 254, 255, 256, 257, 258, 261, 262, 263, 264, 265, 267, 268, 269, 271, 273, 276, 278, 279]	22.4592s
WARN | The model was solved to optimality
ERRO | Families from bucket --> [236, 237, 238, 239, 240, 241, 242, 244, 245, 250, 251, 252, 253, 254, 255, 256, 257, 258, 261, 262, 263, 264, 265, 267, 268, 269, 271, 273, 276, 278, 279]
WARN | Solution value: 976333								25.5866s
WARN | Solution improved
WARN | Indexes of the families added to the kernel: [236, 237, 238, 239, 240, 241, 242, 244, 245, 250, 251, 252, 253, 254, 255, 256, 257, 258, 261, 262, 263, 264, 265, 267, 268, 269, 271, 273, 276, 278, 279]					25.5959s
WARN | Solving with bucket number 4							25.5970s
WARN | Kernel: [1, 2, 3, 4, 7, 10, 11, 12, 13, 15, 16, 18, 19, 20, 21, 22, 25, 27, 28, 31, 32, 34, 35, 36, 37, 42, 44, 47, 48, 50, 51, 54, 55, 58, 61, 62, 63, 64, 67, 69, 70, 71, 73, 75, 77, 78, 84, 87, 88, 89, 91, 92, 95, 96, 97, 98, 100, 102, 103, 104, 106, 107, 109, 111, 113, 116, 117, 118, 120, 121, 122, 123, 124, 125, 127, 129, 131, 134, 136, 137, 138, 141, 142, 146, 147, 149, 153, 154, 156, 157, 162, 163, 166, 167, 168, 170, 172, 174, 175, 179, 180, 181, 182, 184, 185, 186, 187, 189, 190, 195, 196, 198, 200, 201, 202, 203, 204, 205, 206, 207, 209, 210, 213, 216, 217, 218, 219, 220, 222, 223, 225, 226, 229, 230, 232, 233, 235, 236, 237, 238, 239, 240, 241, 242, 244, 245, 250, 251, 252, 253, 254, 255, 256, 257, 258, 261, 262, 263, 264, 265, 267, 268, 269, 271, 273, 276, 278, 279]	25.5970s
WARN | Bucket: [281, 282, 283, 284, 285, 286, 288, 289, 290, 291, 292, 294, 295, 296, 297, 298, 299, 300, 301, 302, 303, 304, 306, 307, 308, 309, 311, 313, 315, 316, 318]	25.5970s
WARN | The model was solved to optimality
ERRO | Families from bucket --> [281, 282, 283, 284, 285, 286, 288, 289, 290, 291, 292, 294, 295, 296, 297, 298, 299, 300, 301, 302, 303, 304, 306, 307, 308, 309, 311, 313, 315, 316, 318]
WARN | Solution value: 1161286								29.3579s
WARN | Solution improved
WARN | Indexes of the families added to the kernel: [281, 282, 283, 284, 285, 286, 288, 289, 290, 291, 292, 294, 295, 296, 297, 298, 299, 300, 301, 302, 303, 304, 306, 307, 308, 309, 311, 313, 315, 316, 318]					29.3683s
WARN | Solving with bucket number 5							29.3694s
WARN | Kernel: [1, 2, 3, 4, 7, 10, 11, 12, 13, 15, 16, 18, 19, 20, 21, 22, 25, 27, 28, 31, 32, 34, 35, 36, 37, 42, 44, 47, 48, 50, 51, 54, 55, 58, 61, 62, 63, 64, 67, 69, 70, 71, 73, 75, 77, 78, 84, 87, 88, 89, 91, 92, 95, 96, 97, 98, 100, 102, 103, 104, 106, 107, 109, 111, 113, 116, 117, 118, 120, 121, 122, 123, 124, 125, 127, 129, 131, 134, 136, 137, 138, 141, 142, 146, 147, 149, 153, 154, 156, 157, 162, 163, 166, 167, 168, 170, 172, 174, 175, 179, 180, 181, 182, 184, 185, 186, 187, 189, 190, 195, 196, 198, 200, 201, 202, 203, 204, 205, 206, 207, 209, 210, 213, 216, 217, 218, 219, 220, 222, 223, 225, 226, 229, 230, 232, 233, 235, 236, 237, 238, 239, 240, 241, 242, 244, 245, 250, 251, 252, 253, 254, 255, 256, 257, 258, 261, 262, 263, 264, 265, 267, 268, 269, 271, 273, 276, 278, 279, 281, 282, 283, 284, 285, 286, 288, 289, 290, 291, 292, 294, 295, 296, 297, 298, 299, 300, 301, 302, 303, 304, 306, 307, 308, 309, 311, 313, 315, 316, 318]	29.3694s
WARN | Bucket: [322, 323, 324, 326, 327, 328, 329, 330, 331, 332, 333, 334, 335, 336, 337, 338, 339, 340, 341, 342, 343, 345, 346, 348, 350, 353, 356, 358, 360, 364, 365]	29.3694s
WARN | The model was solved to optimality
ERRO | Families from bucket --> [322, 323, 324, 326, 327, 328, 329, 330, 331, 332, 333, 334, 335, 336, 337, 338, 339, 340, 341, 342, 343, 345, 346, 348, 350, 353, 356, 358, 360, 364, 365]
WARN | Solution value: 1342465								33.8664s
WARN | Solution improved
WARN | Indexes of the families added to the kernel: [322, 323, 324, 326, 327, 328, 329, 330, 331, 332, 333, 334, 335, 336, 337, 338, 339, 340, 341, 342, 343, 345, 346, 348, 350, 353, 356, 358, 360, 364, 365]					33.8780s
WARN | Solving with bucket number 6							33.8793s
WARN | Kernel: [1, 2, 3, 4, 7, 10, 11, 12, 13, 15, 16, 18, 19, 20, 21, 22, 25, 27, 28, 31, 32, 34, 35, 36, 37, 42, 44, 47, 48, 50, 51, 54, 55, 58, 61, 62, 63, 64, 67, 69, 70, 71, 73, 75, 77, 78, 84, 87, 88, 89, 91, 92, 95, 96, 97, 98, 100, 102, 103, 104, 106, 107, 109, 111, 113, 116, 117, 118, 120, 121, 122, 123, 124, 125, 127, 129, 131, 134, 136, 137, 138, 141, 142, 146, 147, 149, 153, 154, 156, 157, 162, 163, 166, 167, 168, 170, 172, 174, 175, 179, 180, 181, 182, 184, 185, 186, 187, 189, 190, 195, 196, 198, 200, 201, 202, 203, 204, 205, 206, 207, 209, 210, 213, 216, 217, 218, 219, 220, 222, 223, 225, 226, 229, 230, 232, 233, 235, 236, 237, 238, 239, 240, 241, 242, 244, 245, 250, 251, 252, 253, 254, 255, 256, 257, 258, 261, 262, 263, 264, 265, 267, 268, 269, 271, 273, 276, 278, 279, 281, 282, 283, 284, 285, 286, 288, 289, 290, 291, 292, 294, 295, 296, 297, 298, 299, 300, 301, 302, 303, 304, 306, 307, 308, 309, 311, 313, 315, 316, 318, 322, 323, 324, 326, 327, 328, 329, 330, 331, 332, 333, 334, 335, 336, 337, 338, 339, 340, 341, 342, 343, 345, 346, 348, 350, 353, 356, 358, 360, 364, 365]	33.8793s
WARN | Bucket: [366, 368, 370, 371, 373, 374, 376, 377, 378, 381, 382, 383, 384, 385, 388, 392, 393, 394, 395, 397, 398, 400, 401, 403, 404, 406, 407, 408, 409, 411, 412]	33.8793s
WARN | The model was solved to optimality
ERRO | Families from bucket --> [366, 368, 370, 371, 373, 374, 376, 377, 378, 381, 382, 383, 384, 385, 388, 392, 393, 394, 395, 397, 398, 400, 401, 403, 404, 406, 407, 408, 409, 411, 412]
WARN | Solution value: 1511080								39.3707s
WARN | Solution improved
WARN | Indexes of the families added to the kernel: [366, 368, 370, 371, 373, 374, 376, 377, 378, 381, 382, 383, 384, 385, 388, 392, 393, 394, 395, 397, 398, 400, 401, 403, 404, 406, 407, 408, 409, 411, 412]					39.3840s
WARN | Solving with bucket number 7							39.3853s
WARN | Kernel: [1, 2, 3, 4, 7, 10, 11, 12, 13, 15, 16, 18, 19, 20, 21, 22, 25, 27, 28, 31, 32, 34, 35, 36, 37, 42, 44, 47, 48, 50, 51, 54, 55, 58, 61, 62, 63, 64, 67, 69, 70, 71, 73, 75, 77, 78, 84, 87, 88, 89, 91, 92, 95, 96, 97, 98, 100, 102, 103, 104, 106, 107, 109, 111, 113, 116, 117, 118, 120, 121, 122, 123, 124, 125, 127, 129, 131, 134, 136, 137, 138, 141, 142, 146, 147, 149, 153, 154, 156, 157, 162, 163, 166, 167, 168, 170, 172, 174, 175, 179, 180, 181, 182, 184, 185, 186, 187, 189, 190, 195, 196, 198, 200, 201, 202, 203, 204, 205, 206, 207, 209, 210, 213, 216, 217, 218, 219, 220, 222, 223, 225, 226, 229, 230, 232, 233, 235, 236, 237, 238, 239, 240, 241, 242, 244, 245, 250, 251, 252, 253, 254, 255, 256, 257, 258, 261, 262, 263, 264, 265, 267, 268, 269, 271, 273, 276, 278, 279, 281, 282, 283, 284, 285, 286, 288, 289, 290, 291, 292, 294, 295, 296, 297, 298, 299, 300, 301, 302, 303, 304, 306, 307, 308, 309, 311, 313, 315, 316, 318, 322, 323, 324, 326, 327, 328, 329, 330, 331, 332, 333, 334, 335, 336, 337, 338, 339, 340, 341, 342, 343, 345, 346, 348, 350, 353, 356, 358, 360, 364, 365, 366, 368, 370, 371, 373, 374, 376, 377, 378, 381, 382, 383, 384, 385, 388, 392, 393, 394, 395, 397, 398, 400, 401, 403, 404, 406, 407, 408, 409, 411, 412]	39.3853s
WARN | Bucket: [413, 414, 416, 419, 422, 423, 425, 426, 428, 429, 430, 431, 432, 434, 436, 437, 438, 439, 440, 441, 445, 447, 449, 450, 452, 453, 455, 456, 457, 458, 460]	39.3853s
WARN | The model was solved to optimality
ERRO | Families from bucket --> [413, 414, 416, 419, 422, 423, 425, 426, 428, 429, 430, 431, 432, 434, 436, 437, 438, 439, 440, 441, 445, 447, 449, 450, 452, 453, 455, 456, 457, 458, 460]
WARN | Solution value: 1708908								46.4467s
WARN | Solution improved
WARN | Indexes of the families added to the kernel: [413, 414, 416, 419, 422, 423, 425, 426, 428, 429, 430, 431, 432, 434, 436, 437, 438, 439, 440, 441, 445, 447, 449, 450, 452, 453, 455, 456, 457, 458, 460]					46.4610s
WARN | Solving with bucket number 8							46.4619s
WARN | Kernel: [1, 2, 3, 4, 7, 10, 11, 12, 13, 15, 16, 18, 19, 20, 21, 22, 25, 27, 28, 31, 32, 34, 35, 36, 37, 42, 44, 47, 48, 50, 51, 54, 55, 58, 61, 62, 63, 64, 67, 69, 70, 71, 73, 75, 77, 78, 84, 87, 88, 89, 91, 92, 95, 96, 97, 98, 100, 102, 103, 104, 106, 107, 109, 111, 113, 116, 117, 118, 120, 121, 122, 123, 124, 125, 127, 129, 131, 134, 136, 137, 138, 141, 142, 146, 147, 149, 153, 154, 156, 157, 162, 163, 166, 167, 168, 170, 172, 174, 175, 179, 180, 181, 182, 184, 185, 186, 187, 189, 190, 195, 196, 198, 200, 201, 202, 203, 204, 205, 206, 207, 209, 210, 213, 216, 217, 218, 219, 220, 222, 223, 225, 226, 229, 230, 232, 233, 235, 236, 237, 238, 239, 240, 241, 242, 244, 245, 250, 251, 252, 253, 254, 255, 256, 257, 258, 261, 262, 263, 264, 265, 267, 268, 269, 271, 273, 276, 278, 279, 281, 282, 283, 284, 285, 286, 288, 289, 290, 291, 292, 294, 295, 296, 297, 298, 299, 300, 301, 302, 303, 304, 306, 307, 308, 309, 311, 313, 315, 316, 318, 322, 323, 324, 326, 327, 328, 329, 330, 331, 332, 333, 334, 335, 336, 337, 338, 339, 340, 341, 342, 343, 345, 346, 348, 350, 353, 356, 358, 360, 364, 365, 366, 368, 370, 371, 373, 374, 376, 377, 378, 381, 382, 383, 384, 385, 388, 392, 393, 394, 395, 397, 398, 400, 401, 403, 404, 406, 407, 408, 409, 411, 412, 413, 414, 416, 419, 422, 423, 425, 426, 428, 429, 430, 431, 432, 434, 436, 437, 438, 439, 440, 441, 445, 447, 449, 450, 452, 453, 455, 456, 457, 458, 460]	46.4619s
WARN | Bucket: [463, 464, 465, 466, 467, 468, 470, 471, 473, 475, 476, 478, 480, 482, 483, 484, 485, 489, 490, 493, 495, 496, 500, 128, 29, 492, 399, 52, 357, 43, 160]	46.4619s
WARN | The optimization terminated because the time expended exceeded the value specified by the TimeLimit parameter.
ERRO | Families from bucket --> [29, 43, 52, 128, 160, 357, 463, 464, 465, 466, 467, 468, 470, 471, 473, 475, 476, 478, 482, 483, 484, 485, 489, 490, 492, 493, 495, 500]
WARN | Solution value: 1796071								398.9933s
WARN | Solution improved
WARN | Indexes of the families added to the kernel: [463, 464, 465, 466, 467, 468, 470, 471, 473, 475, 476, 478, 482, 483, 484, 485, 489, 490, 493, 495, 500, 128, 29, 492, 52, 357, 43, 160]					399.0085s
WARN | Solving with bucket number 9							399.0095s
WARN | Kernel: [1, 2, 3, 4, 7, 10, 11, 12, 13, 15, 16, 18, 19, 20, 21, 22, 25, 27, 28, 31, 32, 34, 35, 36, 37, 42, 44, 47, 48, 50, 51, 54, 55, 58, 61, 62, 63, 64, 67, 69, 70, 71, 73, 75, 77, 78, 84, 87, 88, 89, 91, 92, 95, 96, 97, 98, 100, 102, 103, 104, 106, 107, 109, 111, 113, 116, 117, 118, 120, 121, 122, 123, 124, 125, 127, 129, 131, 134, 136, 137, 138, 141, 142, 146, 147, 149, 153, 154, 156, 157, 162, 163, 166, 167, 168, 170, 172, 174, 175, 179, 180, 181, 182, 184, 185, 186, 187, 189, 190, 195, 196, 198, 200, 201, 202, 203, 204, 205, 206, 207, 209, 210, 213, 216, 217, 218, 219, 220, 222, 223, 225, 226, 229, 230, 232, 233, 235, 236, 237, 238, 239, 240, 241, 242, 244, 245, 250, 251, 252, 253, 254, 255, 256, 257, 258, 261, 262, 263, 264, 265, 267, 268, 269, 271, 273, 276, 278, 279, 281, 282, 283, 284, 285, 286, 288, 289, 290, 291, 292, 294, 295, 296, 297, 298, 299, 300, 301, 302, 303, 304, 306, 307, 308, 309, 311, 313, 315, 316, 318, 322, 323, 324, 326, 327, 328, 329, 330, 331, 332, 333, 334, 335, 336, 337, 338, 339, 340, 341, 342, 343, 345, 346, 348, 350, 353, 356, 358, 360, 364, 365, 366, 368, 370, 371, 373, 374, 376, 377, 378, 381, 382, 383, 384, 385, 388, 392, 393, 394, 395, 397, 398, 400, 401, 403, 404, 406, 407, 408, 409, 411, 412, 413, 414, 416, 419, 422, 423, 425, 426, 428, 429, 430, 431, 432, 434, 436, 437, 438, 439, 440, 441, 445, 447, 449, 450, 452, 453, 455, 456, 457, 458, 460, 463, 464, 465, 466, 467, 468, 470, 471, 473, 475, 476, 478, 482, 483, 484, 485, 489, 490, 493, 495, 500, 128, 29, 492, 52, 357, 43, 160]	399.0095s
WARN | Bucket: [274, 60, 56, 130, 325, 171, 74, 379, 183, 396, 33, 188, 110, 161, 212, 344, 94, 451, 140, 199, 486, 143, 270, 247, 191, 119, 112, 0, 266, 214, 444]	399.0095s
WARN | The optimization terminated because the time expended exceeded the value specified by the TimeLimit parameter.
ERRO | Families from bucket --> []
WARN | Solution value: 1796071								602.7120s
WARN | Solution improved
WARN | Indexes of the families added to the kernel: []					602.7270s
ERRO | Kernel Time limit reached
