
Gurobi 11.0.2 (win64) logging started Sun Aug 18 12:03:16 2024

Set parameter LogFile to value "D:\Documenti\Scuola\Laurea magistrale unibs\laurea-unibs-mkfsp\output\2024-08-18T10_03_15.889499\logs\instance01_bucket3.log"
Set parameter TimeLimit to value 350
Set parameter MIPGap to value 0
Gurobi Optimizer version 11.0.2 build v11.0.2rc0 (win64 - Windows 10.0 (19045.2))

CPU model: Intel(R) Core(TM) i5-4670 CPU @ 3.40GHz, instruction set [SSE2|AVX|AVX2]
Thread count: 4 physical cores, 4 logical processors, using up to 4 threads

Optimize a model with 324 rows, 900 columns and 9537 nonzeros
Model fingerprint: 0x5143b0c3
Variable types: 0 continuous, 900 integer (880 binary)
Coefficient statistics:
  Matrix range     [1e+00, 8e+03]
  Objective range  [6e+02, 8e+03]
  Bounds range     [1e+00, 1e+00]
  RHS range        [1e+00, 9e+04]
Presolve time: 0.01s
Presolved: 324 rows, 900 columns, 9537 nonzeros
Variable types: 0 continuous, 900 integer (880 binary)

Root relaxation: objective 1.006167e+05, 641 iterations, 0.02 seconds (0.03 work units)

    Nodes    |    Current Node    |     Objective Bounds      |     Work
 Expl Unexpl |  Obj  Depth IntInf | Incumbent    BestBd   Gap | It/Node Time

     0     0 100616.651    0  188          - 100616.651      -     -    0s
     0     0 99458.9983    0  330          - 99458.9983      -     -    0s
     0     0 99371.2643    0  270          - 99371.2643      -     -    0s
     0     0 99355.6394    0  253          - 99355.6394      -     -    0s
     0     0 99269.0000    0  211          - 99269.0000      -     -    0s
     0     0 99269.0000    0  272          - 99269.0000      -     -    0s
     0     0 99269.0000    0  266          - 99269.0000      -     -    0s
     0     0 99269.0000    0  243          - 99269.0000      -     -    1s
     0     0 99269.0000    0  238          - 99269.0000      -     -    1s
     0     0 99269.0000    0  230          - 99269.0000      -     -    1s
     0     0 99269.0000    0  335          - 99269.0000      -     -    1s
     0     0 99269.0000    0  188          - 99269.0000      -     -    1s
     0     2 99269.0000    0  172          - 99269.0000      -     -    2s
H 1160   906                    87616.000000 99269.0000  13.3%  99.4    3s
H 1165   864                    89939.000000 99269.0000  10.4%  99.0    4s
  1177   877 99097.5341   13  319 89939.0000 99269.0000  10.4%   119    5s
H 1255   888                    90655.000000 99269.0000  9.50%   192    7s
H 1264   851                    91434.000000 99269.0000  8.57%   196    7s
H 1320   847                    91464.000000 99269.0000  8.53%   212    8s
  1381   889 96398.0000   40  192 91464.0000 99269.0000  8.53%   238   10s
H 1624   973                    91484.000000 99269.0000  8.51%   266   13s
  1720  1023 98788.2679   22  268 91484.0000 99269.0000  8.51%   293   15s
H 1871  1060                    91591.000000 99269.0000  8.38%   318   17s
H 1924  1079                    92170.000000 99269.0000  7.70%   322   18s
H 1937  1042                    92281.000000 99269.0000  7.57%   322   18s
  2063  1135 93915.0841   66  113 92281.0000 99269.0000  7.57%   327   20s
H 2174  1103                    92325.000000 99269.0000  7.52%   333   22s
H 2319  1201                    92355.000000 99269.0000  7.49%   348   24s
  2362  1253 95850.0000   59  134 92355.0000 99269.0000  7.49%   349   25s
  2819  1468 97125.5530   24  293 92355.0000 99269.0000  7.49%   353   30s
  3199  1859 96974.6264   39  245 92355.0000 99269.0000  7.49%   372   35s
  3698  2245 95717.0000   62  108 92355.0000 99197.4790  7.41%   373   40s
  4349  2679 infeasible   47      92355.0000 99102.6060  7.31%   371   45s
  4824  3027 95473.9312   58  217 92355.0000 99062.4099  7.26%   372   50s
  5456  3592 infeasible   62      92355.0000 99014.1972  7.21%   360   55s
  6209  4191 97292.6456   40  353 92355.0000 98962.1418  7.15%   357   61s
  6722  4536 98156.8776   36  313 92355.0000 98924.3111  7.11%   354   65s
  7219  4984 93374.2192   47  233 92355.0000 98909.7899  7.10%   355   70s
  8340  5868 93935.0000   34  137 92355.0000 98850.6760  7.03%   345   77s
  8981  6429 96183.2474   38  253 92355.0000 98832.1368  7.01%   346   82s
  9338  6697 95111.2849   44  254 92355.0000 98818.6204  7.00%   346   85s
 10307  7437 97754.5585   29  384 92355.0000 98799.7802  6.98%   340   92s
H10405  7428                    92375.000000 98788.2679  6.94%   339   92s
 10705  7720 94332.0000   39  205 92375.0000 98769.7756  6.92%   339   95s
 11783  8453     cutoff   33      92375.0000 98720.2392  6.87%   332  100s
 12766  9236 97479.3177   33  304 92375.0000 98702.7017  6.85%   325  105s
 14244 10557 96814.6027   37  295 92375.0000 98669.5607  6.81%   315  111s
 15236 11017 96032.3539   53  294 92375.0000 98641.5487  6.78%   303  115s
 16203 11831 94259.9417   48  256 92375.0000 98623.8485  6.76%   303  121s
 17950 13110 92417.0000   37  187 92375.0000 98597.5580  6.74%   291  126s
 19344 14102 96872.0000   38  269 92375.0000 98572.9272  6.71%   282  131s
 20172 14968 infeasible   87      92375.0000 98566.0836  6.70%   280  135s
 20790 14969 93200.0000   47  188 92375.0000 98566.0836  6.70%   276  190s
 20805 14979 93546.0000   61  426 92375.0000 98566.0836  6.70%   276  195s
 20808 14981 96337.7032   51  410 92375.0000 98566.0836  6.70%   276  200s
 20853 15017 98566.0836   27  346 92375.0000 98566.0836  6.70%   280  205s
 20982 15098     cutoff   44      92375.0000 98566.0836  6.70%   284  210s
 21153 15176 98289.0040   31  336 92375.0000 98566.0836  6.70%   287  215s
 21384 15296 93437.6738   50  215 92375.0000 98566.0836  6.70%   290  220s
 21584 15408 98566.0836   33  332 92375.0000 98566.0836  6.70%   293  225s
 21805 15527 96141.4414   56  325 92375.0000 98566.0836  6.70%   295  230s
 22113 15705 98566.0836   28  451 92375.0000 98566.0836  6.70%   296  235s
 22358 15854 95689.0000   51  145 92375.0000 98566.0836  6.70%   298  241s
 22674 16008 98566.0836   29  367 92375.0000 98566.0836  6.70%   298  245s
 22918 16122 97649.2484   35  331 92375.0000 98566.0836  6.70%   297  251s
 23352 16360 98566.0836   31  389 92375.0000 98566.0836  6.70%   297  256s
 23910 16628 98323.4656   32  383 92375.0000 98566.0836  6.70%   298  262s
 24266 16830 94232.0000   46  187 92375.0000 98566.0836  6.70%   300  266s
 24721 16989 97226.2824   43  322 92375.0000 98566.0836  6.70%   300  270s
 25117 17278 97057.0000   45  265 92375.0000 98566.0836  6.70%   302  276s
 25806 17581 97338.3912   53  277 92375.0000 98566.0836  6.70%   301  282s
 26148 17635 98566.0836   31  374 92375.0000 98566.0836  6.70%   300  285s
 26573 18033 93676.6811   68  222 92375.0000 98566.0836  6.70%   304  290s
 27547 18138 infeasible   75      92375.0000 98566.0836  6.70%   302  296s
 27726 18324 93385.0000   55  253 92375.0000 98566.0836  6.70%   304  300s
 28392 18826 97810.6711   39  356 92375.0000 98566.0836  6.70%   306  306s
 28980 19005 98400.5598   34  363 92375.0000 98566.0836  6.70%   305  310s
 30008 19485 98328.0875   33  356 92375.0000 98566.0836  6.70%   305  317s
 30552 19615 95603.0000   39  288 92375.0000 98566.0836  6.70%   304  321s
 30915 19900 94227.0000   51  236 92375.0000 98566.0836  6.70%   306  325s
 31903 20272 94192.3309   90  131 92375.0000 98566.0836  6.70%   308  333s
 32288 20517 94648.5774   51  269 92375.0000 98566.0836  6.70%   309  337s
 32799 20800 96310.7454   50  255 92375.0000 98566.0836  6.70%   309  340s
 33711 21145     cutoff   72      92375.0000 98566.0836  6.70%   309  346s
 34585 21195 92508.0000   51  122 92375.0000 98566.0836  6.70%   309  350s

Cutting planes:
  Gomory: 12
  MIR: 8
  StrongCG: 2
  Flow cover: 28
  Zero half: 21
  RLT: 247
  Relax-and-lift: 1

Explored 34647 nodes (10703985 simplex iterations) in 350.01 seconds (595.42 work units)
Thread count was 4 (of 4 available processors)

Solution count 10: 92375 92355 92325 ... 90655

Time limit reached
Best objective 9.237500000000e+04, best bound 9.856600000000e+04, gap 6.7020%
