
Gurobi 11.0.2 (win64) logging started Sun Aug 18 12:09:06 2024

Set parameter LogFile to value "D:\Documenti\Scuola\Laurea magistrale unibs\laurea-unibs-mkfsp\output\2024-08-18T10_03_15.889499\logs\instance01_bucket4.log"
Set parameter TimeLimit to value 2.4941563990000031e+02
Set parameter MIPGap to value 0
Gurobi Optimizer version 11.0.2 build v11.0.2rc0 (win64 - Windows 10.0 (19045.2))

CPU model: Intel(R) Core(TM) i5-4670 CPU @ 3.40GHz, instruction set [SSE2|AVX|AVX2]
Thread count: 4 physical cores, 4 logical processors, using up to 4 threads

Optimize a model with 339 rows, 952 columns and 10099 nonzeros
Model fingerprint: 0xb3a3b29a
Variable types: 0 continuous, 952 integer (931 binary)
Coefficient statistics:
  Matrix range     [1e+00, 8e+03]
  Objective range  [6e+02, 8e+03]
  Bounds range     [1e+00, 1e+00]
  RHS range        [1e+00, 9e+04]
Presolve time: 0.02s
Presolved: 339 rows, 952 columns, 10099 nonzeros
Variable types: 0 continuous, 952 integer (931 binary)

Root relaxation: objective 1.003915e+05, 652 iterations, 0.02 seconds (0.02 work units)

    Nodes    |    Current Node    |     Objective Bounds      |     Work
 Expl Unexpl |  Obj  Depth IntInf | Incumbent    BestBd   Gap | It/Node Time

     0     0 100391.452    0  187          - 100391.452      -     -    0s
     0     0 99694.6038    0  335          - 99694.6038      -     -    0s
     0     0 99575.8592    0  262          - 99575.8592      -     -    0s
     0     0 99048.2946    0  197          - 99048.2946      -     -    0s
     0     0 99030.2188    0  250          - 99030.2188      -     -    0s
     0     0 99030.2188    0  236          - 99030.2188      -     -    0s
     0     0 98989.0000    0  277          - 98989.0000      -     -    1s
     0     0 98989.0000    0  211          - 98989.0000      -     -    1s
     0     2 98989.0000    0  187          - 98989.0000      -     -    1s
  1177   969 98989.0000   17  261          - 98989.0000      -  15.4    5s
  1298  1054 95327.0000   36  170          - 98989.0000      -   118   10s
  1686  1260 98962.6933   29  345          - 98989.0000      -   215   15s
  1922  1409 95660.8860   59  226          - 98989.0000      -   270   20s
  2239  1529 97241.0000   37  319          - 98989.0000      -   306   25s
  2621  1704 98449.1071   30  302          - 98989.0000      -   335   30s
  3084  1929 93969.0156   78  244          - 98989.0000      -   359   35s
  3470  2104 95697.0000   60  157          - 98989.0000      -   382   40s
  3884  2325 94601.0000   63  235          - 98989.0000      -   400   45s
  4226  2489 infeasible   68               - 98989.0000      -   408   50s
  4610  2827 93344.0000   51   94          - 98989.0000      -   422   55s
  5039  3191 97003.4295   37  294          - 98989.0000      -   436   61s
  5382  3464 infeasible   78               - 98989.0000      -   443   65s
  5911  3863 95282.0000   39  244          - 98989.0000      -   456   72s
  6310  4208 95072.0000   39  189          - 98989.0000      -   459   77s
  6519  4390 98989.0000   23  309          - 98989.0000      -   462   80s
  7099  4778 infeasible   58               - 98989.0000      -   457   85s
  7625  5281 94129.9629   56  221          - 98963.5691      -   457   91s
  8202  5786 96714.0403   35  248          - 98935.1068      -   457   98s
  8613  6036 94219.0000   78  135          - 98919.3114      -   456  101s
  8944  6255 94848.0000   50  175          - 98885.4912      -   457  105s
  9646  6933 94571.0000   44  207          - 98876.9097      -   457  112s
 10086  7237 96536.4801   56  265          - 98862.8202      -   456  116s
 10560  7687 97113.8075   52  322          - 98853.6913      -   455  120s
 11521  8108 95357.0000   67  221          - 98819.8151      -   448  126s
 12072  8609 95703.0000   51  125          - 98812.9525      -   450  132s
 12390  8870 96313.6133   45  252          - 98812.9525      -   452  136s
 12725  9206 97806.6095   36  325          - 98802.6335      -   454  140s
 13529  9777 95954.3358   59  237          - 98776.0657      -   450  148s
 13911 10131 96906.3576   52  327          - 98760.0303      -   450  151s
 14378 10445 94498.0000   41  190          - 98748.0115      -   450  155s
 15284 11246 infeasible   66               - 98730.6126      -   449  162s
 15841 11432 97804.1076   41  373          - 98714.1927      -   446  166s
 16473 12179 97528.0607   49  224          - 98705.3901      -   448  173s
 17072 12460 96315.0000   35  194          - 98687.7817      -   443  176s
 17399 12760 95631.0000   33  143          - 98687.2001      -   445  180s
 17989 13265 93255.3648   62  163          - 98684.0000      -   445  187s
 18398 13652 95877.1326   60  216          - 98683.7412      -   445  190s
 19359 14388 93436.3556   52  217          - 98665.4658      -   441  197s
 19806 14690 96881.4339   42  326          - 98662.3715      -   440  201s
 20184 15098 96675.8503   43  276          - 98658.1483      -   440  205s

Cutting planes:
  Gomory: 1
  Cover: 1
  StrongCG: 1

Explored 21040 nodes (9380215 simplex iterations) in 249.48 seconds (437.38 work units)
Thread count was 4 (of 4 available processors)

Solution count 0

Time limit reached
Best objective -, best bound 9.864400000000e+04, gap -
