
Gurobi 11.0.2 (win64) logging started Sun Aug 18 12:19:07 2024

Set parameter LogFile to value "D:\Documenti\Scuola\Laurea magistrale unibs\laurea-unibs-mkfsp\output\2024-08-18T10_03_15.889499\logs\instance02_bucket5.log"
Set parameter TimeLimit to value 2.4867655490000016e+02
Set parameter MIPGap to value 0
Gurobi Optimizer version 11.0.2 build v11.0.2rc0 (win64 - Windows 10.0 (19045.2))

CPU model: Intel(R) Core(TM) i5-4670 CPU @ 3.40GHz, instruction set [SSE2|AVX|AVX2]
Thread count: 4 physical cores, 4 logical processors, using up to 4 threads

Optimize a model with 1163 rows, 5122 columns and 55142 nonzeros
Model fingerprint: 0xab7c4715
Variable types: 0 continuous, 5122 integer (5066 binary)
Coefficient statistics:
  Matrix range     [1e+00, 8e+03]
  Objective range  [6e+02, 8e+03]
  Bounds range     [1e+00, 1e+00]
  RHS range        [1e+00, 3e+05]
Presolve time: 0.08s
Presolved: 1163 rows, 5122 columns, 55142 nonzeros
Variable types: 0 continuous, 5122 integer (5066 binary)

Root relaxation: objective 2.973575e+05, 3110 iterations, 0.28 seconds (0.41 work units)

    Nodes    |    Current Node    |     Objective Bounds      |     Work
 Expl Unexpl |  Obj  Depth IntInf | Incumbent    BestBd   Gap | It/Node Time

     0     0 297357.491    0  533          - 297357.491      -     -    1s
     0     0 297255.893    0  896          - 297255.893      -     -    3s
     0     0 297165.825    0  711          - 297165.825      -     -    3s
     0     0 296947.641    0  506          - 296947.641      -     -    9s
     0     0 296931.759    0  577          - 296931.759      -     -    9s
     0     0 296927.881    0  551          - 296927.881      -     -    9s
     0     0 296853.834    0  491          - 296853.834      -     -   15s
     0     0 296853.834    0  471          - 296853.834      -     -   16s
     0     2 296853.834    0  452          - 296853.834      -     -   19s
     1     4 296853.834    1  474          - 296853.834      -  5793   20s
   378   402 293139.000   85  326          - 296853.834      -   176   25s
   949   978 293139.000  205  283          - 296853.834      -   154   30s
  1457  1441 293139.000  296  244          - 296853.834      -   161   35s
  1807  1766 293139.000  375  239          - 296853.834      -   179   40s
  1975  1886 292847.800  409  252          - 296853.834      -   189   47s
  2080  2022 292411.000  419  247          - 296853.834      -   197   50s
  2291  2196 292411.000  476  248          - 296853.834      -   229   55s
  2514  2418 291676.000  524  241          - 296853.834      -   250   60s
  2790  2663 291519.147  556  310          - 296853.834      -   269   65s
  3063  2972 291346.040  569  293          - 296853.834      -   281   70s
  3561  3459 285786.000  633  265          - 296853.834      -   275   75s
  4056  3957 290448.000  112  270          - 296853.834      -   275   80s
  4458  4132 294354.000  309 1042          - 296853.834      -   271   92s
  4459  4133 291949.000  309  994          - 296853.834      -   271   96s
  4461  4134 291949.000  319  879          - 296853.834      -   271  102s
  4462  4135 285786.000  629  879          - 296853.834      -   271  109s
  4463  4139 296853.834   11 1072          - 296853.834      -  23.1  116s
  4465  4142 296853.834   12 1066          - 296853.834      -  26.7  122s
  4469  4145 296853.834   13 1036          - 296853.834      -  34.4  129s
  4473  4147 296853.834   13 1068          - 296853.834      -  44.5  139s
  4477  4150 296853.834   14 1164          - 296853.834      -  60.7  142s
H 4484  3945                    272536.00000 296853.834  8.92%  68.5  144s
H 4485  3751                    273137.00000 296853.834  8.68%  69.7  153s
H 4486  3564                    273267.00000 296853.834  8.63%  70.1  153s
H 4487  3387                    274260.00000 296853.834  8.24%  71.2  153s
H 4488  3218                    274889.00000 296853.834  7.99%  72.0  153s
  4489  3223 296288.663   15 1104 274889.000 296853.834  7.99%  74.1  156s
  4494  3225 296853.834   16  945 274889.000 296853.834  7.99%  78.9  160s
  4502  3231 296853.834   17 1029 274889.000 296853.834  7.99%  89.8  167s
  4511  3237 296853.834   18 1122 274889.000 296853.834  7.99%   101  173s
H 4515  3079                    275688.00000 296853.834  7.68%   105  176s
  4519  3082 296853.834   19  974 275688.000 296853.834  7.68%   111  182s
  4523  3088 296190.837   19 1160 275688.000 296853.834  7.68%   124  187s
  4530  3089 296853.834   20 1053 275688.000 296853.834  7.68%   133  192s
  4534  3096 296764.820   20  946 275688.000 296853.834  7.68%   139  195s
H 4546  2949                    275772.00000 296853.834  7.64%   151  204s
H 4549  2803                    276258.00000 296853.834  7.46%   154  204s
  4551  2810 296151.246   22 1069 276258.000 296853.834  7.46%   158  207s
  4559  2812 296775.913   23 1032 276258.000 296853.834  7.46%   166  211s
  4563  2821 296853.834   24 1169 276258.000 296853.834  7.46%   171  215s
  4574  2830 296573.839   25 1073 276258.000 296853.834  7.46%   179  221s
H 4579  2691                    276944.00000 296853.834  7.19%   182  221s
H 4582  2559                    278024.00000 296853.834  6.77%   185  221s
  4586  2563 296844.110   27  987 278024.000 296853.834  6.77%   190  226s
  4591  2573 296557.576   27 1099 278024.000 296853.834  6.77%   195  230s
  4603  2573 296808.939   29 1077 278024.000 296853.834  6.77%   206  236s
  4607  2585 295987.779   29 1115 278024.000 296853.834  6.77%   219  241s
  4620  2584 296715.381   31  983 278024.000 296853.834  6.77%   230  248s
H 4622  2461                    278043.00000 296853.834  6.77%   231  248s

Cutting planes:
  Gomory: 1
  MIR: 1

Explored 4624 nodes (2362845 simplex iterations) in 248.70 seconds (452.84 work units)
Thread count was 4 (of 4 available processors)

Solution count 10: 278043 278024 276944 ... 273137

Time limit reached
Best objective 2.780430000000e+05, best bound 2.968538336728e+05, gap 6.7654%
