
Gurobi 11.0.2 (win64) logging started Sun Aug 18 12:13:17 2024

Set parameter LogFile to value "D:\Documenti\Scuola\Laurea magistrale unibs\laurea-unibs-mkfsp\output\2024-08-18T10_03_15.889499\logs\instance02_bucket4.log"
Set parameter TimeLimit to value 350
Set parameter MIPGap to value 0
Gurobi Optimizer version 11.0.2 build v11.0.2rc0 (win64 - Windows 10.0 (19045.2))

CPU model: Intel(R) Core(TM) i5-4670 CPU @ 3.40GHz, instruction set [SSE2|AVX|AVX2]
Thread count: 4 physical cores, 4 logical processors, using up to 4 threads

Optimize a model with 987 rows, 4244 columns and 45618 nonzeros
Model fingerprint: 0xe0f33fa2
Variable types: 0 continuous, 4244 integer (4197 binary)
Coefficient statistics:
  Matrix range     [1e+00, 8e+03]
  Objective range  [6e+02, 8e+03]
  Bounds range     [1e+00, 1e+00]
  RHS range        [1e+00, 2e+05]
Found heuristic solution: objective 231262.00000
Presolve time: 0.06s
Presolved: 987 rows, 4244 columns, 45618 nonzeros
Variable types: 0 continuous, 4244 integer (4197 binary)

Root relaxation: objective 2.859380e+05, 1024 iterations, 0.03 seconds (0.05 work units)

    Nodes    |    Current Node    |     Objective Bounds      |     Work
 Expl Unexpl |  Obj  Depth IntInf | Incumbent    BestBd   Gap | It/Node Time

     0     0 285938.000    0  159 231262.000 285938.000  23.6%     -    0s
H    0     0                    239397.00000 285938.000  19.4%     -    0s
H    0     0                    244374.00000 285938.000  17.0%     -    0s
     0     0 285938.000    0  438 244374.000 285938.000  17.0%     -    0s
H    0     0                    257884.00000 285938.000  10.9%     -    1s
     0     0 285938.000    0  353 257884.000 285938.000  10.9%     -    1s
     0     0 285938.000    0  185 257884.000 285938.000  10.9%     -    4s
     0     0 285938.000    0  247 257884.000 285938.000  10.9%     -    4s
     0     0 285938.000    0  214 257884.000 285938.000  10.9%     -    6s
     0     0 285938.000    0  190 257884.000 285938.000  10.9%     -    7s
     0     2 285938.000    0  190 257884.000 285938.000  10.9%     -   10s
H   29    34                    260600.00000 285938.000  9.72%   716   12s
H   74   119                    260629.00000 285938.000  9.71%   454   13s
H   85   119                    261319.00000 285938.000  9.42%   426   13s
   121   441 285938.000   17  276 261319.000 285938.000  9.42%   341   15s
H  485   602                    261446.00000 285938.000  9.37%   232   16s
   950   929 285938.000  158  183 261446.000 285938.000  9.37%   219   20s
H  957   929                    261501.00000 285938.000  9.34%   222   20s
H  964   929                    262127.00000 285938.000  9.08%   222   20s
H  968   929                    262312.00000 285938.000  9.01%   223   20s
H 1043  1025                    262961.00000 285938.000  8.74%   225   22s
H 1044  1025                    263013.00000 285938.000  8.72%   225   22s
H 1068  1025                    264309.00000 285938.000  8.18%   228   22s
  1413  1638 285938.000  238  176 264309.000 285938.000  8.18%   239   25s
H 2112  2032                    265038.00000 285938.000  7.89%   261   29s
  2151  2304 284500.222  339  232 265038.000 285938.000  7.89%   260   30s
  3055  3033 283168.000  505  182 265038.000 285938.000  7.89%   268   36s
  3335  3474 282812.261  531  225 265038.000 285938.000  7.89%   275   40s
  4501  4197 279016.000  736  182 265038.000 285938.000  7.89%   264   48s
H 4502  4197                    265082.00000 285938.000  7.87%   263   48s
H 4503  4197                    266413.00000 285938.000  7.33%   264   48s
  4505  4204 278820.286  736  207 266413.000 285938.000  7.33%   267   50s
  4750  4654 276083.060  788  215 266413.000 285938.000  7.33%   276   55s
H 5198  4846                    267453.00000 285938.000  6.91%   291   59s
H 5200  4605                    267599.00000 285938.000  6.85%   290   61s
H 5201  4375                    268820.00000 285938.000  6.37%   290   66s
H 5203  4158                    268864.00000 285938.000  6.35%   290   71s
  5206  4160 285938.000  139  497 268864.000 285938.000  6.35%   290   76s
H 5207  3952                    269511.00000 285938.000  6.10%   290   80s
  5210  3954 281673.000  638  405 269511.000 285938.000  6.10%   290   85s
  5212  3956 285938.000  241  503 269511.000 285938.000  6.10%   290   90s
  5214  3957 281332.000  586  395 269511.000 285938.000  6.10%   290   95s
  5216  3958 282645.000  567  474 269511.000 285938.000  6.10%   290  103s
  5218  3960 285938.000  202  473 269511.000 285938.000  6.10%   289  107s
  5220  3961 284505.589  463  417 269511.000 285938.000  6.10%   289  115s
  5235  3976 285938.000   17  354 269511.000 285938.000  6.10%   336  120s
  5263  4008 285938.000   20  482 269511.000 285938.000  6.10%   345  125s
H 5280  3816                    269607.00000 285938.000  6.06%   349  128s
  5293  3871 285938.000   24  441 269607.000 285938.000  6.06%   355  134s
  5352  3912 285938.000   31  387 269607.000 285938.000  6.06%   372  145s
H 5366  3719                    269741.00000 285938.000  6.00%   379  145s
H 5374  3538                    270332.00000 285938.000  5.77%   385  145s
  5413  3682 285938.000   38  524 270332.000 285938.000  5.77%   398  164s
H 5423  3508                    270654.00000 285938.000  5.65%   402  164s
  5570  3643 285938.000   50  433 270654.000 285938.000  5.65%   449  191s
H 5605  3470                    270697.00000 285938.000  5.63%   464  191s
H 5641  3304                    271321.00000 285938.000  5.39%   475  191s
  5755  3521 285242.000   67  577 271321.000 285938.000  5.39%   507  218s
H 5815  3356                    272006.00000 285938.000  5.12%   521  218s
H 5921  3181                    272011.00000 285938.000  5.12%   550  218s
  6010  3771 284634.000   97  437 272011.000 285938.000  5.12%   565  244s
  6652  4017 280952.545  183  262 272011.000 285938.000  5.12%   604  262s
  7159  3998 285938.000   43  501 272011.000 285938.000  5.12%   617  280s
  7309  4181 285938.000   53  538 272011.000 285938.000  5.12%   635  300s
  7566  4303 285938.000   84  483 272011.000 285938.000  5.12%   664  320s
  7774  4477 285938.000  111  575 272011.000 285938.000  5.12%   699  339s
  8017  4527 285323.000  147  502 272011.000 285938.000  5.12%   733  350s

Cutting planes:
  Gomory: 1
  RLT: 6

Explored 8148 nodes (6151507 simplex iterations) in 350.02 seconds (577.74 work units)
Thread count was 4 (of 4 available processors)

Solution count 10: 272011 272006 271321 ... 268864

Time limit reached
Best objective 2.720110000000e+05, best bound 2.859380000000e+05, gap 5.1200%
