WARN | Starting Kernel Search with 41 families per bucket
WARN | Building Kernel Search initial solution
WARN | Kernel size: 100
WARN | Relaxed optimum: 1499046.6442718199							17.6825s
WARN | Kernel: [0, 2, 3, 7, 13, 17, 21, 25, 26, 30, 31, 34, 35, 38, 39, 41, 42, 53, 54, 58, 62, 63, 64, 68, 71, 73, 74, 77, 78, 85, 86, 87, 92, 94, 96, 98, 99, 101, 102, 105, 114, 115, 117, 119, 121, 122, 129, 130, 131, 135, 138, 141, 145, 149, 150, 152, 154, 156, 160, 166, 176, 177, 178, 179, 180, 181, 183, 184, 185, 187, 190, 194, 196, 202, 203, 207, 210, 219, 223, 225, 226, 229, 230, 231, 233, 237, 239, 240, 242, 243, 247, 251, 253, 259, 260, 261, 262, 266, 267, 268]
WARN | Solving with bucket number 0							17.6885s
WARN | Kernel: [0, 2, 3, 7, 13, 17, 21, 25, 26, 30, 31, 34, 35, 38, 39, 41, 42, 53, 54, 58, 62, 63, 64, 68, 71, 73, 74, 77, 78, 85, 86, 87, 92, 94, 96, 98, 99, 101, 102, 105, 114, 115, 117, 119, 121, 122, 129, 130, 131, 135, 138, 141, 145, 149, 150, 152, 154, 156, 160, 166, 176, 177, 178, 179, 180, 181, 183, 184, 185, 187, 190, 194, 196, 202, 203, 207, 210, 219, 223, 225, 226, 229, 230, 231, 233, 237, 239, 240, 242, 243, 247, 251, 253, 259, 260, 261, 262, 266, 267, 268]	17.6885s
WARN | Bucket: []	17.6885s
WARN | The model was solved to optimality
ERRO | Families from bucket --> []
WARN | Solution value: 579173								18.7038s
WARN | Solution improved
WARN | Indexes of the families added to the kernel: []					18.7108s
WARN | Solving with bucket number 1							18.7119s
WARN | Kernel: [0, 2, 3, 7, 13, 17, 21, 25, 26, 30, 31, 34, 35, 38, 39, 41, 42, 53, 54, 58, 62, 63, 64, 68, 71, 73, 74, 77, 78, 85, 86, 87, 92, 94, 96, 98, 99, 101, 102, 105, 114, 115, 117, 119, 121, 122, 129, 130, 131, 135, 138, 141, 145, 149, 150, 152, 154, 156, 160, 166, 176, 177, 178, 179, 180, 181, 183, 184, 185, 187, 190, 194, 196, 202, 203, 207, 210, 219, 223, 225, 226, 229, 230, 231, 233, 237, 239, 240, 242, 243, 247, 251, 253, 259, 260, 261, 262, 266, 267, 268]	18.7119s
WARN | Bucket: [269, 273, 279, 280, 281, 282, 284, 285, 286, 287, 290, 293, 295, 296, 297, 298, 304, 306, 309, 311, 317, 319, 321, 332, 333, 338, 341, 343, 345, 347, 349, 351, 356, 358, 360, 361, 372, 373, 377, 379, 381]	18.7119s
WARN | The model was solved to optimality
ERRO | Families from bucket --> [269, 273, 279, 280, 281, 282, 284, 285, 286, 287, 290, 293, 295, 296, 297, 298, 304, 306, 309, 311, 317, 319, 321, 332, 333, 338, 341, 343, 345, 347, 349, 351, 356, 358, 360, 361, 372, 373, 377, 379, 381]
WARN | Solution value: 819172								20.2813s
WARN | Solution improved
WARN | Indexes of the families added to the kernel: [269, 273, 279, 280, 281, 282, 284, 285, 286, 287, 290, 293, 295, 296, 297, 298, 304, 306, 309, 311, 317, 319, 321, 332, 333, 338, 341, 343, 345, 347, 349, 351, 356, 358, 360, 361, 372, 373, 377, 379, 381]					20.2896s
WARN | Solving with bucket number 2							20.2910s
WARN | Kernel: [0, 2, 3, 7, 13, 17, 21, 25, 26, 30, 31, 34, 35, 38, 39, 41, 42, 53, 54, 58, 62, 63, 64, 68, 71, 73, 74, 77, 78, 85, 86, 87, 92, 94, 96, 98, 99, 101, 102, 105, 114, 115, 117, 119, 121, 122, 129, 130, 131, 135, 138, 141, 145, 149, 150, 152, 154, 156, 160, 166, 176, 177, 178, 179, 180, 181, 183, 184, 185, 187, 190, 194, 196, 202, 203, 207, 210, 219, 223, 225, 226, 229, 230, 231, 233, 237, 239, 240, 242, 243, 247, 251, 253, 259, 260, 261, 262, 266, 267, 268, 269, 273, 279, 280, 281, 282, 284, 285, 286, 287, 290, 293, 295, 296, 297, 298, 304, 306, 309, 311, 317, 319, 321, 332, 333, 338, 341, 343, 345, 347, 349, 351, 356, 358, 360, 361, 372, 373, 377, 379, 381]	20.2910s
WARN | Bucket: [386, 388, 389, 394, 395, 397, 398, 401, 403, 407, 408, 409, 412, 422, 423, 424, 430, 434, 438, 441, 442, 452, 453, 458, 461, 465, 467, 468, 471, 473, 474, 475, 477, 478, 479, 483, 484, 485, 486, 488, 493]	20.2910s
WARN | The model was solved to optimality
ERRO | Families from bucket --> [386, 388, 389, 394, 395, 397, 398, 401, 403, 407, 408, 409, 412, 422, 423, 424, 430, 434, 438, 441, 442, 452, 453, 458, 461, 465, 467, 468, 471, 473, 474, 475, 477, 478, 479, 483, 484, 485, 486, 488, 493]
WARN | Solution value: 1060205								22.3681s
WARN | Solution improved
WARN | Indexes of the families added to the kernel: [386, 388, 389, 394, 395, 397, 398, 401, 403, 407, 408, 409, 412, 422, 423, 424, 430, 434, 438, 441, 442, 452, 453, 458, 461, 465, 467, 468, 471, 473, 474, 475, 477, 478, 479, 483, 484, 485, 486, 488, 493]					22.3790s
WARN | Solving with bucket number 3							22.3799s
WARN | Kernel: [0, 2, 3, 7, 13, 17, 21, 25, 26, 30, 31, 34, 35, 38, 39, 41, 42, 53, 54, 58, 62, 63, 64, 68, 71, 73, 74, 77, 78, 85, 86, 87, 92, 94, 96, 98, 99, 101, 102, 105, 114, 115, 117, 119, 121, 122, 129, 130, 131, 135, 138, 141, 145, 149, 150, 152, 154, 156, 160, 166, 176, 177, 178, 179, 180, 181, 183, 184, 185, 187, 190, 194, 196, 202, 203, 207, 210, 219, 223, 225, 226, 229, 230, 231, 233, 237, 239, 240, 242, 243, 247, 251, 253, 259, 260, 261, 262, 266, 267, 268, 269, 273, 279, 280, 281, 282, 284, 285, 286, 287, 290, 293, 295, 296, 297, 298, 304, 306, 309, 311, 317, 319, 321, 332, 333, 338, 341, 343, 345, 347, 349, 351, 356, 358, 360, 361, 372, 373, 377, 379, 381, 386, 388, 389, 394, 395, 397, 398, 401, 403, 407, 408, 409, 412, 422, 423, 424, 430, 434, 438, 441, 442, 452, 453, 458, 461, 465, 467, 468, 471, 473, 474, 475, 477, 478, 479, 483, 484, 485, 486, 488, 493]	22.3799s
WARN | Bucket: [494, 496, 502, 503, 507, 514, 516, 517, 521, 523, 529, 530, 534, 535, 536, 538, 539, 544, 546, 550, 553, 562, 563, 564, 566, 569, 571, 573, 576, 586, 587, 589, 590, 591, 593, 594, 597, 599, 601, 604, 606]	22.3799s
WARN | The model was solved to optimality
ERRO | Families from bucket --> [494, 496, 502, 503, 507, 514, 516, 517, 521, 523, 529, 530, 534, 535, 536, 538, 539, 544, 546, 550, 553, 562, 563, 564, 566, 569, 571, 573, 576, 586, 587, 589, 590, 591, 593, 594, 597, 599, 601, 604, 606]
WARN | Solution value: 1306019								25.1570s
WARN | Solution improved
WARN | Indexes of the families added to the kernel: [494, 496, 502, 503, 507, 514, 516, 517, 521, 523, 529, 530, 534, 535, 536, 538, 539, 544, 546, 550, 553, 562, 563, 564, 566, 569, 571, 573, 576, 586, 587, 589, 590, 591, 593, 594, 597, 599, 601, 604, 606]					25.1690s
WARN | Solving with bucket number 4							25.1701s
WARN | Kernel: [0, 2, 3, 7, 13, 17, 21, 25, 26, 30, 31, 34, 35, 38, 39, 41, 42, 53, 54, 58, 62, 63, 64, 68, 71, 73, 74, 77, 78, 85, 86, 87, 92, 94, 96, 98, 99, 101, 102, 105, 114, 115, 117, 119, 121, 122, 129, 130, 131, 135, 138, 141, 145, 149, 150, 152, 154, 156, 160, 166, 176, 177, 178, 179, 180, 181, 183, 184, 185, 187, 190, 194, 196, 202, 203, 207, 210, 219, 223, 225, 226, 229, 230, 231, 233, 237, 239, 240, 242, 243, 247, 251, 253, 259, 260, 261, 262, 266, 267, 268, 269, 273, 279, 280, 281, 282, 284, 285, 286, 287, 290, 293, 295, 296, 297, 298, 304, 306, 309, 311, 317, 319, 321, 332, 333, 338, 341, 343, 345, 347, 349, 351, 356, 358, 360, 361, 372, 373, 377, 379, 381, 386, 388, 389, 394, 395, 397, 398, 401, 403, 407, 408, 409, 412, 422, 423, 424, 430, 434, 438, 441, 442, 452, 453, 458, 461, 465, 467, 468, 471, 473, 474, 475, 477, 478, 479, 483, 484, 485, 486, 488, 493, 494, 496, 502, 503, 507, 514, 516, 517, 521, 523, 529, 530, 534, 535, 536, 538, 539, 544, 546, 550, 553, 562, 563, 564, 566, 569, 571, 573, 576, 586, 587, 589, 590, 591, 593, 594, 597, 599, 601, 604, 606]	25.1701s
WARN | Bucket: [613, 614, 615, 617, 618, 621, 624, 626, 628, 629, 630, 631, 635, 642, 643, 647, 650, 652, 653, 655, 661, 662, 272, 370, 584, 490, 168, 368, 376, 392, 555, 620, 355, 561, 609, 491, 362, 95, 608, 271, 545]	25.1701s
WARN | The optimization terminated because the time expended exceeded the value specified by the TimeLimit parameter.
ERRO | Families from bucket --> [95, 168, 271, 272, 355, 362, 368, 370, 376, 392, 490, 491, 545, 555, 561, 608, 609, 613, 614, 615, 617, 620, 621, 624, 626, 628, 629, 630, 631, 635, 643, 647, 650, 652, 653, 655, 661, 662]
WARN | Solution value: 1325498								376.5658s
WARN | Solution improved
WARN | Indexes of the families added to the kernel: [613, 614, 615, 617, 621, 624, 626, 628, 629, 630, 631, 635, 643, 647, 650, 652, 653, 655, 661, 662, 272, 370, 490, 168, 368, 376, 392, 555, 620, 355, 561, 609, 491, 362, 95, 608, 271, 545]					376.5782s
WARN | Solving with bucket number 5							376.5797s
WARN | Kernel: [0, 2, 3, 7, 13, 17, 21, 25, 26, 30, 31, 34, 35, 38, 39, 41, 42, 53, 54, 58, 62, 63, 64, 68, 71, 73, 74, 77, 78, 85, 86, 87, 92, 94, 96, 98, 99, 101, 102, 105, 114, 115, 117, 119, 121, 122, 129, 130, 131, 135, 138, 141, 145, 149, 150, 152, 154, 156, 160, 166, 176, 177, 178, 179, 180, 181, 183, 184, 185, 187, 190, 194, 196, 202, 203, 207, 210, 219, 223, 225, 226, 229, 230, 231, 233, 237, 239, 240, 242, 243, 247, 251, 253, 259, 260, 261, 262, 266, 267, 268, 269, 273, 279, 280, 281, 282, 284, 285, 286, 287, 290, 293, 295, 296, 297, 298, 304, 306, 309, 311, 317, 319, 321, 332, 333, 338, 341, 343, 345, 347, 349, 351, 356, 358, 360, 361, 372, 373, 377, 379, 381, 386, 388, 389, 394, 395, 397, 398, 401, 403, 407, 408, 409, 412, 422, 423, 424, 430, 434, 438, 441, 442, 452, 453, 458, 461, 465, 467, 468, 471, 473, 474, 475, 477, 478, 479, 483, 484, 485, 486, 488, 493, 494, 496, 502, 503, 507, 514, 516, 517, 521, 523, 529, 530, 534, 535, 536, 538, 539, 544, 546, 550, 553, 562, 563, 564, 566, 569, 571, 573, 576, 586, 587, 589, 590, 591, 593, 594, 597, 599, 601, 604, 606, 613, 614, 615, 617, 621, 624, 626, 628, 629, 630, 631, 635, 643, 647, 650, 652, 653, 655, 661, 662, 272, 370, 490, 168, 368, 376, 392, 555, 620, 355, 561, 609, 491, 362, 95, 608, 271, 545]	376.5797s
WARN | Bucket: [305, 18, 255, 664, 567, 579, 570, 198, 245, 476, 109, 659, 216, 48, 400, 188, 551, 634, 235, 354, 155, 511, 275, 16, 413, 548, 84, 415, 556, 482, 19, 489, 459, 646, 600, 169, 509, 232, 445, 405, 254]	376.5797s
WARN | The optimization terminated because the time expended exceeded the value specified by the TimeLimit parameter.
ERRO | Families from bucket --> [16, 18, 19, 155, 169, 198, 216, 235, 245, 254, 255, 275, 305, 354, 400, 405, 413, 445, 459, 476, 489, 509, 511, 548, 551, 556, 567, 570, 579, 600, 634, 664]
WARN | Solution value: 1335773								601.9944s
WARN | Solution improved
WARN | Indexes of the families added to the kernel: [305, 18, 255, 664, 567, 579, 570, 198, 245, 476, 216, 400, 551, 634, 235, 354, 155, 511, 275, 16, 413, 548, 556, 19, 489, 459, 600, 169, 509, 445, 405, 254]					602.0081s
ERRO | Kernel Time limit reached
