WARN | Starting Kernel Search with 20 families per bucket
WARN | Building Kernel Search initial solution
WARN | Kernel size: 50
WARN | Relaxed optimum: 748472.2481990153							6.1038s
WARN | Kernel: [94, 1, 3, 6, 7, 11, 12, 15, 19, 24, 27, 34, 35, 41, 45, 46, 49, 50, 51, 54, 55, 57, 65, 67, 70, 71, 72, 82, 89, 96, 100, 104, 107, 108, 109, 110, 112, 114, 115, 118, 121, 123, 124, 128, 130, 131, 135, 144, 147, 151]
WARN | Solving with bucket number 0							6.1072s
WARN | Kernel: [94, 1, 3, 6, 7, 11, 12, 15, 19, 24, 27, 34, 35, 41, 45, 46, 49, 50, 51, 54, 55, 57, 65, 67, 70, 71, 72, 82, 89, 96, 100, 104, 107, 108, 109, 110, 112, 114, 115, 118, 121, 123, 124, 128, 130, 131, 135, 144, 147, 151]	6.1072s
WARN | Bucket: []	6.1072s
WARN | The model was solved to optimality
ERRO | Families from bucket --> []
WARN | Solution value: 304572								6.6467s
WARN | Solution improved
WARN | Indexes of the families added to the kernel: []					6.6510s
WARN | Solving with bucket number 1							6.6518s
WARN | Kernel: [94, 1, 3, 6, 7, 11, 12, 15, 19, 24, 27, 34, 35, 41, 45, 46, 49, 50, 51, 54, 55, 57, 65, 67, 70, 71, 72, 82, 89, 96, 100, 104, 107, 108, 109, 110, 112, 114, 115, 118, 121, 123, 124, 128, 130, 131, 135, 144, 147, 151]	6.6518s
WARN | Bucket: [156, 157, 164, 166, 170, 171, 173, 174, 176, 177, 180, 182, 189, 190, 193, 196, 197, 198, 199, 202]	6.6518s
WARN | The model was solved to optimality
ERRO | Families from bucket --> [156, 157, 164, 166, 170, 171, 173, 174, 176, 177, 180, 182, 189, 190, 193, 196, 197, 198, 199, 202]
WARN | Solution value: 424650								7.3903s
WARN | Solution improved
WARN | Indexes of the families added to the kernel: [156, 157, 164, 166, 170, 171, 173, 174, 176, 177, 180, 182, 189, 190, 193, 196, 197, 198, 199, 202]					7.3965s
WARN | Solving with bucket number 2							7.3974s
WARN | Kernel: [94, 1, 3, 6, 7, 11, 12, 15, 19, 24, 27, 34, 35, 41, 45, 46, 49, 50, 51, 54, 55, 57, 65, 67, 70, 71, 72, 82, 89, 96, 100, 104, 107, 108, 109, 110, 112, 114, 115, 118, 121, 123, 124, 128, 130, 131, 135, 144, 147, 151, 156, 157, 164, 166, 170, 171, 173, 174, 176, 177, 180, 182, 189, 190, 193, 196, 197, 198, 199, 202]	7.3974s
WARN | Bucket: [204, 205, 207, 214, 216, 217, 221, 231, 235, 242, 247, 248, 253, 257, 258, 260, 261, 262, 267, 269]	7.3974s
WARN | The model was solved to optimality
ERRO | Families from bucket --> [204, 205, 207, 214, 216, 217, 221, 231, 235, 242, 247, 248, 253, 257, 258, 260, 261, 262, 267, 269]
WARN | Solution value: 545524								8.3728s
WARN | Solution improved
WARN | Indexes of the families added to the kernel: [204, 205, 207, 214, 216, 217, 221, 231, 235, 242, 247, 248, 253, 257, 258, 260, 261, 262, 267, 269]					8.3787s
WARN | Solving with bucket number 3							8.3798s
WARN | Kernel: [94, 1, 3, 6, 7, 11, 12, 15, 19, 24, 27, 34, 35, 41, 45, 46, 49, 50, 51, 54, 55, 57, 65, 67, 70, 71, 72, 82, 89, 96, 100, 104, 107, 108, 109, 110, 112, 114, 115, 118, 121, 123, 124, 128, 130, 131, 135, 144, 147, 151, 156, 157, 164, 166, 170, 171, 173, 174, 176, 177, 180, 182, 189, 190, 193, 196, 197, 198, 199, 202, 204, 205, 207, 214, 216, 217, 221, 231, 235, 242, 247, 248, 253, 257, 258, 260, 261, 262, 267, 269]	8.3798s
WARN | Bucket: [270, 271, 272, 274, 275, 278, 281, 282, 284, 288, 293, 302, 303, 305, 307, 309, 311, 316, 317, 319]	8.3798s
WARN | The model was solved to optimality
ERRO | Families from bucket --> [270, 271, 272, 274, 275, 278, 281, 282, 284, 288, 293, 302, 303, 305, 307, 309, 311, 316, 317, 319]
WARN | Solution value: 662102								10.1107s
WARN | Solution improved
WARN | Indexes of the families added to the kernel: [270, 271, 272, 274, 275, 278, 281, 282, 284, 288, 293, 302, 303, 305, 307, 309, 311, 316, 317, 319]					10.1177s
WARN | Solving with bucket number 4							10.1187s
WARN | Kernel: [94, 1, 3, 6, 7, 11, 12, 15, 19, 24, 27, 34, 35, 41, 45, 46, 49, 50, 51, 54, 55, 57, 65, 67, 70, 71, 72, 82, 89, 96, 100, 104, 107, 108, 109, 110, 112, 114, 115, 118, 121, 123, 124, 128, 130, 131, 135, 144, 147, 151, 156, 157, 164, 166, 170, 171, 173, 174, 176, 177, 180, 182, 189, 190, 193, 196, 197, 198, 199, 202, 204, 205, 207, 214, 216, 217, 221, 231, 235, 242, 247, 248, 253, 257, 258, 260, 261, 262, 267, 269, 270, 271, 272, 274, 275, 278, 281, 282, 284, 288, 293, 302, 303, 305, 307, 309, 311, 316, 317, 319]	10.1187s
WARN | Bucket: [320, 322, 323, 325, 328, 179, 192, 300, 9, 122, 226, 60, 59, 154, 150, 61, 206, 160, 91, 141]	10.1187s
WARN | The optimization terminated because the time expended exceeded the value specified by the TimeLimit parameter.
ERRO | Families from bucket --> [9, 59, 60, 61, 91, 122, 141, 150, 154, 160, 179, 192, 206, 226, 320, 322, 323, 325, 328]
WARN | Solution value: 666745								360.7911s
WARN | Solution improved
WARN | Indexes of the families added to the kernel: [320, 322, 323, 325, 328, 179, 192, 9, 122, 226, 60, 59, 154, 150, 61, 206, 160, 91, 141]					360.7987s
WARN | Solving with bucket number 5							360.7997s
WARN | Kernel: [94, 1, 3, 6, 7, 11, 12, 15, 19, 24, 27, 34, 35, 41, 45, 46, 49, 50, 51, 54, 55, 57, 65, 67, 70, 71, 72, 82, 89, 96, 100, 104, 107, 108, 109, 110, 112, 114, 115, 118, 121, 123, 124, 128, 130, 131, 135, 144, 147, 151, 156, 157, 164, 166, 170, 171, 173, 174, 176, 177, 180, 182, 189, 190, 193, 196, 197, 198, 199, 202, 204, 205, 207, 214, 216, 217, 221, 231, 235, 242, 247, 248, 253, 257, 258, 260, 261, 262, 267, 269, 270, 271, 272, 274, 275, 278, 281, 282, 284, 288, 293, 302, 303, 305, 307, 309, 311, 316, 317, 319, 320, 322, 323, 325, 328, 179, 192, 9, 122, 226, 60, 59, 154, 150, 61, 206, 160, 91, 141]	360.7997s
WARN | Bucket: [81, 227, 236, 224, 102, 13, 90, 99, 93, 265, 313, 194, 63, 239, 264, 314, 134, 280, 279, 203]	360.7997s
WARN | The optimization terminated because the time expended exceeded the value specified by the TimeLimit parameter.
ERRO | Families from bucket --> []
WARN | Solution value: 666745								600.7979s
WARN | Solution improved
WARN | Indexes of the families added to the kernel: []					600.8069s
ERRO | Kernel Time limit reached
