
Gurobi 11.0.2 (win64) logging started Sun Aug 18 13:33:25 2024

Set parameter LogFile to value "D:\Documenti\Scuola\Laurea magistrale unibs\laurea-unibs-mkfsp\output\2024-08-18T10_03_15.889499\logs\instance10_bucket2.log"
Set parameter TimeLimit to value 350
Set parameter MIPGap to value 0
Gurobi Optimizer version 11.0.2 build v11.0.2rc0 (win64 - Windows 10.0 (19045.2))

CPU model: Intel(R) Core(TM) i5-4670 CPU @ 3.40GHz, instruction set [SSE2|AVX|AVX2]
Thread count: 4 physical cores, 4 logical processors, using up to 4 threads

Optimize a model with 1094 rows, 3077 columns and 84020 nonzeros
Model fingerprint: 0x198ce18d
Variable types: 0 continuous, 3077 integer (3006 binary)
Coefficient statistics:
  Matrix range     [1e+00, 8e+03]
  Objective range  [7e+02, 8e+03]
  Bounds range     [1e+00, 1e+00]
  RHS range        [1e+00, 3e+05]
Found heuristic solution: objective 288781.00000
Presolve time: 0.13s
Presolved: 1094 rows, 3077 columns, 84020 nonzeros
Variable types: 0 continuous, 3077 integer (3006 binary)
Found heuristic solution: objective 350571.00000

Root relaxation: objective 4.217230e+05, 793 iterations, 0.01 seconds (0.01 work units)

    Nodes    |    Current Node    |     Objective Bounds      |     Work
 Expl Unexpl |  Obj  Depth IntInf | Incumbent    BestBd   Gap | It/Node Time

H    0     0                    421723.00000 421723.000  0.00%     -    0s
     0     0 421723.000    0  270 421723.000 421723.000  0.00%     -    0s

Explored 1 nodes (793 simplex iterations) in 0.17 seconds (0.14 work units)
Thread count was 4 (of 4 available processors)

Solution count 3: 421723 350571 288781 

Optimal solution found (tolerance 0.00e+00)
Best objective 4.217230000000e+05, best bound 4.217230000000e+05, gap 0.0000%
