
Gurobi 11.0.2 (win64) logging started Sun Aug 18 13:33:26 2024

Set parameter LogFile to value "D:\Documenti\Scuola\Laurea magistrale unibs\laurea-unibs-mkfsp\output\2024-08-18T10_03_15.889499\logs\instance10_bucket3.log"
Set parameter TimeLimit to value 350
Set parameter MIPGap to value 0
Gurobi Optimizer version 11.0.2 build v11.0.2rc0 (win64 - Windows 10.0 (19045.2))

CPU model: Intel(R) Core(TM) i5-4670 CPU @ 3.40GHz, instruction set [SSE2|AVX|AVX2]
Thread count: 4 physical cores, 4 logical processors, using up to 4 threads

Optimize a model with 1384 rows, 4044 columns and 110697 nonzeros
Model fingerprint: 0x89686d5e
Variable types: 0 continuous, 4044 integer (3952 binary)
Coefficient statistics:
  Matrix range     [1e+00, 8e+03]
  Objective range  [7e+02, 8e+03]
  Bounds range     [1e+00, 1e+00]
  RHS range        [1e+00, 4e+05]
Presolve time: 0.18s
Presolved: 1384 rows, 4044 columns, 110697 nonzeros
Variable types: 0 continuous, 4044 integer (3952 binary)
Found heuristic solution: objective 422273.00000

Root relaxation: objective 5.105296e+05, 2820 iterations, 0.30 seconds (0.58 work units)

    Nodes    |    Current Node    |     Objective Bounds      |     Work
 Expl Unexpl |  Obj  Depth IntInf | Incumbent    BestBd   Gap | It/Node Time

     0     0 510529.648    0  635 422273.000 510529.648  20.9%     -    2s
H    0     0                    456504.00000 510529.648  11.8%     -    3s
     0     0 510179.789    0 1367 456504.000 510179.789  11.8%     -    6s
H    0     0                    464025.00000 510179.789  9.95%     -    7s
     0     0 510111.792    0  974 464025.000 510111.792  9.93%     -    9s
     0     0 510083.746    0  857 464025.000 510083.746  9.93%     -    9s
H    0     0                    464535.00000 509976.913  9.78%     -   16s
     0     0 509976.913    0  707 464535.000 509976.913  9.78%     -   16s
     0     0 509944.955    0 1020 464535.000 509944.955  9.78%     -   18s
H    0     0                    465955.00000 509892.747  9.43%     -   22s
H    0     0                    467847.00000 509892.747  8.99%     -   22s
     0     0 509892.747    0 1386 467847.000 509892.747  8.99%     -   22s
H    0     0                    470304.00000 509889.701  8.42%     -   22s
     0     0 509889.701    0  730 470304.000 509889.701  8.42%     -   26s
H    0     0                    472927.00000 509889.701  7.82%     -   28s
H    0     0                    475079.00000 509889.701  7.33%     -   29s
     0     2 509889.701    0  640 475079.000 509889.701  7.33%     -   32s
     3     8 509695.642    2  920 475079.000 509889.701  7.33%  4180   36s
     7    12 509637.893    3 1079 475079.000 509889.701  7.33%  3891   40s
    11    16 509612.365    4  885 475079.000 509889.701  7.33%  4115   55s
H   29    32                    475781.00000 509889.701  7.17%  3908   59s
H   29    32                    475945.00000 509889.701  7.13%  3908   59s
H   30    32                    476481.00000 509889.701  7.01%  3827   59s
    31    38 509355.856    8  801 476481.000 509889.701  7.01%  3828   60s
H   61    66                    477311.00000 509889.701  6.83%  2426   63s
H   63    66                    477324.00000 509889.701  6.82%  2382   63s
    71    80 509164.893   16  660 477324.000 509889.701  6.82%  2237   65s
H   91    95                    477433.00000 509889.701  6.80%  1882   69s
H   92    95                    478013.00000 509889.701  6.67%  1874   69s
H   93    95                    478021.00000 509889.701  6.67%  1863   69s
H   94   105                    478059.00000 509889.701  6.66%  1848   70s
   183   207 508722.818   31  634 478059.000 509889.701  6.66%  1155   78s
H  185   207                    479341.00000 509889.701  6.37%  1145   78s
H  223   225                    480003.00000 509889.701  6.23%  1006   79s
   224   260 508576.985   39  561 480003.000 509889.701  6.23%  1004   80s
   422   465 507835.950   60  520 480003.000 509889.701  6.23%   640   85s
   600   635 506750.021   83  498 480003.000 509889.701  6.23%   516   90s
   827   830 500354.000  134  385 480003.000 509889.701  6.23%   436   95s
   993   995 500354.000  166  346 480003.000 509889.701  6.23%   405  100s
  1249  1243 500354.000  219  322 480003.000 509889.701  6.23%   371  107s
  1375  1376 500354.000  251  272 480003.000 509889.701  6.23%   362  110s
  1436  1380 500354.000  257  295 480003.000 509889.701  6.23%   356  118s
H 1437  1380                    480638.00000 509889.701  6.09%   356  118s
H 1439  1380                    482224.00000 509889.701  5.74%   356  118s
  1524  1540 500354.000  268  267 482224.000 509889.701  5.74%   353  120s
  1788  1787 500354.000  318  233 482224.000 509889.701  5.74%   346  126s
  1971  1903 500354.000  353  201 482224.000 509889.701  5.74%   343  131s
  2058  2004 500354.000  368  196 482224.000 509889.701  5.74%   344  136s
  2202  2085 500354.000  390  196 482224.000 509889.701  5.74%   351  140s
  2354  2198 500263.125  415  302 482224.000 509889.701  5.74%   371  147s
  2394  2235 500354.000  419  274 482224.000 509889.701  5.74%   378  150s
  2471  2285 500084.333  425  321 482224.000 509889.701  5.74%   396  155s
  2542  2345 498507.208  434  421 482224.000 509889.701  5.74%   413  161s
  2608  2409 497997.000  442  267 482224.000 509889.701  5.74%   428  167s
  2648  2503 497997.000  448  308 482224.000 509889.701  5.74%   435  170s
  2786  2585 497997.000  455  324 482224.000 509889.701  5.74%   440  176s
  2844  2633 497240.000  463  279 482224.000 509889.701  5.74%   446  180s
  2967  2704 496741.849  477  360 482224.000 509889.701  5.74%   456  188s
  2987  2724 495793.952  480  376 482224.000 509889.701  5.74%   464  192s
  3011  2755 495104.000  483  324 482224.000 509889.701  5.74%   470  196s
  3046  2775 495047.854  489  368 482224.000 509889.701  5.74%   477  201s
  3111  2857 493701.300  502  310 482224.000 509889.701  5.74%   487  208s
  3163  2923 492368.000  510  259 482224.000 509889.701  5.74%   492  212s
  3234  2988 491534.233  523  339 482224.000 509889.701  5.74%   497  217s
  3304  3164 491436.245  532  322 482224.000 509889.701  5.74%   502  221s
  3487  3230 490199.000  613  257 482224.000 509889.701  5.74%   493  227s
  3563  3255 509881.661    5 1028 482224.000 509889.701  5.74%   498  232s
  3592  3308 509771.109    7  793 482224.000 509889.701  5.74%   507  238s
  3649  3395 509283.389   11  702 482224.000 509889.701  5.74%   512  244s
  3741  3480 509012.399   19  686 482224.000 509889.701  5.74%   515  249s
  3827  3518 508523.026   29  623 482224.000 509889.701  5.74%   518  256s
  3876  3545 507852.854   40  684 482224.000 509889.701  5.74%   526  262s
  3905  3580 507511.807   50  600 482224.000 509889.701  5.74%   534  269s
  3942  3632 507270.955   59  585 482224.000 509889.701  5.74%   541  275s
H 3995  3629                    483619.00000 509889.701  5.43%   547  284s
H 4002  3623                    484005.00000 509889.701  5.35%   548  284s
H 4004  3598                    484696.00000 509889.701  5.20%   549  284s
  4007  3634 506124.295   79  515 484696.000 509889.701  5.20%   549  290s
  4045  3735 506050.244   98  411 484696.000 509889.701  5.20%   553  297s
  4150  3817 502594.000  135  363 484696.000 509889.701  5.20%   553  306s
  4244  3847 502594.000  176  510 484696.000 509889.701  5.20%   557  315s
H 4275  3783                    486965.00000 509889.701  4.71%   564  323s
  4276  3784 499820.000  603  730 486965.000 509889.701  4.71%   564  329s
  4278  3785 502980.000  439 1111 486965.000 509889.701  4.71%   564  344s

Explored 4278 nodes (2536515 simplex iterations) in 350.01 seconds (618.75 work units)
Thread count was 4 (of 4 available processors)

Solution count 10: 486965 484696 484005 ... 478021

Time limit reached
Best objective 4.869650000000e+05, best bound 5.098897009948e+05, gap 4.7077%
