
Gurobi 11.0.2 (win64) logging started Sun Aug 18 12:33:17 2024

Set parameter LogFile to value "D:\Documenti\Scuola\Laurea magistrale unibs\laurea-unibs-mkfsp\output\2024-08-18T10_03_15.889499\logs\instance04_bucket3.log"
Set parameter TimeLimit to value 350
Set parameter MIPGap to value 0
Gurobi Optimizer version 11.0.2 build v11.0.2rc0 (win64 - Windows 10.0 (19045.2))

CPU model: Intel(R) Core(TM) i5-4670 CPU @ 3.40GHz, instruction set [SSE2|AVX|AVX2]
Thread count: 4 physical cores, 4 logical processors, using up to 4 threads

Optimize a model with 412 rows, 840 columns and 22805 nonzeros
Model fingerprint: 0x2d3da7a4
Variable types: 0 continuous, 840 integer (820 binary)
Coefficient statistics:
  Matrix range     [1e+00, 8e+03]
  Objective range  [6e+02, 8e+03]
  Bounds range     [1e+00, 1e+00]
  RHS range        [1e+00, 8e+04]
Presolve time: 0.04s
Presolved: 412 rows, 840 columns, 22805 nonzeros
Variable types: 0 continuous, 840 integer (820 binary)

Root relaxation: objective 9.556118e+04, 1679 iterations, 0.13 seconds (0.20 work units)

    Nodes    |    Current Node    |     Objective Bounds      |     Work
 Expl Unexpl |  Obj  Depth IntInf | Incumbent    BestBd   Gap | It/Node Time

     0     0 95561.1776    0  254          - 95561.1776      -     -    0s
     0     0 95204.7949    0  409          - 95204.7949      -     -    0s
     0     0 95113.2577    0  340          - 95113.2577      -     -    1s
     0     0 95095.1910    0  312          - 95095.1910      -     -    1s
     0     0 94827.8109    0  409          - 94827.8109      -     -    1s
     0     0 94683.7486    0  404          - 94683.7486      -     -    1s
     0     0 94631.0071    0  361          - 94631.0071      -     -    2s
     0     0 94614.2543    0  329          - 94614.2543      -     -    2s
     0     0 94408.1845    0  415          - 94408.1845      -     -    2s
     0     0 94408.1845    0  299          - 94408.1845      -     -    3s
     0     2 94408.1845    0  279          - 94408.1845      -     -    4s
   279   291 93222.0000   42  150          - 94408.1845      -   130    5s
  1158   971 94023.6797   13  546          - 94408.1845      -   5.9   10s
  1263  1046 91907.6004   28  501          - 94408.1845      -  56.3   15s
H 1279  1006                    78870.000000 94408.1845  19.7%  61.8   15s
H 1288   963                    79003.000000 94408.1845  19.5%  65.1   16s
H 1326   946                    79138.000000 94408.1845  19.3%  83.3   17s
H 1367   926                    79225.000000 94408.1845  19.2%  95.4   18s
H 1400   918                    79411.000000 94408.1845  18.9%   104   19s
H 1408   879                    79649.000000 94408.1845  18.5%   106   19s
  1412   894 87332.1113   44  267 79649.0000 94408.1845  18.5%   109   20s
H 1453   876                    79701.000000 94408.1845  18.5%   122   21s
H 1486   867                    80176.000000 94408.1845  17.8%   127   22s
H 1547   881                    80373.000000 94408.1845  17.5%   135   24s
  1563   908 85304.9704   64  173 80373.0000 94408.1845  17.5%   137   25s
H 1662   886                    80403.000000 94408.1845  17.4%   143   26s
H 1730   895                    80518.000000 94408.1845  17.3%   147   28s
  1863  1008 86333.4493   79  183 80518.0000 94408.1845  17.3%   169   30s
  2295  1278 89484.0788   48  323 80518.0000 94310.1638  17.1%   210   35s
  2933  1649 93032.5309   27  527 80518.0000 94199.9031  17.0%   228   40s
H 3156  1639                    82192.000000 94199.9031  14.6%   237   42s
  3322  1874 85583.4743   78  204 82192.0000 94199.9031  14.6%   258   45s
  3711  2223 86583.8440   73  214 82192.0000 93906.1251  14.3%   272   50s
H 4077  2471                    82283.000000 93906.1251  14.1%   277   53s
  4322  2724 91816.6860   27  457 82283.0000 93902.8613  14.1%   284   56s
  4755  3123 88000.2579   66  256 82283.0000 93902.8613  14.1%   294   60s
  5236  3438 93301.0289   24  492 82283.0000 93876.9985  14.1%   301   65s
  5805  3831 92592.7500   24  453 82283.0000 93761.3431  13.9%   314   71s
H 5824  3683                    82940.000000 93761.3431  13.0%   315   71s
  6015  3887 88164.2042   51  273 82940.0000 93759.5369  13.0%   319   75s
  6263  4165 infeasible   81      82940.0000 93720.7962  13.0%   330   80s
H 6399  4037                    83402.000000 93719.9898  12.4%   335   80s
  6626  4349 90004.0000   25  304 83402.0000 93703.3992  12.4%   343   86s
  7067  4716 90382.0000   32  396 83402.0000 93672.4588  12.3%   340   92s
  7320  4913 92801.3100   30  516 83402.0000 93662.8873  12.3%   343   95s
  7754  5420 88602.2409   53  241 83402.0000 93651.2279  12.3%   347  102s
  8515  5994 89378.0000   33  316 83402.0000 93608.3513  12.2%   343  108s
  8920  6152 84863.6185   55  221 83402.0000 93590.0700  12.2%   343  111s
  9087  6352 87289.7215   58  280 83402.0000 93583.5630  12.2%   342  115s
  9718  6933 90742.6351   41  460 83402.0000 93518.8265  12.1%   350  122s
 10113  7164 89725.0000   34  405 83402.0000 93484.6382  12.1%   351  126s
 10381  7399 90139.0000   33  325 83402.0000 93471.4197  12.1%   359  130s
 10703  7828 88437.2108   47  257 83402.0000 93471.2600  12.1%   369  135s
 11685  8598 89083.2465   46  374 83402.0000 93421.8003  12.0%   368  144s
 12143  8996 83766.0000   53   84 83402.0000 93411.3891  12.0%   370  148s
H12634  9267                    83545.000000 93398.3083  11.8%   370  152s
 13060  9639 89652.0205   39  385 83545.0000 93356.2300  11.7%   371  156s
 13515  9845 88481.0000   37  278 83545.0000 93342.0519  11.7%   373  160s
 13789 10033 86147.0000   54  180 83545.0000 93334.9717  11.7%   379  165s
 14020 10328 85381.3921   54  173 83545.0000 93324.4879  11.7%   387  172s
 14425 10787 92687.7562   26  534 83545.0000 93314.5573  11.7%   386  176s
 15013 10990 92759.8361   25  502 83545.0000 93296.9235  11.7%   383  181s
 15256 11393 88924.0639   48  332 83545.0000 93282.9508  11.7%   388  185s
 16241 12150 89644.0000   35  340 83545.0000 93260.6428  11.6%   388  193s
 16673 12484 88741.7354   33  372 83545.0000 93251.3011  11.6%   389  197s
 17086 13000 90743.5116   31  436 83545.0000 93244.6302  11.6%   392  201s
 18169 13615 90730.0000   33  401 83545.0000 93223.4388  11.6%   387  208s
 18455 14016 88880.0003   48  320 83545.0000 93216.9229  11.6%   391  212s
 18905 14288 90944.0000   24  391 83545.0000 93203.1071  11.6%   392  216s
 19256 14772 90948.6644   41  443 83545.0000 93196.2656  11.6%   392  220s
 20343 15408     cutoff   85      83545.0000 93181.7074  11.5%   388  227s
 20734 15409 85837.0151   73  299 83545.0000 93175.8216  11.5%   389  325s
 20745 15416 85237.0000   52  579 83545.0000 93175.8216  11.5%   389  331s
 20749 15419 89097.7164   40  577 83545.0000 93175.8216  11.5%   389  335s
 20754 15422 89029.0000   29  578 83545.0000 93175.8216  11.5%   389  341s
 20771 15439 93175.8216   28  561 83545.0000 93175.8216  11.5%   389  345s
 20835 15482 92095.0156   35  470 83545.0000 93175.8216  11.5%   391  350s

Cutting planes:
  Gomory: 5
  MIR: 15
  StrongCG: 1
  Flow cover: 48
  Zero half: 15
  Mod-K: 28
  RLT: 154
  Relax-and-lift: 7

Explored 20840 nodes (8332214 simplex iterations) in 350.04 seconds (564.47 work units)
Thread count was 4 (of 4 available processors)

Solution count 10: 83545 83402 82940 ... 79701

Time limit reached
Best objective 8.354500000000e+04, best bound 9.317500000000e+04, gap 11.5267%
