
Gurobi 11.0.2 (win64) logging started Sun Aug 18 13:24:09 2024

Set parameter LogFile to value "D:\Documenti\Scuola\Laurea magistrale unibs\laurea-unibs-mkfsp\output\2024-08-18T10_03_15.889499\logs\instance09_bucket9.log"
Set parameter TimeLimit to value 350
Set parameter MIPGap to value 0
Gurobi Optimizer version 11.0.2 build v11.0.2rc0 (win64 - Windows 10.0 (19045.2))

CPU model: Intel(R) Core(TM) i5-4670 CPU @ 3.40GHz, instruction set [SSE2|AVX|AVX2]
Thread count: 4 physical cores, 4 logical processors, using up to 4 threads

Optimize a model with 8057 rows, 42046 columns and 1182887 nonzeros
Model fingerprint: 0x6906e9e2
Variable types: 0 continuous, 42046 integer (41723 binary)
Coefficient statistics:
  Matrix range     [1e+00, 9e+03]
  Objective range  [6e+02, 9e+03]
  Bounds range     [1e+00, 1e+00]
  RHS range        [1e+00, 2e+06]
Presolve time: 2.75s
Presolved: 8057 rows, 42046 columns, 1182887 nonzeros
Variable types: 0 continuous, 42046 integer (41723 binary)
Deterministic concurrent LP optimizer: primal simplex, dual simplex, and barrier
Showing barrier log only...

Root barrier log...

Ordering time: 0.13s

Barrier statistics:
 AA' NZ     : 1.262e+06
 Factor NZ  : 1.397e+06 (roughly 30 MB of memory)
 Factor Ops : 6.427e+08 (less than 1 second per iteration)
 Threads    : 1

                  Objective                Residual
Iter       Primal          Dual         Primal    Dual     Compl     Time
   0   1.60188766e+08  1.91225738e+08  8.03e+06 0.00e+00  9.61e+05     5s
   1   4.54979821e+07  1.97453867e+08  1.99e+06 5.97e-13  2.54e+05     5s
   2   2.16536913e+06  1.88144904e+08  1.88e+04 1.02e-12  4.81e+03     5s
   3   1.85629378e+06  8.37060267e+07  4.09e+03 1.19e-12  1.42e+03     5s
   4   1.77114370e+06  1.53730955e+07  8.35e-01 3.58e-12  1.81e+02     5s
   5   1.86729241e+06  2.07144317e+06  6.08e-14 1.42e-13  2.72e+00     6s
   6   1.88652314e+06  1.88677162e+06  7.24e-14 4.26e-14  3.31e-03     6s
   7   1.88654298e+06  1.88654323e+06  5.82e-14 4.26e-14  3.31e-06     6s
   8   1.88654300e+06  1.88654300e+06  9.55e-14 2.84e-14  3.31e-09     6s

Barrier solved model in 8 iterations and 6.22 seconds (4.47 work units)
Optimal objective 1.88654300e+06

Concurrent spin time: 1.64s (can be avoided by choosing Method=3)

Solved with dual simplex

Root simplex log...

Iteration    Objective       Primal Inf.    Dual Inf.      Time
    4096    1.8865430e+06   0.000000e+00   0.000000e+00      8s

Root relaxation: objective 1.886543e+06, 4096 iterations, 4.90 seconds (3.27 work units)
Total elapsed time = 27.23s (DegenMoves)
Total elapsed time = 48.14s (DegenMoves)
Total elapsed time = 61.03s (DegenMoves)
Total elapsed time = 71.75s (DegenMoves)

    Nodes    |    Current Node    |     Objective Bounds      |     Work
 Expl Unexpl |  Obj  Depth IntInf | Incumbent    BestBd   Gap | It/Node Time

     0     0 1886543.00    0  877          - 1886543.00      -     -   83s
H    0     0                    1709711.0000 1886543.00  10.3%     -   88s
     0     0 1886543.00    0 1796 1709711.00 1886543.00  10.3%     -   94s
H    0     0                    1753872.0000 1886543.00  7.56%     -   96s
     0     0 1886543.00    0 1497 1753872.00 1886543.00  7.56%     -  103s
     0     0 1886543.00    0 1106 1753872.00 1886543.00  7.56%     -  159s
H    0     0                    1756540.0000 1886543.00  7.40%     -  159s
     0     0 1886543.00    0 1535 1756540.00 1886543.00  7.40%     -  172s
     0     0 1886543.00    0 1252 1756540.00 1886543.00  7.40%     -  233s
     0     0 1886543.00    0 1039 1756540.00 1886543.00  7.40%     -  271s
H    0     0                    1796071.0000 1886543.00  5.04%     -  318s

Cutting planes:
  Gomory: 10
  Cover: 1227
  Clique: 1003
  MIR: 593
  StrongCG: 24
  Zero half: 3

Explored 1 nodes (415933 simplex iterations) in 350.03 seconds (426.76 work units)
Thread count was 4 (of 4 available processors)

Solution count 4: 1.79607e+06 1.75654e+06 1.75387e+06 1.70971e+06 

Time limit reached
Best objective 1.796071000000e+06, best bound 1.886543000000e+06, gap 5.0372%
