
Gurobi 11.0.2 (win64) logging started Sun Aug 18 12:53:25 2024

Set parameter LogFile to value "D:\Documenti\Scuola\Laurea magistrale unibs\laurea-unibs-mkfsp\output\2024-08-18T10_03_15.889499\logs\instance06_bucket5.log"
Set parameter TimeLimit to value 350
Set parameter MIPGap to value 0
Gurobi Optimizer version 11.0.2 build v11.0.2rc0 (win64 - Windows 10.0 (19045.2))

CPU model: Intel(R) Core(TM) i5-4670 CPU @ 3.40GHz, instruction set [SSE2|AVX|AVX2]
Thread count: 4 physical cores, 4 logical processors, using up to 4 threads

Optimize a model with 2400 rows, 10934 columns and 308635 nonzeros
Model fingerprint: 0x9c82bbf8
Variable types: 0 continuous, 10934 integer (10852 binary)
Coefficient statistics:
  Matrix range     [1e+00, 8e+03]
  Objective range  [6e+02, 8e+03]
  Bounds range     [1e+00, 1e+00]
  RHS range        [1e+00, 4e+05]
Found heuristic solution: objective 413457.00000
Presolve time: 0.57s
Presolved: 2400 rows, 10934 columns, 308635 nonzeros
Variable types: 0 continuous, 10934 integer (10852 binary)
Found heuristic solution: objective 454953.00000
Deterministic concurrent LP optimizer: primal and dual simplex
Showing primal log only...

Concurrent spin time: 0.00s

Solved with dual simplex

Root relaxation: objective 4.933260e+05, 680 iterations, 0.15 seconds (0.15 work units)

    Nodes    |    Current Node    |     Objective Bounds      |     Work
 Expl Unexpl |  Obj  Depth IntInf | Incumbent    BestBd   Gap | It/Node Time

H    0     0                    493326.00000 493326.000  0.00%     -    0s
     0     0 493326.000    0  520 493326.000 493326.000  0.00%     -    0s

Explored 1 nodes (680 simplex iterations) in 0.78 seconds (0.74 work units)
Thread count was 4 (of 4 available processors)

Solution count 3: 493326 454953 413457 

Optimal solution found (tolerance 0.00e+00)
Best objective 4.933260000000e+05, best bound 4.933260000000e+05, gap 0.0000%
