
Gurobi 11.0.2 (win64) logging started Sun Aug 18 13:13:26 2024

Set parameter LogFile to value "D:\Documenti\Scuola\Laurea magistrale unibs\laurea-unibs-mkfsp\output\2024-08-18T10_03_15.889499\logs\instance08_bucket2.log"
Set parameter TimeLimit to value 350
Set parameter MIPGap to value 0
Gurobi Optimizer version 11.0.2 build v11.0.2rc0 (win64 - Windows 10.0 (19045.2))

CPU model: Intel(R) Core(TM) i5-4670 CPU @ 3.40GHz, instruction set [SSE2|AVX|AVX2]
Thread count: 4 physical cores, 4 logical processors, using up to 4 threads

Optimize a model with 1607 rows, 6190 columns and 173365 nonzeros
Model fingerprint: 0x51de716b
Variable types: 0 continuous, 6190 integer (6120 binary)
Coefficient statistics:
  Matrix range     [1e+00, 8e+03]
  Objective range  [7e+02, 8e+03]
  Bounds range     [1e+00, 1e+00]
  RHS range        [1e+00, 3e+05]
Found heuristic solution: objective 305101.00000
Presolve time: 0.32s
Presolved: 1607 rows, 6190 columns, 173365 nonzeros
Variable types: 0 continuous, 6190 integer (6120 binary)
Found heuristic solution: objective 357474.00000

Root relaxation: objective 4.246500e+05, 992 iterations, 0.03 seconds (0.02 work units)

    Nodes    |    Current Node    |     Objective Bounds      |     Work
 Expl Unexpl |  Obj  Depth IntInf | Incumbent    BestBd   Gap | It/Node Time

H    0     0                    424650.00000 424650.000  0.00%     -    0s
     0     0 424650.000    0  396 424650.000 424650.000  0.00%     -    0s

Explored 1 nodes (992 simplex iterations) in 0.39 seconds (0.33 work units)
Thread count was 4 (of 4 available processors)

Solution count 3: 424650 357474 305101 

Optimal solution found (tolerance 0.00e+00)
Best objective 4.246500000000e+05, best bound 4.246500000000e+05, gap 0.0000%
