
Gurobi 11.0.2 (win64) logging started Sun Aug 18 13:09:11 2024

Set parameter LogFile to value "D:\Documenti\Scuola\Laurea magistrale unibs\laurea-unibs-mkfsp\output\2024-08-18T10_03_15.889499\logs\instance07_bucket4.log"
Set parameter TimeLimit to value 2.4765197110000008e+02
Set parameter MIPGap to value 0
Gurobi Optimizer version 11.0.2 build v11.0.2rc0 (win64 - Windows 10.0 (19045.2))

CPU model: Intel(R) Core(TM) i5-4670 CPU @ 3.40GHz, instruction set [SSE2|AVX|AVX2]
Thread count: 4 physical cores, 4 logical processors, using up to 4 threads

Optimize a model with 884 rows, 2418 columns and 66401 nonzeros
Model fingerprint: 0x83414d5e
Variable types: 0 continuous, 2418 integer (2364 binary)
Coefficient statistics:
  Matrix range     [1e+00, 8e+03]
  Objective range  [6e+02, 8e+03]
  Bounds range     [1e+00, 1e+00]
  RHS range        [1e+00, 2e+05]
Presolve time: 0.14s
Presolved: 884 rows, 2418 columns, 66401 nonzeros
Variable types: 0 continuous, 2418 integer (2364 binary)

Root relaxation: objective 2.495835e+05, 3294 iterations, 0.49 seconds (0.71 work units)

    Nodes    |    Current Node    |     Objective Bounds      |     Work
 Expl Unexpl |  Obj  Depth IntInf | Incumbent    BestBd   Gap | It/Node Time

     0     0 249583.501    0  509          - 249583.501      -     -    1s
     0     0 249577.680    0  843          - 249577.680      -     -    3s
     0     0 249478.626    0  701          - 249478.626      -     -    4s
     0     0 249233.822    0  540          - 249233.822      -     -   10s
     0     0 249220.352    0  723          - 249220.352      -     -   12s
     0     0 249195.033    0  740          - 249195.033      -     -   13s
     0     0 249173.370    0  722          - 249173.370      -     -   14s
     0     0 249100.688    0  589          - 249100.688      -     -   20s
     0     0 249100.688    0  546          - 249100.688      -     -   21s
     0     2 249100.688    0  517          - 249100.688      -     -   26s
    77    87 248973.838   16  446          - 249100.688      -   618   30s
   955   912 242598.000  151  225          - 249100.688      -   176   35s
  1538  1383 241165.000  279  134          - 249100.688      -   202   40s
  1841  1668 237883.577  340  204          - 249100.688      -   223   45s
  2008  1769 245557.000   70 1091          - 249100.688      -   222   54s
  2009  1770 244673.000  132 1089          - 249100.688      -   222   56s
  2011  1771 239737.000  143 1089          - 249100.688      -   222   65s
  2012  1775 249100.688   16 1192          - 249100.688      -  26.8   73s
  2014  1778 249069.581   17 1172          - 249100.688      -  33.6   78s
  2018  1781 249017.793   18 1092          - 249100.688      -  44.8   83s
  2022  1784 248979.829   18 1024          - 249100.688      -  58.6   90s
  2030  1789 248989.190   19 1175          - 249100.688      -  95.0   98s
  2034  1792 248949.776   20 1181          - 249100.688      -   104  102s
  2038  1794 248745.039   20 1120          - 249100.688      -   112  106s
  2046  1800 248642.637   21 1191          - 249100.688      -   130  112s
  2050  1802 248920.021   22 1196          - 249100.688      -   147  119s
  2054  1806 248470.144   22 1160          - 249100.688      -   173  121s
  2063  1811 248633.283   23 1232          - 249100.688      -   193  126s
  2067  1814 248712.711   24 1176          - 249100.688      -   202  131s
  2076  1820 248074.500   25 1121          - 249100.688      -   222  136s
  2080  1822 248619.286   26 1145          - 249100.688      -   230  140s
  2089  1828 248215.350   27 1130          - 249100.688      -   249  147s
  2093  1835 248452.185   27 1253          - 249100.688      -   258  150s
  2101  1837 247803.446   28 1201          - 249100.688      -   279  158s
  2106  1842 248315.625   29 1208          - 249100.688      -   306  162s
  2112  1849 248091.990   29 1156          - 249100.688      -   316  167s
  2121  1853 248109.171   31 1079          - 249100.688      -   331  171s
  2128  1858 248207.065   32 1150          - 249100.688      -   344  176s
  2136  1867 248143.553   33 1178          - 249100.688      -   357  181s
  2147  1876 248040.554   35 1145          - 249100.688      -   372  185s
  2160  1883 247982.980   37 1143          - 249100.688      -   390  190s
  2171  1890 247928.023   39 1132          - 249100.688      -   405  196s
  2182  1901 247707.584   40 1161          - 249100.688      -   421  201s
  2197  1909 247093.716   43 1119          - 249100.688      -   437  207s
  2210  1922 247442.263   45 1149          - 249100.688      -   454  212s
  2227  1926 246594.391   47 1020          - 249100.688      -   477  218s
  2237  1939 246518.790   48  947          - 249100.688      -   488  224s
  2253  1954 247124.714   51 1141          - 249100.688      -   505  230s
  2273  1970 246943.886   54 1056          - 249100.688      -   527  236s
  2296  1979 246744.546   57 1097          - 249100.688      -   551  241s
  2313  1999 245662.679   59  885          - 249100.688      -   569  247s

Cutting planes:
  Gomory: 1

Explored 2338 nodes (1875662 simplex iterations) in 247.68 seconds (469.70 work units)
Thread count was 4 (of 4 available processors)

Solution count 0

Time limit reached
Best objective -, best bound 2.491000000000e+05, gap -
