WARN | Starting Kernel Search with 67 families per bucket
WARN | Relaxed optimum: 1499046.6442718199							16.7638s
WARN | Building Kernel Search initial solution
WARN | Kernel: [0, 2, 3, 7, 13, 17, 21, 25, 26, 30, 31, 34, 35, 38, 39, 41, 42, 53, 54, 58, 62, 63, 64, 68, 71, 73, 74, 77, 78, 85, 86, 87, 92, 94, 96, 98, 99, 101, 102, 105, 114, 115, 117, 119, 121, 122, 129, 130, 131, 135, 138, 141, 145, 149, 150, 152, 154, 156, 160, 166, 176, 177, 178, 179, 180, 181, 183, 184, 185, 187, 190, 194, 196, 202, 203, 207, 210, 219, 223, 225, 226, 229, 230, 231, 233, 237, 239, 240, 242, 243, 247, 251, 253, 259, 260, 261, 262, 266, 267, 268, 269, 273, 279, 280, 281, 282, 284, 285, 286, 287, 290, 293, 295, 296, 297, 298, 304, 306, 309, 311, 317, 319, 321, 332, 333, 338, 341, 343, 345, 347, 349, 351, 356, 358, 360, 361, 372, 373, 377, 379, 381, 386, 388, 389, 394, 395, 397, 398, 401, 403, 407, 408, 409, 412, 422, 423, 424, 430, 434, 438, 441, 442, 452, 453, 458, 461, 465, 467, 468, 471, 473, 474, 475, 477, 478, 479, 483, 484, 485, 486, 488, 493, 494, 496, 502, 503, 507, 514, 516, 517, 521, 523, 529, 530, 534, 535, 536, 538, 539, 544, 546, 550, 553, 562, 563, 564, 566, 569, 571, 573, 576, 586, 587, 589, 590, 591, 593, 594, 597, 599, 601, 604, 606, 613, 614, 615, 617, 618, 621, 624, 626, 628, 629, 630, 631, 635, 642, 643, 647, 650, 652, 653, 655, 661, 662]
WARN | Solving with bucket number 0							16.8225s
WARN | Kernel: [0, 2, 3, 7, 13, 17, 21, 25, 26, 30, 31, 34, 35, 38, 39, 41, 42, 53, 54, 58, 62, 63, 64, 68, 71, 73, 74, 77, 78, 85, 86, 87, 92, 94, 96, 98, 99, 101, 102, 105, 114, 115, 117, 119, 121, 122, 129, 130, 131, 135, 138, 141, 145, 149, 150, 152, 154, 156, 160, 166, 176, 177, 178, 179, 180, 181, 183, 184, 185, 187, 190, 194, 196, 202, 203, 207, 210, 219, 223, 225, 226, 229, 230, 231, 233, 237, 239, 240, 242, 243, 247, 251, 253, 259, 260, 261, 262, 266, 267, 268, 269, 273, 279, 280, 281, 282, 284, 285, 286, 287, 290, 293, 295, 296, 297, 298, 304, 306, 309, 311, 317, 319, 321, 332, 333, 338, 341, 343, 345, 347, 349, 351, 356, 358, 360, 361, 372, 373, 377, 379, 381, 386, 388, 389, 394, 395, 397, 398, 401, 403, 407, 408, 409, 412, 422, 423, 424, 430, 434, 438, 441, 442, 452, 453, 458, 461, 465, 467, 468, 471, 473, 474, 475, 477, 478, 479, 483, 484, 485, 486, 488, 493, 494, 496, 502, 503, 507, 514, 516, 517, 521, 523, 529, 530, 534, 535, 536, 538, 539, 544, 546, 550, 553, 562, 563, 564, 566, 569, 571, 573, 576, 586, 587, 589, 590, 591, 593, 594, 597, 599, 601, 604, 606, 613, 614, 615, 617, 618, 621, 624, 626, 628, 629, 630, 631, 635, 642, 643, 647, 650, 652, 653, 655, 661, 662]	16.8225s
WARN | Bucket: []	16.8225s
INFO | Starting VNDS algorithm
INFO | Initial solution value: 1359529							0.0000s
INFO | New best solution found: 1360145							50.7409s
CRIT | Time limit reached
WARN | Solution value: 1360145								119.6739s
WARN | Solution improved
WARN | Indexes of the families added to the kernel: []					119.6856s
WARN | Solving with bucket number 1							119.6865s
WARN | Kernel: [0, 2, 3, 7, 13, 17, 21, 25, 26, 30, 31, 34, 35, 38, 39, 41, 42, 53, 54, 58, 62, 63, 64, 68, 71, 73, 74, 77, 78, 85, 86, 87, 92, 94, 96, 98, 99, 101, 102, 105, 114, 115, 117, 119, 121, 122, 129, 130, 131, 135, 138, 141, 145, 149, 150, 152, 154, 156, 160, 166, 176, 177, 178, 179, 180, 181, 183, 184, 185, 187, 190, 194, 196, 202, 203, 207, 210, 219, 223, 225, 226, 229, 230, 231, 233, 237, 239, 240, 242, 243, 247, 251, 253, 259, 260, 261, 262, 266, 267, 268, 269, 273, 279, 280, 281, 282, 284, 285, 286, 287, 290, 293, 295, 296, 297, 298, 304, 306, 309, 311, 317, 319, 321, 332, 333, 338, 341, 343, 345, 347, 349, 351, 356, 358, 360, 361, 372, 373, 377, 379, 381, 386, 388, 389, 394, 395, 397, 398, 401, 403, 407, 408, 409, 412, 422, 423, 424, 430, 434, 438, 441, 442, 452, 453, 458, 461, 465, 467, 468, 471, 473, 474, 475, 477, 478, 479, 483, 484, 485, 486, 488, 493, 494, 496, 502, 503, 507, 514, 516, 517, 521, 523, 529, 530, 534, 535, 536, 538, 539, 544, 546, 550, 553, 562, 563, 564, 566, 569, 571, 573, 576, 586, 587, 589, 590, 591, 593, 594, 597, 599, 601, 604, 606, 613, 614, 615, 617, 618, 621, 624, 626, 628, 629, 630, 631, 635, 642, 643, 647, 650, 652, 653, 655, 661, 662]	119.6865s
WARN | Bucket: [272, 370, 584, 490, 168, 368, 376, 392, 555, 620, 355, 561, 609, 491, 362, 95, 608, 271, 545, 305, 18, 255, 664, 567, 579, 570, 198, 245, 476, 109, 659, 216, 48, 400, 188, 551, 634, 235, 354, 155, 511, 275, 16, 413, 548, 84, 415, 556, 482, 19, 489, 459, 646, 600, 169, 509, 232, 445, 405, 254, 543, 444, 258, 124, 186, 492, 89]	119.6865s
INFO | Starting VNDS algorithm
INFO | Initial solution value: 1360145							0.0000s
INFO | New best solution found: 1360221							65.6841s
INFO | New best solution found: 1362832							69.7241s
CRIT | Time limit reached
WARN | Solution value: 1362832								222.9420s
WARN | Solution improved
WARN | Indexes of the families added to the kernel: [491, 245, 646, 186]					222.9544s
WARN | Solving with bucket number 2							222.9553s
WARN | Kernel: [0, 2, 3, 7, 13, 17, 21, 25, 26, 30, 31, 34, 35, 38, 39, 41, 42, 53, 54, 58, 62, 63, 64, 68, 71, 73, 74, 77, 78, 85, 86, 87, 92, 94, 96, 98, 99, 101, 102, 105, 114, 115, 117, 119, 121, 122, 129, 130, 131, 135, 138, 141, 145, 149, 150, 152, 154, 156, 160, 166, 176, 177, 178, 179, 180, 181, 183, 184, 185, 187, 190, 194, 196, 202, 203, 207, 210, 219, 223, 225, 226, 229, 230, 231, 233, 237, 239, 240, 242, 243, 247, 251, 253, 259, 260, 261, 262, 266, 267, 268, 269, 273, 279, 280, 281, 282, 284, 285, 286, 287, 290, 293, 295, 296, 297, 298, 304, 306, 309, 311, 317, 319, 321, 332, 333, 338, 341, 343, 345, 347, 349, 351, 356, 358, 360, 361, 372, 373, 377, 379, 381, 386, 388, 389, 394, 395, 397, 398, 401, 403, 407, 408, 409, 412, 422, 423, 424, 430, 434, 438, 441, 442, 452, 453, 458, 461, 465, 467, 468, 471, 473, 474, 475, 477, 478, 479, 483, 484, 485, 486, 488, 493, 494, 496, 502, 503, 507, 514, 516, 517, 521, 523, 529, 530, 534, 535, 536, 538, 539, 544, 546, 550, 553, 562, 563, 564, 566, 569, 571, 573, 576, 586, 587, 589, 590, 591, 593, 594, 597, 599, 601, 604, 606, 613, 614, 615, 617, 618, 621, 624, 626, 628, 629, 630, 631, 635, 642, 643, 647, 650, 652, 653, 655, 661, 662, 491, 245, 646, 186]	222.9553s
WARN | Bucket: [427, 32, 208, 585, 217, 383, 656, 299, 367, 23, 528, 209, 340, 350, 24, 125, 457, 222, 518, 47, 610, 116, 540, 649, 436, 588, 542, 375, 301, 310, 481, 14, 100, 577, 33, 533, 128, 82, 396, 607, 330, 318, 238, 67, 167, 447, 336, 559, 380, 524, 300, 425, 417, 236, 582, 104, 70, 506, 288, 463, 20, 12, 663, 264, 466, 526, 651]	222.9553s
INFO | Starting VNDS algorithm
INFO | Initial solution value: 1362832							0.0000s
INFO | New best solution found: 1364526							52.0027s
CRIT | Time limit reached
WARN | Solution value: 1364526								323.8714s
WARN | Solution improved
WARN | Indexes of the families added to the kernel: [383]					323.8834s
WARN | Solving with bucket number 3							323.8842s
WARN | Kernel: [0, 2, 3, 7, 13, 17, 21, 25, 26, 30, 31, 34, 35, 38, 39, 41, 42, 53, 54, 58, 62, 63, 64, 68, 71, 73, 74, 77, 78, 85, 86, 87, 92, 94, 96, 98, 99, 101, 102, 105, 114, 115, 117, 119, 121, 122, 129, 130, 131, 135, 138, 141, 145, 149, 150, 152, 154, 156, 160, 166, 176, 177, 178, 179, 180, 181, 183, 184, 185, 187, 190, 194, 196, 202, 203, 207, 210, 219, 223, 225, 226, 229, 230, 231, 233, 237, 239, 240, 242, 243, 247, 251, 253, 259, 260, 261, 262, 266, 267, 268, 269, 273, 279, 280, 281, 282, 284, 285, 286, 287, 290, 293, 295, 296, 297, 298, 304, 306, 309, 311, 317, 319, 321, 332, 333, 338, 341, 343, 345, 347, 349, 351, 356, 358, 360, 361, 372, 373, 377, 379, 381, 386, 388, 389, 394, 395, 397, 398, 401, 403, 407, 408, 409, 412, 422, 423, 424, 430, 434, 438, 441, 442, 452, 453, 458, 461, 465, 467, 468, 471, 473, 474, 475, 477, 478, 479, 483, 484, 485, 486, 488, 493, 494, 496, 502, 503, 507, 514, 516, 517, 521, 523, 529, 530, 534, 535, 536, 538, 539, 544, 546, 550, 553, 562, 563, 564, 566, 569, 571, 573, 576, 586, 587, 589, 590, 591, 593, 594, 597, 599, 601, 604, 606, 613, 614, 615, 617, 618, 621, 624, 626, 628, 629, 630, 631, 635, 642, 643, 647, 650, 652, 653, 655, 661, 662, 491, 245, 646, 186, 383]	323.8842s
WARN | Bucket: [93, 462, 252, 410, 645, 335, 90, 66, 213, 385, 411, 320, 344, 5, 76, 443, 371, 171, 549, 666, 640, 560, 537, 450, 404, 153, 79, 365, 464, 81, 151, 547, 218, 212, 244, 148, 449, 416, 36, 583, 580, 234, 302, 174, 531, 382, 638, 56, 611, 421, 140, 57, 339, 69, 29, 433, 1, 627, 508, 59, 363, 249, 120, 323, 327, 308, 312]	323.8842s
INFO | Starting VNDS algorithm
INFO | Initial solution value: 1364526							0.0000s
INFO | New best solution found: 1364958							31.8374s
CRIT | Time limit reached
WARN | Solution value: 1364958								424.1159s
WARN | Solution improved
WARN | Indexes of the families added to the kernel: []					424.1281s
WARN | Solving with bucket number 4							424.1289s
WARN | Kernel: [0, 2, 3, 7, 13, 17, 21, 25, 26, 30, 31, 34, 35, 38, 39, 41, 42, 53, 54, 58, 62, 63, 64, 68, 71, 73, 74, 77, 78, 85, 86, 87, 92, 94, 96, 98, 99, 101, 102, 105, 114, 115, 117, 119, 121, 122, 129, 130, 131, 135, 138, 141, 145, 149, 150, 152, 154, 156, 160, 166, 176, 177, 178, 179, 180, 181, 183, 184, 185, 187, 190, 194, 196, 202, 203, 207, 210, 219, 223, 225, 226, 229, 230, 231, 233, 237, 239, 240, 242, 243, 247, 251, 253, 259, 260, 261, 262, 266, 267, 268, 269, 273, 279, 280, 281, 282, 284, 285, 286, 287, 290, 293, 295, 296, 297, 298, 304, 306, 309, 311, 317, 319, 321, 332, 333, 338, 341, 343, 345, 347, 349, 351, 356, 358, 360, 361, 372, 373, 377, 379, 381, 386, 388, 389, 394, 395, 397, 398, 401, 403, 407, 408, 409, 412, 422, 423, 424, 430, 434, 438, 441, 442, 452, 453, 458, 461, 465, 467, 468, 471, 473, 474, 475, 477, 478, 479, 483, 484, 485, 486, 488, 493, 494, 496, 502, 503, 507, 514, 516, 517, 521, 523, 529, 530, 534, 535, 536, 538, 539, 544, 546, 550, 553, 562, 563, 564, 566, 569, 571, 573, 576, 586, 587, 589, 590, 591, 593, 594, 597, 599, 601, 604, 606, 613, 614, 615, 617, 618, 621, 624, 626, 628, 629, 630, 631, 635, 642, 643, 647, 650, 652, 653, 655, 661, 662, 491, 245, 646, 186, 383]	424.1289s
WARN | Bucket: [456, 118, 175, 326, 592, 182, 303, 201, 123, 636, 61, 366, 435, 414, 342, 504, 49, 654, 391, 513, 432, 199, 103, 11, 137, 552, 512, 337, 437, 622, 334, 50, 283, 22, 291, 274, 431, 46, 402, 165, 480, 172, 307, 139, 657, 146, 227, 126, 429, 352, 55, 328, 581, 665, 127, 641, 359, 420, 142, 113, 384, 499, 316, 111, 191, 353, 15]	424.1289s
INFO | Starting VNDS algorithm
INFO | Initial solution value: 1364958							0.0000s
CRIT | Time limit reached
WARN | Solution value: 1364958								524.7389s
WARN | Solution improved
WARN | Indexes of the families added to the kernel: []					524.7514s
WARN | Solving with bucket number 5							524.7521s
WARN | Kernel: [0, 2, 3, 7, 13, 17, 21, 25, 26, 30, 31, 34, 35, 38, 39, 41, 42, 53, 54, 58, 62, 63, 64, 68, 71, 73, 74, 77, 78, 85, 86, 87, 92, 94, 96, 98, 99, 101, 102, 105, 114, 115, 117, 119, 121, 122, 129, 130, 131, 135, 138, 141, 145, 149, 150, 152, 154, 156, 160, 166, 176, 177, 178, 179, 180, 181, 183, 184, 185, 187, 190, 194, 196, 202, 203, 207, 210, 219, 223, 225, 226, 229, 230, 231, 233, 237, 239, 240, 242, 243, 247, 251, 253, 259, 260, 261, 262, 266, 267, 268, 269, 273, 279, 280, 281, 282, 284, 285, 286, 287, 290, 293, 295, 296, 297, 298, 304, 306, 309, 311, 317, 319, 321, 332, 333, 338, 341, 343, 345, 347, 349, 351, 356, 358, 360, 361, 372, 373, 377, 379, 381, 386, 388, 389, 394, 395, 397, 398, 401, 403, 407, 408, 409, 412, 422, 423, 424, 430, 434, 438, 441, 442, 452, 453, 458, 461, 465, 467, 468, 471, 473, 474, 475, 477, 478, 479, 483, 484, 485, 486, 488, 493, 494, 496, 502, 503, 507, 514, 516, 517, 521, 523, 529, 530, 534, 535, 536, 538, 539, 544, 546, 550, 553, 562, 563, 564, 566, 569, 571, 573, 576, 586, 587, 589, 590, 591, 593, 594, 597, 599, 601, 604, 606, 613, 614, 615, 617, 618, 621, 624, 626, 628, 629, 630, 631, 635, 642, 643, 647, 650, 652, 653, 655, 661, 662, 491, 245, 646, 186, 383]	524.7521s
WARN | Bucket: [525, 527, 276, 91, 60, 241, 313, 246, 448, 451, 575, 648, 554, 9, 110, 602, 28, 134, 205, 598, 612, 668, 51, 497, 147, 8, 522, 108, 197, 364, 596, 616, 250, 256, 200, 263, 369, 419, 595, 325, 428, 44, 106, 329, 189, 558, 314, 45, 161, 632, 40, 603, 644, 277, 204, 248, 158, 164, 393, 278, 37, 500, 43, 574, 192, 132, 625]	524.7521s
INFO | Starting VNDS algorithm
INFO | Initial solution value: 1364958							0.0000s
INFO | New best solution found: 1365401							44.2265s
INFO | New best solution found: 1365507							46.9816s
CRIT | Time limit reached
WARN | Solution value: 1365507								602.2424s
WARN | Solution improved
WARN | Indexes of the families added to the kernel: [612]					602.2543s
ERRO | Kernel Time limit reached
