
Gurobi 11.0.2 (win64) logging started Mon Aug 19 16:29:31 2024

Set parameter LogFile to value "D:\Documenti\Scuola\Laurea magistrale unibs\laurea-unibs-mkfsp\output\2024-08-19T13_57_45.433552\logs\instance04_bucket2.log"
Set parameter TimeLimit to value 400
Set parameter MIPGap to value 0
Gurobi Optimizer version 11.0.2 build v11.0.2rc0 (win64 - Windows 10.0 (19045.2))

CPU model: Intel(R) Core(TM) i5-4670 CPU @ 3.40GHz, instruction set [SSE2|AVX|AVX2]
Thread count: 4 physical cores, 4 logical processors, using up to 4 threads

Optimize a model with 397 rows, 788 columns and 21342 nonzeros
Model fingerprint: 0x66f27454
Variable types: 0 continuous, 788 integer (769 binary)
Coefficient statistics:
  Matrix range     [1e+00, 8e+03]
  Objective range  [6e+02, 8e+03]
  Bounds range     [1e+00, 1e+00]
  RHS range        [1e+00, 8e+04]
Presolve time: 0.10s
Presolved: 397 rows, 788 columns, 21342 nonzeros
Variable types: 0 continuous, 788 integer (769 binary)

Root relaxation: objective 9.542847e+04, 851 iterations, 0.07 seconds (0.08 work units)

    Nodes    |    Current Node    |     Objective Bounds      |     Work
 Expl Unexpl |  Obj  Depth IntInf | Incumbent    BestBd   Gap | It/Node Time

     0     0 95428.4668    0  229          - 95428.4668      -     -    0s
     0     0 94780.3050    0  374          - 94780.3050      -     -    1s
     0     0 94629.2167    0  327          - 94629.2167      -     -    1s
     0     0 93932.4671    0  393          - 93932.4671      -     -    2s
     0     0 93666.0520    0  364          - 93666.0520      -     -    3s
     0     0 93540.0000    0  429          - 93540.0000      -     -    4s
     0     0 93540.0000    0  269          - 93540.0000      -     -    5s
     0     2 93540.0000    0  222          - 93540.0000      -     -    6s
   800   725 90736.0000   20  126          - 93540.0000      -   210   10s
  1167  1004 89082.3636   52  546          - 93540.0000      -   264   15s
H 1173   957                    80245.000000 93540.0000  16.6%   263   20s
H 1173   909                    81549.000000 93540.0000  14.7%   263   20s
  1286   995 89924.9747   27  364 81549.0000 93301.3614  14.4%   326   25s
H 1341   979                    81641.000000 93301.3614  14.3%   342   27s
H 1369   953                    81698.000000 93301.3614  14.2%   351   28s
  1394   981 89508.0000   40  255 81698.0000 93301.3614  14.2%   360   30s
H 1408   940                    81762.000000 93301.3614  14.1%   362   31s
H 1523   988                    82125.000000 93301.3614  13.6%   367   34s
  1576  1022 86234.2030   65  180 82125.0000 93301.3614  13.6%   366   35s
H 1629   981                    82221.000000 93301.3614  13.5%   362   36s
  1874  1137 91778.1612   34  490 82221.0000 93106.6567  13.2%   353   40s
  2210  1377 89272.7450   68  365 82221.0000 93106.6567  13.2%   350   45s
H 2475  1510                    82268.000000 93106.6567  13.2%   336   49s
  2557  1588 85623.7574  102  180 82268.0000 93106.6567  13.2%   333   50s
  3137  1822 85183.0000   77  178 82268.0000 92983.9370  13.0%   319   56s
H 3279  1827                    82276.000000 92906.1874  12.9%   322   58s
  3324  1967 88713.1335   38  325 82276.0000 92884.3558  12.9%   328   61s
H 3603  2083                    82831.000000 92872.8083  12.1%   322   64s
  3604  2198 90309.0000   26  341 82831.0000 92872.8083  12.1%   323   66s
  3922  2423 89539.6629   36  323 82831.0000 92872.8083  12.1%   318   70s
H 3992  2406                    82990.000000 92872.8083  11.9%   317   70s
  4472  2868 87799.5916   41  356 82990.0000 92788.4102  11.8%   310   75s
  4668  3052 91264.4339   34  412 82990.0000 92786.6540  11.8%   313   81s
  5021  3366 88478.5016   61  316 82990.0000 92786.6540  11.8%   306   87s
  5182  3516 83675.1759   91  188 82990.0000 92713.5802  11.7%   308   90s
  5526  3835 88627.6799   45  361 82990.0000 92699.6345  11.7%   310   97s
H 5613  3828                    83050.000000 92699.6345  11.6%   309   97s
H 5922  3988                    83126.000000 92654.0863  11.5%   302   99s
  5974  4151 88847.1632   57  411 83126.0000 92631.8798  11.4%   301  102s
  6201  4465 87631.7578   42  237 83126.0000 92601.0391  11.4%   297  105s
H 6706  4310                    84309.000000 92592.2329  9.82%   286  107s
  6836  4537 86624.6419   76  243 84309.0000 92588.2906  9.82%   284  112s
  7121  4739 88743.0000   41  312 84309.0000 92587.2338  9.82%   281  116s
  7655  5228 92279.7371   26  433 84309.0000 92532.4739  9.75%   279  123s
  8034  5391 87166.7810   60  252 84309.0000 92527.4455  9.75%   275  126s
  8502  5761 86668.9510   73  237 84309.0000 92522.8989  9.74%   275  134s
H 8626  5740                    84334.000000 92522.8989  9.71%   276  134s
  8667  5917 85444.5844   92  201 84334.0000 92522.8989  9.71%   276  139s
  9011  6252 90622.0000   44  376 84334.0000 92518.0000  9.70%   274  143s
  9443  6637 85107.3863   58  220 84334.0000 92495.8540  9.68%   271  147s
  9926  6898 91957.4020   30  468 84334.0000 92466.9745  9.64%   266  152s
 10233  7279 91483.5667   35  419 84334.0000 92465.6754  9.64%   266  157s
 10699  7508 88562.5357   61  246 84334.0000 92465.6754  9.64%   266  161s
 10952  8027 87187.7006   73  202 84334.0000 92464.9492  9.64%   266  166s
 11964  8624 89579.7004   55  412 84334.0000 92430.5572  9.60%   261  173s
 12328  8994 85512.4470   88  189 84334.0000 92425.1235  9.59%   261  176s
 12769  9392 89908.4847   57  388 84334.0000 92411.4002  9.58%   260  180s
 13532  9986 89310.3129   51  373 84334.0000 92381.5717  9.54%   256  187s
 14006 10401 88404.2285   56  398 84334.0000 92372.3221  9.53%   255  191s
 14582 10962 91595.3401   23  443 84334.0000 92330.4541  9.48%   251  196s
 15288 10963 89399.7342   69  387 84334.0000 92326.3457  9.48%   245  204s
 15297 11229 89149.3424   70  389 84334.0000 92325.0958  9.48%   245  208s
 15611 11612 88709.0000   31  288 84334.0000 92313.8750  9.46%   245  211s
 16078 11920 84442.0000   96  192 84334.0000 92308.1758  9.46%   243  217s
 16624 12139 88726.9747   33  307 84334.0000 92289.6985  9.43%   240  220s
 17276 12826 90951.8847   39  436 84334.0000 92282.7047  9.43%   240  225s
 17959 13403 88243.1551   53  313 84334.0000 92268.3875  9.41%   240  230s
 18914 14058 91489.0538   29  446 84334.0000 92245.7871  9.38%   238  235s
 19784 14794 90726.4793   34  435 84334.0000 92232.9381  9.37%   235  241s
 20635 15135 87014.0561   84  269 84334.0000 92230.3818  9.36%   233  357s
 20638 15137 85762.1557   61  540 84334.0000 92230.3818  9.36%   233  360s
 20643 15140 91257.2014   41  553 84334.0000 92230.3818  9.36%   233  366s
 20645 15142 86771.7729   95  579 84334.0000 92230.3818  9.36%   233  371s
 20647 15143 85646.1635   66  568 84334.0000 92230.3818  9.36%   233  377s
 20648 15144 88404.0391   66  550 84334.0000 92230.3818  9.36%   233  380s
 20650 15145 85574.4160   63  529 84334.0000 92230.3818  9.36%   233  385s
 20652 15146 89086.0061   38  540 84334.0000 92230.3818  9.36%   233  390s
 20654 15148 84525.0000   69  544 84334.0000 92230.3818  9.36%   233  396s

Cutting planes:
  Gomory: 5
  Cover: 1
  MIR: 5
  Flow cover: 42
  Zero half: 8
  Mod-K: 33
  RLT: 195
  Relax-and-lift: 2

Explored 20655 nodes (4832466 simplex iterations) in 400.05 seconds (493.34 work units)
Thread count was 4 (of 4 available processors)

Solution count 10: 84334 84309 83126 ... 82125

Time limit reached
Best objective 8.433400000000e+04, best bound 9.223000000000e+04, gap 9.3628%
