WARN | Starting Kernel Search with 12 families per bucket
WARN | Building Kernel Search initial solution
WARN | Kernel size: 65
WARN | Relaxed optimum: 771294.4781402008							0.0023s
WARN | Kernel: [0, 2, 3, 4, 7, 8, 9, 10, 12, 13, 14, 15, 16, 17, 19, 21, 22, 23, 24, 26, 27, 31, 32, 33, 35, 37, 38, 40, 41, 42, 43, 44, 45, 48, 49, 50, 51, 52, 53, 56, 59, 61, 62, 64, 65, 68, 69, 70, 71, 73, 75, 76, 77, 78, 79, 82, 83, 84, 85, 86, 88, 89, 91, 92, 94]
WARN | Solving with bucket number 1							0.0046s
WARN | Kernel: [0, 2, 3, 4, 7, 8, 9, 10, 12, 13, 14, 15, 16, 17, 19, 21, 22, 23, 24, 26, 27, 31, 32, 33, 35, 37, 38, 40, 41, 42, 43, 44, 45, 48, 49, 50, 51, 52, 53, 56, 59, 61, 62, 64, 65, 68, 69, 70, 71, 73, 75, 76, 77, 78, 79, 82, 83, 84, 85, 86, 88, 89, 91, 92, 94]	0.0046s
WARN | Bucket: []	0.0046s
WARN | The model was solved to optimality
ERRO | Families from bucket --> []
WARN | Solution value: 353481								0.4409s
WARN | Solution improved
WARN | Indexes of the families added to the kernel: []					0.4443s
WARN | Solving with bucket number 2							0.4451s
WARN | Kernel: [0, 2, 3, 4, 7, 8, 9, 10, 12, 13, 14, 15, 16, 17, 19, 21, 22, 23, 24, 26, 27, 31, 32, 33, 35, 37, 38, 40, 41, 42, 43, 44, 45, 48, 49, 50, 51, 52, 53, 56, 59, 61, 62, 64, 65, 68, 69, 70, 71, 73, 75, 76, 77, 78, 79, 82, 83, 84, 85, 86, 88, 89, 91, 92, 94]	0.4451s
WARN | Bucket: [39, 98, 99, 101, 102, 105, 108, 109, 111, 112, 113, 114]	0.4451s
WARN | The model was solved to optimality
ERRO | Families from bucket --> [39, 98, 99, 101, 102, 105, 108, 109, 111, 112, 113, 114]
WARN | Solution value: 424715								0.9770s
WARN | Solution improved
WARN | Indexes of the families added to the kernel: [39, 98, 99, 101, 102, 105, 108, 109, 111, 112, 113, 114]					0.9806s
WARN | Solving with bucket number 3							0.9813s
WARN | Kernel: [0, 2, 3, 4, 7, 8, 9, 10, 12, 13, 14, 15, 16, 17, 19, 21, 22, 23, 24, 26, 27, 31, 32, 33, 35, 37, 38, 40, 41, 42, 43, 44, 45, 48, 49, 50, 51, 52, 53, 56, 59, 61, 62, 64, 65, 68, 69, 70, 71, 73, 75, 76, 77, 78, 79, 82, 83, 84, 85, 86, 88, 89, 91, 92, 94, 39, 98, 99, 101, 102, 105, 108, 109, 111, 112, 113, 114]	0.9813s
WARN | Bucket: [118, 119, 121, 122, 123, 124, 126, 127, 129, 130, 134, 136]	0.9813s
WARN | The model was solved to optimality
ERRO | Families from bucket --> [118, 119, 121, 122, 123, 124, 126, 127, 129, 130, 134, 136]
WARN | Solution value: 505564								1.6469s
WARN | Solution improved
WARN | Indexes of the families added to the kernel: [118, 119, 121, 122, 123, 124, 126, 127, 129, 130, 134, 136]					1.6514s
WARN | Solving with bucket number 4							1.6523s
WARN | Kernel: [0, 2, 3, 4, 7, 8, 9, 10, 12, 13, 14, 15, 16, 17, 19, 21, 22, 23, 24, 26, 27, 31, 32, 33, 35, 37, 38, 40, 41, 42, 43, 44, 45, 48, 49, 50, 51, 52, 53, 56, 59, 61, 62, 64, 65, 68, 69, 70, 71, 73, 75, 76, 77, 78, 79, 82, 83, 84, 85, 86, 88, 89, 91, 92, 94, 39, 98, 99, 101, 102, 105, 108, 109, 111, 112, 113, 114, 118, 119, 121, 122, 123, 124, 126, 127, 129, 130, 134, 136]	1.6523s
WARN | Bucket: [137, 138, 139, 140, 141, 142, 144, 146, 147, 148, 149, 150]	1.6523s
WARN | The model was solved to optimality
ERRO | Families from bucket --> [137, 138, 139, 140, 141, 142, 144, 146, 147, 148, 149, 150]
WARN | Solution value: 581496								2.6614s
WARN | Solution improved
WARN | Indexes of the families added to the kernel: [137, 138, 139, 140, 141, 142, 144, 146, 147, 148, 149, 150]					2.6656s
WARN | Solving with bucket number 5							2.6667s
WARN | Kernel: [0, 2, 3, 4, 7, 8, 9, 10, 12, 13, 14, 15, 16, 17, 19, 21, 22, 23, 24, 26, 27, 31, 32, 33, 35, 37, 38, 40, 41, 42, 43, 44, 45, 48, 49, 50, 51, 52, 53, 56, 59, 61, 62, 64, 65, 68, 69, 70, 71, 73, 75, 76, 77, 78, 79, 82, 83, 84, 85, 86, 88, 89, 91, 92, 94, 39, 98, 99, 101, 102, 105, 108, 109, 111, 112, 113, 114, 118, 119, 121, 122, 123, 124, 126, 127, 129, 130, 134, 136, 137, 138, 139, 140, 141, 142, 144, 146, 147, 148, 149, 150]	2.6667s
WARN | Bucket: [152, 158, 164, 165, 166, 167, 168, 171, 172, 174, 175, 176]	2.6667s
WARN | The model was solved to optimality
ERRO | Families from bucket --> [152, 158, 164, 165, 166, 167, 168, 171, 172, 174, 175, 176]
WARN | Solution value: 647160								3.6765s
WARN | Solution improved
WARN | Indexes of the families added to the kernel: [152, 158, 164, 165, 166, 167, 168, 171, 172, 174, 175, 176]					3.6807s
WARN | Solving with bucket number 6							3.6815s
WARN | Kernel: [0, 2, 3, 4, 7, 8, 9, 10, 12, 13, 14, 15, 16, 17, 19, 21, 22, 23, 24, 26, 27, 31, 32, 33, 35, 37, 38, 40, 41, 42, 43, 44, 45, 48, 49, 50, 51, 52, 53, 56, 59, 61, 62, 64, 65, 68, 69, 70, 71, 73, 75, 76, 77, 78, 79, 82, 83, 84, 85, 86, 88, 89, 91, 92, 94, 39, 98, 99, 101, 102, 105, 108, 109, 111, 112, 113, 114, 118, 119, 121, 122, 123, 124, 126, 127, 129, 130, 134, 136, 137, 138, 139, 140, 141, 142, 144, 146, 147, 148, 149, 150, 152, 158, 164, 165, 166, 167, 168, 171, 172, 174, 175, 176]	3.6815s
WARN | Bucket: [178, 181, 182, 184, 185, 187, 188, 189, 190, 193, 194, 195]	3.6815s
WARN | The model was solved to optimality
ERRO | Families from bucket --> [178, 181, 182, 184, 185, 187, 188, 189, 190, 193, 194, 195]
WARN | Solution value: 712635								398.5607s
WARN | Solution improved
WARN | Indexes of the families added to the kernel: [178, 181, 182, 184, 185, 187, 188, 189, 190, 193, 194, 195]					398.5656s
WARN | Solving with bucket number 7							398.5665s
WARN | Kernel: [0, 2, 3, 4, 7, 8, 9, 10, 12, 13, 14, 15, 16, 17, 19, 21, 22, 23, 24, 26, 27, 31, 32, 33, 35, 37, 38, 40, 41, 42, 43, 44, 45, 48, 49, 50, 51, 52, 53, 56, 59, 61, 62, 64, 65, 68, 69, 70, 71, 73, 75, 76, 77, 78, 79, 82, 83, 84, 85, 86, 88, 89, 91, 92, 94, 39, 98, 99, 101, 102, 105, 108, 109, 111, 112, 113, 114, 118, 119, 121, 122, 123, 124, 126, 127, 129, 130, 134, 136, 137, 138, 139, 140, 141, 142, 144, 146, 147, 148, 149, 150, 152, 158, 164, 165, 166, 167, 168, 171, 172, 174, 175, 176, 178, 181, 182, 184, 185, 187, 188, 189, 190, 193, 194, 195]	398.5665s
WARN | Bucket: [196, 197, 198, 199, 200, 201, 169, 66, 180, 143, 163, 36]	398.5665s
WARN | The optimization terminated because the time expended exceeded the value specified by the TimeLimit parameter.
ERRO | Families from bucket --> []
WARN | Solution value: 712635								500.8865s
WARN | Solution improved
WARN | Indexes of the families added to the kernel: []					500.8915s
ERRO | Kernel Time limit reached
