
Gurobi 11.0.2 (win64) logging started Mon Aug 19 16:09:31 2024

Set parameter LogFile to value "D:\Documenti\Scuola\Laurea magistrale unibs\laurea-unibs-mkfsp\output\2024-08-19T13_57_45.433552\logs\instance02_bucket2.log"
Set parameter TimeLimit to value 400
Set parameter MIPGap to value 0
Gurobi Optimizer version 11.0.2 build v11.0.2rc0 (win64 - Windows 10.0 (19045.2))

CPU model: Intel(R) Core(TM) i5-4670 CPU @ 3.40GHz, instruction set [SSE2|AVX|AVX2]
Thread count: 4 physical cores, 4 logical processors, using up to 4 threads

Optimize a model with 1045 rows, 4530 columns and 48711 nonzeros
Model fingerprint: 0xcb3586a3
Variable types: 0 continuous, 4530 integer (4480 binary)
Coefficient statistics:
  Matrix range     [1e+00, 8e+03]
  Objective range  [6e+02, 8e+03]
  Bounds range     [1e+00, 1e+00]
  RHS range        [1e+00, 3e+05]
Presolve time: 0.06s
Presolved: 1045 rows, 4530 columns, 48711 nonzeros
Variable types: 0 continuous, 4530 integer (4480 binary)

Root relaxation: objective 2.970627e+05, 1653 iterations, 0.10 seconds (0.15 work units)

    Nodes    |    Current Node    |     Objective Bounds      |     Work
 Expl Unexpl |  Obj  Depth IntInf | Incumbent    BestBd   Gap | It/Node Time

     0     0 297062.663    0  453          - 297062.663      -     -    1s
     0     0 296729.584    0  836          - 296729.584      -     -    2s
     0     0 296499.289    0  640          - 296499.289      -     -    3s
     0     0 296499.289    0  640          - 296499.289      -     -    3s
     0     0 295716.286    0  447          - 295716.286      -     -    7s
     0     0 295692.964    0  510          - 295692.964      -     -    7s
     0     0 295589.142    0  829          - 295589.142      -     -    8s
     0     0 295589.142    0  441          - 295589.142      -     -   10s
     0     2 295589.142    0  391          - 295589.142      -     -   14s
    52    59 294323.000   13  307          - 295589.142      -   276   15s
   620   625 294323.000  120  306          - 295589.142      -   174   20s
  1101  1088 294323.000  189  298          - 295589.142      -   193   25s
  1385  1352 294237.767  230  288          - 295589.142      -   223   30s
  1636  1572 294323.000  262  264          - 295589.142      -   254   35s
  1827  1747 294285.229  300  245          - 295589.142      -   290   40s
  1964  1860 289004.000  344  171          - 295589.142      -   308   47s
H 1975  1860                    264784.00000 295589.142  11.6%   309   47s
H 2014  1902                    265077.00000 295589.142  11.5%   314   49s
H 2021  1902                    265850.00000 295589.142  11.2%   316   49s
H 2021  1902                    265914.00000 295589.142  11.2%   316   49s
H 2105  2056                    266141.00000 295589.142  11.1%   322   51s
H 2105  2056                    266236.00000 295589.142  11.0%   322   51s
H 2111  2056                    266969.00000 295589.142  10.7%   324   51s
H 2215  2061                    267501.00000 295589.142  10.5%   317   53s
H 2217  2061                    269289.00000 295589.142  9.77%   318   53s
  2220  2118 289004.000  367  174 269289.000 295589.142  9.77%   319   55s
H 2263  2118                    270553.00000 295589.142  9.25%   322   55s
  2448  2304 287337.000  396  197 270553.000 295589.142  9.25%   338   60s
  2620  2487 287250.344  410  237 270553.000 295589.142  9.25%   349   65s
H 2713  2533                    270607.00000 295589.142  9.23%   350   67s
  2731  2573 infeasible  429      270607.000 295589.142  9.23%   350   70s
H 2734  2573                    271271.00000 295589.142  8.96%   350   70s
  2909  2741 294892.417   40  413 271271.000 295589.142  8.96%   360   76s
  3028  2860 289922.639   76  294 271271.000 295589.142  8.96%   373   82s
H 3089  2860                    272873.00000 295589.142  8.32%   377   82s
H 3164  2982                    272897.00000 295589.142  8.32%   383   87s
  3268  3074 290153.000  168  244 272897.000 295589.142  8.32%   395   92s
H 3300  3074                    272962.00000 295589.142  8.29%   394   92s
  3316  3122 290153.000  197  215 272962.000 295589.142  8.29%   398   96s
H 3378  3153                    273937.00000 295589.142  7.90%   405   99s
  3402  3201 290153.000  224  197 273937.000 295589.142  7.90%   410  102s
  3451  3258 290153.000  239  199 273937.000 295589.142  7.90%   422  105s
  3567  3367 290153.000  273  204 273937.000 295589.142  7.90%   437  111s
  3631  3383 290153.000  288  225 273937.000 295589.142  7.90%   446  115s
  3726  3508 290153.000  318  223 273937.000 295589.142  7.90%   461  120s
  3836  3665 290153.000  333  227 273937.000 295589.142  7.90%   477  126s
  3958  3734 290153.000  347  215 273937.000 295589.142  7.90%   479  130s
  4157  3841 288277.000  299  993 273937.000 295589.142  7.90%   486  145s
  4158  3842 293671.000  214  965 273937.000 295589.142  7.90%   486  155s
  4160  3843 283737.000  497  804 273937.000 295589.142  7.90%   486  162s
H 4160  3650                    274000.00000 295589.142  7.88%   486  169s
  4162  3652 288277.000   71  806 274000.000 295589.142  7.88%   485  171s
  4164  3653 289178.000  338  750 274000.000 295589.142  7.88%   485  178s
  4166  3654 287115.674  477  799 274000.000 295589.142  7.88%   485  180s
  4168  3656 284472.000  547  746 274000.000 295589.142  7.88%   485  188s
  4169  3656 289004.000  341  746 274000.000 295589.142  7.88%   485  192s
  4170  3657 293513.000  486  746 274000.000 295589.142  7.88%   484  202s
  4171  3661 295589.142   16  825 274000.000 295589.142  7.88%   530  211s
  4173  3664 295452.159   17  830 274000.000 295589.142  7.88%   533  218s
  4177  3667 295429.712   18  868 274000.000 295589.142  7.88%   539  221s
  4181  3669 289844.000   18  582 274000.000 295589.142  7.88%   545  227s
  4193  3679 295422.673   20  878 274000.000 295584.337  7.88%   563  231s
H 4201  3498                    274019.00000 295569.027  7.86%   567  233s
  4208  3505 295413.715   22  801 274019.000 295568.588  7.86%   572  237s
  4219  3512 295406.107   23  820 274019.000 295564.155  7.86%   580  241s
  4223  3514 289765.000   23  509 274019.000 295564.155  7.86%   586  246s
  4234  3524 295397.354   25  796 274019.000 295563.712  7.86%   599  253s
  4240  3529 295394.762   26  810 274019.000 295563.712  7.86%   603  255s
  4251  3537 289499.000   27  602 274019.000 295563.712  7.86%   612  260s
  4263  3545 288794.000   29  578 274019.000 295563.712  7.86%   622  265s
  4271  3551 288246.000   30  576 274019.000 295563.712  7.86%   628  271s
  4285  3564 291613.000   32  618 274019.000 295563.712  7.86%   648  277s
  4297  3572 295362.481   34  812 274019.000 295563.712  7.86%   653  280s
H 4306  3395                    274080.00000 295563.712  7.84%   659  280s
  4315  3412 291421.000   36  746 274080.000 295563.712  7.84%   666  287s
  4329  3422 295353.276   38  792 274080.000 295563.712  7.84%   672  291s
  4359  3435 295347.033   42  832 274080.000 295563.712  7.84%   687  297s
  4367  3445 295340.419   43  810 274080.000 295563.712  7.84%   693  300s
  4393  3462 295325.250   47  812 274080.000 295563.712  7.84%   708  308s
  4405  3474 295323.008   48  823 274080.000 295563.712  7.84%   713  311s
  4421  3488 295308.094   50  836 274080.000 295563.712  7.84%   721  315s
  4441  3501 292131.000   52  693 274080.000 295563.712  7.84%   730  320s
  4476  3518 295261.993   57  800 274080.000 295563.712  7.84%   745  330s
  4508  3547 295167.537   61  766 274080.000 295563.712  7.84%   764  338s
  4529  3563 295085.485   64  787 274080.000 295563.712  7.84%   774  342s
H 4542  3394                    274760.00000 295563.712  7.57%   778  342s
  4555  3416 290149.000   67  745 274760.000 295563.712  7.57%   783  347s
  4581  3432 290149.000   70  827 274760.000 295563.712  7.57%   792  352s
  4606  3452 290149.000   72  815 274760.000 295563.712  7.57%   800  357s
  4634  3464 290149.000   76  803 274760.000 295563.712  7.57%   813  363s
  4656  3490 290149.000   77  797 274760.000 295563.712  7.57%   818  369s
H 4689  3351                    275258.00000 295563.712  7.38%   828  376s
  4718  3378 290149.000   85  765 275258.000 295563.712  7.38%   840  382s
  4755  3401 290149.000   89  759 275258.000 295563.712  7.38%   853  388s
  4790  3422 290149.000   93  830 275258.000 295563.712  7.38%   864  395s
  4823  3437 290149.000   96  794 275258.000 295563.712  7.38%   878  400s

Cutting planes:
  Gomory: 3
  Cover: 1
  MIR: 3
  Zero half: 1
  Mod-K: 1
  RLT: 41

Explored 4849 nodes (4366390 simplex iterations) in 400.02 seconds (640.70 work units)
Thread count was 4 (of 4 available processors)

Solution count 10: 275258 274760 274080 ... 271271

Time limit reached
Best objective 2.752580000000e+05, best bound 2.955637121771e+05, gap 7.3770%
