
Gurobi 11.0.2 (win64) logging started Mon Aug 19 16:49:50 2024

Set parameter LogFile to value "D:\Documenti\Scuola\Laurea magistrale unibs\laurea-unibs-mkfsp\output\2024-08-19T13_57_45.433552\logs\instance06_bucket6.log"
Set parameter TimeLimit to value 400
Set parameter MIPGap to value 0
Gurobi Optimizer version 11.0.2 build v11.0.2rc0 (win64 - Windows 10.0 (19045.2))

CPU model: Intel(R) Core(TM) i5-4670 CPU @ 3.40GHz, instruction set [SSE2|AVX|AVX2]
Thread count: 4 physical cores, 4 logical processors, using up to 4 threads

Optimize a model with 2853 rows, 13492 columns and 380930 nonzeros
Model fingerprint: 0xec801c04
Variable types: 0 continuous, 13492 integer (13391 binary)
Coefficient statistics:
  Matrix range     [1e+00, 8e+03]
  Objective range  [6e+02, 8e+03]
  Bounds range     [1e+00, 1e+00]
  RHS range        [1e+00, 5e+05]
Found heuristic solution: objective 540388.00000
Presolve time: 1.30s
Presolved: 2853 rows, 13492 columns, 380930 nonzeros
Variable types: 0 continuous, 13492 integer (13391 binary)
Found heuristic solution: objective 544061.00000
Deterministic concurrent LP optimizer: primal and dual simplex
Showing primal log only...

Concurrent spin time: 0.00s

Solved with dual simplex

Root relaxation: objective 6.088410e+05, 889 iterations, 0.30 seconds (0.20 work units)

    Nodes    |    Current Node    |     Objective Bounds      |     Work
 Expl Unexpl |  Obj  Depth IntInf | Incumbent    BestBd   Gap | It/Node Time

     0     0 608841.000    0    4 544061.000 608841.000  11.9%     -    2s
H    0     0                    607483.00000 608841.000  0.22%     -    2s
H    0     0                    608841.00000 608841.000  0.00%     -    2s
     0     0 608841.000    0    4 608841.000 608841.000  0.00%     -    2s

Explored 1 nodes (5224 simplex iterations) in 2.60 seconds (1.49 work units)
Thread count was 4 (of 4 available processors)

Solution count 4: 608841 607483 544061 540388 

Optimal solution found (tolerance 0.00e+00)
Best objective 6.088410000000e+05, best bound 6.088410000000e+05, gap 0.0000%
