
Gurobi 11.0.2 (win64) logging started Mon Aug 19 15:59:26 2024

Set parameter LogFile to value "D:\Documenti\Scuola\Laurea magistrale unibs\laurea-unibs-mkfsp\output\2024-08-19T13_57_45.433552\logs\instance01_bucket2.log"
Set parameter TimeLimit to value 400
Set parameter MIPGap to value 0
Gurobi Optimizer version 11.0.2 build v11.0.2rc0 (win64 - Windows 10.0 (19045.2))

CPU model: Intel(R) Core(TM) i5-4670 CPU @ 3.40GHz, instruction set [SSE2|AVX|AVX2]
Thread count: 4 physical cores, 4 logical processors, using up to 4 threads

Optimize a model with 309 rows, 848 columns and 8974 nonzeros
Model fingerprint: 0x40ddc4c5
Variable types: 0 continuous, 848 integer (829 binary)
Coefficient statistics:
  Matrix range     [1e+00, 8e+03]
  Objective range  [6e+02, 8e+03]
  Bounds range     [1e+00, 1e+00]
  RHS range        [1e+00, 9e+04]
Presolve time: 0.01s
Presolved: 309 rows, 848 columns, 8974 nonzeros
Variable types: 0 continuous, 848 integer (829 binary)

Root relaxation: objective 1.004282e+05, 589 iterations, 0.02 seconds (0.02 work units)

    Nodes    |    Current Node    |     Objective Bounds      |     Work
 Expl Unexpl |  Obj  Depth IntInf | Incumbent    BestBd   Gap | It/Node Time

     0     0 100428.190    0  165          - 100428.190      -     -    0s
     0     0 99269.0000    0  302          - 99269.0000      -     -    0s
     0     0 99269.0000    0  229          - 99269.0000      -     -    0s
     0     0 99269.0000    0  214          - 99269.0000      -     -    0s
     0     0 99269.0000    0  337          - 99269.0000      -     -    0s
     0     0 99269.0000    0  271          - 99269.0000      -     -    0s
     0     0 99269.0000    0  234          - 99269.0000      -     -    0s
     0     0 99269.0000    0  231          - 99269.0000      -     -    0s
     0     0 99269.0000    0  205          - 99269.0000      -     -    0s
     0     0 99269.0000    0  194          - 99269.0000      -     -    0s
     0     0 99269.0000    0  187          - 99269.0000      -     -    0s
     0     0 99269.0000    0  211          - 99269.0000      -     -    0s
     0     0 99269.0000    0  207          - 99269.0000      -     -    0s
     0     0 99269.0000    0  191          - 99269.0000      -     -    0s
     0     0 99269.0000    0  198          - 99269.0000      -     -    1s
     0     0 99269.0000    0  292          - 99269.0000      -     -    1s
     0     0 99269.0000    0  165          - 99269.0000      -     -    1s
     0     2 99269.0000    0  151          - 99269.0000      -     -    1s
  1188   963 93573.0000   43  359          - 99269.0000      -   136    5s
H 1191   916                    87828.000000 99269.0000  13.0%   135    6s
H 1207   880                    89431.000000 99269.0000  11.0%   133    9s
H 1208   838                    89463.000000 99269.0000  11.0%   161    9s
  1209   840 99269.0000   10  301 89463.0000 99269.0000  11.0%   163   10s
H 1236   818                    90149.000000 99269.0000  10.1%   188   11s
H 1267   800                    90152.000000 99269.0000  10.1%   203   12s
H 1270   761                    90280.000000 99269.0000  10.0%   204   12s
H 1300   749                    90394.000000 99269.0000  9.82%   222   13s
  1330   769 99202.4344   24  366 90394.0000 99269.0000  9.82%   232   15s
H 1370   756                    90527.000000 99269.0000  9.66%   247   16s
H 1438   775                    90684.000000 99269.0000  9.47%   259   18s
  1503   826 98419.8175   46  348 90684.0000 99269.0000  9.47%   268   20s
H 1617   838                    91235.000000 99269.0000  8.81%   275   22s
  1770   927 98171.6774   25  351 91235.0000 99269.0000  8.81%   296   25s
H 1836   929                    91269.000000 99269.0000  8.77%   302   26s
H 1973   976                    91283.000000 99269.0000  8.75%   302   27s
  2193  1051 98426.8222   19  372 91283.0000 99212.4019  8.69%   295   30s
  2777  1381 94012.9891   57  173 91283.0000 99212.4019  8.69%   286   35s
H 2826  1380                    91425.000000 99212.4019  8.52%   284   35s
H 2897  1380                    92099.000000 99186.0265  7.70%   282   36s
  3424  1825 92690.0583   75  170 92099.0000 99066.4406  7.57%   267   40s
  4106  2495 94723.1251   64  184 92099.0000 99042.0371  7.54%   261   45s
  4855  3084 96622.4246   35  312 92099.0000 99019.3243  7.51%   250   50s
  5673  3689 98080.3544   20  347 92099.0000 98964.7582  7.45%   242   55s
  6613  4398 96298.5519   45  172 92099.0000 98939.4468  7.43%   240   60s
  7633  5209 95503.9068   38  260 92099.0000 98904.6900  7.39%   246   66s
  8123  5609 97727.6953   18  318 92099.0000 98899.6932  7.38%   253   70s
  9231  6559 92895.9587   58  173 92099.0000 98868.3914  7.35%   250   76s
  9686  6748 97365.4924   32  250 92099.0000 98852.0238  7.33%   247   81s
 10211  7229 93105.1965   47  247 92099.0000 98843.5857  7.32%   254   87s
 10561  7616 96289.3892   32  213 92099.0000 98840.2540  7.32%   255   91s
 11062  8079 95588.9283   51  223 92099.0000 98826.5330  7.30%   255   96s
 12324  8823 95623.7479   54  269 92099.0000 98807.2023  7.28%   246  100s
 13446  9741 97006.6611   30  257 92099.0000 98780.7665  7.25%   250  106s
H13874  9943                    92227.000000 98775.9857  7.10%   250  109s
 14275 10316 97892.3579   21  279 92227.0000 98770.2834  7.09%   248  112s
 15140 11015 97520.6279   29  343 92227.0000 98753.1166  7.08%   248  117s
 16076 11714 97863.5929   29  418 92227.0000 98737.1934  7.06%   246  121s
 17125 12379 94092.0000   36  205 92227.0000 98719.2146  7.04%   242  126s
 18038 13008 93158.1782   81  112 92227.0000 98701.6805  7.02%   240  130s
 18818 13531 94748.8494   73  172 92227.0000 98693.0336  7.01%   240  135s
 19466 13946 98690.0000   27  305 92227.0000 98690.0000  7.01%   242  140s
 20392 14637 96390.5150   32  263 92227.0000 98679.2816  7.00%   239  145s
 20729 14638 96282.2070   40  165 92227.0000 98676.0631  6.99%   240  160s
 20739 14645 94127.5110   68  328 92227.0000 98676.0631  6.99%   240  165s
 20745 14649 94064.7138   66  314 92227.0000 98676.0631  6.99%   240  170s
 20837 14712 97904.4722   30  337 92227.0000 98676.0631  6.99%   245  175s
 20976 14804 94019.0000   52  196 92227.0000 98676.0631  6.99%   248  180s
 21327 14955 98575.9743   30  429 92227.0000 98676.0631  6.99%   250  185s
 21575 15088 97590.2985   56  325 92227.0000 98676.0631  6.99%   253  190s
 21781 15226 98676.0631   34  404 92227.0000 98676.0631  6.99%   254  195s
 21999 15319 97282.0000   60  231 92227.0000 98676.0631  6.99%   255  200s
 22347 15542 97798.9379   45  302 92227.0000 98676.0631  6.99%   256  205s
 22743 15715 97727.6953   34  251 92227.0000 98676.0631  6.99%   256  211s
 22999 15821 96807.6246   39  338 92227.0000 98676.0631  6.99%   257  215s
 23391 16085 96558.1993   40  380 92227.0000 98676.0631  6.99%   258  220s
 23818 16248 96846.5703   48  238 92227.0000 98676.0631  6.99%   259  225s
 24199 16484 96679.6128   47  329 92227.0000 98676.0631  6.99%   260  232s
 24798 16651 97091.7174   30  235 92227.0000 98676.0631  6.99%   260  236s
 25201 16955 95051.8236   62  154 92227.0000 98676.0631  6.99%   264  241s
 25947 17153 93312.0000   56  129 92227.0000 98676.0631  6.99%   263  246s
 26504 17565 98129.1966   33  323 92227.0000 98676.0631  6.99%   264  254s
 26928 17556 98397.1360   34  351 92227.0000 98676.0631  6.99%   263  258s
 27090 17767 93577.3440   55  219 92227.0000 98676.0631  6.99%   263  261s
 27927 18181 95781.0296   74  289 92227.0000 98676.0631  6.99%   264  267s
 28323 18315 95611.0000   56  120 92227.0000 98676.0631  6.99%   263  272s
 28650 18427 96366.0000   47  248 92227.0000 98676.0631  6.99%   264  277s
 28960 18635 97890.4080   23  403 92227.0000 98676.0631  6.99%   265  282s
 29374 18782 92839.0000   62   75 92227.0000 98676.0631  6.99%   266  286s
 29803 18965 92861.5538   75  126 92227.0000 98676.0631  6.99%   267  290s
 30838 19618 92301.0000   53   82 92227.0000 98676.0631  6.99%   268  298s
 31589 19875 93346.0000   51  194 92227.0000 98676.0631  6.99%   266  303s
 32265 19891 95260.0000   41  196 92227.0000 98676.0631  6.99%   264  306s
 32856 20343 92722.4336   87  113 92227.0000 98676.0631  6.99%   265  312s
 33726 20625 97262.5381   44  316 92227.0000 98654.6024  6.97%   265  317s
 34083 21091 95513.5541   56  236 92227.0000 98646.0536  6.96%   265  321s
 34890 21129 98322.0459   33  342 92227.0000 98627.6082  6.94%   262  325s
 35789 21424 96533.0219   41  336 92227.0000 98609.5415  6.92%   261  330s
 36722 21824 94192.0000   44  159 92227.0000 98594.4802  6.90%   259  337s
 37130 21834 94144.0000   52  180 92227.0000 98591.4930  6.90%   259  343s
 37344 22197 92672.0000   55  166 92227.0000 98589.6086  6.90%   260  345s
 38496 22648 95482.4996   40  245 92227.0000 98583.0000  6.89%   257  351s
 39389 22746 95935.5425   66  243 92227.0000 98576.0000  6.88%   255  358s
 39615 22928 95459.6270   66  224 92227.0000 98574.9048  6.88%   256  361s
 40181 23249 97830.2528   33  321 92227.0000 98572.7132  6.88%   257  366s
 40937 23528 94260.0000   37  179 92227.0000 98572.0000  6.88%   257  370s
 41855 24051 98559.0000   28  313 92227.0000 98565.1919  6.87%   256  376s
 42819 24281 94704.6991   80  188 92227.0000 98559.0000  6.87%   255  380s
 43143 24718 97851.3303   34  332 92227.0000 98559.0000  6.87%   255  385s
 44392 24943 95419.5639   48  289 92227.0000 98555.7971  6.86%   252  392s
 44665 25053 96007.6388   57  268 92227.0000 98553.1003  6.86%   252  395s
 45211 25205 93301.6625   89  138 92227.0000 98552.5643  6.86%   254  400s

Cutting planes:
  Gomory: 3
  Cover: 8
  MIR: 4
  StrongCG: 5
  Flow cover: 4
  Zero half: 15
  Mod-K: 3
  RLT: 157

Explored 45291 nodes (11513955 simplex iterations) in 400.05 seconds (586.39 work units)
Thread count was 4 (of 4 available processors)

Solution count 10: 92227 92099 91425 ... 90280

Time limit reached
Best objective 9.222700000000e+04, best bound 9.855194421881e+04, gap 6.8580%
