
Gurobi 11.0.2 (win64) logging started Mon Aug 19 16:19:33 2024

Set parameter LogFile to value "D:\Documenti\Scuola\Laurea magistrale unibs\laurea-unibs-mkfsp\output\2024-08-19T13_57_45.433552\logs\instance03_bucket6.log"
Set parameter TimeLimit to value 400
Set parameter MIPGap to value 0
Gurobi Optimizer version 11.0.2 build v11.0.2rc0 (win64 - Windows 10.0 (19045.2))

CPU model: Intel(R) Core(TM) i5-4670 CPU @ 3.40GHz, instruction set [SSE2|AVX|AVX2]
Thread count: 4 physical cores, 4 logical processors, using up to 4 threads

Optimize a model with 3080 rows, 16045 columns and 172105 nonzeros
Model fingerprint: 0xd4d94885
Variable types: 0 continuous, 16045 integer (15920 binary)
Coefficient statistics:
  Matrix range     [1e+00, 8e+03]
  Objective range  [6e+02, 8e+03]
  Bounds range     [1e+00, 1e+00]
  RHS range        [1e+00, 6e+05]
Presolve time: 0.24s
Presolved: 3080 rows, 16045 columns, 172105 nonzeros
Variable types: 0 continuous, 16045 integer (15920 binary)
Deterministic concurrent LP optimizer: primal and dual simplex
Showing primal log only...

Concurrent spin time: 0.01s

Solved with dual simplex

Root relaxation: objective 7.126350e+05, 1172 iterations, 0.14 seconds (0.14 work units)

    Nodes    |    Current Node    |     Objective Bounds      |     Work
 Expl Unexpl |  Obj  Depth IntInf | Incumbent    BestBd   Gap | It/Node Time

     0     0 712635.000    0   74          - 712635.000      -     -    1s
H    0     0                    673091.00000 712635.000  5.87%     -    1s
H    0     0                    679234.00000 712635.000  4.92%     -    1s
H    0     0                    679382.00000 712635.000  4.89%     -    1s
H    0     0                    680396.00000 712635.000  4.74%     -    1s
H    0     0                    681508.00000 712635.000  4.57%     -    1s
H    0     0                    683773.00000 712635.000  4.22%     -    1s
     0     0 712635.000    0  302 683773.000 712635.000  4.22%     -    2s
H    0     0                    699352.00000 712635.000  1.90%     -    4s
     0     0 712635.000    0  253 699352.000 712635.000  1.90%     -    4s
     0     0 712635.000    0   80 699352.000 712635.000  1.90%     -    7s
     0     0 712635.000    0  200 699352.000 712635.000  1.90%     -    8s
     0     0 712635.000    0  100 699352.000 712635.000  1.90%     -   13s
     0     0 712635.000    0   84 699352.000 712635.000  1.90%     -   13s
     0     2 712635.000    0   84 699352.000 712635.000  1.90%     -   16s
H   28    33                    700788.00000 712635.000  1.69%   676   19s
    32    52 712635.000    6  407 700788.000 712635.000  1.69%   635   23s
    51   195 712635.000   11  162 700788.000 712635.000  1.69%  1885   27s
H   86   195                    701498.00000 712635.000  1.59%  1219   27s
   200   406 712635.000   41  103 701498.000 712635.000  1.59%   709   35s
   423   632 712635.000  114  152 701498.000 712635.000  1.59%   485   42s
H  493   632                    701557.00000 712635.000  1.58%   469   42s
   663   790 712635.000  173  125 701557.000 712635.000  1.58%   463   51s
H  709   790                    702185.00000 712635.000  1.49%   511   51s
   833  1101 712635.000  210  109 702185.000 712635.000  1.49%   537   61s
  1164  1410 712635.000  241  113 702185.000 712635.000  1.49%   528   73s
  1496  1665 712515.429  320  196 702185.000 712635.000  1.49%   535   81s
  1767  1994 712635.000  392  155 702185.000 712635.000  1.49%   559   89s
H 2115  2115                    703458.00000 712635.000  1.30%   565   99s
H 2183  2115                    704374.00000 712635.000  1.17%   571   99s
  2251  2433 712635.000  551  132 704374.000 712635.000  1.17%   574  111s
  2601  2719 712542.750  604  164 704374.000 712635.000  1.17%   568  124s
  2913  2968 712635.000  714  148 704374.000 712635.000  1.17%   565  138s
H 2958  2968                    705007.00000 712635.000  1.08%   564  138s
  3188  3419 712635.000  786  148 705007.000 712635.000  1.08%   572  151s
H 3260  3418                    705598.00000 712635.000  1.00%   579  151s
  3692  3904 712635.000  841  147 705598.000 712635.000  1.00%   558  163s
  4228  4412 712496.400  887  182 705598.000 712635.000  1.00%   551  177s
  4810  4763 712635.000  943  179 705598.000 712635.000  1.00%   537  196s
H 4858  4763                    705618.00000 712635.000  0.99%   549  196s
H 4972  4762                    706280.00000 712635.000  0.90%   546  196s
H 5203  4720                    707007.00000 712635.000  0.80%   540  196s
H 5205  4485                    707702.00000 712635.000  0.70%   540  215s
  5207  4486 712635.000  753  155 707702.000 712635.000  0.70%   539  234s
  5208  4487 712635.000  342  220 707702.000 712635.000  0.70%   539  235s
  5209  4487 712635.000 1021  181 707702.000 712635.000  0.70%   539  241s
  5210  4488 712635.000  510  226 707702.000 712635.000  0.70%   539  245s
  5211  4489 712635.000  602  179 707702.000 712635.000  0.70%   539  253s
  5212  4489 711885.000  544  225 707702.000 712635.000  0.70%   539  255s
H 5212  4265                    707810.00000 712635.000  0.68%   539  266s
  5215  4267 711904.000  272  148 707810.000 712635.000  0.68%   538  279s
  5216  4268 712635.000  788  211 707810.000 712635.000  0.68%   538  283s
  5217  4269 712635.000  489  126 707810.000 712635.000  0.68%   538  295s
  5219  4270 712635.000  481  193 707810.000 712635.000  0.68%   538  308s
  5220  4271 711939.000  198  242 707810.000 712635.000  0.68%   538  311s
  5221  4271 712635.000   75  250 707810.000 712635.000  0.68%   538  325s
  5223  4273 712542.750   17  173 707810.000 712635.000  0.68%   538  338s
H 5224  4059                    710657.00000 712635.000  0.28%   538  345s
H 5224  3855                    711442.00000 712635.000  0.17%   538  350s
  5236  3868 712635.000   12  221 711442.000 712635.000  0.17%   612  355s
  5269  3901 712635.000   17  128 711442.000 712635.000  0.17%   620  361s
  5284  3919 712635.000   19  160 711442.000 712635.000  0.17%   621  365s
H 5295  3723                    712033.00000 712635.000  0.08%   621  365s
H 5303  3537                    712044.00000 712635.000  0.08%   622  365s
  5307  3599 712635.000   25  149 712044.000 712635.000  0.08%   623  375s
H 5370  3552                    712635.00000 712635.000  0.00%   623  394s

Cutting planes:
  Lift-and-project: 4
  Cover: 1
  MIR: 6
  StrongCG: 4
  Zero half: 1
  RLT: 16

Explored 5519 nodes (3539741 simplex iterations) in 394.43 seconds (365.40 work units)
Thread count was 4 (of 4 available processors)

Solution count 10: 712635 712044 712033 ... 705618

Optimal solution found (tolerance 0.00e+00)
Best objective 7.126350000000e+05, best bound 7.126350000000e+05, gap 0.0000%
