
Gurobi 11.0.2 (win64) logging started Mon Aug 19 16:49:43 2024

Set parameter LogFile to value "D:\Documenti\Scuola\Laurea magistrale unibs\laurea-unibs-mkfsp\output\2024-08-19T13_57_45.433552\logs\instance06_bucket2.log"
Set parameter TimeLimit to value 400
Set parameter MIPGap to value 0
Gurobi Optimizer version 11.0.2 build v11.0.2rc0 (win64 - Windows 10.0 (19045.2))

CPU model: Intel(R) Core(TM) i5-4670 CPU @ 3.40GHz, instruction set [SSE2|AVX|AVX2]
Thread count: 4 physical cores, 4 logical processors, using up to 4 threads

Optimize a model with 1710 rows, 7051 columns and 198971 nonzeros
Model fingerprint: 0x18ae72bb
Variable types: 0 continuous, 7051 integer (6998 binary)
Coefficient statistics:
  Matrix range     [1e+00, 8e+03]
  Objective range  [6e+02, 8e+03]
  Bounds range     [1e+00, 1e+00]
  RHS range        [1e+00, 3e+05]
Found heuristic solution: objective 250151.00000
Presolve time: 0.46s
Presolved: 1710 rows, 7051 columns, 198971 nonzeros
Variable types: 0 continuous, 7051 integer (6998 binary)
Found heuristic solution: objective 273964.00000

Root relaxation: objective 3.186290e+05, 735 iterations, 0.02 seconds (0.01 work units)

    Nodes    |    Current Node    |     Objective Bounds      |     Work
 Expl Unexpl |  Obj  Depth IntInf | Incumbent    BestBd   Gap | It/Node Time

H    0     0                    318629.00000 318629.000  0.00%     -    0s
     0     0 318629.000    0  314 318629.000 318629.000  0.00%     -    0s

Explored 1 nodes (735 simplex iterations) in 0.52 seconds (0.37 work units)
Thread count was 4 (of 4 available processors)

Solution count 3: 318629 273964 250151 

Optimal solution found (tolerance 0.00e+00)
Best objective 3.186290000000e+05, best bound 3.186290000000e+05, gap 0.0000%
