
Gurobi 11.0.2 (win64) logging started Mon Aug 19 17:30:20 2024

Set parameter LogFile to value "D:\Documenti\Scuola\Laurea magistrale unibs\laurea-unibs-mkfsp\output\2024-08-19T13_57_45.433552\logs\instance10_bucket2.log"
Set parameter TimeLimit to value 400
Set parameter MIPGap to value 0
Gurobi Optimizer version 11.0.2 build v11.0.2rc0 (win64 - Windows 10.0 (19045.2))

CPU model: Intel(R) Core(TM) i5-4670 CPU @ 3.40GHz, instruction set [SSE2|AVX|AVX2]
Thread count: 4 physical cores, 4 logical processors, using up to 4 threads

Optimize a model with 1340 rows, 3893 columns and 106471 nonzeros
Model fingerprint: 0x4c9e6716
Variable types: 0 continuous, 3893 integer (3804 binary)
Coefficient statistics:
  Matrix range     [1e+00, 8e+03]
  Objective range  [7e+02, 8e+03]
  Bounds range     [1e+00, 1e+00]
  RHS range        [1e+00, 4e+05]
Found heuristic solution: objective 410879.00000
Presolve time: 0.17s
Presolved: 1340 rows, 3893 columns, 106471 nonzeros
Variable types: 0 continuous, 3893 integer (3804 binary)
Found heuristic solution: objective 412333.00000

Root relaxation: objective 5.102542e+05, 2580 iterations, 0.29 seconds (0.54 work units)

    Nodes    |    Current Node    |     Objective Bounds      |     Work
 Expl Unexpl |  Obj  Depth IntInf | Incumbent    BestBd   Gap | It/Node Time

     0     0 510254.237    0  610 412333.000 510254.237  23.7%     -    2s
H    0     0                    418481.00000 510254.237  21.9%     -    2s
H    0     0                    419293.00000 510254.237  21.7%     -    2s
     0     0 510020.290    0 1344 419293.000 510020.290  21.6%     -    4s
H    0     0                    443718.00000 510020.290  14.9%     -    4s
     0     0 509868.966    0  947 443718.000 509868.966  14.9%     -    6s
H    0     0                    447124.00000 509519.644  14.0%     -   16s
     0     0 509519.644    0  647 447124.000 509519.644  14.0%     -   16s
H    0     0                    447586.00000 509519.644  13.8%     -   16s
     0     0 509493.027    0  853 447586.000 509493.027  13.8%     -   17s
H    0     0                    450855.00000 509480.856  13.0%     -   25s
H    0     0                    453799.00000 509480.856  12.3%     -   25s
H    0     0                    457923.00000 509480.856  11.3%     -   25s
H    0     0                    458266.00000 509480.856  11.2%     -   25s
H    0     0                    458966.00000 509480.856  11.0%     -   25s
H    0     0                    459447.00000 509381.000  10.9%     -   27s
H    0     0                    460208.00000 509381.000  10.7%     -   27s
H    0     0                    460910.00000 509381.000  10.5%     -   27s
H    0     0                    464361.00000 509381.000  9.70%     -   27s
H    0     0                    470351.00000 509381.000  8.30%     -   27s
H    0     0                    471159.00000 509381.000  8.11%     -   27s
H    0     0                    471569.00000 509381.000  8.02%     -   27s
H    0     0                    471735.00000 509381.000  7.98%     -   27s
     0     0 509381.000    0  583 471735.000 509381.000  7.98%     -   27s
     0     0 509381.000    0  475 471735.000 509381.000  7.98%     -   29s
H    0     0                    475300.00000 509381.000  7.17%     -   31s
     0     2 509381.000    0  475 475300.000 509381.000  7.17%     -   33s
     3     8 509289.954    2  844 475300.000 509381.000  7.17%  3563   44s
     7    12 509279.814    3 1037 475300.000 509381.000  7.17%  3745   48s
    19    24 509016.976    6  801 475300.000 509381.000  7.17%  2784   50s
H   31    35                    476012.00000 509381.000  7.01%  2055   51s
H   33    35                    476121.00000 509381.000  6.99%  1989   51s
H   59    65                    477152.00000 509381.000  6.75%  1608   57s
H   61    65                    477964.00000 509381.000  6.57%  1613   57s
    89    94 508514.867   21  571 477964.000 509381.000  6.57%  1327   60s
H   90    94                    477987.00000 509381.000  6.57%  1312   60s
H   91    94                    479099.00000 509381.000  6.32%  1305   60s
H   92    94                    479383.00000 509381.000  6.26%  1301   60s
H  140   144                    479422.00000 509381.000  6.25%  1097   64s
   154   166 508018.464   33  660 479422.000 509381.000  6.25%  1076   65s
   231   266 507721.561   52  459 479422.000 509381.000  6.25%   882   70s
H  286   295                    480122.00000 509381.000  6.09%   759   71s
   422   453 502787.000   98  393 480122.000 509381.000  6.09%   578   76s
H  465   457                    482539.00000 509381.000  5.56%   546   79s
H  467   457                    482581.00000 509381.000  5.55%   545   79s
   469   504 502787.000  107  364 482581.000 509381.000  5.55%   544   80s
H  578   596                    482620.00000 509381.000  5.54%   475   82s
H  587   596                    483254.00000 509381.000  5.41%   471   82s
   658   700 502787.000  142  333 483254.000 509381.000  5.41%   446   85s
H  720   700                    483344.00000 509381.000  5.39%   426   85s
H  843   820                    484017.00000 509381.000  5.24%   395   88s
   844   880 502787.000  187  358 484017.000 509381.000  5.24%   395   90s
  1046  1056 502787.000  216  374 484017.000 509381.000  5.24%   367   96s
  1211  1243 502787.000  232  291 484017.000 509381.000  5.24%   349  100s
H 1468  1420                    484690.00000 509381.000  5.09%   334  104s
  1493  1496 502787.000  268  363 484690.000 509381.000  5.09%   334  106s
  1742  1718 502787.000  302  308 484690.000 509381.000  5.09%   328  110s
  1944  1878 502787.000  334  324 484690.000 509381.000  5.09%   327  116s
  2056  1971 502643.833  354  334 484690.000 509381.000  5.09%   330  121s
  2198  2089 502702.889  372  346 484690.000 509381.000  5.09%   336  125s
  2385  2248 502030.000  400  289 484690.000 509381.000  5.09%   350  132s
  2456  2293 502030.000  412  251 484690.000 509381.000  5.09%   355  135s
  2511  2296 501947.375  419  321 484690.000 509381.000  5.09%   361  148s
H 2514  2296                    486178.00000 509381.000  4.77%   361  148s
  2515  2333 502030.000  420  246 486178.000 509381.000  4.77%   362  150s
  2605  2415 502030.000  438  269 486178.000 509381.000  4.77%   372  156s
  2665  2419 502030.000  450  435 486178.000 509381.000  4.77%   379  160s
  2689  2449 501899.167  453  419 486178.000 509381.000  4.77%   394  167s
  2712  2466 502030.000  455  430 486178.000 509381.000  4.77%   400  170s
  2762  2513 500518.000  464  441 486178.000 509381.000  4.77%   413  177s
  2785  2535 500518.000  466  404 486178.000 509381.000  4.77%   418  181s
  2860  2613 499107.000  484  472 486178.000 509381.000  4.77%   429  188s
  2895  2660 499104.727  486  500 486178.000 509381.000  4.77%   434  192s
  2946  2715 498341.444  490  521 486178.000 509381.000  4.77%   440  196s
  3003  2740 497681.000  500  413 486178.000 509381.000  4.77%   442  201s
  3029  2782 496952.000  506  391 486178.000 509381.000  4.77%   448  205s
  3123  2872 496952.000  524  331 486178.000 509381.000  4.77%   460  213s
  3171  2914 495963.911  532  400 486178.000 509381.000  4.77%   468  217s
  3219  2960 496185.000  538  340 486178.000 509381.000  4.77%   474  222s
  3272  3007 495492.000  546  374 486178.000 509381.000  4.77%   481  226s
  3327  3053 494799.000  557  296 486178.000 509381.000  4.77%   486  231s
  3378  3094 494028.854  563  392 486178.000 509381.000  4.77%   495  236s
  3423  3148 492472.268  569  396 486178.000 509381.000  4.77%   502  240s
  3480  3181 491082.000  578  391 486178.000 509381.000  4.77%   509  246s
  3519  3209 491082.000  589  338 486178.000 509381.000  4.77%   517  251s
  3551  3260 491025.190  596  378 486178.000 509381.000  4.77%   524  257s
  3607  3306 488856.000  613  291 486178.000 509381.000  4.77%   530  262s
  3659  3347 488856.000  628  285 486178.000 509381.000  4.77%   537  268s
  3704  3392 487384.000  642  288 486178.000 509381.000  4.77%   547  274s
  3753  3438 486619.000  661  323 486178.000 509381.000  4.77%   553  280s
  3805  3462 509195.362    6  933 486178.000 509381.000  4.77%   561  287s
  3832  3499 509195.362    7  799 486178.000 509381.000  4.77%   571  293s
  3874  3542 508990.601   15  652 486178.000 509381.000  4.77%   578  299s
  3920  3592 508328.737   28  581 486178.000 509381.000  4.77%   585  305s
  3977  3647 507721.276   52  574 486178.000 509381.000  4.77%   592  313s
  4034  3725 507416.059   64  518 486178.000 509381.000  4.77%   592  322s
  4124  3768 503288.000  102  611 486178.000 509381.000  4.77%   598  330s
  4170  3833 503288.000  115  462 486178.000 509381.000  4.77%   607  337s
  4239  3916 503288.000  141  408 486178.000 509381.000  4.77%   613  345s
  4324  3986 503288.000  159  332 486178.000 509381.000  4.77%   616  353s
H 4367  3920                    487479.00000 509381.000  4.49%   618  353s
H 4387  3920                    487487.00000 509381.000  4.49%   618  353s
  4398  3958 503288.000  181  279 487487.000 509381.000  4.49%   619  361s
  4464  4005 503281.102  200  424 487487.000 509381.000  4.49%   626  373s
  4516  4006 497098.000  560  475 487487.000 509381.000  4.49%   636  387s

Explored 4517 nodes (2970236 simplex iterations) in 400.02 seconds (655.44 work units)
Thread count was 4 (of 4 available processors)

Solution count 10: 487487 487479 486178 ... 482539

Time limit reached
Best objective 4.874870000000e+05, best bound 5.093810000000e+05, gap 4.4912%
