
Gurobi 11.0.2 (win64) logging started Mon Aug 19 16:59:46 2024

Set parameter LogFile to value "D:\Documenti\Scuola\Laurea magistrale unibs\laurea-unibs-mkfsp\output\2024-08-19T13_57_45.433552\logs\instance07_bucket2.log"
Set parameter TimeLimit to value 400
Set parameter MIPGap to value 0
Gurobi Optimizer version 11.0.2 build v11.0.2rc0 (win64 - Windows 10.0 (19045.2))

CPU model: Intel(R) Core(TM) i5-4670 CPU @ 3.40GHz, instruction set [SSE2|AVX|AVX2]
Thread count: 4 physical cores, 4 logical processors, using up to 4 threads

Optimize a model with 777 rows, 2067 columns and 56797 nonzeros
Model fingerprint: 0x6bb0383f
Variable types: 0 continuous, 2067 integer (2021 binary)
Coefficient statistics:
  Matrix range     [1e+00, 8e+03]
  Objective range  [6e+02, 8e+03]
  Bounds range     [1e+00, 1e+00]
  RHS range        [1e+00, 2e+05]
Presolve time: 0.10s
Presolved: 777 rows, 2067 columns, 56797 nonzeros
Variable types: 0 continuous, 2067 integer (2021 binary)

Root relaxation: objective 2.494152e+05, 2440 iterations, 0.29 seconds (0.49 work units)

    Nodes    |    Current Node    |     Objective Bounds      |     Work
 Expl Unexpl |  Obj  Depth IntInf | Incumbent    BestBd   Gap | It/Node Time

     0     0 249415.198    0  458          - 249415.198      -     -    0s
     0     0 249055.464    0  838          - 249055.464      -     -    3s
     0     0 248878.312    0  648          - 248878.312      -     -    4s
     0     0 248878.312    0  629          - 248878.312      -     -    4s
     0     0 248501.176    0  528          - 248501.176      -     -   11s
     0     0 248459.881    0  684          - 248459.881      -     -   12s
     0     0 248439.886    0  685          - 248439.886      -     -   13s
     0     0 248354.015    0  851          - 248354.015      -     -   19s
     0     0 248354.015    0  539          - 248354.015      -     -   22s
     0     2 248354.015    0  450          - 248354.015      -     -   27s
   129   141 247848.564   21  289          - 248354.015      -   306   30s
   841   842 243472.000  233  163          - 248354.015      -   172   35s
  1212  1158 242160.800  308  190          - 248354.015      -   197   40s
  1469  1366 238194.000  365  162          - 248354.015      -   231   45s
  1730  1566 243807.000   89 1250          - 248354.015      -   229   53s
  1731  1567 245747.000  124 1276          - 248354.015      -   229   57s
  1733  1568 243344.000   20 1276          - 248354.015      -   228   61s
  1736  1575 248354.015   11 1172          - 248354.015      -  19.5   67s
  1740  1578 248354.015   12 1203          - 248354.015      -  27.8   70s
  1744  1581 248173.463   12 1181          - 248354.015      -  45.6   77s
  1752  1586 247241.518   13 1119          - 248354.015      -  74.8   81s
  1760  1591 247856.345   14 1126          - 248354.015      -  91.7   87s
H 1761  1512                    216117.00000 248354.015  14.9%  91.6   87s
H 1764  1440                    225373.00000 248354.015  10.2%  98.3   92s
H 1765  1370                    226689.00000 248354.015  9.56%   101   92s
H 1767  1301                    228600.00000 248354.015  8.64%   104   92s
  1768  1305 248109.054   15 1151 228600.000 248354.015  8.64%   108   96s
  1772  1307 247996.568   16 1190 228600.000 248354.015  8.64%   120  103s
  1776  1310 247896.142   16 1151 228600.000 248354.015  8.64%   145  105s
  1784  1317 247162.134   17 1069 228600.000 248354.015  8.64%   163  111s
  1794  1324 247311.742   18 1041 228600.000 248354.015  8.64%   183  118s
H 1798  1259                    228964.00000 248354.015  8.47%   188  118s
  1800  1266 247863.550   19 1142 228964.000 248354.015  8.47%   194  122s
  1808  1272 247159.561   19 1014 228964.000 248354.015  8.47%   205  126s
  1817  1273 246613.672   20 1005 228964.000 248354.015  8.47%   223  132s
  1821  1278 247688.023   21 1100 228964.000 248354.015  8.47%   252  135s
H 1829  1223                    229580.00000 248354.015  8.18%   262  137s
  1835  1225 247038.419   22 1012 229580.000 248354.015  8.18%   275  140s
  1848  1235 247630.649   24 1109 229580.000 248354.015  8.18%   299  147s
  1853  1243 246571.359   24  991 229580.000 248354.015  8.18%   308  151s
  1863  1249 247138.108   25  912 229580.000 248354.015  8.18%   325  156s
  1872  1254 246580.677   26  975 229580.000 248354.015  8.18%   339  161s
  1880  1262 246871.466   27 1010 229580.000 248354.015  8.18%   353  165s
  1891  1267 247362.466   29 1043 229580.000 248354.015  8.18%   370  170s
  1899  1278 247318.144   30 1075 229580.000 248354.015  8.18%   383  176s
H 1909  1217                    229759.00000 248354.015  8.09%   396  176s
H 1909  1162                    229815.00000 248354.015  8.07%   396  176s
  1913  1168 246605.705   31 1065 229815.000 248354.015  8.07%   402  183s
  1921  1181 246716.543   32 1027 229815.000 248354.015  8.07%   429  187s
  1936  1187 246160.683   34  829 229815.000 248354.015  8.07%   450  193s
H 1943  1132                    229818.00000 248354.015  8.07%   460  193s
  1947  1147 245326.622   35  919 229818.000 248354.015  8.07%   466  197s
  1963  1160 245702.942   37  952 229818.000 248354.015  8.07%   486  203s
  1981  1174 247122.033   39 1047 229818.000 248354.015  8.07%   508  208s
H 1986  1123                    229911.00000 248354.015  8.02%   513  208s
  2001  1134 247066.666   42 1029 229911.000 248354.015  8.02%   529  217s
  2017  1153 247013.059   44 1091 229911.000 248354.015  8.02%   546  224s
H 2040  1098                    230686.00000 248354.015  7.66%   564  224s
  2041  1124 246006.126   46  949 230686.000 248354.015  7.66%   567  231s
  2068  1142 246849.460   49 1046 230686.000 248354.015  7.66%   589  237s
  2095  1165 246405.683   52 1012 230686.000 248354.015  7.66%   610  244s
  2129  1197 243361.000   55  780 230686.000 248354.015  7.66%   633  250s
  2173  1228 243361.000   61  821 230686.000 248354.015  7.66%   652  255s
  2218  1257 243361.000   67  878 230686.000 248354.015  7.66%   672  262s
  2262  1308 243345.467   71  802 230686.000 248354.015  7.66%   688  267s
  2328  1356 242683.000   78  794 230686.000 248354.015  7.66%   699  273s
  2398  1400 243037.026   89  846 230686.000 248354.015  7.66%   710  279s
  2465  1445 242974.092   99  824 230686.000 248354.015  7.66%   722  286s
  2533  1497 242472.978  110  814 230686.000 248354.015  7.66%   732  292s
  2607  1542 242288.067  122  720 230686.000 248354.015  7.66%   741  298s
  2686  1524 241051.000  131  680 230686.000 248354.015  7.66%   754  305s
  2718  1526 248354.015   14 1203 230686.000 248354.015  7.66%   771  313s
  2744  1532 247886.211   17 1169 230686.000 248354.015  7.66%   792  319s
  2774  1549 248067.102   20 1219 230686.000 248354.015  7.66%   807  326s
H 2791  1499                    230792.00000 248354.015  7.61%   816  326s
  2803  1532 247150.718   23 1111 230792.000 248354.015  7.61%   825  334s
  2840  1568 247184.746   26 1103 230792.000 248354.015  7.61%   840  343s
  2889  1602 246913.095   29 1088 230792.000 248354.015  7.61%   855  350s
  2939  1637 246691.020   33 1044 230792.000 248354.015  7.61%   872  359s
H 2963  1586                    230817.00000 248354.015  7.60%   877  359s
H 2966  1545                    231036.00000 248354.015  7.50%   878  359s
  2992  1582 246112.573   37 1014 231036.000 248354.015  7.50%   888  366s
  3037  1640 245910.518   40 1039 231036.000 248354.015  7.50%   901  374s
H 3107  1578                    231061.00000 248354.015  7.48%   913  374s
  3110  1641 245986.212   45 1014 231061.000 248354.015  7.48%   915  383s
  3179  1683 245648.027   50 1012 231061.000 248354.015  7.48%   932  392s
H 3205  1638                    231285.00000 248354.015  7.38%   941  392s
  3257  1683 245448.689   55 1042 231285.000 248354.015  7.38%   945  400s

Cutting planes:
  Gomory: 1
  MIR: 1

Explored 3326 nodes (3586130 simplex iterations) in 400.02 seconds (616.46 work units)
Thread count was 4 (of 4 available processors)

Solution count 10: 231285 231061 231036 ... 229759

Time limit reached
Best objective 2.312850000000e+05, best bound 2.483540000000e+05, gap 7.3801%
