
Gurobi 11.0.2 (win64) logging started Mon Aug 19 16:09:27 2024

Set parameter LogFile to value "D:\Documenti\Scuola\Laurea magistrale unibs\laurea-unibs-mkfsp\output\2024-08-19T13_57_45.433552\logs\instance02_bucket1.log"
Set parameter TimeLimit to value 400
Set parameter MIPGap to value 0
Gurobi Optimizer version 11.0.2 build v11.0.2rc0 (win64 - Windows 10.0 (19045.2))

CPU model: Intel(R) Core(TM) i5-4670 CPU @ 3.40GHz, instruction set [SSE2|AVX|AVX2]
Thread count: 4 physical cores, 4 logical processors, using up to 4 threads

Optimize a model with 893 rows, 3804 columns and 40896 nonzeros
Model fingerprint: 0xb5ca497b
Variable types: 0 continuous, 3804 integer (3762 binary)
Coefficient statistics:
  Matrix range     [1e+00, 8e+03]
  Objective range  [6e+02, 8e+03]
  Bounds range     [1e+00, 1e+00]
  RHS range        [1e+00, 2e+05]
Presolve time: 0.05s
Presolved: 893 rows, 3804 columns, 40896 nonzeros
Variable types: 0 continuous, 3804 integer (3762 binary)
Found heuristic solution: objective 244923.00000

Root relaxation: objective 2.573310e+05, 668 iterations, 0.01 seconds (0.01 work units)

    Nodes    |    Current Node    |     Objective Bounds      |     Work
 Expl Unexpl |  Obj  Depth IntInf | Incumbent    BestBd   Gap | It/Node Time

     0     0 257331.000    0   13 244923.000 257331.000  5.07%     -    0s
H    0     0                    251309.00000 257331.000  2.40%     -    0s
     0     0 257331.000    0   73 251309.000 257331.000  2.40%     -    0s
H    0     0                    254299.00000 257331.000  1.19%     -    0s
H    0     0                    254372.00000 257331.000  1.16%     -    0s
     0     0 257331.000    0    9 254372.000 257331.000  1.16%     -    0s
H    0     0                    255073.00000 257331.000  0.89%     -    0s
     0     0 257331.000    0   29 255073.000 257331.000  0.89%     -    0s
     0     0 257331.000    0   45 255073.000 257331.000  0.89%     -    0s
     0     0 257331.000    0   10 255073.000 257331.000  0.89%     -    0s
     0     2 257331.000    0    7 255073.000 257331.000  0.89%     -    1s
H   92   122                    255113.00000 257331.000  0.87%   198    2s
H  114   122                    255774.00000 257331.000  0.61%   173    2s
H  224   541                    256556.00000 257331.000  0.30%   192    3s
H  565   655                    256635.00000 257331.000  0.27%   124    4s
H  591   382                    257331.00000 257331.000  0.00%   121    4s

Cutting planes:
  Gomory: 9
  Cover: 72
  Clique: 98
  MIR: 26
  StrongCG: 1

Explored 775 nodes (93192 simplex iterations) in 4.48 seconds (5.06 work units)
Thread count was 4 (of 4 available processors)

Solution count 10: 257331 256635 256556 ... 244923

Optimal solution found (tolerance 0.00e+00)
Best objective 2.573310000000e+05, best bound 2.573310000000e+05, gap 0.0000%
