
Gurobi 11.0.2 (win64) logging started Mon Aug 19 17:20:44 2024

Set parameter LogFile to value "D:\Documenti\Scuola\Laurea magistrale unibs\laurea-unibs-mkfsp\output\2024-08-19T13_57_45.433552\logs\instance09_bucket8.log"
Set parameter TimeLimit to value 400
Set parameter MIPGap to value 0
Gurobi Optimizer version 11.0.2 build v11.0.2rc0 (win64 - Windows 10.0 (19045.2))

CPU model: Intel(R) Core(TM) i5-4670 CPU @ 3.40GHz, instruction set [SSE2|AVX|AVX2]
Thread count: 4 physical cores, 4 logical processors, using up to 4 threads

Optimize a model with 7846 rows, 40888 columns and 1150362 nonzeros
Model fingerprint: 0x87e44abf
Variable types: 0 continuous, 40888 integer (40574 binary)
Coefficient statistics:
  Matrix range     [1e+00, 9e+03]
  Objective range  [6e+02, 9e+03]
  Bounds range     [1e+00, 1e+00]
  RHS range        [1e+00, 2e+06]
Found heuristic solution: objective 1655393.0000
Presolve time: 3.54s
Presolved: 7846 rows, 40888 columns, 1150362 nonzeros
Variable types: 0 continuous, 40888 integer (40574 binary)
Found heuristic solution: objective 1656197.0000
Deterministic concurrent LP optimizer: primal simplex, dual simplex, and barrier
Showing barrier log only...

Root barrier log...

Ordering time: 0.15s

Barrier statistics:
 AA' NZ     : 1.228e+06
 Factor NZ  : 1.362e+06 (roughly 27 MB of memory)
 Factor Ops : 6.269e+08 (less than 1 second per iteration)
 Threads    : 2

                  Objective                Residual
Iter       Primal          Dual         Primal    Dual     Compl     Time
   0   1.48106486e+08  1.85955838e+08  7.41e+06 0.00e+00  9.10e+05     5s
   1   3.83118737e+07  1.92504037e+08  1.76e+06 6.54e-13  2.31e+05     5s
   2   2.06026844e+06  1.82449547e+08  1.84e+04 8.53e-13  4.80e+03     5s
   3   1.78529099e+06  5.41239695e+07  4.77e+03 1.61e-11  1.06e+03     5s
   4   1.68873401e+06  1.35995557e+07  2.99e+00 1.36e-12  1.63e+02     6s
   5   1.81712149e+06  2.24006458e+06  6.62e-14 1.85e-13  5.78e+00     6s
   6   1.83726839e+06  1.84074890e+06  6.00e-14 4.26e-14  4.76e-02     6s
   7   1.83730896e+06  1.83731244e+06  9.77e-14 4.26e-14  4.76e-05     6s
   8   1.83730900e+06  1.83730900e+06  9.50e-14 4.26e-14  4.76e-08     6s

Barrier performed 8 iterations in 6.03 seconds (3.66 work units)
Barrier solve interrupted - model solved by another algorithm

Concurrent spin time: 0.75s (can be avoided by choosing Method=3)

Solved with dual simplex

Root simplex log...

Iteration    Objective       Primal Inf.    Dual Inf.      Time
    2998    1.8373090e+06   0.000000e+00   0.000000e+00      6s

Root relaxation: objective 1.837309e+06, 2998 iterations, 2.40 seconds (1.22 work units)
Total elapsed time = 16.02s (DegenMoves)
Total elapsed time = 21.33s (DegenMoves)
Total elapsed time = 27.48s (DegenMoves)
Total elapsed time = 36.31s (DegenMoves)

    Nodes    |    Current Node    |     Objective Bounds      |     Work
 Expl Unexpl |  Obj  Depth IntInf | Incumbent    BestBd   Gap | It/Node Time

     0     0 1837309.00    0  426 1656197.00 1837309.00  10.9%     -   41s
H    0     0                    1693626.0000 1837309.00  8.48%     -   41s
H    0     0                    1725366.0000 1837309.00  6.49%     -   41s
     0     0 1837309.00    0  907 1725366.00 1837309.00  6.49%     -   46s
H    0     0                    1754190.0000 1837309.00  4.74%     -   89s
     0     0 1837309.00    0  846 1754190.00 1837309.00  4.74%     -   91s
     0     0 1837309.00    0  600 1754190.00 1837309.00  4.74%     -  120s
H    0     0                    1754325.0000 1837309.00  4.73%     -  120s
     0     0 1837309.00    0  715 1754325.00 1837309.00  4.73%     -  123s
     0     0 1837309.00    0  532 1754325.00 1837309.00  4.73%     -  154s
     0     0 1837309.00    0  354 1754325.00 1837309.00  4.73%     -  188s
     0     2 1837309.00    0  305 1754325.00 1837309.00  4.73%     -  230s
     3     8 1837309.00    2 1230 1754325.00 1837309.00  4.73%  5869  235s
     7    12 1837309.00    3 1314 1754325.00 1837309.00  4.73%  3894  241s
    11    16 1837309.00    4 1267 1754325.00 1837309.00  4.73%  3520  250s
H   29    39                    1754998.0000 1837309.00  4.69%  2274  255s
H   30    39                    1756408.0000 1837309.00  4.61%  2198  255s
    38   113 1837309.00    8 1240 1756408.00 1837309.00  4.61%  1842  263s
H  112   162                    1756575.0000 1837309.00  4.60%   964  318s
H  113   162                    1758441.0000 1837309.00  4.49%   957  318s
H  160   162                    1765285.0000 1837309.00  4.08%   792  318s
H  162   166                    1785363.0000 1837309.00  2.91%   786  350s
   166   747 1837309.00   24 1038 1785363.00 1837309.00  2.91%   786  388s
   757   902 1837309.00  182  870 1785363.00 1837309.00  2.91%   401  400s

Cutting planes:
  Gomory: 38
  Cover: 1442
  Clique: 1250
  MIR: 473
  StrongCG: 61
  Zero half: 1

Explored 923 nodes (630421 simplex iterations) in 400.44 seconds (477.07 work units)
Thread count was 4 (of 4 available processors)

Solution count 10: 1.78536e+06 1.76529e+06 1.75844e+06 ... 1.69363e+06

Time limit reached
Best objective 1.785363000000e+06, best bound 1.837309000000e+06, gap 2.9095%
