
Gurobi 11.0.2 (win64) logging started Mon Aug 19 17:40:52 2024

Set parameter LogFile to value "D:\Documenti\Scuola\Laurea magistrale unibs\laurea-unibs-mkfsp\output\2024-08-19T13_57_45.433552\logs\instance11_bucket5.log"
Set parameter TimeLimit to value 400
Set parameter MIPGap to value 0
Gurobi Optimizer version 11.0.2 build v11.0.2rc0 (win64 - Windows 10.0 (19045.2))

CPU model: Intel(R) Core(TM) i5-4670 CPU @ 3.40GHz, instruction set [SSE2|AVX|AVX2]
Thread count: 4 physical cores, 4 logical processors, using up to 4 threads

Optimize a model with 5098 rows, 22480 columns and 627476 nonzeros
Model fingerprint: 0xaa111e35
Variable types: 0 continuous, 22480 integer (22220 binary)
Coefficient statistics:
  Matrix range     [1e+00, 9e+03]
  Objective range  [6e+02, 9e+03]
  Bounds range     [1e+00, 1e+00]
  RHS range        [1e+00, 1e+06]
Presolve time: 1.35s
Presolved: 5098 rows, 22480 columns, 627476 nonzeros
Variable types: 0 continuous, 22480 integer (22220 binary)
Deterministic concurrent LP optimizer: primal simplex, dual simplex, and barrier
Showing barrier log only...

Root barrier log...

Ordering time: 0.07s

Barrier statistics:
 AA' NZ     : 6.742e+05
 Factor NZ  : 7.732e+05 (roughly 15 MB of memory)
 Factor Ops : 2.600e+08 (less than 1 second per iteration)
 Threads    : 1

                  Objective                Residual
Iter       Primal          Dual         Primal    Dual     Compl     Time
   0   7.67623360e+07  1.02029973e+08  3.86e+06 0.00e+00  5.87e+05     2s
   1   1.51780344e+07  1.06054841e+08  6.54e+05 6.25e-13  1.07e+05     2s
   2   1.49959381e+06  9.63131466e+07  7.88e+03 5.12e-13  3.57e+03     3s
   3   1.34079181e+06  2.61528618e+07  6.52e+01 2.79e-12  6.21e+02     3s
   4   1.41686040e+06  3.12654493e+06  3.60e-14 1.14e-13  4.24e+01     3s
   5   1.48605190e+06  1.68900633e+06  7.55e-14 2.93e-14  5.03e+00     3s
   6   1.49647931e+06  1.52859580e+06  1.46e-13 3.38e-14  7.97e-01     3s
   7   1.49816000e+06  1.50516573e+06  4.06e-13 2.71e-14  1.74e-01     3s
   8   1.49872822e+06  1.49929459e+06  2.26e-12 3.20e-14  1.40e-02     3s
   9   1.49875861e+06  1.49878417e+06  3.19e-12 3.86e-14  6.34e-04     4s
  10   1.49875956e+06  1.49876207e+06  1.77e-10 3.46e-14  6.22e-05     4s
  11   1.49875965e+06  1.49875980e+06  2.10e-12 3.51e-14  3.74e-06     4s
  12   1.49875965e+06  1.49875965e+06  2.33e-09 3.38e-14  3.88e-09     4s

Barrier solved model in 12 iterations and 4.03 seconds (2.55 work units)
Optimal objective 1.49875965e+06

  Building initial crossover basis                                 5s

Root crossover log...

    1713 DPushes remaining with DInf 0.0000000e+00                 7s
       0 DPushes remaining with DInf 0.0000000e+00                 7s

      57 PPushes remaining with PInf 8.4365057e-05                 7s
       0 PPushes remaining with PInf 0.0000000e+00                 7s

  Push phase complete: Pinf 0.0000000e+00, Dinf 1.1559380e-10      7s


Root simplex log...

Iteration    Objective       Primal Inf.    Dual Inf.      Time
    1772    1.4987596e+06   0.000000e+00   0.000000e+00      7s
Concurrent spin time: 0.00s

Solved with barrier
    1772    1.4987596e+06   0.000000e+00   0.000000e+00      7s

Root relaxation: objective 1.498760e+06, 1772 iterations, 5.41 seconds (3.01 work units)
Total elapsed time = 17.91s (DegenMoves)
Total elapsed time = 27.08s (DegenMoves)
Total elapsed time = 38.90s (DegenMoves)
Total elapsed time = 51.40s (DegenMoves)

    Nodes    |    Current Node    |     Objective Bounds      |     Work
 Expl Unexpl |  Obj  Depth IntInf | Incumbent    BestBd   Gap | It/Node Time

     0     0 1498759.65    0 1993          - 1498759.65      -     -   66s
H    0     0                    1293734.0000 1498759.65  15.8%     -   70s
H    0     0                    1303514.0000 1498759.65  15.0%     -   70s
     0     0 1498685.45    0 3336 1303514.00 1498685.45  15.0%     -   92s
H    0     0                    1312301.0000 1498685.45  14.2%     -   94s
     0     0 1498539.96    0 2711 1312301.00 1498539.96  14.2%     -  116s
     0     0 1498476.30    0 3712 1312301.00 1498476.30  14.2%     -  174s
H    0     0                    1312398.0000 1498476.30  14.2%     -  175s
     0     0 1498411.37    0 3647 1312398.00 1498411.37  14.2%     -  240s
H    0     0                    1313727.0000 1498408.49  14.1%     -  338s
H    0     0                    1314400.0000 1498408.49  14.0%     -  338s
     0     0 1498382.52    0 4056 1314400.00 1498382.52  14.0%     -  338s
     0     0 1498381.62    0 4056 1314400.00 1498381.62  14.0%     -  356s
H    0     0                    1333815.0000 1498381.62  12.3%     -  397s
H    0     0                    1336876.0000 1498381.62  12.1%     -  399s

Cutting planes:
  Gomory: 1
  Cover: 1628
  Clique: 532
  MIR: 494
  StrongCG: 6
  Zero half: 1

Explored 1 nodes (205717 simplex iterations) in 400.08 seconds (414.88 work units)
Thread count was 4 (of 4 available processors)

Solution count 8: 1.33688e+06 1.33382e+06 1.3144e+06 ... 1.29373e+06

Time limit reached
Best objective 1.336876000000e+06, best bound 1.498381620762e+06, gap 12.0808%
