
Gurobi 11.0.2 (win64) logging started Wed Aug 14 12:14:35 2024

Set parameter LogFile to value "D:\Documenti\Scuola\Laurea magistrale unibs\laurea-unibs-mkfsp\output\2024-08-14T08_52_45.517425\logs\instance09_bucket8.log"
Set parameter TimeLimit to value 4.9760575569999855e+02
Set parameter MIPGap to value 0
Gurobi Optimizer version 11.0.2 build v11.0.2rc0 (win64 - Windows 10.0 (19045.2))

CPU model: Intel(R) Core(TM) i5-4670 CPU @ 3.40GHz, instruction set [SSE2|AVX|AVX2]
Thread count: 4 physical cores, 4 logical processors, using up to 4 threads

Optimize a model with 7846 rows, 40888 columns and 1150362 nonzeros
Model fingerprint: 0xa3958298
Variable types: 0 continuous, 40888 integer (40574 binary)
Coefficient statistics:
  Matrix range     [1e+00, 9e+03]
  Objective range  [6e+02, 9e+03]
  Bounds range     [1e+00, 1e+00]
  RHS range        [1e+00, 2e+06]
Presolve time: 2.73s
Presolved: 7846 rows, 40888 columns, 1150362 nonzeros
Variable types: 0 continuous, 40888 integer (40574 binary)
Deterministic concurrent LP optimizer: primal simplex, dual simplex, and barrier
Showing barrier log only...

Root barrier log...

Ordering time: 0.11s

Barrier statistics:
 AA' NZ     : 1.228e+06
 Factor NZ  : 1.362e+06 (roughly 27 MB of memory)
 Factor Ops : 6.269e+08 (less than 1 second per iteration)
 Threads    : 1

                  Objective                Residual
Iter       Primal          Dual         Primal    Dual     Compl     Time
   0   1.48106486e+08  1.85955838e+08  7.41e+06 0.00e+00  9.10e+05     4s
   1   3.83118737e+07  1.92504037e+08  1.76e+06 4.26e-13  2.31e+05     5s
   2   2.06026844e+06  1.82449547e+08  1.84e+04 2.19e-11  4.80e+03     5s

Barrier performed 2 iterations in 4.64 seconds (3.66 work units)
Barrier solve interrupted - model solved by another algorithm

Concurrent spin time: 0.13s (can be avoided by choosing Method=3)

Solved with dual simplex

Root relaxation: objective 1.837309e+06, 2998 iterations, 1.30 seconds (1.22 work units)
Total elapsed time = 13.52s (DegenMoves)
Total elapsed time = 18.64s (DegenMoves)
Total elapsed time = 24.67s (DegenMoves)
Total elapsed time = 33.16s (DegenMoves)

    Nodes    |    Current Node    |     Objective Bounds      |     Work
 Expl Unexpl |  Obj  Depth IntInf | Incumbent    BestBd   Gap | It/Node Time

     0     0 1837309.00    0  426          - 1837309.00      -     -   38s
H    0     0                    1667443.0000 1837309.00  10.2%     -   38s
H    0     0                    1691696.0000 1837309.00  8.61%     -   38s
H    0     0                    1725366.0000 1837309.00  6.49%     -   38s
H    0     0                    1725385.0000 1837309.00  6.49%     -   39s
     0     0 1837309.00    0  859 1725385.00 1837309.00  6.49%     -   43s
H    0     0                    1762416.0000 1837309.00  4.25%     -   89s
     0     0 1837309.00    0  719 1762416.00 1837309.00  4.25%     -   91s
     0     0 1837309.00    0  516 1762416.00 1837309.00  4.25%     -  116s
     0     0 1837309.00    0  601 1762416.00 1837309.00  4.25%     -  119s
     0     0 1837309.00    0  533 1762416.00 1837309.00  4.25%     -  143s
     0     0 1837309.00    0  338 1762416.00 1837309.00  4.25%     -  171s
     0     2 1837309.00    0  289 1762416.00 1837309.00  4.25%     -  202s
     3     8 1837309.00    2 1294 1762416.00 1837309.00  4.25%  5735  208s
     7    12 1837309.00    3 1579 1762416.00 1837309.00  4.25%  4004  214s
    11    16 1837309.00    3 1539 1762416.00 1837309.00  4.25%  4413  228s
    30    72 1837309.00    8 1366 1762416.00 1837309.00  4.25%  2598  232s
    71   132 1837309.00   17 1178 1762416.00 1837309.00  4.25%  1317  258s
H  100   132                    1765754.0000 1837309.00  4.05%  1096  258s
H  115   132                    1769164.0000 1837309.00  3.85%  1030  258s
H  131   142                    1785667.0000 1837309.00  2.89%   943  281s
H  140   142                    1786299.0000 1837309.00  2.86%   911  281s
   141   596 1837309.00   31 1072 1786299.00 1837309.00  2.86%   907  313s
   599   940 1837309.00  172  945 1786299.00 1837309.00  2.86%   490  338s
   957  1194 1837309.00  317  963 1786299.00 1837309.00  2.86%   414  359s
  1234  1348 1837309.00  388  981 1786299.00 1837309.00  2.86%   402  378s
H 1361  1348                    1786396.0000 1837309.00  2.85%   400  378s
H 1374  1348                    1786415.0000 1837309.00  2.85%   400  378s
  1399  1515 1837309.00  477  974 1786415.00 1837309.00  2.85%   400  400s
  1573  1689 1837309.00  580  939 1786415.00 1837309.00  2.85%   398  429s
H 1757  1689                    1786438.0000 1837309.00  2.85%   391  429s
  1758  1892 1837309.00  697  912 1786438.00 1837309.00  2.85%   392  455s
  1972  1908 1837309.00  826  971 1786438.00 1837309.00  2.85%   387  497s
H 1975  1908                    1789933.0000 1837309.00  2.65%   387  497s

Cutting planes:
  Gomory: 41
  Cover: 1427
  Clique: 1251
  MIR: 494
  StrongCG: 57

Explored 1988 nodes (1059161 simplex iterations) in 497.74 seconds (680.00 work units)
Thread count was 4 (of 4 available processors)

Solution count 10: 1.78993e+06 1.78644e+06 1.78642e+06 ... 1.72539e+06

Time limit reached
Best objective 1.789933000000e+06, best bound 1.837309000000e+06, gap 2.6468%
