
Gurobi 11.0.2 (win64) logging started Wed Aug 14 16:44:05 2024

Set parameter LogFile to value "D:\Documenti\Scuola\Laurea magistrale unibs\laurea-unibs-mkfsp\output\2024-08-14T14_41_11.310527\logs\instance12_bucket2.log"
Set parameter TimeLimit to value 500
Set parameter MIPGap to value 0
Gurobi Optimizer version 11.0.2 build v11.0.2rc0 (win64 - Windows 10.0 (19045.2))

CPU model: Intel(R) Core(TM) i5-4670 CPU @ 3.40GHz, instruction set [SSE2|AVX|AVX2]
Thread count: 4 physical cores, 4 logical processors, using up to 4 threads

Optimize a model with 5411 rows, 27555 columns and 776109 nonzeros
Model fingerprint: 0x3f433697
Variable types: 0 continuous, 27555 integer (27345 binary)
Coefficient statistics:
  Matrix range     [1e+00, 8e+03]
  Objective range  [6e+02, 8e+03]
  Bounds range     [1e+00, 1e+00]
  RHS range        [1e+00, 9e+05]
Found heuristic solution: objective 886650.00000
Presolve time: 2.00s
Presolved: 5411 rows, 27555 columns, 776109 nonzeros
Variable types: 0 continuous, 27555 integer (27345 binary)
Found heuristic solution: objective 986152.00000
Deterministic concurrent LP optimizer: primal simplex, dual simplex, and barrier
Showing barrier log only...

Root barrier log...

Ordering time: 0.07s

Barrier statistics:
 AA' NZ     : 8.300e+05
 Factor NZ  : 1.050e+06 (roughly 20 MB of memory)
 Factor Ops : 5.558e+08 (less than 1 second per iteration)
 Threads    : 2

Barrier performed 0 iterations in 2.70 seconds (1.93 work units)
Barrier solve interrupted - model solved by another algorithm

Concurrent spin time: 0.16s (can be avoided by choosing Method=3)

Solved with dual simplex

Root relaxation: objective 1.236372e+06, 1599 iterations, 0.64 seconds (0.39 work units)

    Nodes    |    Current Node    |     Objective Bounds      |     Work
 Expl Unexpl |  Obj  Depth IntInf | Incumbent    BestBd   Gap | It/Node Time

H    0     0                    1236372.0000 1236372.00  0.00%     -    2s
     0     0 1236372.00    0 1219 1236372.00 1236372.00  0.00%     -    2s

Explored 1 nodes (1599 simplex iterations) in 2.81 seconds (1.95 work units)
Thread count was 4 (of 4 available processors)

Solution count 3: 1.23637e+06 986152 886650 

Optimal solution found (tolerance 0.00e+00)
Best objective 1.236372000000e+06, best bound 1.236372000000e+06, gap 0.0000%
