
Gurobi 11.0.2 (win64) logging started Wed Aug 14 10:53:46 2024

Set parameter LogFile to value "D:\Documenti\Scuola\Laurea magistrale unibs\laurea-unibs-mkfsp\output\2024-08-14T08_52_45.517425\logs\instance01_bucket2.log"
Set parameter TimeLimit to value 500
Set parameter MIPGap to value 0
Gurobi Optimizer version 11.0.2 build v11.0.2rc0 (win64 - Windows 10.0 (19045.2))

CPU model: Intel(R) Core(TM) i5-4670 CPU @ 3.40GHz, instruction set [SSE2|AVX|AVX2]
Thread count: 4 physical cores, 4 logical processors, using up to 4 threads

Optimize a model with 293 rows, 791 columns and 8351 nonzeros
Model fingerprint: 0xc34cbc25
Variable types: 0 continuous, 791 integer (773 binary)
Coefficient statistics:
  Matrix range     [1e+00, 8e+03]
  Objective range  [6e+02, 8e+03]
  Bounds range     [1e+00, 1e+00]
  RHS range        [1e+00, 9e+04]
Presolve time: 0.01s
Presolved: 293 rows, 791 columns, 8351 nonzeros
Variable types: 0 continuous, 791 integer (773 binary)

Root relaxation: objective 9.975292e+04, 363 iterations, 0.01 seconds (0.01 work units)

    Nodes    |    Current Node    |     Objective Bounds      |     Work
 Expl Unexpl |  Obj  Depth IntInf | Incumbent    BestBd   Gap | It/Node Time

     0     0 99752.9194    0  124          - 99752.9194      -     -    0s
     0     0 99269.0000    0  309          - 99269.0000      -     -    0s
     0     0 99269.0000    0  226          - 99269.0000      -     -    0s
     0     0 99269.0000    0  142          - 99269.0000      -     -    0s
     0     0 99269.0000    0  166          - 99269.0000      -     -    0s
     0     0 99269.0000    0  168          - 99269.0000      -     -    0s
     0     0 99269.0000    0  149          - 99269.0000      -     -    0s
     0     0 99269.0000    0   99          - 99269.0000      -     -    0s
     0     2 99269.0000    0   99          - 99269.0000      -     -    1s
  1110   900 98894.8117   20  335          - 99269.0000      -   211    5s
H 1212   931                    86790.000000 99269.0000  14.4%   215    6s
H 1212   885                    87480.000000 99269.0000  13.5%   215    6s
H 1213   841                    87492.000000 99269.0000  13.5%   214    7s
H 1213   798                    88233.000000 99269.0000  12.5%   214    7s
H 1215   760                    88394.000000 99269.0000  12.3%   214    8s
  1218   762 92627.0000   47  290 88394.0000 99269.0000  12.3%   214   10s
H 1254   751                    89101.000000 99269.0000  11.4%   257   13s
H 1283   736                    89195.000000 99269.0000  11.3%   273   14s
H 1286   701                    89267.000000 99269.0000  11.2%   274   14s
H 1316   689                    89638.000000 99269.0000  10.7%   281   14s
  1319   697 99029.7920   22  358 89638.0000 99269.0000  10.7%   281   15s
H 1348   684                    89695.000000 99269.0000  10.7%   285   15s
H 1386   677                    89749.000000 99269.0000  10.6%   292   16s
H 1388   648                    89813.000000 99269.0000  10.5%   292   16s
H 1457   665                    89955.000000 99269.0000  10.4%   298   19s
  1477   697 98640.3756   38  367 89955.0000 99269.0000  10.4%   299   20s
H 1637   744                    90049.000000 99269.0000  10.2%   301   22s
H 1677   742                    90588.000000 99269.0000  9.58%   305   23s
  1798   798 94845.5869   70  240 90588.0000 99269.0000  9.58%   304   25s
H 1809   768                    90805.000000 99269.0000  9.32%   304   25s
H 1819   737                    91314.000000 99269.0000  8.71%   304   25s
  1975   847 98490.7252   27  358 91314.0000 99269.0000  8.71%   310   30s
  2507  1136 92798.0253   83  130 91314.0000 99269.0000  8.71%   297   35s
  3307  1822 93015.0000   97   75 91314.0000 99134.3363  8.56%   276   40s
  3954  2384 96250.9739   49  204 91314.0000 99086.3527  8.51%   273   45s
  5051  3310 98382.5442   20  391 91314.0000 98930.0336  8.34%   247   50s
H 5780  3797                    91578.000000 98891.3769  7.99%   230   53s
  6286  4267 97428.0870   42  333 91578.0000 98864.4979  7.96%   221   55s
  7653  5520 92519.0826   42  168 91578.0000 98824.7659  7.91%   208   60s
  9436  6962 96462.6332   44  267 91578.0000 98778.4755  7.86%   193   66s
 10731  7841 95806.9167   47  228 91578.0000 98759.4630  7.84%   189   70s
 12024  8887 93452.0000   63   87 91578.0000 98745.2306  7.83%   190   75s
 14042 10437     cutoff   66      91578.0000 98716.6144  7.80%   183   81s
H14997 10845                    91720.000000 98709.7159  7.62%   181   84s
 15016 11183 95036.4032   58  214 91720.0000 98703.4530  7.61%   181   85s
 16611 12534 96028.7560   45  265 91720.0000 98678.2750  7.59%   180   90s
 18434 13832 94769.9647   44  177 91720.0000 98657.2947  7.56%   175   96s
 19719 14743 94762.2133   40  210 91720.0000 98645.4045  7.55%   172  100s
H21027 14944                    92299.000000 98628.3940  6.86%   170  115s
 21033 14948 95776.0000   30  325 92299.0000 98628.3940  6.86%   170  120s
 21037 14951 93272.8976   94  338 92299.0000 98628.3940  6.86%   170  125s
 21042 14957 98628.3940   21  330 92299.0000 98628.3940  6.86%   171  130s
H21132 14268                    92309.000000 98628.3940  6.85%   174  133s
 21183 14313 97936.9953   37  372 92309.0000 98628.3940  6.85%   175  135s
 21411 14462 95055.5515   59  202 92309.0000 98628.3940  6.85%   178  140s
 21717 14607 98320.8018   29  344 92309.0000 98628.3940  6.85%   180  145s
 22016 14818 95713.8478   58  180 92309.0000 98628.3940  6.85%   184  150s
 22393 14982 98439.4631   33  350 92309.0000 98628.3940  6.85%   185  155s
 22720 15144 98522.3813   35  366 92309.0000 98628.3940  6.85%   187  161s
 23158 15462 98612.3975   36  342 92309.0000 98628.3940  6.85%   188  166s
 23803 15759 98251.5233   29  381 92309.0000 98628.3940  6.85%   188  170s
 24547 16205 98456.8111   29  348 92309.0000 98628.3940  6.85%   187  175s
 25728 16627 93509.0000   42  191 92309.0000 98628.3940  6.85%   188  181s
H25729 15916                    92320.000000 98628.3940  6.83%   188  181s
 25992 16195 95389.7858   74  242 92320.0000 98628.3940  6.83%   188  185s
 26937 16521 94968.0000   40  187 92320.0000 98628.3940  6.83%   185  191s
 28019 16956 94299.0000   45  218 92320.0000 98616.2096  6.82%   186  196s
 28845 17595 93897.0000   37  208 92320.0000 98597.5792  6.80%   187  200s
 30818 18494 94204.4112   53  160 92320.0000 98575.6193  6.78%   183  207s
 31929 18788 93819.4099   49  158 92320.0000 98551.0000  6.75%   183  212s
 32755 19166 98080.3530   35  353 92320.0000 98548.0000  6.75%   185  217s
 33181 19356 97145.0000   38  204 92320.0000 98548.0000  6.75%   187  220s
 34257 19885 96511.0414   53  252 92320.0000 98548.0000  6.75%   188  225s
 35041 20318 97001.8265   39  294 92320.0000 98548.0000  6.75%   188  230s
 36573 20904 92699.0000   67  109 92320.0000 98548.0000  6.75%   187  236s
 37340 21373 93749.0000   63   95 92320.0000 98533.1904  6.73%   188  240s
 39083 21739 92403.0000   82   67 92320.0000 98511.8387  6.71%   187  248s
 39119 22220 97316.8253   42  268 92320.0000 98510.8983  6.71%   187  250s
 40810 22752 96509.0095   39  254 92320.0000 98498.3576  6.69%   185  256s
 41534 23129 93426.6452   80  192 92320.0000 98492.4620  6.69%   186  260s
 42500 23439 95115.0851   71  196 92320.0000 98490.0000  6.68%   186  265s
 43346 24131 94022.6969   92   82 92320.0000 98490.0000  6.68%   188  270s
 44413 24604 97142.0000   37  205 92320.0000 98490.0000  6.68%   188  275s
 45895 25283 92618.0000   84  110 92320.0000 98490.0000  6.68%   189  281s
 46849 25708 95391.1535   59  233 92320.0000 98490.0000  6.68%   189  286s
 47791 26095 96329.0000   44  179 92320.0000 98490.0000  6.68%   189  290s
 48709 26469 92701.8960   72  170 92320.0000 98490.0000  6.68%   189  295s
 49898 27086 98252.0500   32  326 92320.0000 98489.0000  6.68%   190  302s
 50796 27444 94376.0000   61  123 92320.0000 98485.7528  6.68%   190  306s
 51651 28076 96966.3871   54  327 92320.0000 98482.3644  6.68%   191  310s
 53276 28610 92916.0208   62  205 92320.0000 98473.9103  6.67%   190  316s
 54455 28987 98002.8312   37  335 92320.0000 98463.8287  6.65%   189  321s
 55835 29459 92640.1157   95  106 92320.0000 98458.8679  6.65%   188  325s
 57413 30340     cutoff  101      92320.0000 98448.9391  6.64%   188  330s
 59234 31007 96429.9575   55  320 92320.0000 98434.8114  6.62%   186  335s
 60665 31685 93129.0000   52  138 92320.0000 98425.0023  6.61%   186  340s
 61778 32318 97753.9759   34  351 92320.0000 98419.8864  6.61%   187  346s
 62698 35227 94400.4214   78  215 92320.0000 98413.2390  6.60%   187  357s
 66050 35786 95466.5303   50  338 92320.0000 98397.0049  6.58%   184  360s
 68223 37442 97740.9888   37  385 92320.0000 98387.1102  6.57%   183  366s
 69690 38595 93054.4214   57  165 92320.0000 98381.1403  6.57%   183  370s
 71456 39831 96340.3699   59  251 92320.0000 98373.6887  6.56%   182  376s
 72478 40422 95183.1225   69  207 92320.0000 98366.6407  6.55%   181  381s
 74251 41756 96838.8412   46  267 92320.0000 98359.7587  6.54%   180  386s
 75560 42891 94847.7042   74  177 92320.0000 98351.8225  6.53%   180  390s
 77644 44289 96368.7639   48  247 92320.0000 98343.4340  6.52%   179  396s
 79188 45577 98111.6920   35  352 92320.0000 98338.3922  6.52%   179  401s
 80731 46701 97142.0000   36  299 92320.0000 98332.8328  6.51%   179  406s
 81817 47772 95223.0809   62  238 92320.0000 98330.1625  6.51%   179  410s
 83796 49349 96649.3078   45  295 92320.0000 98326.1396  6.51%   179  416s
 84749 49891 97883.9022   34  353 92320.0000 98323.5297  6.50%   178  420s
 86436 51231 97830.7250   45  378 92320.0000 98316.7544  6.50%   177  425s
 87944 52459 98033.6335   44  326 92320.0000 98312.3893  6.49%   177  430s
 89190 53361 94264.8822   71  161 92320.0000 98308.1496  6.49%   176  435s
 90770 54599 93743.0000   49  117 92320.0000 98301.8313  6.48%   176  441s
 92382 55873 95481.0000   37  184 92320.0000 98291.2814  6.47%   175  445s
 93789 57071 93178.3992   79  182 92320.0000 98287.6627  6.46%   174  450s
 95438 58209 96051.9484   65  202 92320.0000 98279.8747  6.46%   174  456s
 96939 59474 92495.0000   61  123 92320.0000 98275.4985  6.45%   173  460s
 98399 60474 96737.0653   46  244 92320.0000 98269.9502  6.44%   172  465s
 99898 61574 94016.0000   44  234 92320.0000 98265.8252  6.44%   172  471s
 100907 62306 93412.0000   62  100 92320.0000 98264.9810  6.44%   173  476s
 101998 63359 94624.0920   70  313 92320.0000 98262.2156  6.44%   173  481s
 103504 64458 96070.0645   65  275 92320.0000 98259.1452  6.43%   172  485s
 104176 66775 93937.7730   48  249 92320.0000 98257.8661  6.43%   172  500s

Cutting planes:
  Gomory: 5
  Cover: 1
  Flow cover: 1
  Zero half: 1
  RLT: 24

Explored 107126 nodes (18369378 simplex iterations) in 500.11 seconds (828.80 work units)
Thread count was 4 (of 4 available processors)

Solution count 10: 92320 92309 92299 ... 89955

Time limit reached
Best objective 9.232000000000e+04, best bound 9.825000000000e+04, gap 6.4233%
