
Gurobi 11.0.2 (win64) logging started Wed Aug 14 11:53:54 2024

Set parameter LogFile to value "D:\Documenti\Scuola\Laurea magistrale unibs\laurea-unibs-mkfsp\output\2024-08-14T08_52_45.517425\logs\instance07_bucket2.log"
Set parameter TimeLimit to value 500
Set parameter MIPGap to value 0
Gurobi Optimizer version 11.0.2 build v11.0.2rc0 (win64 - Windows 10.0 (19045.2))

CPU model: Intel(R) Core(TM) i5-4670 CPU @ 3.40GHz, instruction set [SSE2|AVX|AVX2]
Thread count: 4 physical cores, 4 logical processors, using up to 4 threads

Optimize a model with 788 rows, 2099 columns and 57615 nonzeros
Model fingerprint: 0x9f9e7852
Variable types: 0 continuous, 2099 integer (2052 binary)
Coefficient statistics:
  Matrix range     [1e+00, 8e+03]
  Objective range  [6e+02, 8e+03]
  Bounds range     [1e+00, 1e+00]
  RHS range        [1e+00, 2e+05]
Presolve time: 0.10s
Presolved: 788 rows, 2099 columns, 57615 nonzeros
Variable types: 0 continuous, 2099 integer (2052 binary)

Root relaxation: objective 2.495196e+05, 2802 iterations, 0.33 seconds (0.62 work units)

    Nodes    |    Current Node    |     Objective Bounds      |     Work
 Expl Unexpl |  Obj  Depth IntInf | Incumbent    BestBd   Gap | It/Node Time

     0     0 249519.605    0  477          - 249519.605      -     -    1s
     0     0 249110.585    0  809          - 249110.585      -     -    2s
     0     0 248993.216    0  654          - 248993.216      -     -    3s
     0     0 248993.216    0  609          - 248993.216      -     -    3s
     0     0 248704.637    0  552          - 248704.637      -     -    8s
     0     0 248649.122    0  682          - 248649.122      -     -    9s
     0     0 248627.839    0  622          - 248627.839      -     -   10s
     0     0 248607.180    0  581          - 248607.180      -     -   10s
     0     0 248534.676    0  817          - 248534.676      -     -   12s
     0     0 248534.676    0  671          - 248534.676      -     -   14s
     0     2 248534.676    0  518          - 248534.676      -     -   18s
    47    54 247966.763   12  354          - 248534.676      -   562   20s
  1137  1052 242490.000  218  188          - 248534.676      -   155   25s
  1708  1569 240181.000  332  170          - 248534.676      -   187   30s
  1984  1793 241151.242  248 1238          - 248534.676      -   184   37s
  1986  1794 241696.000  254 1266          - 248534.676      -   184   41s
  1989  1796 241958.000  204 1162          - 248534.676      -   184   47s
  1990  1800 248534.676   14 1210          - 248534.676      -  18.6   51s
  1996  1806 248208.690   16 1175          - 248534.676      -  32.7   56s
  2000  1809 248143.168   16 1143          - 248534.676      -  46.3   62s
  2008  1814 247942.172   17 1114          - 248534.676      -  80.4   66s
H 2016  1729                    222187.00000 248534.676  11.9%  92.3   70s
H 2020  1646                    224103.00000 248534.676  10.9%   101   73s
H 2020  1565                    227197.00000 248534.676  9.39%   101   73s
H 2021  1488                    227206.00000 248534.676  9.39%   102   73s
H 2022  1414                    227501.00000 248534.676  9.25%   104   73s
H 2023  1344                    227957.00000 248534.676  9.03%   106   73s
  2024  1348 244662.000   19  759 227957.000 248534.676  9.03%   110   76s
  2032  1353 243079.000   20  628 227957.000 248534.676  9.03%   126   81s
  2042  1361 246721.000   21  947 227957.000 248534.676  9.03%   158   86s
H 2051  1303                    228671.00000 248534.676  8.69%   171   90s
  2062  1310 246065.561   24  890 228671.000 248534.676  8.69%   192   95s
  2074  1320 247851.617   26 1119 228671.000 248534.676  8.69%   211  104s
  2083  1324 246607.000   27  959 228671.000 248534.676  8.69%   253  108s
H 2086  1260                    228679.00000 248534.676  8.68%   256  108s
  2090  1269 247804.145   28 1067 228679.000 248534.676  8.68%   262  110s
  2110  1282 244595.000   30  813 228679.000 248534.676  8.68%   288  116s
  2120  1287 247760.013   32 1125 228679.000 248534.676  8.68%   302  120s
H 2121  1226                    228681.00000 248534.676  8.68%   302  120s
H 2121  1170                    228916.00000 248534.676  8.57%   302  120s
H 2125  1115                    230623.00000 248534.676  7.77%   305  120s
  2141  1132 243736.000   34  662 230623.000 248534.676  7.77%   326  127s
  2150  1142 245358.000   35  876 230623.000 248534.676  7.77%   339  131s
H 2153  1090                    231341.00000 248534.676  7.43%   341  131s
  2178  1104 244527.000   39  721 231341.000 248534.676  7.43%   370  138s
  2186  1117 246518.055   40 1115 231341.000 248534.676  7.43%   383  141s
H 2188  1067                    231345.00000 248534.676  7.43%   384  141s
  2201  1081 247467.168   42 1018 231345.000 248534.676  7.43%   399  145s
H 2232  1052                    232178.00000 248534.676  7.04%   432  153s
  2247  1068 245531.000   47  777 232178.000 248534.676  7.04%   447  156s
  2268  1081 247091.935   50 1012 232178.000 248534.676  7.04%   465  160s
H 2281  1033                    232199.00000 248534.676  7.04%   474  160s
  2313  1070 246335.187   56 1001 232199.000 248534.676  7.04%   500  168s
  2339  1094 244034.000   59  814 232199.000 248534.676  7.04%   517  172s
  2372  1115 244034.000   64  779 232199.000 248534.676  7.04%   537  176s
H 2389  1067                    232507.00000 248534.676  6.89%   546  176s
  2404  1099 244034.000   68  734 232507.000 248534.676  6.89%   554  180s
  2495  1175 243924.364   81  752 232507.000 248534.676  6.89%   588  188s
  2547  1215 243663.524   90  744 232507.000 248534.676  6.89%   603  193s
  2605  1254 243537.602   99  728 232507.000 248534.676  6.89%   616  197s
  2663  1298 243119.071  108  737 232507.000 248534.676  6.89%   629  201s
H 2681  1253                    232525.00000 248534.676  6.89%   631  201s
  2726  1308 242547.252  117  719 232525.000 248534.676  6.89%   638  206s
  2805  1328 infeasible  127      232525.000 248534.676  6.89%   649  211s
  2854  1351 248534.676   21 1200 232525.000 248534.676  6.89%   663  216s
  2902  1355 247448.463   23 1077 232525.000 248534.676  6.89%   679  221s
  2936  1371 247992.391   26 1168 232525.000 248534.676  6.89%   692  227s
  2978  1379 247413.898   28 1147 232525.000 248534.676  6.89%   709  233s
  3010  1398 247065.410   31 1045 232525.000 248534.676  6.89%   721  239s
  3048  1418 247088.770   35 1014 232525.000 248534.676  6.89%   737  245s
H 3087  1409                    233237.00000 248534.676  6.56%   752  251s
  3129  1440 246438.661   45  970 233237.000 248534.676  6.56%   769  258s
  3174  1470 244572.000   50  789 233237.000 248534.676  6.56%   783  264s
H 3185  1431                    233295.00000 248534.676  6.53%   787  264s
  3219  1487 246318.832   56  971 233295.000 248534.676  6.53%   799  271s
  3287  1511 245757.053   62  968 233295.000 248534.676  6.53%   814  278s
  3337  1545 245121.661   67  892 233295.000 248534.676  6.53%   831  286s
  3401  1577 244283.000   83  781 233295.000 248534.676  6.53%   845  294s
  3464  1621 244213.023   98  775 233295.000 248534.676  6.53%   861  301s
  3535  1650 243631.693  116  715 233295.000 248534.676  6.53%   876  310s
  3596  1674 241510.000  129  671 233295.000 248534.676  6.53%   892  318s
  3652  1720 248534.676   19 1129 233295.000 248534.676  6.53%   913  328s
  3718  1772 248136.901   27 1111 233295.000 248534.676  6.53%   930  337s
  3792  1907 247590.316   31 1138 233295.000 248534.676  6.53%   949  346s
  3952  1932 246631.465   44 1036 233295.000 248534.676  6.53%   950  357s
  4054  1981 246089.353   56  929 233295.000 248534.676  6.53%   962  368s
  4163  2034 245346.552   67  927 233295.000 248534.676  6.53%   972  379s
  4235  2099 244662.848   77  835 233295.000 248534.676  6.53%   987  391s
  4313  2179 238447.000   93  545 233295.000 248534.676  6.53%  1002  402s
  4393  2328 240754.000  103  612 233295.000 248534.676  6.53%  1022  414s
  4555  2415 239182.000  157  570 233295.000 248534.676  6.53%  1032  426s
  4669  2520 248534.676   22 1213 233295.000 248534.676  6.53%  1051  439s
  4805  2679 248534.676   34 1167 233295.000 248534.676  6.53%  1061  452s
  4974  2791 247416.917   40 1073 233295.000 248534.676  6.53%  1065  466s
  5102  2884 246037.461   54  926 233295.000 248534.676  6.53%  1071  482s
  5236  2984 244822.696   75  996 233295.000 248534.676  6.53%  1080  497s
H 5329  2984                    234050.00000 248534.676  6.19%  1094  497s
  5348  3004 242162.000   84  678 234050.000 248534.676  6.19%  1095  500s

Cutting planes:
  Gomory: 5

Explored 5368 nodes (6282078 simplex iterations) in 500.02 seconds (1042.28 work units)
Thread count was 4 (of 4 available processors)

Solution count 10: 234050 233295 233237 ... 230623

Time limit reached
Best objective 2.340500000000e+05, best bound 2.485340000000e+05, gap 6.1884%
