
Gurobi 11.0.2 (win64) logging started Wed Aug 14 11:03:48 2024

Set parameter LogFile to value "D:\Documenti\Scuola\Laurea magistrale unibs\laurea-unibs-mkfsp\output\2024-08-14T08_52_45.517425\logs\instance02_bucket2.log"
Set parameter TimeLimit to value 500
Set parameter MIPGap to value 0
Gurobi Optimizer version 11.0.2 build v11.0.2rc0 (win64 - Windows 10.0 (19045.2))

CPU model: Intel(R) Core(TM) i5-4670 CPU @ 3.40GHz, instruction set [SSE2|AVX|AVX2]
Thread count: 4 physical cores, 4 logical processors, using up to 4 threads

Optimize a model with 1063 rows, 4612 columns and 49581 nonzeros
Model fingerprint: 0xef6fb723
Variable types: 0 continuous, 4612 integer (4561 binary)
Coefficient statistics:
  Matrix range     [1e+00, 8e+03]
  Objective range  [6e+02, 8e+03]
  Bounds range     [1e+00, 1e+00]
  RHS range        [1e+00, 3e+05]
Presolve time: 0.06s
Presolved: 1063 rows, 4612 columns, 49581 nonzeros
Variable types: 0 continuous, 4612 integer (4561 binary)

Root relaxation: objective 2.972853e+05, 2069 iterations, 0.15 seconds (0.28 work units)

    Nodes    |    Current Node    |     Objective Bounds      |     Work
 Expl Unexpl |  Obj  Depth IntInf | Incumbent    BestBd   Gap | It/Node Time

     0     0 297285.253    0  484          - 297285.253      -     -    1s
H    0     0                    257841.00000 297163.229  15.3%     -    2s
     0     0 297131.547    0  878 257841.000 297131.547  15.2%     -    2s
H    0     0                    257921.00000 297131.547  15.2%     -    2s
     0     0 296820.395    0  669 257921.000 296820.395  15.1%     -    3s
     0     0 296445.830    0  448 257921.000 296445.830  14.9%     -    7s
     0     0 296439.886    0  509 257921.000 296439.886  14.9%     -    7s
     0     0 296394.333    0  869 257921.000 296394.333  14.9%     -    8s
     0     0 296394.333    0  456 257921.000 296394.333  14.9%     -   10s
     0     2 296394.333    0  427 257921.000 296394.333  14.9%     -   12s
H   28    33                    263261.00000 296394.333  12.6%  1108   15s
H   64    66                    264590.00000 296394.333  12.0%   575   16s
H  100   102                    264683.00000 296394.333  12.0%   421   17s
H  128   133                    264776.00000 296394.333  11.9%   353   17s
H  129   133                    265391.00000 296394.333  11.7%   352   17s
H  158   165                    265392.00000 296394.333  11.7%   312   18s
H  202   199                    266007.00000 296394.333  11.4%   270   19s
   285   287 291458.000   73  334 266007.000 296394.333  11.4%   234   20s
H  415   406                    266088.00000 296394.333  11.4%   215   23s
H  416   406                    266198.00000 296394.333  11.3%   216   23s
   593   597 291458.000  143  300 266198.000 296394.333  11.3%   201   25s
H  834   818                    266215.00000 296394.333  11.3%   201   28s
H  842   818                    266216.00000 296394.333  11.3%   202   28s
  1020  1032 291458.000  226  248 266216.000 296394.333  11.3%   204   30s
  1256  1213 291270.200  278  302 266216.000 296394.333  11.3%   209   35s
H 1259  1213                    266326.00000 296394.333  11.3%   210   35s
  1558  1519 291458.000  338  224 266326.000 296394.333  11.3%   222   40s
  1775  1702 291458.000  365  251 266326.000 296394.333  11.3%   239   45s
  1979  1891 291368.125  389  268 266326.000 296394.333  11.3%   257   50s
  2142  2022 291458.000  420  250 266326.000 296394.333  11.3%   276   56s
  2301  2135 290554.889  445  248 266326.000 296394.333  11.3%   293   62s
H 2314  2135                    266396.00000 296394.333  11.3%   293   62s
  2386  2231 289991.000  469  202 266396.000 296394.333  11.3%   301   65s
  2487  2283 289991.000  493  249 266396.000 296394.333  11.3%   319   72s
H 2488  2283                    266443.00000 296394.333  11.2%   319   72s
H 2496  2283                    267011.00000 296394.333  11.0%   321   72s
  2538  2361 289991.000  497  225 267011.000 296394.333  11.0%   330   75s
  2692  2512 288521.000  514  266 267011.000 296394.333  11.0%   357   81s
  2830  2629 288349.000  543  291 267011.000 296394.333  11.0%   374   85s
  2976  2732 288521.000  568  239 267011.000 296394.333  11.0%   386   90s
  3077  2780 288521.000  582  255 267011.000 296394.333  11.0%   408   95s
  3186  2892 288521.000  597  283 267011.000 296394.333  11.0%   437  102s
  3291  2986 287724.000  618  253 267011.000 296394.333  11.0%   457  106s
  3372  3056 287724.000  632  266 267011.000 296394.333  11.0%   470  112s
  3489  3158 286675.300  646  299 267011.000 296394.333  11.0%   489  117s
  3551  3221 285553.000  655  222 267011.000 296394.333  11.0%   497  120s
  3634  3328 285553.000  669  235 267011.000 296394.333  11.0%   505  126s
  3845  3495 285452.348  709  313 267011.000 296394.333  11.0%   513  132s
  3942  3593 282805.556  729  232 267011.000 296394.333  11.0%   520  135s
  4175  3779 281668.528  769  260 267011.000 296394.333  11.0%   530  142s
  4261  3925 281511.000  783  244 267011.000 296394.333  11.0%   531  146s
  4419  3993 280073.000  828  229 267011.000 296394.333  11.0%   533  150s
  4684  4402 279364.000  869  210 267011.000 296394.333  11.0%   534  157s
  4931  4612 278512.939  897  298 267011.000 296394.333  11.0%   530  162s
H 5155  4612                    267785.00000 296394.333  10.7%   525  164s
  5156  4613 292509.000  217  456 267785.000 296394.333  10.7%   525  165s
  5158  4614 291591.000  125 1014 267785.000 296394.333  10.7%   525  173s
  5159  4615 292509.000  135 1014 267785.000 296394.333  10.7%   525  176s
H 5159  4384                    270376.00000 296394.333  9.62%   525  184s
H 5160  4167                    271150.00000 296394.333  9.31%   537  192s
  5161  4168 296394.333   11 1048 271150.000 296394.333  9.31%   542  195s
  5167  4174 296394.333   13  968 271150.000 296394.333  9.31%   549  202s
  5171  4177 292916.000   13  614 271150.000 296394.333  9.31%   555  208s
H 5175  3972                    271857.00000 296394.333  9.03%   566  210s
H 5176  3773                    271869.00000 296394.333  9.02%   567  210s
H 5177  3585                    271975.00000 296394.333  8.98%   568  210s
  5191  3596 296394.333   16 1022 271975.000 296394.333  8.98%   578  218s
  5199  3603 296394.333   17  999 271975.000 296394.333  8.98%   585  221s
  5204  3605 296394.333   18  995 271975.000 296394.333  8.98%   590  226s
  5208  3608 292355.000   18  645 271975.000 296394.333  8.98%   600  230s
H 5209  3428                    272630.00000 296394.333  8.72%   600  230s
H 5210  3259                    273296.00000 296394.333  8.45%   601  230s
  5218  3266 296384.371   20  916 273296.000 296394.333  8.45%   608  237s
  5229  3278 293596.000   21  737 273296.000 296394.333  8.45%   617  242s
  5237  3279 294053.000   22  692 273296.000 296394.333  8.45%   621  245s
H 5241  3126                    276172.00000 296394.333  7.32%   624  247s
  5250  3127 296190.840   24  951 276172.000 296394.333  7.32%   630  250s
  5269  3139 293330.000   26  688 276172.000 296394.333  7.32%   642  257s
  5273  3151 296137.025   27  994 276172.000 296394.333  7.32%   646  260s
  5298  3168 296117.945   29  935 276172.000 296394.333  7.32%   656  265s
  5311  3167 291270.000   30  596 276172.000 296394.333  7.32%   663  271s
  5326  3188 295822.285   32 1015 276172.000 296394.333  7.32%   679  277s
  5341  3188 295753.458   34  864 276172.000 296394.333  7.32%   686  281s
  5361  3212 295615.802   36  927 276172.000 296394.333  7.32%   696  287s
  5376  3222 291509.000   37  717 276172.000 296394.333  7.32%   704  290s
  5391  3232 294445.000   39  903 276172.000 296394.333  7.32%   710  295s
  5423  3256 295216.549   43  967 276172.000 296394.333  7.32%   726  302s
H 5436  3098                    276806.00000 296394.333  7.08%   731  302s
  5441  3106 295213.246   45  775 276806.000 296394.333  7.08%   734  306s
  5471  3137 295209.125   49  819 276806.000 296394.333  7.08%   747  313s
  5495  3161 295198.410   53  808 276806.000 296394.333  7.08%   756  317s
  5527  3171 295175.079   58  792 276806.000 296394.333  7.08%   766  322s
  5550  3199 289789.000   61  574 276806.000 296394.333  7.08%   773  326s
  5586  3222 289789.000   67  644 276806.000 296394.333  7.08%   783  330s
  5669  3287 289789.000   79  673 276806.000 296394.333  7.08%   805  339s
  5715  3314 289789.000   86  582 276806.000 296394.333  7.08%   815  344s
H 5756  3155                    276953.00000 296394.333  7.02%   825  344s
  5757  3198 289789.000   92  609 276953.000 296394.333  7.02%   826  349s
  5800  3235 289789.000   99  609 276953.000 296394.333  7.02%   837  354s
  5852  3264 289388.335  107  638 276953.000 296394.333  7.02%   849  359s
H 5886  3115                    277736.00000 296394.333  6.72%   858  359s
  5898  3151 289789.000  115  614 277736.000 296394.333  6.72%   861  431s
  5938  3168 289789.000  120  591 277736.000 296394.333  6.72%   869  437s
  5969  3213 289655.727  123  630 277736.000 296394.333  6.72%   880  443s
  6024  3250 289122.000  133  608 277736.000 296394.333  6.72%   892  451s
  6083  3299 289448.276  144  678 277736.000 296394.333  6.72%   904  457s
  6152  3298 288325.085  157  630 277736.000 296394.333  6.72%   916  466s
  6176  3360 288268.435  158  656 277736.000 296394.333  6.72%   920  473s
  6246  3414 288114.301  164  661 277736.000 296394.333  6.72%   930  480s
H 6297  3265                    277756.00000 296394.333  6.71%   938  480s
  6323  3339 286749.400  177  619 277756.000 296394.333  6.71%   939  488s
  6408  3371 285992.289  191  556 277756.000 296394.333  6.71%   950  496s
  6496  3362 infeasible  200      277756.000 296394.333  6.71%   960  500s

Explored 6537 nodes (6361990 simplex iterations) in 500.02 seconds (909.10 work units)
Thread count was 4 (of 4 available processors)

Solution count 10: 277756 277736 276953 ... 271857

Time limit reached
Best objective 2.777560000000e+05, best bound 2.963940000000e+05, gap 6.7102%
