
Gurobi 11.0.2 (win64) logging started Wed Aug 14 11:23:47 2024

Set parameter LogFile to value "D:\Documenti\Scuola\Laurea magistrale unibs\laurea-unibs-mkfsp\output\2024-08-14T08_52_45.517425\logs\instance04_bucket2.log"
Set parameter TimeLimit to value 500
Set parameter MIPGap to value 0
Gurobi Optimizer version 11.0.2 build v11.0.2rc0 (win64 - Windows 10.0 (19045.2))

CPU model: Intel(R) Core(TM) i5-4670 CPU @ 3.40GHz, instruction set [SSE2|AVX|AVX2]
Thread count: 4 physical cores, 4 logical processors, using up to 4 threads

Optimize a model with 382 rows, 736 columns and 19880 nonzeros
Model fingerprint: 0xa0a4c886
Variable types: 0 continuous, 736 integer (718 binary)
Coefficient statistics:
  Matrix range     [1e+00, 8e+03]
  Objective range  [6e+02, 8e+03]
  Bounds range     [1e+00, 1e+00]
  RHS range        [1e+00, 8e+04]
Presolve time: 0.03s
Presolved: 382 rows, 736 columns, 19880 nonzeros
Variable types: 0 continuous, 736 integer (718 binary)

Root relaxation: objective 9.394775e+04, 546 iterations, 0.02 seconds (0.04 work units)

    Nodes    |    Current Node    |     Objective Bounds      |     Work
 Expl Unexpl |  Obj  Depth IntInf | Incumbent    BestBd   Gap | It/Node Time

     0     0 93947.7457    0  149          - 93947.7457      -     -    0s
     0     0 90807.0034    0  294          - 90807.0034      -     -    0s
     0     0 90807.0000    0  235          - 90807.0000      -     -    0s
     0     0 90807.0000    0  241          - 90807.0000      -     -    0s
     0     0 90807.0000    0  265          - 90807.0000      -     -    0s
     0     0 90807.0000    0  162          - 90807.0000      -     -    1s
     0     0 90807.0000    0  193          - 90807.0000      -     -    1s
     0     0 90807.0000    0  153          - 90807.0000      -     -    1s
     0     0 90807.0000    0  270          - 90807.0000      -     -    1s
     0     0 90807.0000    0  183          - 90807.0000      -     -    2s
     0     0 90807.0000    0  158          - 90807.0000      -     -    2s
     0     2 90807.0000    0  156          - 90807.0000      -     -    3s
    93   243 90795.4727   14  301          - 90807.0000      -   677    5s
  1236   980 87570.8119   34  520          - 90807.0000      -   207   11s
H 1236   930                    77969.000000 90807.0000  16.5%   207   12s
H 1236   884                    78686.000000 90807.0000  15.4%   207   12s
H 1237   841                    78830.000000 90807.0000  15.2%   207   13s
H 1237   798                    79439.000000 90807.0000  14.3%   207   14s
  1238   799 89866.5730   25  328 79439.0000 90807.0000  14.3%   207   15s
  1243   802 89961.1740   32  323 79439.0000 90807.0000  14.3%   206   20s
  1248   805 90112.3555   27  274 79439.0000 90807.0000  14.3%   205   25s
  1271   826 90807.0000   18  343 79439.0000 90807.0000  14.3%   254   30s
H 1358   850                    80038.000000 90807.0000  13.5%   281   33s
H 1392   835                    81358.000000 90807.0000  11.6%   281   34s
H 1394   798                    81386.000000 90807.0000  11.6%   280   34s
  1404   820 89864.9128   33  324 81386.0000 90807.0000  11.6%   281   35s
H 1430   790                    82000.000000 90807.0000  10.7%   282   35s
H 1475   792                    82160.000000 90807.0000  10.5%   282   37s
H 1480   759                    82850.000000 90807.0000  9.60%   283   37s
  1580   806 88332.6967   56  237 82850.0000 90807.0000  9.60%   284   40s
H 1585   768                    83507.000000 90807.0000  8.74%   283   40s
H 1688   777                    83704.000000 90807.0000  8.49%   282   44s
  1734   825 90488.0234   22  330 83704.0000 90807.0000  8.49%   281   45s
  1945   977 88786.0000   43  212 83704.0000 90807.0000  8.49%   281   50s
  2302  1173 85887.8016   80  118 83704.0000 90807.0000  8.49%   284   56s
  2565  1295 87072.9770   47  176 83704.0000 90807.0000  8.49%   282   60s
  3058  1631 89488.8913   32  277 83704.0000 90807.0000  8.49%   266   65s
  3380  1879 85802.6160   65  126 83704.0000 90807.0000  8.49%   264   70s
  3880  2352 87663.6924   41  264 83704.0000 90807.0000  8.49%   260   76s
  4400  2821 88867.5911   35  351 83704.0000 90807.0000  8.49%   259   81s
  4834  3254 88736.6429   46  264 83704.0000 90807.0000  8.49%   248   85s
  5685  3746 90439.3159   24  390 83704.0000 90795.9121  8.47%   233   90s
  6238  4379 89581.1990   31  362 83704.0000 90776.2028  8.45%   230   96s
  6799  4885 88860.5975   38  299 83704.0000 90753.4874  8.42%   225  101s
  7671  5695 89406.7827   37  297 83704.0000 90733.3757  8.40%   213  105s
  8952  6663 84321.5408   70  118 83704.0000 90720.4015  8.38%   209  111s
  9733  7344 87481.1913   43  295 83704.0000 90710.0634  8.37%   206  115s
 11133  8486 87997.1457   47  235 83704.0000 90678.7188  8.33%   201  121s
 12498  9705 86513.9840   66  244 83704.0000 90658.9569  8.31%   195  126s
 14038 10594 87910.8480   46  292 83704.0000 90637.8836  8.28%   185  130s
 14640 10932 84674.8133   79  119 83704.0000 90633.8520  8.28%   184  136s
 15334 11749 89235.6681   41  331 83704.0000 90624.4132  8.27%   184  140s
 16529 12796 85117.2114   84  111 83704.0000 90614.3258  8.26%   182  145s
 17467 13657 89100.0379   36  294 83704.0000 90600.8393  8.24%   181  150s
 18874 14529 88744.0000   41  257 83704.0000 90589.8441  8.23%   178  155s
 20099 15725 90305.6947   22  335 83704.0000 90568.0146  8.20%   176  160s
 20628 15726 89015.5103   42  158 83704.0000 90558.2007  8.19%   174  183s
 20631 15728 89238.4966   35  296 83704.0000 90558.2007  8.19%   174  186s
 20632 15729 87661.4935   52  329 83704.0000 90558.2007  8.19%   174  190s
 20635 15731 88220.8473   48  295 83704.0000 90558.2007  8.19%   174  196s
 20640 15739 90407.0000   30  355 83704.0000 90407.0000  8.01%   175  200s
 20776 15837 88865.0000   46  209 83704.0000 90407.0000  8.01%   177  205s
 20973 15928 87423.0000   62  108 83704.0000 90407.0000  8.01%   178  210s
 21235 16082 90202.7619   37  321 83704.0000 90407.0000  8.01%   181  215s
 21559 16297 84661.4060   80  120 83704.0000 90407.0000  8.01%   183  220s
H21587 15499                    83753.000000 90407.0000  7.94%   183  220s
 21867 15629 87269.9687   68  204 83753.0000 90407.0000  7.94%   184  225s
 22177 15802 88445.0000   57  238 83753.0000 90407.0000  7.94%   184  231s
 22642 16105 87928.8029   63  314 83753.0000 90407.0000  7.94%   184  236s
 23253 16360     cutoff   75      83753.0000 90407.0000  7.94%   186  241s
 23763 16632 89462.4323   44  295 83753.0000 90407.0000  7.94%   187  245s
 24391 17117 89135.2337   45  316 83753.0000 90407.0000  7.94%   189  250s
 25864 17524 86342.8173   73  192 83753.0000 90407.0000  7.94%   186  257s
 26181 18013 90003.3565   46  350 83753.0000 90407.0000  7.94%   186  260s
 27489 18618 84637.8120  104  109 83753.0000 90407.0000  7.94%   184  266s
 28350 19258 86407.0000   75  133 83753.0000 90407.0000  7.94%   187  271s
 29493 19569 85003.5534   85  202 83753.0000 90407.0000  7.94%   184  276s
 30383 20294 85588.8866   88  215 83753.0000 90407.0000  7.94%   184  280s
 32139 20948 87923.6479   57  297 83753.0000 90407.0000  7.94%   181  286s
 33267 21386 86567.0000   84  194 83753.0000 90407.0000  7.94%   180  291s
 34861 21755     cutoff   96      83753.0000 90407.0000  7.94%   177  298s
 34896 21909     cutoff  100      83753.0000 90407.0000  7.94%   177  301s
 36058 22179 90359.2823   38  351 83753.0000 90407.0000  7.94%   176  306s
 37191 22912 89404.3569   46  323 83753.0000 90407.0000  7.94%   173  310s
 38304 23470 90003.2981   40  326 83753.0000 90407.0000  7.94%   172  315s
 39629 24045 86425.6998   67  167 83753.0000 90407.0000  7.94%   171  320s
 41384 24947 88857.5563   61  307 83753.0000 90407.0000  7.94%   169  327s
 42315 25452 84037.0000   92  112 83753.0000 90407.0000  7.94%   170  331s
 43365 25862 89452.2006   43  364 83753.0000 90407.0000  7.94%   169  335s
 44626 26523 87133.3172   71  251 83753.0000 90405.8186  7.94%   169  341s
 46254 27073 89949.1915   43  312 83753.0000 90393.6306  7.93%   167  347s
 47034 27492 88962.0059   57  275 83753.0000 90385.0985  7.92%   167  350s
 48032 27693 87204.5487   58  184 83753.0000 90379.4836  7.91%   166  355s
 49176 28467 86957.8977   55  289 83753.0000 90376.0000  7.91%   165  361s
 50193 28890 89168.2394   51  328 83753.0000 90376.0000  7.91%   165  365s
 51286 29564 86676.6812   85  164 83753.0000 90376.0000  7.91%   165  370s
 52264 30146 84635.5957  108  203 83753.0000 90376.0000  7.91%   165  375s
 53532 30428 88311.0000   52  198 83753.0000 90376.0000  7.91%   164  380s
 54490 31261 89285.5725   60  342 83753.0000 90375.3349  7.91%   166  385s
 56322 31932 88895.5258   52  292 83753.0000 90366.4235  7.90%   164  390s
 57560 32644 89967.9788   36  366 83753.0000 90360.3902  7.89%   163  396s
 58916 33128 85896.8234   64  224 83753.0000 90353.3641  7.88%   162  400s
 59942 33815 89866.0947   58  330 83753.0000 90347.9205  7.87%   162  406s
 61474 34394 87265.0000   69  189 83753.0000 90343.5341  7.87%   161  410s
 63468 35053 90096.5334   38  320 83753.0000 90331.0813  7.85%   159  416s
 64312 35695 87898.4516   63  229 83753.0000 90326.6058  7.85%   159  420s
H65806 36183                    83769.000000 90323.1291  7.82%   158  424s
 65885 36417 83804.0000   97   92 83769.0000 90320.6175  7.82%   158  425s
 66883 37248 87918.5152   66  284 83769.0000 90319.4938  7.82%   159  431s
 68048 38285 89764.2146   43  319 83769.0000 90316.2125  7.82%   159  435s
 69277 38962 89438.9441   48  394 83769.0000 90312.2126  7.81%   159  442s
 69819 39815 86745.8665   66  281 83769.0000 90309.0820  7.81%   158  445s
 71681 41353 86107.0571   92  230 83769.0000 90301.8974  7.80%   157  451s
 72975 42173 90075.4609   45  372 83769.0000 90296.0441  7.79%   156  455s
H74440 43348                    83788.000000 90296.0000  7.77%   156  461s
 75536 44206 87248.6777   63  141 83788.0000 90296.0000  7.77%   156  467s
 76412 45091 88852.5009   48  287 83788.0000 90296.0000  7.77%   156  470s
 78192 46229 86935.6780   80  278 83788.0000 90292.5921  7.76%   154  475s
 79423 47301 88024.0562   52  302 83788.0000 90288.8206  7.76%   154  480s
 80954 48614 90009.8007   41  326 83788.0000 90285.7825  7.76%   154  486s
 82334 49528     cutoff   79      83788.0000 90281.4694  7.75%   154  491s
 83540 50467 87606.2302   66  285 83788.0000 90276.3490  7.74%   154  496s
 85020 51514 88397.0394   54  274 83788.0000 90273.8079  7.74%   153  500s

Cutting planes:
  Gomory: 2
  Zero half: 2
  Mod-K: 1
  RLT: 1

Explored 85203 nodes (13085895 simplex iterations) in 500.01 seconds (978.55 work units)
Thread count was 4 (of 4 available processors)

Solution count 10: 83788 83769 83753 ... 81358

Time limit reached
Best objective 8.378800000000e+04, best bound 9.027300000000e+04, gap 7.7398%
