
Gurobi 11.0.2 (win64) logging started Wed Aug 14 11:43:52 2024

Set parameter LogFile to value "D:\Documenti\Scuola\Laurea magistrale unibs\laurea-unibs-mkfsp\output\2024-08-14T08_52_45.517425\logs\instance06_bucket1.log"
Set parameter TimeLimit to value 500
Set parameter MIPGap to value 0
Gurobi Optimizer version 11.0.2 build v11.0.2rc0 (win64 - Windows 10.0 (19045.2))

CPU model: Intel(R) Core(TM) i5-4670 CPU @ 3.40GHz, instruction set [SSE2|AVX|AVX2]
Thread count: 4 physical cores, 4 logical processors, using up to 4 threads

Optimize a model with 1708 rows, 7051 columns and 198853 nonzeros
Model fingerprint: 0x04e583b3
Variable types: 0 continuous, 7051 integer (6998 binary)
Coefficient statistics:
  Matrix range     [1e+00, 1e+03]
  Objective range  [6e+02, 8e+03]
  Bounds range     [1e+00, 1e+00]
  RHS range        [1e+00, 4e+04]
Found heuristic solution: objective -0.0000000
Presolve time: 0.36s
Presolved: 1708 rows, 7051 columns, 198853 nonzeros
Variable types: 0 continuous, 7051 integer (6998 binary)

Root relaxation: objective 3.189150e+05, 736 iterations, 0.02 seconds (0.01 work units)

    Nodes    |    Current Node    |     Objective Bounds      |     Work
 Expl Unexpl |  Obj  Depth IntInf | Incumbent    BestBd   Gap | It/Node Time

H    0     0                    318915.00000 318915.000  0.00%     -    0s
     0     0 318915.000    0  309 318915.000 318915.000  0.00%     -    0s

Explored 1 nodes (736 simplex iterations) in 0.41 seconds (0.37 work units)
Thread count was 4 (of 4 available processors)

Solution count 2: 318915 -0 

Optimal solution found (tolerance 0.00e+00)
Best objective 3.189150000000e+05, best bound 3.189150000000e+05, gap 0.0000%
