
Gurobi 11.0.2 (win64) logging started Wed Aug 14 11:33:50 2024

Set parameter LogFile to value "D:\Documenti\Scuola\Laurea magistrale unibs\laurea-unibs-mkfsp\output\2024-08-14T08_52_45.517425\logs\instance05_bucket2.log"
Set parameter TimeLimit to value 500
Set parameter MIPGap to value 0
Gurobi Optimizer version 11.0.2 build v11.0.2rc0 (win64 - Windows 10.0 (19045.2))

CPU model: Intel(R) Core(TM) i5-4670 CPU @ 3.40GHz, instruction set [SSE2|AVX|AVX2]
Thread count: 4 physical cores, 4 logical processors, using up to 4 threads

Optimize a model with 1213 rows, 4210 columns and 117039 nonzeros
Model fingerprint: 0x153d00b8
Variable types: 0 continuous, 4210 integer (4160 binary)
Coefficient statistics:
  Matrix range     [1e+00, 9e+03]
  Objective range  [6e+02, 9e+03]
  Bounds range     [1e+00, 1e+00]
  RHS range        [1e+00, 2e+05]
Presolve time: 0.20s
Presolved: 1213 rows, 4210 columns, 117039 nonzeros
Variable types: 0 continuous, 4210 integer (4160 binary)

Root relaxation: objective 2.851930e+05, 1887 iterations, 0.20 seconds (0.41 work units)

    Nodes    |    Current Node    |     Objective Bounds      |     Work
 Expl Unexpl |  Obj  Depth IntInf | Incumbent    BestBd   Gap | It/Node Time

     0     0 285193.000    0  365          - 285193.000      -     -    1s
     0     0 285193.000    0  860          - 285193.000      -     -    3s
     0     0 285193.000    0  672          - 285193.000      -     -    4s
     0     0 285193.000    0  357          - 285193.000      -     -   10s
     0     0 285193.000    0  476          - 285193.000      -     -   10s
H    0     0                    238552.00000 285193.000  19.6%     -   11s
     0     0 285193.000    0  354 238552.000 285193.000  19.6%     -   14s
     0     0 285193.000    0  354 238552.000 285193.000  19.6%     -   15s
H    0     0                    242084.00000 285193.000  17.8%     -   17s
     0     2 285193.000    0  354 242084.000 285193.000  17.8%     -   19s
     1     4 285193.000    1  376 242084.000 285193.000  17.8%  5498   20s
    19    24 285193.000    4  710 242084.000 285193.000  17.8%  3062   28s
H   33    49                    242841.00000 285193.000  17.4%  2003   29s
    48   125 285193.000    8  608 242841.000 285193.000  17.4%  1487   32s
   124   297 285193.000   18  614 242841.000 285193.000  17.4%   767   37s
H  150   297                    243295.00000 285193.000  17.2%   731   37s
H  200   297                    243808.00000 285193.000  17.0%   600   37s
H  250   297                    245986.00000 285193.000  15.9%   532   37s
H  301   496                    246045.00000 285193.000  15.9%   484   45s
H  340   496                    247925.00000 285193.000  15.0%   459   45s
H  449   496                    250516.00000 285193.000  13.8%   405   45s
   517   622 285193.000   68  576 250516.000 285193.000  13.8%   376   54s
H  582   622                    250609.00000 285193.000  13.8%   356   54s
   651   894 285193.000   90  544 250609.000 285193.000  13.8%   337   63s
   943  1066 285193.000  156  499 250609.000 285193.000  13.8%   300   74s
  1131  1321 285193.000  157  490 250609.000 285193.000  13.8%   320   84s
  1413  1598 285193.000  214  477 250609.000 285193.000  13.8%   307   93s
  1715  1839 285193.000  266  459 250609.000 285193.000  13.8%   297  104s
  1992  2136 285193.000  300  472 250609.000 285193.000  13.8%   303  116s
  2322  2268 284429.000  333  492 250609.000 285193.000  13.8%   303  128s
H 2345  2268                    250624.00000 285193.000  13.8%   303  128s
  2469  2476 284429.000  356  456 250624.000 285193.000  13.8%   315  139s
  2703  2671 284429.000  375  439 250624.000 285193.000  13.8%   328  150s
  2918  2934 284429.000  408  460 250624.000 285193.000  13.8%   343  164s
  3201  3170 283722.000  457  418 250624.000 285193.000  13.8%   347  177s
  3452  3433 282861.000  486  479 250624.000 285193.000  13.8%   354  192s
  3734  3788 282198.000  527  421 250624.000 285193.000  13.8%   356  206s
  4122  4073 282190.525  588  501 250624.000 285193.000  13.8%   361  220s
H 4424  4440                    250649.00000 285193.000  13.8%   369  236s
  4813  4769 279966.018  696  482 250649.000 285193.000  13.8%   364  252s
H 4866  4769                    250843.00000 285193.000  13.7%   369  252s
  5158  4770 284429.000  377  354 250843.000 285193.000  13.7%   385  257s
H 5159  4532                    251644.00000 285193.000  13.3%   385  270s
H 5160  4305                    252047.00000 285193.000  13.2%   384  288s
H 5160  4090                    257211.00000 285193.000  10.9%   384  288s
  5161  4091 277989.000  686 1023 257211.000 285193.000  10.9%   384  291s
  5162  4092 285193.000  117  944 257211.000 285193.000  10.9%   384  295s
  5163  4092 280126.000  850  870 257211.000 285193.000  10.9%   384  310s
  5164  4093 284462.000  381  882 257211.000 285193.000  10.9%   384  325s
  5165  4094 280000.917  794  854 257211.000 285193.000  10.9%   384  339s
  5166  4094 283434.147  474  842 257211.000 285193.000  10.9%   384  352s
  5167  4095 273945.000  850  842 257211.000 285193.000  10.9%   384  364s
  5168  4096 285193.000  184  842 257211.000 285193.000  10.9%   384  370s
  5169  4096 277110.000  944  842 257211.000 285193.000  10.9%   384  389s
H 5169  3893                    257272.00000 285193.000  10.9%   433  398s
  5170  3895 285193.000   14  975 257272.000 285193.000  10.9%   438  402s
  5172  3898 285193.000   15  865 257272.000 285193.000  10.9%   441  412s
  5176  3901 285193.000   16  942 257272.000 285193.000  10.9%   448  418s
  5180  3904 285193.000   16  883 257272.000 285193.000  10.9%   456  427s
  5192  3915 285193.000   18  871 257272.000 285193.000  10.9%   473  432s
  5199  3917 285193.000   19  845 257272.000 285193.000  10.9%   477  435s
  5213  3927 285193.000   21  832 257272.000 285193.000  10.9%   485  446s
  5218  3940 285193.000   22  883 257272.000 285193.000  10.9%   491  460s
  5233  3962 285193.000   24 1033 257272.000 285193.000  10.9%   516  479s
  5260  3993 285193.000   27  966 257272.000 285193.000  10.9%   538  500s

Cutting planes:
  Gomory: 3

Explored 5300 nodes (3039813 simplex iterations) in 500.01 seconds (852.32 work units)
Thread count was 4 (of 4 available processors)

Solution count 10: 257272 257211 252047 ... 247925

Time limit reached
Best objective 2.572720000000e+05, best bound 2.851930000000e+05, gap 10.8527%
