WARN | Starting Kernel Search with 20 families per bucket
WARN | Building Kernel Search initial solution
WARN | Kernel size: 88
WARN | Relaxed optimum: 748472.2481990153							5.8438s
WARN | Kernel: [94, 1, 3, 6, 7, 11, 12, 15, 19, 24, 27, 34, 35, 41, 45, 46, 50, 51, 54, 55, 57, 65, 67, 70, 71, 72, 82, 89, 96, 100, 104, 107, 108, 109, 110, 112, 114, 115, 118, 121, 123, 124, 128, 130, 131, 135, 144, 147, 151, 156, 157, 164, 166, 170, 171, 174, 176, 177, 180, 182, 189, 190, 193, 196, 197, 198, 199, 202, 204, 205, 207, 214, 216, 217, 221, 231, 235, 242, 247, 248, 253, 257, 258, 260, 261, 262, 267, 269]
WARN | Solving with bucket number 0							5.8489s
WARN | Kernel: [94, 1, 3, 6, 7, 11, 12, 15, 19, 24, 27, 34, 35, 41, 45, 46, 50, 51, 54, 55, 57, 65, 67, 70, 71, 72, 82, 89, 96, 100, 104, 107, 108, 109, 110, 112, 114, 115, 118, 121, 123, 124, 128, 130, 131, 135, 144, 147, 151, 156, 157, 164, 166, 170, 171, 174, 176, 177, 180, 182, 189, 190, 193, 196, 197, 198, 199, 202, 204, 205, 207, 214, 216, 217, 221, 231, 235, 242, 247, 248, 253, 257, 258, 260, 261, 262, 267, 269]	5.8489s
WARN | Bucket: []	5.8489s
WARN | The model was solved to optimality
ERRO | Families from bucket --> []
WARN | Solution value: 537878								6.7945s
WARN | Solution improved
WARN | Indexes of the families added to the kernel: []					6.8009s
WARN | Solving with bucket number 1							6.8022s
WARN | Kernel: [94, 1, 3, 6, 7, 11, 12, 15, 19, 24, 27, 34, 35, 41, 45, 46, 50, 51, 54, 55, 57, 65, 67, 70, 71, 72, 82, 89, 96, 100, 104, 107, 108, 109, 110, 112, 114, 115, 118, 121, 123, 124, 128, 130, 131, 135, 144, 147, 151, 156, 157, 164, 166, 170, 171, 174, 176, 177, 180, 182, 189, 190, 193, 196, 197, 198, 199, 202, 204, 205, 207, 214, 216, 217, 221, 231, 235, 242, 247, 248, 253, 257, 258, 260, 261, 262, 267, 269]	6.8022s
WARN | Bucket: [49, 173, 270, 271, 272, 274, 275, 278, 281, 282, 284, 288, 293, 302, 303, 305, 307, 309, 311, 316]	6.8022s
WARN | The model was solved to optimality
ERRO | Families from bucket --> [49, 173, 270, 271, 272, 274, 275, 278, 281, 282, 284, 288, 293, 302, 303, 305, 307, 309, 311, 316]
WARN | Solution value: 649982								8.2342s
WARN | Solution improved
WARN | Indexes of the families added to the kernel: [49, 173, 270, 271, 272, 274, 275, 278, 281, 282, 284, 288, 293, 302, 303, 305, 307, 309, 311, 316]					8.2417s
WARN | Solving with bucket number 2							8.2425s
WARN | Kernel: [94, 1, 3, 6, 7, 11, 12, 15, 19, 24, 27, 34, 35, 41, 45, 46, 50, 51, 54, 55, 57, 65, 67, 70, 71, 72, 82, 89, 96, 100, 104, 107, 108, 109, 110, 112, 114, 115, 118, 121, 123, 124, 128, 130, 131, 135, 144, 147, 151, 156, 157, 164, 166, 170, 171, 174, 176, 177, 180, 182, 189, 190, 193, 196, 197, 198, 199, 202, 204, 205, 207, 214, 216, 217, 221, 231, 235, 242, 247, 248, 253, 257, 258, 260, 261, 262, 267, 269, 49, 173, 270, 271, 272, 274, 275, 278, 281, 282, 284, 288, 293, 302, 303, 305, 307, 309, 311, 316]	8.2425s
WARN | Bucket: [317, 319, 320, 322, 323, 325, 328, 179, 192, 300, 9, 122, 226, 60, 59, 154, 150, 61, 206, 160]	8.2425s
WARN | The optimization terminated because the time expended exceeded the value specified by the TimeLimit parameter.
ERRO | Families from bucket --> [9, 59, 61, 122, 150, 154, 160, 192, 206, 226, 300, 317, 319, 320, 322, 323, 325, 328]
WARN | Solution value: 680549								508.9882s
WARN | Solution improved
WARN | Indexes of the families added to the kernel: [317, 319, 320, 322, 323, 325, 328, 192, 300, 9, 122, 226, 59, 154, 150, 61, 206, 160]					509.0102s
WARN | Solving with bucket number 3							509.0181s
WARN | Kernel: [94, 1, 3, 6, 7, 11, 12, 15, 19, 24, 27, 34, 35, 41, 45, 46, 50, 51, 54, 55, 57, 65, 67, 70, 71, 72, 82, 89, 96, 100, 104, 107, 108, 109, 110, 112, 114, 115, 118, 121, 123, 124, 128, 130, 131, 135, 144, 147, 151, 156, 157, 164, 166, 170, 171, 174, 176, 177, 180, 182, 189, 190, 193, 196, 197, 198, 199, 202, 204, 205, 207, 214, 216, 217, 221, 231, 235, 242, 247, 248, 253, 257, 258, 260, 261, 262, 267, 269, 49, 173, 270, 271, 272, 274, 275, 278, 281, 282, 284, 288, 293, 302, 303, 305, 307, 309, 311, 316, 317, 319, 320, 322, 323, 325, 328, 192, 300, 9, 122, 226, 59, 154, 150, 61, 206, 160]	509.0181s
WARN | Bucket: [91, 141, 81, 227, 236, 224, 102, 13, 90, 99, 93, 265, 313, 194, 63, 239, 264, 314, 134, 280]	509.0181s
WARN | The optimization terminated because the time expended exceeded the value specified by the TimeLimit parameter.
ERRO | Families from bucket --> []
WARN | Solution value: 680549								540.7486s
WARN | Solution improved
WARN | Indexes of the families added to the kernel: []					540.7564s
ERRO | Kernel Time limit reached
