
Gurobi 11.0.2 (win64) logging started Wed Aug 14 12:23:56 2024

Set parameter LogFile to value "D:\Documenti\Scuola\Laurea magistrale unibs\laurea-unibs-mkfsp\output\2024-08-14T08_52_45.517425\logs\instance10_bucket2.log"
Set parameter TimeLimit to value 500
Set parameter MIPGap to value 0
Gurobi Optimizer version 11.0.2 build v11.0.2rc0 (win64 - Windows 10.0 (19045.2))

CPU model: Intel(R) Core(TM) i5-4670 CPU @ 3.40GHz, instruction set [SSE2|AVX|AVX2]
Thread count: 4 physical cores, 4 logical processors, using up to 4 threads

Optimize a model with 1340 rows, 3893 columns and 106471 nonzeros
Model fingerprint: 0xb6c3c3d2
Variable types: 0 continuous, 3893 integer (3804 binary)
Coefficient statistics:
  Matrix range     [1e+00, 8e+03]
  Objective range  [7e+02, 8e+03]
  Bounds range     [1e+00, 1e+00]
  RHS range        [1e+00, 4e+05]
Found heuristic solution: objective 410307.00000
Presolve time: 0.17s
Presolved: 1340 rows, 3893 columns, 106471 nonzeros
Variable types: 0 continuous, 3893 integer (3804 binary)

Root relaxation: objective 5.102542e+05, 2588 iterations, 0.27 seconds (0.54 work units)

    Nodes    |    Current Node    |     Objective Bounds      |     Work
 Expl Unexpl |  Obj  Depth IntInf | Incumbent    BestBd   Gap | It/Node Time

     0     0 510254.237    0  609 410307.000 510254.237  24.4%     -    1s
H    0     0                    410803.00000 510254.237  24.2%     -    2s
H    0     0                    418338.00000 510254.237  22.0%     -    2s
H    0     0                    428090.00000 509956.848  19.1%     -    4s
     0     0 509956.848    0 1328 428090.000 509956.848  19.1%     -    4s
H    0     0                    442718.00000 509956.848  15.2%     -    4s
     0     0 509728.597    0  936 442718.000 509728.597  15.1%     -    6s
     0     0 509728.193    0  823 442718.000 509728.193  15.1%     -    6s
H    0     0                    443313.00000 509715.978  15.0%     -   16s
H    0     0                    446386.00000 509715.978  14.2%     -   16s
     0     0 509493.027    0  589 446386.000 509493.027  14.1%     -   16s
H    0     0                    450846.00000 509493.027  13.0%     -   17s
     0     0 509473.570    0  934 450846.000 509473.570  13.0%     -   17s
H    0     0                    451591.00000 509473.570  12.8%     -   19s
     0     0 509451.545    0 1053 451591.000 509451.545  12.8%     -   19s
H    0     0                    451910.00000 509451.545  12.7%     -   21s
H    0     0                    453036.00000 509446.325  12.5%     -   21s
     0     0 509446.325    0  928 453036.000 509446.325  12.5%     -   21s
H    0     0                    453788.00000 509445.432  12.3%     -   22s
H    0     0                    455411.00000 509445.432  11.9%     -   22s
H    0     0                    455586.00000 509407.746  11.8%     -   25s
H    0     0                    457268.00000 509407.746  11.4%     -   25s
H    0     0                    457884.00000 509407.746  11.3%     -   25s
H    0     0                    458546.00000 509407.746  11.1%     -   25s
     0     0 509407.746    0 1330 458546.000 509407.746  11.1%     -   25s
     0     0 509407.746    0  719 458546.000 509407.746  11.1%     -   29s
H    0     0                    462216.00000 509407.746  10.2%     -   32s
H    0     0                    472152.00000 509407.746  7.89%     -   34s
     0     2 509407.746    0  608 472152.000 509407.746  7.89%     -   37s
     3     8 509407.746    2  838 472152.000 509407.746  7.89%  4603   40s
    11    16 508325.209    3 1000 472152.000 509407.746  7.89%  5777   51s
H   29    34                    475175.00000 509407.746  7.20%  3489   54s
    33    41 509407.746    9  853 475175.000 509407.746  7.20%  3233   55s
H   64    68                    475892.00000 509407.746  7.04%  2081   59s
    67    74 509397.831   18  788 475892.000 509407.746  7.04%  2052   60s
H   96   101                    476458.00000 509407.746  6.92%  1627   64s
H   97   101                    476596.00000 509407.746  6.88%  1620   64s
   100   112 509341.348   24  651 476596.000 509407.746  6.88%  1597   65s
H  132   141                    478072.00000 509407.746  6.55%  1332   68s
   158   163 508880.037   36  606 478072.000 509407.746  6.55%  1192   72s
H  159   163                    478787.00000 509407.746  6.40%  1184   72s
   194   216 508703.752   44  586 478787.000 509407.746  6.40%  1068   75s
   328   364 508460.913   66  471 478787.000 509407.746  6.40%   736   80s
   477   528 504728.000   98  452 478787.000 509407.746  6.40%   611   85s
   646   694 504728.000  117  398 478787.000 509407.746  6.40%   527   90s
   880   925 504728.000  142  390 478787.000 509407.746  6.40%   466   95s
   998   978 504728.000  163  389 478787.000 509407.746  6.40%   450  101s
  1163  1145 504715.089  197  387 478787.000 509407.746  6.40%   424  108s
  1263  1285 504728.000  221  338 478787.000 509407.746  6.40%   414  110s
H 1407  1376                    478869.00000 509407.746  6.38%   408  114s
H 1421  1376                    480162.00000 509407.746  6.09%   408  114s
  1435  1435 504728.000  250  349 480162.000 509407.746  6.09%   407  116s
  1646  1646 504728.000  292  350 480162.000 509407.746  6.09%   405  121s
  1810  1752 504728.000  315  323 480162.000 509407.746  6.09%   402  127s
H 1822  1752                    480178.00000 509407.746  6.09%   402  127s
H 1833  1752                    480207.00000 509407.746  6.08%   404  127s
  1916  1844 504728.000  336  341 480207.000 509407.746  6.08%   410  132s
  2011  1939 504728.000  358  309 480207.000 509407.746  6.08%   423  136s
  2120  1994 504728.000  382  424 480207.000 509407.746  6.08%   433  143s
H 2135  1994                    480217.00000 509407.746  6.08%   435  143s
  2136  2003 504728.000  386  424 480217.000 509407.746  6.08%   435  146s
H 2144  2003                    480267.00000 509407.746  6.07%   435  146s
  2188  2073 504728.000  396  448 480267.000 509407.746  6.07%   444  152s
  2232  2110 504728.000  400  422 480267.000 509407.746  6.07%   451  155s
  2316  2169 504710.910  413  547 480267.000 509407.746  6.07%   469  161s
  2401  2250 504023.000  421  342 480267.000 509407.746  6.07%   483  167s
  2445  2278 504023.000  430  343 480267.000 509407.746  6.07%   492  171s
  2531  2357 504023.000  442  340 480267.000 509407.746  6.07%   508  178s
  2577  2378 504023.000  449  472 480267.000 509407.746  6.07%   516  182s
  2602  2415 504023.000  452  475 480267.000 509407.746  6.07%   524  186s
  2647  2445 503029.889  466  429 480267.000 509407.746  6.07%   532  190s
  2729  2507 502452.000  477  397 480267.000 509407.746  6.07%   548  198s
  2770  2554 502452.000  483  422 480267.000 509407.746  6.07%   557  203s
  2823  2592 502452.000  490  412 480267.000 509407.746  6.07%   562  207s
  2867  2635 502294.587  497  475 480267.000 509407.746  6.07%   571  213s
  2923  2685 502451.711  501  431 480267.000 509407.746  6.07%   572  218s
  2984  2715 501259.543  511  462 480267.000 509407.746  6.07%   582  224s
  3022  2761 501644.000  516  394 480267.000 509407.746  6.07%   587  230s
  3078  2820 500946.776  529  414 480267.000 509407.746  6.07%   594  235s
H 3147  2824                    480319.00000 509407.746  6.06%   600  244s
  3151  2884 500231.000  544  333 480319.000 509407.746  6.06%   602  250s
H 3171  2884                    481632.00000 509407.746  5.77%   602  250s
  3223  2980 500231.000  560  348 481632.000 509407.746  5.77%   608  255s
H 3242  2980                    482107.00000 509407.746  5.66%   610  255s
  3324  3071 498784.000  569  353 482107.000 509407.746  5.66%   608  261s
  3423  3192 498055.000  583  349 482107.000 509407.746  5.66%   612  267s
  3576  3228 infeasible  658      482107.000 509407.746  5.66%   605  274s
  3620  3254 509270.516    4 1199 482107.000 509407.746  5.66%   616  283s
  3654  3283 509251.782    6 1005 482107.000 509407.746  5.66%   623  292s
  3683  3320 509093.208    8  778 482107.000 509407.746  5.66%   631  301s
  3721  3363 508036.653   12  732 482107.000 509407.746  5.66%   639  310s
  3766  3428 507850.155   20  675 482107.000 509407.746  5.66%   646  321s
  3841  3444 507725.204   28  903 482107.000 509407.746  5.66%   652  330s
H 3859  3219                    489010.00000 509407.746  4.17%   660  345s
  3860  3220 507729.309   42  719 489010.000 509407.746  4.17%   660  351s
  3862  3221 508718.531   14 1182 489010.000 509407.746  4.17%   660  365s
  3863  3222 497449.102  519 1071 489010.000 509407.746  4.17%   659  370s
  3864  3223 502114.000  272 1071 489010.000 509407.746  4.17%   659  375s
  3865  3226 509407.746   11 1118 489010.000 509407.746  4.17%   683  388s
  3867  3230 508336.133   12 1006 489010.000 509407.746  4.17%   687  396s
  3871  3232 508213.983   13  956 489010.000 509407.746  4.17%   693  403s
  3875  3235 507806.496   13 1036 489010.000 509407.746  4.17%   703  414s
  3879  3238 508213.301   14 1073 489010.000 509407.746  4.17%   722  416s
  3887  3243 508202.769   15 1032 489010.000 509407.746  4.17%   736  421s
H 3891  3084                    489200.00000 509407.746  4.13%   740  423s
H 3894  2930                    489754.00000 509407.746  4.01%   744  423s
  3895  2933 507988.604   16  993 489754.000 509407.746  4.01%   748  431s
  3905  2940 506824.167   17  836 489754.000 509407.746  4.01%   762  436s
  3909  2943 507891.021   18  933 489754.000 509407.746  4.01%   769  443s
  3913  2945 506946.495   18 1000 489754.000 509407.746  4.01%   780  454s
  3917  2951 507821.834   19  990 489754.000 509407.746  4.01%   794  457s
  3924  2953 507705.712   20  951 489754.000 509407.746  4.01%   804  464s
  3928  2958 506920.593   20 1017 489754.000 509407.746  4.01%   810  468s
  3935  2963 507696.333   22 1012 489754.000 509407.746  4.01%   819  474s
  3942  2965 507690.067   23  840 489754.000 509407.746  4.01%   827  479s
  3946  2973 506973.796   23  879 489754.000 509407.746  4.01%   833  483s
  3956  2978 507592.848   25 1098 489754.000 509407.746  4.01%   841  487s
  3964  2979 507563.291   26  769 489754.000 509407.746  4.01%   850  493s
  3968  2988 507349.401   26 1056 489754.000 509407.746  4.01%   855  496s
  3978  2991 507547.610   28  984 489754.000 509407.746  4.01%   865  500s

Explored 3984 nodes (3536302 simplex iterations) in 500.03 seconds (909.83 work units)
Thread count was 4 (of 4 available processors)

Solution count 10: 489754 489200 489010 ... 480178

Time limit reached
Best objective 4.897540000000e+05, best bound 5.094077462571e+05, gap 4.0130%
