
Gurobi 11.0.2 (win64) logging started Mon Aug 19 09:17:59 2024

Set parameter LogFile to value "D:\Documenti\Scuola\Laurea magistrale unibs\laurea-unibs-mkfsp\output\2024-08-19T06_36_50.601237\logs\instance05_bucket2.log"
Set parameter TimeLimit to value 350
Set parameter MIPGap to value 0
Gurobi Optimizer version 11.0.2 build v11.0.2rc0 (win64 - Windows 10.0 (19045.2))

CPU model: Intel(R) Core(TM) i5-4670 CPU @ 3.40GHz, instruction set [SSE2|AVX|AVX2]
Thread count: 4 physical cores, 4 logical processors, using up to 4 threads

Optimize a model with 978 rows, 3134 columns and 87209 nonzeros
Model fingerprint: 0xc3f6d52e
Variable types: 0 continuous, 3134 integer (3097 binary)
Coefficient statistics:
  Matrix range     [1e+00, 9e+03]
  Objective range  [6e+02, 9e+03]
  Bounds range     [1e+00, 1e+00]
  RHS range        [1e+00, 2e+05]
Found heuristic solution: objective 167031.00000
Presolve time: 0.15s
Presolved: 978 rows, 3134 columns, 87209 nonzeros
Variable types: 0 continuous, 3134 integer (3097 binary)
Found heuristic solution: objective 174413.00000

Root relaxation: objective 2.140090e+05, 540 iterations, 0.01 seconds (0.01 work units)

    Nodes    |    Current Node    |     Objective Bounds      |     Work
 Expl Unexpl |  Obj  Depth IntInf | Incumbent    BestBd   Gap | It/Node Time

H    0     0                    214009.00000 214009.000  0.00%     -    0s
     0     0 214009.000    0    2 214009.000 214009.000  0.00%     -    0s

Explored 1 nodes (1024 simplex iterations) in 0.21 seconds (0.18 work units)
Thread count was 4 (of 4 available processors)

Solution count 3: 214009 174413 167031 

Optimal solution found (tolerance 0.00e+00)
Best objective 2.140090000000e+05, best bound 2.140090000000e+05, gap 0.0000%
