
Gurobi 11.0.2 (win64) logging started Mon Aug 19 10:08:41 2024

Set parameter LogFile to value "D:\Documenti\Scuola\Laurea magistrale unibs\laurea-unibs-mkfsp\output\2024-08-19T06_36_50.601237\logs\instance10_bucket2.log"
Set parameter TimeLimit to value 350
Set parameter MIPGap to value 0
Gurobi Optimizer version 11.0.2 build v11.0.2rc0 (win64 - Windows 10.0 (19045.2))

CPU model: Intel(R) Core(TM) i5-4670 CPU @ 3.40GHz, instruction set [SSE2|AVX|AVX2]
Thread count: 4 physical cores, 4 logical processors, using up to 4 threads

Optimize a model with 1369 rows, 3992 columns and 109235 nonzeros
Model fingerprint: 0x8e4ad1f7
Variable types: 0 continuous, 3992 integer (3901 binary)
Coefficient statistics:
  Matrix range     [1e+00, 8e+03]
  Objective range  [7e+02, 8e+03]
  Bounds range     [1e+00, 1e+00]
  RHS range        [1e+00, 4e+05]
Found heuristic solution: objective 417749.00000
Presolve time: 0.17s
Presolved: 1369 rows, 3992 columns, 109235 nonzeros
Variable types: 0 continuous, 3992 integer (3901 binary)
Found heuristic solution: objective 418653.00000

Root relaxation: objective 5.104749e+05, 2572 iterations, 0.29 seconds (0.56 work units)

    Nodes    |    Current Node    |     Objective Bounds      |     Work
 Expl Unexpl |  Obj  Depth IntInf | Incumbent    BestBd   Gap | It/Node Time

     0     0 510474.927    0  605 418653.000 510474.927  21.9%     -    3s
H    0     0                    450309.00000 510474.927  13.4%     -    4s
H    0     0                    451821.00000 510282.319  12.9%     -    4s
     0     0 510158.642    0 1384 451821.000 510158.642  12.9%     -    7s
H    0     0                    461754.00000 510158.642  10.5%     -    7s
H    0     0                    467651.00000 510045.410  9.07%     -    9s
     0     0 510045.410    0 1006 467651.000 510045.410  9.07%     -    9s
     0     0 510032.077    0  839 467651.000 510032.077  9.06%     -    9s
H    0     0                    468469.00000 509925.966  8.85%     -   13s
     0     0 509925.966    0 1339 468469.000 509925.966  8.85%     -   13s
     0     0 509925.164    0  703 468469.000 509925.164  8.85%     -   18s
H    0     0                    473546.00000 509925.164  7.68%     -   20s
H    0     0                    474104.00000 509925.164  7.56%     -   20s
H    0     2                    475576.00000 509925.164  7.22%     -   22s
     0     2 509925.164    0  619 475576.000 509925.164  7.22%     -   22s
     7    12 509486.085    3 1027 475576.000 509925.164  7.22%  3310   27s
    11    16 509196.015    3  956 475576.000 509925.164  7.22%  4639   39s
    15    20 509446.550    4  779 475576.000 509925.164  7.22%  5666   40s
H   28    35                    476238.00000 509925.164  7.07%  3444   42s
H   29    35                    476293.00000 509925.164  7.06%  3359   42s
H   29    35                    476962.00000 509925.164  6.91%  3359   42s
H   58    63                    477982.00000 509925.164  6.68%  1971   45s
H   59    63                    478131.00000 509925.164  6.65%  1949   45s
H   62    71                    478793.00000 509925.164  6.50%  1873   46s
H   64    71                    478848.00000 509925.164  6.49%  1829   46s
H   87    92                    479138.00000 509925.164  6.43%  1479   49s
H   88    92                    480080.00000 509925.164  6.22%  1466   49s
H   89    92                    480974.00000 509925.164  6.02%  1453   49s
   106   117 508982.493   25  563 480974.000 509925.164  6.02%  1274   50s
H  108   117                    481636.00000 509925.164  5.87%  1256   50s
H  190   195                    482399.00000 509925.164  5.71%   865   56s
H  220   234                    482414.00000 509925.164  5.70%   781   57s
H  232   234                    482474.00000 509925.164  5.69%   753   57s
   285   324 507964.476   66  564 482474.000 509925.164  5.69%   660   60s
H  327   351                    483136.00000 509925.164  5.54%   603   60s
   496   538 502480.000  110  363 483136.000 509925.164  5.54%   473   65s
H  558   551                    483203.00000 509925.164  5.53%   439   66s
H  639   632                    483853.00000 509925.164  5.39%   411   69s
   652   690 502480.000  139  433 483853.000 509925.164  5.39%   404   71s
H  694   690                    483896.00000 509925.164  5.38%   389   71s
   978   963 502480.000  226  318 483896.000 509925.164  5.38%   335   76s
H 1176  1162                    483908.00000 509925.164  5.38%   314   79s
  1210  1243 502480.000  280  336 483908.000 509925.164  5.38%   312   81s
  1519  1507 501758.000  380  327 483908.000 509925.164  5.38%   299   85s
  1813  1731 501039.000  440  304 483908.000 509925.164  5.38%   298   92s
H 1817  1731                    484172.00000 509925.164  5.32%   298   92s
  1912  1850 500145.800  456  283 484172.000 509925.164  5.32%   301   95s
  2081  1970 500218.000  484  269 484172.000 509925.164  5.32%   315  100s
  2187  2051 500218.000  498  242 484172.000 509925.164  5.32%   325  106s
  2274  2137 499154.667  513  320 484172.000 509925.164  5.32%   336  110s
  2372  2201 499410.000  525  318 484172.000 509925.164  5.32%   347  115s
  2457  2247 499410.000  536  327 484172.000 509925.164  5.32%   354  128s
H 2458  2247                    485774.00000 509925.164  4.97%   354  128s
  2461  2282 499410.000  537  326 485774.000 509925.164  4.97%   354  130s
  2550  2353 499397.291  552  379 485774.000 509925.164  4.97%   368  135s
  2630  2426 499125.200  564  361 485774.000 509925.164  4.97%   382  140s
  2718  2489 499189.001  573  415 485774.000 509925.164  4.97%   396  146s
  2806  2561 499410.000  588  342 485774.000 509925.164  4.97%   409  153s
  2844  2603 498387.667  591  381 485774.000 509925.164  4.97%   415  156s
  2928  2651 497835.041  608  394 485774.000 509925.164  4.97%   430  163s
  2958  2689 497867.000  614  356 485774.000 509925.164  4.97%   438  167s
  3001  2714 496717.500  627  335 485774.000 509925.164  4.97%   443  170s
  3069  2780 496325.000  644  319 485774.000 509925.164  4.97%   455  178s
  3107  2814 496325.000  658  315 485774.000 509925.164  4.97%   464  181s
  3148  2852 496325.000  667  334 485774.000 509925.164  4.97%   471  185s
  3229  2923 495421.000  682  325 485774.000 509925.164  4.97%   485  193s
  3276  2960 494014.000  688  286 485774.000 509925.164  4.97%   493  198s
  3322  3009 492135.125  698  327 485774.000 509925.164  4.97%   502  202s
  3383  3040 490385.000  707  271 485774.000 509925.164  4.97%   508  208s
  3419  3125 489648.000  713  294 485774.000 509925.164  4.97%   513  213s
  3518  3129 509842.874    4  970 485774.000 509925.164  4.97%   516  220s
  3522  3190 509842.874    5  737 485774.000 509925.164  4.97%   518  225s
  3591  3266 509175.182   24  743 485774.000 509925.164  4.97%   523  230s
  3667  3372 508622.659   49  617 485774.000 509925.164  4.97%   524  235s
  3782  3423 508404.598   85  640 485774.000 509925.164  4.97%   522  241s
  3834  3567 505582.000  100  482 485774.000 509925.164  4.97%   528  247s
  3983  3596 505582.000  129  380 485774.000 509925.164  4.97%   524  254s
  4012  3701 505582.000  133  417 485774.000 509925.164  4.97%   525  260s
  4122  3829 505582.000  164  335 485774.000 509925.164  4.97%   528  266s
  4252  3975 505582.000  183  332 485774.000 509925.164  4.97%   527  272s
  4407  4071 505582.000  200  339 485774.000 509925.164  4.97%   528  279s
  4510  4174 505582.000  215  326 485774.000 509925.164  4.97%   531  286s
  4623  4276 505582.000  233  312 485774.000 509925.164  4.97%   536  293s
  4732  4373 505582.000  257  367 485774.000 509925.164  4.97%   542  300s
  4836  4464 505582.000  274  321 485774.000 509925.164  4.97%   548  308s
  4937  4536 505582.000  282  400 485774.000 509925.164  4.97%   551  316s
  5017  4600 505582.000  293  391 485774.000 509925.164  4.97%   559  326s
  5098  4668 504856.301  304  582 485774.000 509925.164  4.97%   567  334s
  5171  4669 499396.285  553  703 485774.000 509925.164  4.97%   573  344s

Explored 5172 nodes (3033134 simplex iterations) in 350.01 seconds (657.81 work units)
Thread count was 4 (of 4 available processors)

Solution count 10: 485774 484172 483908 ... 482399

Time limit reached
Best objective 4.857740000000e+05, best bound 5.099250000000e+05, gap 4.9717%
