
Gurobi 11.0.2 (win64) logging started Mon Aug 19 09:28:05 2024

Set parameter LogFile to value "D:\Documenti\Scuola\Laurea magistrale unibs\laurea-unibs-mkfsp\output\2024-08-19T06_36_50.601237\logs\instance06_bucket2.log"
Set parameter TimeLimit to value 350
Set parameter MIPGap to value 0
Gurobi Optimizer version 11.0.2 build v11.0.2rc0 (win64 - Windows 10.0 (19045.2))

CPU model: Intel(R) Core(TM) i5-4670 CPU @ 3.40GHz, instruction set [SSE2|AVX|AVX2]
Thread count: 4 physical cores, 4 logical processors, using up to 4 threads

Optimize a model with 1756 rows, 7295 columns and 205772 nonzeros
Model fingerprint: 0xaf4d0234
Variable types: 0 continuous, 7295 integer (7240 binary)
Coefficient statistics:
  Matrix range     [1e+00, 8e+03]
  Objective range  [6e+02, 8e+03]
  Bounds range     [1e+00, 1e+00]
  RHS range        [1e+00, 3e+05]
Found heuristic solution: objective 254773.00000
Presolve time: 0.44s
Presolved: 1756 rows, 7295 columns, 205772 nonzeros
Variable types: 0 continuous, 7295 integer (7240 binary)
Found heuristic solution: objective 275877.00000

Root relaxation: objective 3.291150e+05, 783 iterations, 0.02 seconds (0.01 work units)

    Nodes    |    Current Node    |     Objective Bounds      |     Work
 Expl Unexpl |  Obj  Depth IntInf | Incumbent    BestBd   Gap | It/Node Time

H    0     0                    329115.00000 329115.000  0.00%     -    0s
     0     0 329115.000    0  337 329115.000 329115.000  0.00%     -    0s

Explored 1 nodes (783 simplex iterations) in 0.50 seconds (0.39 work units)
Thread count was 4 (of 4 available processors)

Solution count 3: 329115 275877 254773 

Optimal solution found (tolerance 0.00e+00)
Best objective 3.291150000000e+05, best bound 3.291150000000e+05, gap 0.0000%
