
Gurobi 11.0.2 (win64) logging started Mon Aug 19 09:07:56 2024

Set parameter LogFile to value "D:\Documenti\Scuola\Laurea magistrale unibs\laurea-unibs-mkfsp\output\2024-08-19T06_36_50.601237\logs\instance04_bucket2.log"
Set parameter TimeLimit to value 350
Set parameter MIPGap to value 0
Gurobi Optimizer version 11.0.2 build v11.0.2rc0 (win64 - Windows 10.0 (19045.2))

CPU model: Intel(R) Core(TM) i5-4670 CPU @ 3.40GHz, instruction set [SSE2|AVX|AVX2]
Thread count: 4 physical cores, 4 logical processors, using up to 4 threads

Optimize a model with 412 rows, 840 columns and 22805 nonzeros
Model fingerprint: 0x12afe4c9
Variable types: 0 continuous, 840 integer (820 binary)
Coefficient statistics:
  Matrix range     [1e+00, 8e+03]
  Objective range  [6e+02, 8e+03]
  Bounds range     [1e+00, 1e+00]
  RHS range        [1e+00, 8e+04]
Presolve time: 0.04s
Presolved: 412 rows, 840 columns, 22805 nonzeros
Variable types: 0 continuous, 840 integer (820 binary)

Root relaxation: objective 9.556118e+04, 1679 iterations, 0.12 seconds (0.20 work units)

    Nodes    |    Current Node    |     Objective Bounds      |     Work
 Expl Unexpl |  Obj  Depth IntInf | Incumbent    BestBd   Gap | It/Node Time

     0     0 95561.1776    0  271          - 95561.1776      -     -    0s
     0     0 95113.2577    0  406          - 95113.2577      -     -    0s
     0     0 95012.1454    0  359          - 95012.1454      -     -    0s
     0     0 95008.8679    0  327          - 95008.8679      -     -    0s
     0     0 94731.7051    0  396          - 94731.7051      -     -    1s
     0     0 94566.1188    0  411          - 94566.1188      -     -    1s
     0     0 94482.2010    0  402          - 94482.2010      -     -    2s
     0     0 94409.9378    0  388          - 94409.9378      -     -    2s
     0     0 94225.0717    0  444          - 94225.0717      -     -    3s
     0     0 94225.0717    0  352          - 94225.0717      -     -    3s
     0     2 94225.0717    0  295          - 94225.0717      -     -    4s
    59    66 92762.5949   13  166          - 94225.0717      -   242    5s
  1134   958 90517.0000   33  593          - 94225.0717      -   189   10s
H 1178   942                    77154.000000 94225.0717  22.1%  26.0   13s
H 1180   900                    80376.000000 94225.0717  17.2%  26.3   14s
H 1181   856                    80507.000000 94225.0717  17.0%  27.8   14s
  1208   877 92966.9473   23  528 80507.0000 94225.0717  17.0%  37.3   15s
H 1214   840                    80623.000000 94225.0717  16.9%  39.0   15s
H 1216   800                    80734.000000 94225.0717  16.7%  39.4   15s
H 1272   801                    81050.000000 94225.0717  16.3%  58.7   17s
H 1278   772                    81724.000000 94225.0717  15.3%  59.8   17s
H 1309   757                    81835.000000 94225.0717  15.1%  66.4   18s
  1367   803 89863.7618   46  340 81835.0000 94225.0717  15.1%  86.1   20s
H 1409   785                    82905.000000 94225.0717  13.7%  95.4   20s
  1525   883 87033.0000   66  221 82905.0000 94225.0717  13.7%   125   25s
  1822  1003 89795.0000   27  297 82905.0000 94225.0717  13.7%   155   30s
  2071  1182 86708.7044   56  219 82905.0000 94225.0717  13.7%   192   36s
  2409  1321 90474.0000   35  362 82905.0000 94225.0717  13.7%   212   41s
  2575  1514 88291.9974   58  263 82905.0000 94225.0717  13.7%   228   46s
H 2877  1572                    83025.000000 94225.0717  13.5%   239   50s
  3233  1932 87488.0951   65  211 83025.0000 94225.0717  13.5%   256   55s
  3585  2301 89757.5656   37  318 83025.0000 94225.0717  13.5%   263   60s
H 3840  2395                    83126.000000 94070.8166  13.2%   257   62s
  4217  2797 93129.4501   24  482 83126.0000 93952.6479  13.0%   249   65s
  4834  3265 87587.8098   73  307 83126.0000 93915.9373  13.0%   246   70s
H 5061  3327                    83470.000000 93902.0688  12.5%   247   73s
H 5127  3372                    84060.000000 93902.0688  11.7%   249   75s
  5467  3607 84077.0000   65  187 84060.0000 93897.5587  11.7%   252   80s
  5743  3884 89588.9343   47  344 84060.0000 93876.2377  11.7%   257   85s
  6140  4250 85337.0761   93  201 84060.0000 93859.4021  11.7%   257   92s
  6515  4664 88579.9529   42  290 84060.0000 93841.0867  11.6%   259   97s
  6758  4947 85154.9214   62  203 84060.0000 93814.6713  11.6%   261  100s
  7353  5353 84229.0000   83  137 84060.0000 93757.0982  11.5%   259  108s
  7627  5594 88239.7567   61  272 84060.0000 93719.4736  11.5%   260  112s
H 7647  5493                    84423.000000 93719.4736  11.0%   260  112s
  7884  5742 84871.0428   92  139 84423.0000 93716.6531  11.0%   263  115s
  8511  6219 92283.4668   29  539 84423.0000 93698.5316  11.0%   266  122s
  8747  6494 87950.6846   51  196 84423.0000 93697.8142  11.0%   270  126s
  9125  6683 91819.5078   29  423 84423.0000 93694.7907  11.0%   271  131s
  9383  6976 91306.0000   22  382 84423.0000 93672.9538  11.0%   273  136s
  9719  7302 89460.0000   35  289 84423.0000 93668.8463  11.0%   275  140s
 10100  7635 88604.0662   47  290 84423.0000 93664.7401  10.9%   275  150s
 10530  8019 93145.0674   20  517 84423.0000 93634.3155  10.9%   276  155s
 11385  8631 90255.9152   33  426 84423.0000 93587.1497  10.9%   276  163s
 11705  8996 86678.0181   67  236 84423.0000 93584.5184  10.9%   278  167s
 12169  9291 91497.0000   25  384 84423.0000 93565.9253  10.8%   280  172s
 12562  9709 86901.7375   64  329 84423.0000 93550.4771  10.8%   278  175s
 13538 10429 92987.9495   29  523 84423.0000 93508.1948  10.8%   276  183s
 14025 10694 89934.2909   42  384 84423.0000 93487.4001  10.7%   275  187s
 14320 10824 88313.4989   56  269 84423.0000 93487.4001  10.7%   276  192s
 14460 11198 85680.0000   92  133 84423.0000 93481.1801  10.7%   276  196s
 14897 11408 86385.0661   73  233 84423.0000 93453.9642  10.7%   277  200s
 15622 12146 87367.8739   66  259 84423.0000 93436.8275  10.7%   279  209s
 16055 12427 86340.0000   71  131 84423.0000 93433.4810  10.7%   280  213s
 16401 12864 87587.1918   45  280 84423.0000 93430.7894  10.7%   282  217s
 16987 13173 89032.0000   35  326 84423.0000 93406.7283  10.6%   280  221s
 17401 13620 89264.0000   41  325 84423.0000 93398.7530  10.6%   280  225s
 18418 14421 88600.8907   44  315 84423.0000 93377.4534  10.6%   276  233s
 18880 14833 90377.9867   42  381 84423.0000 93365.4986  10.6%   275  237s
 19388 15278 86791.1509   63  284 84423.0000 93358.7988  10.6%   273  241s
 19937 15587 86887.0950   69  371 84423.0000 93329.9393  10.6%   271  245s

Cutting planes:
  MIR: 1

Explored 20791 nodes (5844802 simplex iterations) in 350.01 seconds (538.13 work units)
Thread count was 4 (of 4 available processors)

Solution count 10: 84423 84060 83470 ... 80734

Time limit reached
Best objective 8.442300000000e+04, best bound 9.330800000000e+04, gap 10.5244%
