
Gurobi 11.0.2 (win64) logging started Mon Aug 19 09:17:59 2024

Set parameter LogFile to value "D:\Documenti\Scuola\Laurea magistrale unibs\laurea-unibs-mkfsp\output\2024-08-19T06_36_50.601237\logs\instance05_bucket3.log"
Set parameter TimeLimit to value 350
Set parameter MIPGap to value 0
Gurobi Optimizer version 11.0.2 build v11.0.2rc0 (win64 - Windows 10.0 (19045.2))

CPU model: Intel(R) Core(TM) i5-4670 CPU @ 3.40GHz, instruction set [SSE2|AVX|AVX2]
Thread count: 4 physical cores, 4 logical processors, using up to 4 threads

Optimize a model with 1139 rows, 3862 columns and 107318 nonzeros
Model fingerprint: 0xc62129a2
Variable types: 0 continuous, 3862 integer (3816 binary)
Coefficient statistics:
  Matrix range     [1e+00, 9e+03]
  Objective range  [6e+02, 9e+03]
  Bounds range     [1e+00, 1e+00]
  RHS range        [1e+00, 2e+05]
Found heuristic solution: objective 214564.00000
Presolve time: 0.20s
Presolved: 1139 rows, 3862 columns, 107318 nonzeros
Variable types: 0 continuous, 3862 integer (3816 binary)

Root relaxation: objective 2.624790e+05, 812 iterations, 0.03 seconds (0.04 work units)

    Nodes    |    Current Node    |     Objective Bounds      |     Work
 Expl Unexpl |  Obj  Depth IntInf | Incumbent    BestBd   Gap | It/Node Time

     0     0 262479.000    0  110 214564.000 262479.000  22.3%     -    0s
H    0     0                    223784.00000 262479.000  17.3%     -    0s
H    0     0                    228767.00000 262479.000  14.7%     -    0s
H    0     0                    229558.00000 262479.000  14.3%     -    0s
     0     0 262479.000    0  249 229558.000 262479.000  14.3%     -    1s
H    0     0                    237421.00000 262479.000  10.6%     -    2s
H    0     0                    239868.00000 262479.000  9.43%     -    2s
     0     0 262479.000    0  215 239868.000 262479.000  9.43%     -    2s
H    0     0                    240508.00000 262479.000  9.14%     -    2s
     0     0 262479.000    0  113 240508.000 262479.000  9.14%     -    4s
     0     0 262479.000    0  234 240508.000 262479.000  9.14%     -    4s
H    0     0                    241431.00000 262479.000  8.72%     -    6s
     0     0 262479.000    0  138 241431.000 262479.000  8.72%     -    6s
     0     0 262479.000    0  138 241431.000 262479.000  8.72%     -    6s
     0     2 262479.000    0  112 241431.000 262479.000  8.72%     -    8s
    28    33 262479.000    6  263 241431.000 262479.000  8.72%   512   10s
H   30    33                    242976.00000 262479.000  8.03%   483   10s
H   75    83                    244494.00000 262479.000  7.36%   499   13s
    82   305 262479.000   20  219 244494.000 262479.000  7.36%   467   15s
   651  1168 262479.000  128  181 244494.000 262479.000  7.36%   152   20s
  1320  1540 262251.909  300  129 244494.000 262479.000  7.36%   103   25s
  1946  1990 262479.000  447  123 244494.000 262479.000  7.36%   110   31s
H 1994  1990                    244584.00000 262479.000  7.32%   111   31s
H 2350  2187                    244653.00000 262479.000  7.29%   125   37s
H 2363  2225                    245360.00000 262479.000  6.98%   124   40s
H 2364  2225                    245390.00000 262479.000  6.96%   125   40s
  2535  2460 262479.000  529  122 245390.000 262479.000  6.96%   142   45s
  2884  2929 262479.000  570  117 245390.000 262479.000  6.96%   160   50s
H 3552  3244                    245459.00000 262479.000  6.93%   163   59s
H 3552  3232                    246104.00000 262479.000  6.65%   163   59s
  3561  3428 260980.000  695  176 246104.000 262479.000  6.65%   165   61s
  3784  3638 260363.000  258  101 246104.000 262479.000  6.65%   172   66s
H 3917  3637                    246990.00000 262479.000  6.27%   172   66s
  4202  3983 258127.012  389  141 246990.000 262479.000  6.27%   184   72s
H 4416  3983                    247023.00000 262479.000  6.26%   190   73s
  4419  3985 262479.000  252  372 247023.000 262479.000  6.26%   189   78s
H 4419  3785                    247081.00000 262479.000  6.23%   189   85s
H 4419  3596                    247681.00000 262479.000  5.97%   189   85s
H 4419  3416                    248456.00000 262479.000  5.64%   189   85s
H 4419  3245                    249148.00000 262479.000  5.35%   189   85s
H 4421  3085                    249733.00000 262479.000  5.10%   189   89s
H 4422  2930                    250955.00000 262479.000  4.59%   189   90s
H 4423  2785                    251993.00000 262479.000  4.16%   189   97s
  4426  2787 258716.500  599  323 251993.000 262479.000  4.16%   189  103s
  4427  2788 262479.000  444  359 251993.000 262479.000  4.16%   189  105s
  4429  2789 261733.000  719  366 251993.000 262479.000  4.16%   189  111s
  4430  2790 262479.000  502  298 251993.000 262479.000  4.16%   189  115s
H 4431  2650                    253484.00000 262479.000  3.55%   189  121s
  4434  2652 259271.000  560  288 253484.000 262479.000  3.55%   189  125s
  4436  2654 262479.000   21  255 253484.000 262479.000  3.55%   189  130s
  4438  2655 259545.000  437  353 253484.000 262479.000  3.55%   189  135s
  4440  2656 255097.000  658  213 253484.000 262479.000  3.55%   189  143s
  4441  2660 262479.000   12  183 253484.000 262479.000  3.55%   230  145s
  4463  2677 262479.000   16  275 253484.000 262479.000  3.55%   237  150s
H 4470  2545                    253502.00000 262479.000  3.54%   238  153s
  4483  2569 262479.000   18  331 253502.000 262479.000  3.54%   241  155s
H 4499  2454                    253707.00000 262479.000  3.46%   243  158s
H 4504  2332                    253916.00000 262479.000  3.37%   244  158s
  4516  2394 262479.000   23  228 253916.000 262479.000  3.37%   248  161s
  4582  2462 262479.000   32  214 253916.000 262479.000  3.37%   259  172s
H 4656  2323                    253999.00000 262479.000  3.34%   271  172s
  4672  2505 262479.000   41  349 253999.000 262479.000  3.34%   275  197s
H 4733  2376                    254113.00000 262479.000  3.29%   287  197s
H 4780  2257                    256448.00000 262479.000  2.35%   298  197s
  4859  2371 262479.000   66  289 256448.000 262479.000  2.35%   316  222s
H 4920  2252                    256506.00000 262479.000  2.33%   325  222s
  4999  2387 262479.000   97  273 256506.000 262479.000  2.33%   348  247s
H 5000  2294                    257262.00000 262479.000  2.03%   348  247s
  5162  2482 262479.000  124  303 257262.000 262479.000  2.03%   384  273s
  5412  2655 261797.000  154  303 257262.000 262479.000  2.03%   432  301s
H 5443  2554                    258253.00000 262479.000  1.64%   437  301s
  5699  2809 260683.329  173  257 258253.000 262479.000  1.64%   456  328s
  6166  2968 262479.000   62  261 258253.000 262479.000  1.64%   481  350s

Cutting planes:
  Gomory: 1
  Lift-and-project: 1
  Flow cover: 1
  RLT: 3

Explored 6484 nodes (3308300 simplex iterations) in 350.02 seconds (469.31 work units)
Thread count was 4 (of 4 available processors)

Solution count 10: 258253 257262 256506 ... 253484

Time limit reached
Best objective 2.582530000000e+05, best bound 2.624790000000e+05, gap 1.6364%
