
Gurobi 11.0.2 (win64) logging started Mon Aug 19 08:44:27 2024

Set parameter LogFile to value "D:\Documenti\Scuola\Laurea magistrale unibs\laurea-unibs-mkfsp\output\2024-08-19T06_36_50.601237\logs\instance01_bucket3.log"
Set parameter TimeLimit to value 1.4372045400000934e+02
Set parameter MIPGap to value 0
Gurobi Optimizer version 11.0.2 build v11.0.2rc0 (win64 - Windows 10.0 (19045.2))

CPU model: Intel(R) Core(TM) i5-4670 CPU @ 3.40GHz, instruction set [SSE2|AVX|AVX2]
Thread count: 4 physical cores, 4 logical processors, using up to 4 threads

Optimize a model with 395 rows, 1140 columns and 12103 nonzeros
Model fingerprint: 0xcadc8188
Variable types: 0 continuous, 1140 integer (1115 binary)
Coefficient statistics:
  Matrix range     [1e+00, 8e+03]
  Objective range  [6e+02, 8e+03]
  Bounds range     [1e+00, 1e+00]
  RHS range        [1e+00, 9e+04]
Presolve time: 0.03s
Presolved: 395 rows, 1140 columns, 12103 nonzeros
Variable types: 0 continuous, 1140 integer (1115 binary)

Root relaxation: objective 1.007378e+05, 1052 iterations, 0.07 seconds (0.05 work units)

    Nodes    |    Current Node    |     Objective Bounds      |     Work
 Expl Unexpl |  Obj  Depth IntInf | Incumbent    BestBd   Gap | It/Node Time

     0     0 100737.848    0  220          - 100737.848      -     -    0s
     0     0 100444.850    0  336          - 100444.850      -     -    1s
     0     0 100416.069    0  316          - 100416.069      -     -    1s
     0     0 100137.050    0  249          - 100137.050      -     -    2s
     0     0 100107.305    0  296          - 100107.305      -     -    2s
     0     0 99914.1868    0  261          - 99914.1868      -     -    2s
     0     0 99914.1868    0  257          - 99914.1868      -     -    3s
     0     2 99914.1868    0  242          - 99914.1868      -     -    3s
   368   346 infeasible   70               - 99914.1868      -   107    5s
  1207  1008 99914.1868   15  430          - 99914.1868      -  33.8   10s
  1291  1067 98868.8423   27  289          - 99914.1868      -   125   15s
  1468  1194 95180.0000   52  265          - 99914.1868      -   196   20s
  1713  1294 99914.1868   16  387          - 99914.1868      -   227   25s
  1794  1341 97011.3759   23  327          - 99914.1868      -   256   30s
  1965  1452 97972.0000   38  318          - 99914.1868      -   301   35s
  2136  1520 95802.8558   63  265          - 99914.1868      -   324   40s
  2380  1646 98572.4510   31  259          - 99914.1868      -   354   46s
  2559  1745 96720.9555   52  255          - 99914.1868      -   372   52s
  2697  1876 95362.0000   65  227          - 99914.1868      -   376   55s
  2982  1997 97730.2753   36  337          - 99914.1868      -   397   61s
  3205  2037 99779.2354   17  409          - 99914.1868      -   397   65s
  3479  2250 95745.0000   69  265          - 99914.1868      -   410   71s
  3688  2342 96061.0000   44  225          - 99914.1868      -   423   76s
  3878  2457 99155.5336   25  299          - 99914.1868      -   431   80s
  4280  2658 99396.1880   24  347          - 99914.1868      -   445   86s
  4575  2917 96632.0000   40  210          - 99914.1868      -   455   91s
  4888  3202 94452.0000   77  135          - 99914.1868      -   463   95s
  5247  3458 99084.0867   26  343          - 99884.6598      -   465  100s
  5659  3772 95450.0000   31  157          - 99847.1469      -   471  107s
  5843  3977 99151.4525   22  382          - 99843.8852      -   476  110s
  6308  4349 98949.0000   29  327          - 99800.6199      -   483  118s
  6575  4555 94704.0000   33  198          - 99800.6199      -   485  122s
  6823  4708 infeasible   70               - 99793.8882      -   487  127s
  6988  4945 97361.7470   32  281          - 99766.9128      -   491  133s
  7285  5227 96151.0000   50  250          - 99766.9128      -   490  138s
  7606  5468 93970.0000   71  147          - 99749.2332      -   491  142s

Cutting planes:
  Gomory: 1

Explored 7978 nodes (4082009 simplex iterations) in 143.73 seconds (217.86 work units)
Thread count was 4 (of 4 available processors)

Solution count 0

Time limit reached
Best objective -, best bound 9.973600000000e+04, gap -
