
Gurobi 11.0.2 (win64) logging started Mon Aug 19 09:38:07 2024

Set parameter LogFile to value "D:\Documenti\Scuola\Laurea magistrale unibs\laurea-unibs-mkfsp\output\2024-08-19T06_36_50.601237\logs\instance07_bucket2.log"
Set parameter TimeLimit to value 350
Set parameter MIPGap to value 0
Gurobi Optimizer version 11.0.2 build v11.0.2rc0 (win64 - Windows 10.0 (19045.2))

CPU model: Intel(R) Core(TM) i5-4670 CPU @ 3.40GHz, instruction set [SSE2|AVX|AVX2]
Thread count: 4 physical cores, 4 logical processors, using up to 4 threads

Optimize a model with 777 rows, 2067 columns and 56798 nonzeros
Model fingerprint: 0x98f5bf87
Variable types: 0 continuous, 2067 integer (2021 binary)
Coefficient statistics:
  Matrix range     [1e+00, 8e+03]
  Objective range  [6e+02, 8e+03]
  Bounds range     [1e+00, 1e+00]
  RHS range        [1e+00, 2e+05]
Presolve time: 0.10s
Presolved: 777 rows, 2067 columns, 56798 nonzeros
Variable types: 0 continuous, 2067 integer (2021 binary)

Root relaxation: objective 2.494152e+05, 2324 iterations, 0.26 seconds (0.46 work units)

    Nodes    |    Current Node    |     Objective Bounds      |     Work
 Expl Unexpl |  Obj  Depth IntInf | Incumbent    BestBd   Gap | It/Node Time

     0     0 249415.198    0  448          - 249415.198      -     -    0s
H    0     0                    211262.00000 249385.176  18.0%     -    1s
     0     0 249093.194    0  796 211262.000 249093.194  17.9%     -    2s
H    0     0                    212765.00000 249093.194  17.1%     -    2s
     0     0 248878.312    0  650 212765.000 248878.312  17.0%     -    3s
     0     0 248666.083    0  850 212765.000 248666.083  16.9%     -    5s
     0     0 248665.059    0  504 212765.000 248665.059  16.9%     -    6s
H    0     0                    213518.00000 248665.059  16.5%     -    7s
     0     2 248665.059    0  465 213518.000 248665.059  16.5%     -    8s
     7    12 248665.059    3  631 213518.000 248665.059  16.5%  2207   10s
    19    24 248619.430    5  516 213518.000 248665.059  16.5%  2752   15s
H   30    35                    213816.00000 248665.059  16.3%  1960   15s
H   31    35                    213865.00000 248665.059  16.3%  1914   15s
H   60    66                    216582.00000 248665.059  14.8%  1218   17s
H   62    66                    216674.00000 248665.059  14.8%  1198   17s
H   92    97                    219582.00000 248665.059  13.2%   924   18s
H   94    97                    221615.00000 248665.059  12.2%   912   18s
H  122   127                    224855.00000 248665.059  10.6%   767   20s
H  124   127                    224935.00000 248665.059  10.5%   759   20s
H  213   200                    225626.00000 248665.059  10.2%   519   22s
H  253   247                    226320.00000 248665.059  9.87%   467   23s
   314   295 242618.000   56  197 226320.000 248665.059  9.87%   404   25s
   576   578 242618.000  102  236 226320.000 248665.059  9.87%   331   30s
H  750   707                    226804.00000 248665.059  9.64%   318   33s
   818   793 242618.000  149  256 226804.000 248665.059  9.64%   322   35s
   944   902 242618.000  172  170 226804.000 248665.059  9.64%   331   43s
H  950   902                    227129.00000 248665.059  9.48%   331   43s
  1007   959 242618.000  180  296 227129.000 248665.059  9.48%   337   45s
  1126  1058 242618.000  196  315 227129.000 248665.059  9.48%   364   50s
  1276  1174 241928.000  212  314 227129.000 248665.059  9.48%   400   56s
  1363  1271 240430.548  224  376 227129.000 248665.059  9.48%   431   60s
  1505  1406 239645.000  251  301 227129.000 248665.059  9.48%   444   66s
  1686  1554 237806.216  276  424 227129.000 248665.059  9.48%   453   71s
  1912  1771 235943.000  302  336 227129.000 248665.059  9.48%   454   76s
  1986  1829 234933.419  314  360 227129.000 248665.059  9.48%   460   81s
  2011  1904 234407.000  321  350 227129.000 248665.059  9.48%   463   85s
  2150  1991 248224.207    6  597 227129.000 248665.059  9.48%   463   90s
  2192  1999 248122.789    7  504 227129.000 248665.059  9.48%   475  101s
  2196  2002 232533.109  361 1250 227129.000 248665.059  9.48%   474  107s
  2199  2009 248648.461   16 1171 227129.000 248665.059  9.48%   482  110s
  2207  2014 247274.760   17  989 227129.000 248665.059  9.48%   493  118s
  2211  2017 248594.685   18 1163 227129.000 248665.059  9.48%   511  121s
  2215  2019 248069.196   18 1198 227129.000 248665.059  9.48%   516  125s
  2224  2026 247733.742   19 1071 227129.000 248665.059  9.48%   530  131s
  2233  2031 248013.295   20 1171 227129.000 248665.059  9.48%   545  135s
  2245  2041 248433.110   22 1168 227129.000 248665.059  9.48%   559  144s
  2251  2045 248419.282   23 1188 227129.000 248665.059  9.48%   589  146s
  2262  2051 248327.995   24 1190 227129.000 248665.059  9.48%   600  150s
  2271  2059 248278.160   26 1202 227129.000 248665.059  9.48%   610  155s
  2292  2074 248222.450   29 1152 227129.000 248665.059  9.48%   630  162s
  2299  2078 248129.452   30 1182 227129.000 248665.059  9.48%   636  165s
  2313  2088 248063.610   32 1158 227129.000 248665.059  9.48%   651  171s
  2320  2090 247998.589   33 1169 227129.000 248665.059  9.48%   664  178s
  2325  2098 246899.522   33 1001 227129.000 248665.059  9.48%   687  181s
  2334  2108 247992.563   34 1195 227129.000 248665.059  9.48%   692  186s
  2360  2128 247883.731   37 1147 227129.000 248665.059  9.48%   708  194s
  2376  2137 246254.732   39  959 227129.000 248665.059  9.48%   717  198s
  2390  2145 247858.490   41 1163 227129.000 248665.059  9.48%   724  203s
  2403  2157 247855.387   43 1151 227129.000 248665.059  9.48%   734  208s
  2419  2165 247830.517   45 1148 227129.000 248665.059  9.48%   744  213s
  2433  2175 247826.521   47 1142 227129.000 248665.059  9.48%   752  218s
  2447  2186 247814.386   50 1151 227129.000 248665.059  9.48%   761  222s
H 2451  2084                    227216.00000 248665.059  9.44%   763  222s
  2463  2101 247784.897   52 1139 227216.000 248665.059  9.44%   769  229s
H 2483  1999                    227290.00000 248665.059  9.40%   776  229s
H 2484  1930                    227700.00000 248665.059  9.21%   778  234s
  2505  1948 247202.165   58 1055 227700.000 248665.059  9.21%   788  238s
  2530  1971 247003.131   60 1046 227700.000 248665.059  9.21%   792  243s
H 2551  1878                    228385.00000 248665.059  8.88%   795  243s
H 2562  1814                    228854.00000 248665.059  8.66%   796  248s
  2583  1848 246096.250   68  977 228854.000 248665.059  8.66%   806  253s
H 2609  1762                    229161.00000 248665.059  8.51%   810  253s
  2626  1797 241310.000   72  420 229161.000 248665.059  8.51%   809  257s
H 2667  1760                    229163.00000 248665.059  8.51%   816  262s
  2717  1798 241310.000   83  450 229163.000 248665.059  8.51%   819  266s
H 2737  1721                    229679.00000 248665.059  8.27%   824  266s
  2772  1764 241310.000   88  472 229679.000 248665.059  8.27%   819  271s
H 2794  1690                    229792.00000 248665.059  8.21%   824  271s
  2826  1748 241310.000   93  479 229792.000 248665.059  8.21%   820  277s
H 2860  1673                    229866.00000 248665.059  8.18%   821  277s
  2894  1732 241253.939  101  495 229866.000 248665.059  8.18%   817  282s
H 2910  1667                    229907.00000 248665.059  8.16%   816  282s
H 2922  1606                    230521.00000 248665.059  7.87%   816  282s
  2964  1684 241006.408  109  491 230521.000 248665.059  7.87%   810  288s
H 3055  1599                    230663.00000 248665.059  7.80%   804  288s
  3056  1699 240867.722  122  488 230663.000 248665.059  7.80%   804  293s
H 3081  1639                    231830.00000 248665.059  7.26%   801  293s
  3160  1713 240529.707  135  466 231830.000 248665.059  7.26%   793  299s
H 3179  1658                    232293.00000 248665.059  7.05%   789  299s
  3265  1700 237405.032  159  336 232293.000 248665.059  7.05%   790  304s
  3416  1666 248489.489   25 1169 232293.000 248665.059  7.05%   773  314s
H 3417  1620                    232696.00000 248665.059  6.86%   773  314s
  3444  1668 248488.756   26 1199 232696.000 248665.059  6.86%   777  319s
  3501  1714 248487.546   27 1147 232696.000 248665.059  6.86%   779  327s
  3580  1718 248174.729   31 1090 232696.000 248665.059  6.86%   774  333s
  3623  1737 247953.157   37 1034 232696.000 248665.059  6.86%   778  340s
  3656  1757 247678.795   41 1087 232696.000 248665.059  6.86%   783  346s
H 3668  1709                    232776.00000 248665.059  6.83%   783  346s
H 3674  1665                    232778.00000 248665.059  6.82%   783  346s
H 3686  1621                    234226.00000 248665.059  6.16%   786  346s
  3687  1634 246328.670   47  999 234226.000 248665.059  6.16%   787  350s

Explored 3700 nodes (2936781 simplex iterations) in 350.02 seconds (602.51 work units)
Thread count was 4 (of 4 available processors)

Solution count 10: 234226 232778 232776 ... 229866

Time limit reached
Best objective 2.342260000000e+05, best bound 2.486650000000e+05, gap 6.1646%
