
Gurobi 11.0.2 (win64) logging started Mon Aug 19 08:57:56 2024

Set parameter LogFile to value "D:\Documenti\Scuola\Laurea magistrale unibs\laurea-unibs-mkfsp\output\2024-08-19T06_36_50.601237\logs\instance03_bucket4.log"
Set parameter TimeLimit to value 350
Set parameter MIPGap to value 0
Gurobi Optimizer version 11.0.2 build v11.0.2rc0 (win64 - Windows 10.0 (19045.2))

CPU model: Intel(R) Core(TM) i5-4670 CPU @ 3.40GHz, instruction set [SSE2|AVX|AVX2]
Thread count: 4 physical cores, 4 logical processors, using up to 4 threads

Optimize a model with 2356 rows, 12098 columns and 129815 nonzeros
Model fingerprint: 0x3a56cafa
Variable types: 0 continuous, 12098 integer (12004 binary)
Coefficient statistics:
  Matrix range     [1e+00, 8e+03]
  Objective range  [6e+02, 8e+03]
  Bounds range     [1e+00, 1e+00]
  RHS range        [1e+00, 5e+05]
Found heuristic solution: objective 450983.00000
Presolve time: 0.17s
Presolved: 2356 rows, 12098 columns, 129815 nonzeros
Variable types: 0 continuous, 12098 integer (12004 binary)
Found heuristic solution: objective 471618.00000
Deterministic concurrent LP optimizer: primal and dual simplex
Showing primal log only...

Concurrent spin time: 0.00s

Solved with dual simplex

Root relaxation: objective 5.349210e+05, 730 iterations, 0.07 seconds (0.07 work units)

    Nodes    |    Current Node    |     Objective Bounds      |     Work
 Expl Unexpl |  Obj  Depth IntInf | Incumbent    BestBd   Gap | It/Node Time

     0     0 534921.000    0    2 471618.000 534921.000  13.4%     -    0s
H    0     0                    534264.00000 534921.000  0.12%     -    0s
H    0     0                    534921.00000 534921.000  0.00%     -    0s
     0     0 534921.000    0    2 534921.000 534921.000  0.00%     -    0s

Explored 1 nodes (2437 simplex iterations) in 0.38 seconds (0.29 work units)
Thread count was 4 (of 4 available processors)

Solution count 4: 534921 534264 471618 450983 

Optimal solution found (tolerance 0.00e+00)
Best objective 5.349210000000e+05, best bound 5.349210000000e+05, gap 0.0000%
