
Gurobi 11.0.2 (win64) logging started Mon Aug 19 10:37:32 2024

Set parameter LogFile to value "D:\Documenti\Scuola\Laurea magistrale unibs\laurea-unibs-mkfsp\output\2024-08-19T06_36_50.601237\logs\instance12_bucket10.log"
Set parameter TimeLimit to value 1.2061221859999932e+02
Set parameter MIPGap to value 0
Gurobi Optimizer version 11.0.2 build v11.0.2rc0 (win64 - Windows 10.0 (19045.2))

CPU model: Intel(R) Core(TM) i5-4670 CPU @ 3.40GHz, instruction set [SSE2|AVX|AVX2]
Thread count: 4 physical cores, 4 logical processors, using up to 4 threads

Optimize a model with 16685 rows, 89848 columns and 2528326 nonzeros
Model fingerprint: 0x9f3eb757
Variable types: 0 continuous, 89848 integer (89159 binary)
Coefficient statistics:
  Matrix range     [1e+00, 9e+03]
  Objective range  [6e+02, 9e+03]
  Bounds range     [1e+00, 1e+00]
  RHS range        [1e+00, 4e+06]
Presolve removed 0 rows and 0 columns (presolve time = 5s) ...
Presolve time: 6.71s
Presolved: 16685 rows, 89848 columns, 2528326 nonzeros
Variable types: 0 continuous, 89848 integer (89159 binary)
Deterministic concurrent LP optimizer: primal simplex, dual simplex, and barrier
Showing barrier log only...

Root barrier log...

Ordering time: 0.29s

Barrier statistics:
 AA' NZ     : 2.690e+06
 Factor NZ  : 2.906e+06 (roughly 60 MB of memory)
 Factor Ops : 1.394e+09 (less than 1 second per iteration)
 Threads    : 1

                  Objective                Residual
Iter       Primal          Dual         Primal    Dual     Compl     Time
   0   5.67843033e+08  4.08711973e+08  2.86e+07 0.00e+00  1.60e+06    11s
   1   1.05832482e+08  4.27407864e+08  4.70e+06 2.84e-13  2.83e+05    12s
   2   4.99396210e+06  4.06935889e+08  6.50e+04 7.45e-12  6.32e+03    12s
   3   3.72070973e+06  1.64458769e+08  2.50e+03 1.88e-12  1.10e+03    13s
   4   3.67864320e+06  2.09277732e+07  4.05e-03 4.26e-13  1.08e+02    13s
   5   3.78331445e+06  5.05413620e+06  1.49e-02 6.93e-14  7.93e+00    14s
   6   3.86840309e+06  4.28841096e+06  2.80e-05 3.20e-14  2.62e+00    15s
   7   3.87614569e+06  3.93365833e+06  1.00e-06 4.26e-14  3.59e-01    16s
   8   3.87777275e+06  3.88404793e+06  3.31e-09 4.04e-14  3.92e-02    16s
   9   3.87785910e+06  3.88057131e+06  2.17e-09 3.82e-14  1.69e-02    17s
  10   3.87796117e+06  3.87842994e+06  4.06e-10 4.04e-14  2.93e-03    18s
  11   3.87799310e+06  3.87806423e+06  1.75e-10 4.90e-14  4.44e-04    18s
  12   3.87800730e+06  3.87802346e+06  7.67e-11 3.44e-14  1.01e-04    19s
  13   3.87801446e+06  3.87801821e+06  5.39e-12 3.73e-14  2.35e-05    20s
  14   3.87801623e+06  3.87801684e+06  2.13e-13 3.46e-14  3.80e-06    20s
  15   3.87801631e+06  3.87801642e+06  4.38e-11 4.21e-14  6.51e-07    21s
  16   3.87801637e+06  3.87801638e+06  2.32e-08 3.95e-14  4.58e-08    21s
  17   3.87801638e+06  3.87801638e+06  4.84e-09 4.44e-14  3.54e-11    22s

Barrier solved model in 17 iterations and 22.18 seconds (13.13 work units)
Optimal objective 3.87801638e+06


Root crossover log...

    1568 DPushes remaining with DInf 0.0000000e+00                22s
       0 DPushes remaining with DInf 0.0000000e+00                25s

   71106 PPushes remaining with PInf 0.0000000e+00                25s
   64468 PPushes remaining with PInf 0.0000000e+00                30s
   58683 PPushes remaining with PInf 0.0000000e+00                35s
   52697 PPushes remaining with PInf 0.0000000e+00                40s
   46654 PPushes remaining with PInf 0.0000000e+00                45s
   40527 PPushes remaining with PInf 0.0000000e+00                50s
   34451 PPushes remaining with PInf 0.0000000e+00                55s
   28390 PPushes remaining with PInf 0.0000000e+00                60s
   22035 PPushes remaining with PInf 0.0000000e+00                65s
   15376 PPushes remaining with PInf 0.0000000e+00                70s
    8320 PPushes remaining with PInf 0.0000000e+00                75s
    1797 PPushes remaining with PInf 0.0000000e+00                80s
       0 PPushes remaining with PInf 0.0000000e+00                81s

  Push phase complete: Pinf 0.0000000e+00, Dinf 2.9591128e-11     81s


Root simplex log...

Iteration    Objective       Primal Inf.    Dual Inf.      Time
   72439    3.8780164e+06   0.000000e+00   0.000000e+00     82s
Concurrent spin time: 0.59s

Solved with dual simplex

Root simplex log...

Iteration    Objective       Primal Inf.    Dual Inf.      Time
   21462    3.8780164e+06   0.000000e+00   0.000000e+00     82s

Root relaxation: objective 3.878016e+06, 21462 iterations, 73.96 seconds (51.01 work units)

    Nodes    |    Current Node    |     Objective Bounds      |     Work
 Expl Unexpl |  Obj  Depth IntInf | Incumbent    BestBd   Gap | It/Node Time

     0     0 3878016.38    0 5363          - 3878016.38      -     -  120s

Explored 1 nodes (36476 simplex iterations) in 120.72 seconds (94.28 work units)
Thread count was 4 (of 4 available processors)

Solution count 0

Time limit reached
Best objective -, best bound 3.878016378493e+06, gap -
