
Gurobi 11.0.2 (win64) logging started Mon Aug 19 09:48:15 2024

Set parameter LogFile to value "D:\Documenti\Scuola\Laurea magistrale unibs\laurea-unibs-mkfsp\output\2024-08-19T06_36_50.601237\logs\instance08_bucket2.log"
Set parameter TimeLimit to value 350
Set parameter MIPGap to value 0
Gurobi Optimizer version 11.0.2 build v11.0.2rc0 (win64 - Windows 10.0 (19045.2))

CPU model: Intel(R) Core(TM) i5-4670 CPU @ 3.40GHz, instruction set [SSE2|AVX|AVX2]
Thread count: 4 physical cores, 4 logical processors, using up to 4 threads

Optimize a model with 1962 rows, 7878 columns and 220668 nonzeros
Model fingerprint: 0x6e7b7d4a
Variable types: 0 continuous, 7878 integer (7789 binary)
Coefficient statistics:
  Matrix range     [1e+00, 8e+03]
  Objective range  [7e+02, 8e+03]
  Bounds range     [1e+00, 1e+00]
  RHS range        [1e+00, 4e+05]
Found heuristic solution: objective 424323.00000
Presolve time: 0.41s
Presolved: 1962 rows, 7878 columns, 220668 nonzeros
Variable types: 0 continuous, 7878 integer (7789 binary)
Found heuristic solution: objective 471831.00000

Root relaxation: objective 5.417030e+05, 1323 iterations, 0.05 seconds (0.04 work units)

    Nodes    |    Current Node    |     Objective Bounds      |     Work
 Expl Unexpl |  Obj  Depth IntInf | Incumbent    BestBd   Gap | It/Node Time

H    0     0                    541703.00000 541703.000  0.00%     -    0s
     0     0 541703.000    0  538 541703.000 541703.000  0.00%     -    0s

Explored 1 nodes (1323 simplex iterations) in 0.50 seconds (0.45 work units)
Thread count was 4 (of 4 available processors)

Solution count 3: 541703 471831 424323 

Optimal solution found (tolerance 0.00e+00)
Best objective 5.417030000000e+05, best bound 5.417030000000e+05, gap 0.0000%
