
Gurobi 11.0.2 (win64) logging started Mon Aug 19 08:38:37 2024

Set parameter LogFile to value "D:\Documenti\Scuola\Laurea magistrale unibs\laurea-unibs-mkfsp\output\2024-08-19T06_36_50.601237\logs\instance01_bucket2.log"
Set parameter TimeLimit to value 350
Set parameter MIPGap to value 0
Gurobi Optimizer version 11.0.2 build v11.0.2rc0 (win64 - Windows 10.0 (19045.2))

CPU model: Intel(R) Core(TM) i5-4670 CPU @ 3.40GHz, instruction set [SSE2|AVX|AVX2]
Thread count: 4 physical cores, 4 logical processors, using up to 4 threads

Optimize a model with 324 rows, 900 columns and 9537 nonzeros
Model fingerprint: 0x8c812abe
Variable types: 0 continuous, 900 integer (880 binary)
Coefficient statistics:
  Matrix range     [1e+00, 8e+03]
  Objective range  [6e+02, 8e+03]
  Bounds range     [1e+00, 1e+00]
  RHS range        [1e+00, 9e+04]
Presolve time: 0.01s
Presolved: 324 rows, 900 columns, 9537 nonzeros
Variable types: 0 continuous, 900 integer (880 binary)

Root relaxation: objective 1.006167e+05, 641 iterations, 0.02 seconds (0.03 work units)

    Nodes    |    Current Node    |     Objective Bounds      |     Work
 Expl Unexpl |  Obj  Depth IntInf | Incumbent    BestBd   Gap | It/Node Time

     0     0 100616.651    0  188          - 100616.651      -     -    0s
     0     0 99458.9983    0  330          - 99458.9983      -     -    0s
     0     0 99355.6394    0  270          - 99355.6394      -     -    0s
     0     0 99354.2008    0  253          - 99354.2008      -     -    0s
     0     0 99269.0000    0  209          - 99269.0000      -     -    0s
     0     0 99269.0000    0  272          - 99269.0000      -     -    0s
     0     0 99269.0000    0  251          - 99269.0000      -     -    0s
     0     0 99269.0000    0  229          - 99269.0000      -     -    0s
     0     0 99269.0000    0  235          - 99269.0000      -     -    0s
     0     0 99269.0000    0  226          - 99269.0000      -     -    0s
     0     0 99269.0000    0  359          - 99269.0000      -     -    1s
     0     0 99269.0000    0  190          - 99269.0000      -     -    1s
     0     2 99269.0000    0  184          - 99269.0000      -     -    1s
  1166  1015 99269.0000   14  381          - 99269.0000      -  25.3    5s
H 1174   969                    88190.000000 99269.0000  12.6%  35.1    5s
H 1178   925                    88448.000000 99269.0000  12.2%  39.4    5s
H 1179   879                    89406.000000 99269.0000  11.0%  40.3    5s
H 1180   836                    90205.000000 99269.0000  10.0%  41.4    5s
H 1180   795                    90984.000000 99269.0000  9.11%  41.4    5s
  1324   892 97980.4662   36  311 90984.0000 99269.0000  9.11%   145   10s
H 1328   852                    91116.000000 99269.0000  8.95%   145   10s
H 1406   871                    91316.000000 99269.0000  8.71%   170   11s
H 1463   824                    92616.000000 99269.0000  7.18%   178   12s
  1621   887 98516.2229   19  363 92616.0000 99269.0000  7.18%   205   15s
  1923  1077 94817.0807   50  215 92616.0000 99269.0000  7.18%   244   20s
  2383  1345 96038.9981   45  262 92616.0000 99269.0000  7.18%   254   25s
  3001  1566 infeasible   42      92616.0000 99210.8851  7.12%   269   30s
  3450  1950 93912.6819   71  237 92616.0000 99160.1504  7.07%   271   35s
  4184  2485 96972.3301   44  268 92616.0000 99137.2482  7.04%   274   40s
  4861  3036 93098.0000   33   87 92616.0000 99057.9755  6.96%   276   45s
  5584  3507 95611.3857   41  297 92616.0000 99020.4630  6.92%   274   50s
  6328  4026 98845.7763   21  332 92616.0000 98980.8060  6.87%   271   55s
  7068  4714 92708.0000   77   90 92616.0000 98969.4137  6.86%   275   60s
  8070  5411 97299.4439   38  342 92616.0000 98944.4876  6.83%   272   67s
  8726  5884 96438.7496   48  235 92616.0000 98933.5139  6.82%   271   72s
  9347  6408 98313.8868   22  374 92616.0000 98911.3891  6.80%   276   77s
  9676  6730 96953.6435   46  259 92616.0000 98904.1618  6.79%   279   80s
 10109  6961 93195.0000   53  144 92616.0000 98891.7158  6.78%   279   85s
 10890  7710 95884.7495   48  253 92616.0000 98879.4403  6.76%   280   90s
 12202  8504 93780.3670   36  260 92616.0000 98849.6850  6.73%   275   98s
 12689  8848     cutoff   56      92616.0000 98834.1942  6.71%   273  100s
 13713  9485 98319.3222   28  323 92616.0000 98818.2156  6.70%   267  105s
 14574  9978 92708.0000   48   97 92616.0000 98800.7160  6.68%   265  111s
 15079 10641 97717.2744   23  396 92616.0000 98789.1487  6.67%   264  115s
 15930 11208 96413.0005   34  319 92616.0000 98781.6322  6.66%   260  120s
 16496 11771 96914.3385   33  282 92616.0000 98772.4496  6.65%   262  126s
 17424 12433 94282.0000   60  163 92616.0000 98762.8665  6.64%   259  131s
 18256 13151     cutoff   63      92616.0000 98757.6937  6.63%   258  135s
 19805 14319 93929.3213   69  170 92616.0000 98735.4723  6.61%   251  141s
 20837 14761 94860.3471   48  190 92616.0000 98710.6342  6.58%   247  205s
 20850 14770 97163.6219   36  466 92616.0000 98710.6342  6.58%   247  211s
 20856 14774 97585.6712   32  394 92616.0000 98710.6342  6.58%   247  215s
 20859 14776 98441.2451   32  380 92616.0000 98710.6342  6.58%   247  220s
 20876 14792 98710.6342   24  345 92616.0000 98710.6342  6.58%   249  225s
 20922 14822 98710.6342   29  384 92616.0000 98710.6342  6.58%   252  230s
 20998 14874 96874.5479   41  279 92616.0000 98710.6342  6.58%   254  235s
 21164 14955 98528.4400   26  374 92616.0000 98710.6342  6.58%   256  240s
 21317 15015 96931.9784   40  277 92616.0000 98710.6342  6.58%   258  245s
 21488 15104 98710.6342   31  383 92616.0000 98710.6342  6.58%   262  250s
 21670 15179 95639.0000   45  202 92616.0000 98710.6342  6.58%   265  255s
 21896 15306 94129.6122   81  154 92616.0000 98710.6342  6.58%   267  260s
 22132 15359 98572.0918   34  296 92616.0000 98710.6342  6.58%   269  266s
 22273 15463 96000.0000   50  251 92616.0000 98710.6342  6.58%   271  270s
 22414 15546 95221.0000   65  188 92616.0000 98710.6342  6.58%   272  276s
 22581 15650 94556.0000   80  177 92616.0000 98710.6342  6.58%   272  280s
 22788 15712 98710.6342   28  344 92616.0000 98710.6342  6.58%   273  286s
 23094 15871 98710.6342   30  378 92616.0000 98710.6342  6.58%   273  292s
 23213 15930 93862.8000   48  192 92616.0000 98710.6342  6.58%   274  295s
 23572 16147 98403.6955   35  334 92616.0000 98710.6342  6.58%   274  302s
 23999 16400 98569.1802   32  381 92616.0000 98710.6342  6.58%   274  306s
 24484 16528 97780.0000   33  325 92616.0000 98710.6342  6.58%   274  311s
 24889 16755 96241.6524   57  235 92616.0000 98710.6342  6.58%   277  317s
 25132 16752 92650.0000   88  148 92616.0000 98710.6342  6.58%   278  320s
 25440 17027 93796.2827   61  179 92616.0000 98710.6342  6.58%   282  328s
 25678 17081 98710.6342   33  373 92616.0000 98710.6342  6.58%   283  332s
 25872 17243 infeasible   77      92616.0000 98710.6342  6.58%   284  337s
 26148 17375 97912.0030   43  407 92616.0000 98710.6342  6.58%   284  340s
 26875 17702 97730.5392   30  387 92616.0000 98710.6342  6.58%   286  347s
 27217 17736 95289.0000   58  269 92616.0000 98710.6342  6.58%   287  350s

Cutting planes:
  Gomory: 5
  MIR: 4
  StrongCG: 3
  Flow cover: 11
  Zero half: 26
  RLT: 322

Explored 27402 nodes (8003407 simplex iterations) in 350.06 seconds (483.15 work units)
Thread count was 4 (of 4 available processors)

Solution count 8: 92616 91316 91116 ... 88190

Time limit reached
Best objective 9.261600000000e+04, best bound 9.871000000000e+04, gap 6.5799%
