
Gurobi 11.0.2 (win64) logging started Mon Aug 19 09:28:06 2024

Set parameter LogFile to value "D:\Documenti\Scuola\Laurea magistrale unibs\laurea-unibs-mkfsp\output\2024-08-19T06_36_50.601237\logs\instance06_bucket3.log"
Set parameter TimeLimit to value 350
Set parameter MIPGap to value 0
Gurobi Optimizer version 11.0.2 build v11.0.2rc0 (win64 - Windows 10.0 (19045.2))

CPU model: Intel(R) Core(TM) i5-4670 CPU @ 3.40GHz, instruction set [SSE2|AVX|AVX2]
Thread count: 4 physical cores, 4 logical processors, using up to 4 threads

Optimize a model with 2063 rows, 9001 columns and 253820 nonzeros
Model fingerprint: 0xa298ea2a
Variable types: 0 continuous, 9001 integer (8933 binary)
Coefficient statistics:
  Matrix range     [1e+00, 8e+03]
  Objective range  [6e+02, 8e+03]
  Bounds range     [1e+00, 1e+00]
  RHS range        [1e+00, 3e+05]
Found heuristic solution: objective 329180.00000
Presolve time: 0.47s
Presolved: 2063 rows, 9001 columns, 253820 nonzeros
Variable types: 0 continuous, 9001 integer (8933 binary)
Found heuristic solution: objective 374192.00000

Root relaxation: objective 4.062570e+05, 955 iterations, 0.03 seconds (0.02 work units)

    Nodes    |    Current Node    |     Objective Bounds      |     Work
 Expl Unexpl |  Obj  Depth IntInf | Incumbent    BestBd   Gap | It/Node Time

     0     0 406257.000    0    4 374192.000 406257.000  8.57%     -    0s
H    0     0                    405589.00000 406257.000  0.16%     -    0s
H    0     0                    406257.00000 406257.000  0.00%     -    0s
     0     0 406257.000    0    4 406257.000 406257.000  0.00%     -    0s

Explored 1 nodes (2564 simplex iterations) in 0.77 seconds (0.66 work units)
Thread count was 4 (of 4 available processors)

Solution count 4: 406257 405589 374192 329180 

Optimal solution found (tolerance 0.00e+00)
Best objective 4.062570000000e+05, best bound 4.062570000000e+05, gap 0.0000%
