
Gurobi 11.0.2 (win64) logging started Mon Aug 19 09:28:08 2024

Set parameter LogFile to value "D:\Documenti\Scuola\Laurea magistrale unibs\laurea-unibs-mkfsp\output\2024-08-19T06_36_50.601237\logs\instance06_bucket4.log"
Set parameter TimeLimit to value 350
Set parameter MIPGap to value 0
Gurobi Optimizer version 11.0.2 build v11.0.2rc0 (win64 - Windows 10.0 (19045.2))

CPU model: Intel(R) Core(TM) i5-4670 CPU @ 3.40GHz, instruction set [SSE2|AVX|AVX2]
Thread count: 4 physical cores, 4 logical processors, using up to 4 threads

Optimize a model with 2375 rows, 10782 columns and 304273 nonzeros
Model fingerprint: 0xd4007224
Variable types: 0 continuous, 10782 integer (10701 binary)
Coefficient statistics:
  Matrix range     [1e+00, 8e+03]
  Objective range  [6e+02, 8e+03]
  Bounds range     [1e+00, 1e+00]
  RHS range        [1e+00, 4e+05]
Found heuristic solution: objective 409249.00000
Presolve time: 0.59s
Presolved: 2375 rows, 10782 columns, 304273 nonzeros
Variable types: 0 continuous, 10782 integer (10701 binary)
Found heuristic solution: objective 454391.00000
Deterministic concurrent LP optimizer: primal and dual simplex
Showing primal log only...

Concurrent spin time: 0.00s

Solved with dual simplex

Root relaxation: objective 4.864960e+05, 669 iterations, 0.14 seconds (0.15 work units)

    Nodes    |    Current Node    |     Objective Bounds      |     Work
 Expl Unexpl |  Obj  Depth IntInf | Incumbent    BestBd   Gap | It/Node Time

H    0     0                    486496.00000 486496.000  0.00%     -    0s
     0     0 486496.000    0    2 486496.000 486496.000  0.00%     -    0s

Explored 1 nodes (1286 simplex iterations) in 0.86 seconds (0.78 work units)
Thread count was 4 (of 4 available processors)

Solution count 3: 486496 454391 409249 

Optimal solution found (tolerance 0.00e+00)
Best objective 4.864960000000e+05, best bound 4.864960000000e+05, gap 0.0000%
