
Gurobi 11.0.2 (win64) logging started Mon Aug 19 08:47:52 2024

Set parameter LogFile to value "D:\Documenti\Scuola\Laurea magistrale unibs\laurea-unibs-mkfsp\output\2024-08-19T06_36_50.601237\logs\instance02_bucket2.log"
Set parameter TimeLimit to value 350
Set parameter MIPGap to value 0
Gurobi Optimizer version 11.0.2 build v11.0.2rc0 (win64 - Windows 10.0 (19045.2))

CPU model: Intel(R) Core(TM) i5-4670 CPU @ 3.40GHz, instruction set [SSE2|AVX|AVX2]
Thread count: 4 physical cores, 4 logical processors, using up to 4 threads

Optimize a model with 966 rows, 4132 columns and 44385 nonzeros
Model fingerprint: 0x5eaed201
Variable types: 0 continuous, 4132 integer (4086 binary)
Coefficient statistics:
  Matrix range     [1e+00, 8e+03]
  Objective range  [6e+02, 8e+03]
  Bounds range     [1e+00, 1e+00]
  RHS range        [1e+00, 2e+05]
Presolve time: 0.06s
Presolved: 966 rows, 4132 columns, 44385 nonzeros
Variable types: 0 continuous, 4132 integer (4086 binary)

Root relaxation: objective 2.782740e+05, 825 iterations, 0.02 seconds (0.02 work units)

    Nodes    |    Current Node    |     Objective Bounds      |     Work
 Expl Unexpl |  Obj  Depth IntInf | Incumbent    BestBd   Gap | It/Node Time

     0     0 278274.000    0   74          - 278274.000      -     -    0s
H    0     0                    241705.00000 278274.000  15.1%     -    0s
H    0     0                    244449.00000 278274.000  13.8%     -    0s
H    0     0                    252514.00000 278274.000  10.2%     -    0s
     0     0 278274.000    0  277 252514.000 278274.000  10.2%     -    0s
H    0     0                    258345.00000 278274.000  7.71%     -    1s
H    0     0                    263343.00000 278274.000  5.67%     -    1s
     0     0 278274.000    0  239 263343.000 278274.000  5.67%     -    1s
     0     0 278274.000    0   86 263343.000 278274.000  5.67%     -    3s
     0     0 278274.000    0   86 263343.000 278274.000  5.67%     -    3s
H    0     0                    264064.00000 278274.000  5.38%     -    5s
H    0     2                    264130.00000 278274.000  5.35%     -    5s
     0     2 278274.000    0   66 264130.000 278274.000  5.35%     -    5s
H   82    92                    265145.00000 278274.000  4.95%   701    8s
    93   215 278274.000   19  117 265145.000 278274.000  4.95%   726   11s
H  208   215                    266611.00000 278274.000  4.37%   502   11s
   526   772 277970.176  111  172 266611.000 278274.000  4.37%   310   18s
H  746   772                    267232.00000 278274.000  4.13%   256   18s
H  804  1141                    267272.00000 278274.000  4.12%   251   21s
H  865  1141                    268540.00000 278274.000  3.62%   250   21s
  1183  1701 277494.714  215  132 268540.000 278274.000  3.62%   210   25s
H 1434  1701                    269247.00000 278274.000  3.35%   197   25s
H 1782  1809                    272167.00000 278274.000  2.24%   180   30s
  1956  1883 276940.000  306  144 272167.000 278274.000  2.24%   189   37s
  2036  2401 276940.000  325  108 272167.000 278274.000  2.24%   189   40s
  3004  3458 276084.400  530  156 272167.000 278274.000  2.24%   211   47s
  3782  3944 273090.721  717  146 272167.000 278274.000  2.24%   221   50s
H 4370  3858                    272942.00061 278274.000  1.95%   226   55s
H 4376  3667                    273041.00000 278274.000  1.92%   226   59s
  4378  3668 274849.000  830  302 273041.000 278274.000  1.92%   226   65s
H 4379  3485                    273048.00000 278274.000  1.91%   226   70s
  4382  3487 276230.000  487  276 273048.000 278274.000  1.91%   226   75s
  4386  3489 278274.000  295  183 273048.000 278274.000  1.91%   226   81s
  4388  3491 276901.000  486  269 273048.000 278274.000  1.91%   226   85s
  4391  3493 276038.000  284  317 273048.000 278274.000  1.91%   226   91s
  4394  3495 276940.000  335  198 273048.000 278274.000  1.91%   225   97s
  4396  3496 275527.000  733  214 273048.000 278274.000  1.91%   225  101s
  4398  3497 278274.000    4  214 273048.000 278274.000  1.91%   225  106s
  4417  3515 278274.000   15  326 273048.000 278274.000  1.91%   275  110s
  4444  3543 278274.000   19  286 273048.000 278274.000  1.91%   281  116s
  4458  3549 278274.000   21  212 273048.000 278274.000  1.91%   285  121s
H 4468  3371                    273061.00000 278274.000  1.91%   287  121s
  4469  3431 278274.000   24  364 273061.000 278274.000  1.91%   287  125s
  4529  3533 278274.000   33  219 273061.000 278274.000  1.91%   300  132s
H 4651  3579                    273113.00000 278274.000  1.89%   321  145s
  4905  3687 278274.000   85  276 273113.000 278274.000  1.89%   367  159s
H 4957  3512                    273220.00000 278274.000  1.85%   377  159s
H 5098  3430                    273240.00000 278274.000  1.84%   402  173s
H 5101  3286                    273887.00000 278274.000  1.60%   403  173s
  5213  3459 278274.000  112  314 273887.000 278274.000  1.60%   432  189s
  5423  3660 277543.000  140  212 273887.000 278274.000  1.60%   480  206s
  5696  3913 276827.667  186  261 273887.000 278274.000  1.60%   512  223s
  6145  4085 infeasible  256      273887.000 278274.000  1.60%   535  238s
  6472  4091 278274.000   63  278 273887.000 278274.000  1.60%   562  258s
H 6532  3935                    273901.00000 278274.000  1.60%   569  258s
  6587  4189 278274.000   93  374 273901.000 278274.000  1.60%   573  277s
  6860  4465 278274.000  118  278 273901.000 278274.000  1.60%   607  297s
  7262  4717 277522.173  162  265 273901.000 278274.000  1.60%   622  312s
  7679  4987 278274.000   39  302 273901.000 278274.000  1.60%   642  327s
  8135  5111 278271.872  114  342 273901.000 278274.000  1.60%   657  346s
  8457  5047 277012.000  157  200 273901.000 278274.000  1.60%   681  350s

Cutting planes:
  Gomory: 1
  Cover: 1
  MIR: 7
  StrongCG: 8
  Flow cover: 4
  Zero half: 2
  RLT: 15

Explored 8507 nodes (5854582 simplex iterations) in 350.02 seconds (484.02 work units)
Thread count was 4 (of 4 available processors)

Solution count 10: 273901 273887 273240 ... 272167

Time limit reached
Best objective 2.739010000000e+05, best bound 2.782740000000e+05, gap 1.5966%
