
Gurobi 11.0.2 (win64) logging started Mon Aug 19 09:28:05 2024

Set parameter LogFile to value "D:\Documenti\Scuola\Laurea magistrale unibs\laurea-unibs-mkfsp\output\2024-08-19T06_36_50.601237\logs\instance06_bucket1.log"
Set parameter TimeLimit to value 350
Set parameter MIPGap to value 0
Gurobi Optimizer version 11.0.2 build v11.0.2rc0 (win64 - Windows 10.0 (19045.2))

CPU model: Intel(R) Core(TM) i5-4670 CPU @ 3.40GHz, instruction set [SSE2|AVX|AVX2]
Thread count: 4 physical cores, 4 logical processors, using up to 4 threads

Optimize a model with 1452 rows, 5649 columns and 159635 nonzeros
Model fingerprint: 0xc4d66e79
Variable types: 0 continuous, 5649 integer (5607 binary)
Coefficient statistics:
  Matrix range     [1e+00, 8e+03]
  Objective range  [6e+02, 8e+03]
  Bounds range     [1e+00, 1e+00]
  RHS range        [1e+00, 2e+05]
Found heuristic solution: objective 243597.00000
Presolve time: 0.31s
Presolved: 1452 rows, 5649 columns, 159635 nonzeros
Variable types: 0 continuous, 5649 integer (5607 binary)
Found heuristic solution: objective 251479.00000

Root relaxation: objective 2.544360e+05, 645 iterations, 0.02 seconds (0.01 work units)

    Nodes    |    Current Node    |     Objective Bounds      |     Work
 Expl Unexpl |  Obj  Depth IntInf | Incumbent    BestBd   Gap | It/Node Time

H    0     0                    254436.00000 254436.000  0.00%     -    0s
     0     0 254436.000    0  263 254436.000 254436.000  0.00%     -    0s

Explored 1 nodes (645 simplex iterations) in 0.37 seconds (0.30 work units)
Thread count was 4 (of 4 available processors)

Solution count 3: 254436 251479 243597 

Optimal solution found (tolerance 0.00e+00)
Best objective 2.544360000000e+05, best bound 2.544360000000e+05, gap 0.0000%
