
Gurobi 11.0.2 (win64) logging started Mon Aug 19 10:30:27 2024

Set parameter LogFile to value "D:\Documenti\Scuola\Laurea magistrale unibs\laurea-unibs-mkfsp\output\2024-08-19T06_36_50.601237\logs\instance12_bucket1.log"
Set parameter TimeLimit to value 350
Set parameter MIPGap to value 0
Gurobi Optimizer version 11.0.2 build v11.0.2rc0 (win64 - Windows 10.0 (19045.2))

CPU model: Intel(R) Core(TM) i5-4670 CPU @ 3.40GHz, instruction set [SSE2|AVX|AVX2]
Thread count: 4 physical cores, 4 logical processors, using up to 4 threads

Optimize a model with 3997 rows, 19740 columns and 556176 nonzeros
Model fingerprint: 0x50554669
Variable types: 0 continuous, 19740 integer (19590 binary)
Coefficient statistics:
  Matrix range     [1e+00, 8e+03]
  Objective range  [6e+02, 8e+03]
  Bounds range     [1e+00, 1e+00]
  RHS range        [1e+00, 9e+05]
Found heuristic solution: objective 879663.00000
Presolve removed 0 rows and 46 columns
Presolve time: 1.46s
Presolved: 3997 rows, 19694 columns, 555699 nonzeros
Variable types: 0 continuous, 19694 integer (19544 binary)
Found heuristic solution: objective 886370.00000

Explored 0 nodes (0 simplex iterations) in 1.54 seconds (1.35 work units)
Thread count was 4 (of 4 available processors)

Solution count 2: 886370 879663 

Optimal solution found (tolerance 0.00e+00)
Best objective 8.863700000000e+05, best bound 8.863700000000e+05, gap 0.0000%
