WARN | Starting Kernel Search with 40 families per bucket
WARN | Building Kernel Search initial solution
WARN | Kernel size: 100
WARN | Relaxed optimum: 1499046.6442718199							17.3776s
WARN | Kernel: [0, 2, 3, 7, 13, 17, 21, 25, 26, 30, 31, 34, 35, 38, 39, 41, 42, 53, 54, 58, 62, 63, 64, 68, 71, 73, 74, 77, 78, 85, 86, 87, 92, 94, 96, 98, 99, 101, 102, 105, 114, 115, 117, 119, 121, 122, 129, 130, 131, 135, 138, 141, 145, 149, 150, 152, 154, 156, 160, 166, 176, 177, 178, 179, 180, 181, 183, 184, 185, 187, 190, 194, 196, 202, 203, 207, 210, 219, 223, 225, 226, 229, 230, 231, 233, 237, 239, 240, 242, 243, 247, 251, 253, 259, 260, 261, 262, 266, 267, 268]
WARN | Solving with bucket number 1							17.3833s
WARN | Kernel: [0, 2, 3, 7, 13, 17, 21, 25, 26, 30, 31, 34, 35, 38, 39, 41, 42, 53, 54, 58, 62, 63, 64, 68, 71, 73, 74, 77, 78, 85, 86, 87, 92, 94, 96, 98, 99, 101, 102, 105, 114, 115, 117, 119, 121, 122, 129, 130, 131, 135, 138, 141, 145, 149, 150, 152, 154, 156, 160, 166, 176, 177, 178, 179, 180, 181, 183, 184, 185, 187, 190, 194, 196, 202, 203, 207, 210, 219, 223, 225, 226, 229, 230, 231, 233, 237, 239, 240, 242, 243, 247, 251, 253, 259, 260, 261, 262, 266, 267, 268]	17.3833s
WARN | Bucket: []	17.3833s
INFO | Starting VNDS algorithm
INFO | Initial solution value: 574122							0.0000s
CRIT | Time limit reached
ERRO | Families from bucket --> []
WARN | Solution value: 574122								77.5301s
WARN | Solution improved
WARN | Indexes of the families added to the kernel: []					77.5372s
WARN | Solving with bucket number 2							77.5381s
WARN | Kernel: [0, 2, 3, 7, 13, 17, 21, 25, 26, 30, 31, 34, 35, 38, 39, 41, 42, 53, 54, 58, 62, 63, 64, 68, 71, 73, 74, 77, 78, 85, 86, 87, 92, 94, 96, 98, 99, 101, 102, 105, 114, 115, 117, 119, 121, 122, 129, 130, 131, 135, 138, 141, 145, 149, 150, 152, 154, 156, 160, 166, 176, 177, 178, 179, 180, 181, 183, 184, 185, 187, 190, 194, 196, 202, 203, 207, 210, 219, 223, 225, 226, 229, 230, 231, 233, 237, 239, 240, 242, 243, 247, 251, 253, 259, 260, 261, 262, 266, 267, 268]	77.5381s
WARN | Bucket: [269, 273, 279, 280, 281, 282, 284, 285, 286, 287, 290, 293, 295, 296, 297, 298, 304, 306, 309, 311, 317, 319, 321, 332, 333, 338, 341, 343, 345, 347, 349, 351, 356, 358, 360, 361, 372, 373, 377, 379]	77.5381s
INFO | Starting VNDS algorithm
INFO | Initial solution value: 574122							0.0000s
INFO | New best solution found: 655267							0.5182s
INFO | New best solution found: 793773							1.2316s
INFO | New best solution found: 793799							23.3598s
INFO | New best solution found: 794073							28.3404s
CRIT | Time limit reached
ERRO | Families from bucket --> [273, 279, 280, 281, 282, 284, 285, 286, 287, 290, 293, 295, 296, 297, 298, 304, 306, 309, 311, 317, 319, 321, 332, 333, 338, 341, 343, 345, 347, 349, 351, 356, 358, 360, 361, 372, 373, 377, 379]
WARN | Solution value: 794073								137.7599s
WARN | Solution improved
WARN | Indexes of the families added to the kernel: [273, 279, 280, 281, 282, 284, 285, 286, 287, 290, 293, 295, 296, 297, 298, 304, 306, 309, 311, 317, 319, 321, 332, 333, 338, 341, 343, 345, 347, 349, 351, 356, 358, 360, 361, 372, 373, 377, 379]					137.7688s
WARN | Solving with bucket number 3							137.7697s
WARN | Kernel: [0, 2, 3, 7, 13, 17, 21, 25, 26, 30, 31, 34, 35, 38, 39, 41, 42, 53, 54, 58, 62, 63, 64, 68, 71, 73, 74, 77, 78, 85, 86, 87, 92, 94, 96, 98, 99, 101, 102, 105, 114, 115, 117, 119, 121, 122, 129, 130, 131, 135, 138, 141, 145, 149, 150, 152, 154, 156, 160, 166, 176, 177, 178, 179, 180, 181, 183, 184, 185, 187, 190, 194, 196, 202, 203, 207, 210, 219, 223, 225, 226, 229, 230, 231, 233, 237, 239, 240, 242, 243, 247, 251, 253, 259, 260, 261, 262, 266, 267, 268, 273, 279, 280, 281, 282, 284, 285, 286, 287, 290, 293, 295, 296, 297, 298, 304, 306, 309, 311, 317, 319, 321, 332, 333, 338, 341, 343, 345, 347, 349, 351, 356, 358, 360, 361, 372, 373, 377, 379]	137.7697s
WARN | Bucket: [381, 386, 388, 389, 394, 395, 397, 398, 401, 403, 407, 408, 409, 412, 422, 423, 424, 430, 434, 438, 441, 442, 452, 453, 458, 461, 465, 467, 468, 471, 473, 474, 475, 477, 478, 479, 483, 484, 485, 486]	137.7697s
INFO | Starting VNDS algorithm
INFO | Initial solution value: 794073							0.0000s
INFO | New best solution found: 897653							1.8072s
INFO | New best solution found: 959073							2.6674s
INFO | New best solution found: 999596							4.2871s
INFO | New best solution found: 1000862							5.0462s
INFO | New best solution found: 1001366							13.4366s
INFO | New best solution found: 1001909							14.0208s
CRIT | Time limit reached
ERRO | Families from bucket --> [381, 386, 388, 389, 394, 395, 397, 398, 401, 403, 407, 408, 409, 412, 422, 423, 424, 430, 434, 438, 441, 442, 452, 453, 458, 461, 465, 467, 468, 471, 473, 474, 475, 477, 478, 479, 483, 484, 485, 486]
WARN | Solution value: 1001909								198.0439s
WARN | Solution improved
WARN | Indexes of the families added to the kernel: [381, 386, 388, 389, 394, 395, 397, 398, 401, 403, 407, 408, 409, 412, 422, 423, 424, 430, 434, 438, 441, 442, 452, 453, 458, 461, 465, 467, 468, 471, 473, 474, 475, 477, 478, 479, 483, 484, 485, 486]					198.0533s
WARN | Solving with bucket number 4							198.0544s
WARN | Kernel: [0, 2, 3, 7, 13, 17, 21, 25, 26, 30, 31, 34, 35, 38, 39, 41, 42, 53, 54, 58, 62, 63, 64, 68, 71, 73, 74, 77, 78, 85, 86, 87, 92, 94, 96, 98, 99, 101, 102, 105, 114, 115, 117, 119, 121, 122, 129, 130, 131, 135, 138, 141, 145, 149, 150, 152, 154, 156, 160, 166, 176, 177, 178, 179, 180, 181, 183, 184, 185, 187, 190, 194, 196, 202, 203, 207, 210, 219, 223, 225, 226, 229, 230, 231, 233, 237, 239, 240, 242, 243, 247, 251, 253, 259, 260, 261, 262, 266, 267, 268, 273, 279, 280, 281, 282, 284, 285, 286, 287, 290, 293, 295, 296, 297, 298, 304, 306, 309, 311, 317, 319, 321, 332, 333, 338, 341, 343, 345, 347, 349, 351, 356, 358, 360, 361, 372, 373, 377, 379, 381, 386, 388, 389, 394, 395, 397, 398, 401, 403, 407, 408, 409, 412, 422, 423, 424, 430, 434, 438, 441, 442, 452, 453, 458, 461, 465, 467, 468, 471, 473, 474, 475, 477, 478, 479, 483, 484, 485, 486]	198.0544s
WARN | Bucket: [488, 493, 494, 496, 502, 503, 507, 514, 516, 517, 521, 523, 529, 530, 534, 535, 536, 538, 539, 544, 546, 550, 553, 562, 563, 564, 566, 569, 571, 573, 576, 586, 587, 589, 590, 591, 593, 594, 597, 599]	198.0544s
INFO | Starting VNDS algorithm
INFO | Initial solution value: 1001909							0.0000s
INFO | New best solution found: 1105704							1.0919s
INFO | New best solution found: 1138417							2.0272s
INFO | New best solution found: 1147570							2.9313s
INFO | New best solution found: 1151563							3.8899s
INFO | New best solution found: 1151762							5.5279s
INFO | New best solution found: 1165147							6.9177s
INFO | New best solution found: 1170935							7.9266s
INFO | New best solution found: 1180389							8.9217s
INFO | New best solution found: 1189116							15.4357s
INFO | New best solution found: 1203675							16.4477s
INFO | New best solution found: 1204811							22.1715s
INFO | New best solution found: 1208550							23.0785s
INFO | New best solution found: 1217134							23.8968s
INFO | New best solution found: 1221607							24.6355s
INFO | New best solution found: 1221733							32.9327s
CRIT | Time limit reached
ERRO | Families from bucket --> [488, 493, 494, 496, 502, 503, 507, 514, 516, 517, 521, 523, 529, 530, 534, 535, 536, 538, 539, 544, 546, 550, 553, 562, 563, 564, 566, 569, 571, 573, 576, 586, 587, 589, 590, 591, 593, 594, 597, 599]
WARN | Solution value: 1221733								258.5142s
WARN | Solution improved
WARN | Indexes of the families added to the kernel: [488, 493, 494, 496, 502, 503, 507, 514, 516, 517, 521, 523, 529, 530, 534, 535, 536, 538, 539, 544, 546, 550, 553, 562, 563, 564, 566, 569, 571, 573, 576, 586, 587, 589, 590, 591, 593, 594, 597, 599]					258.5259s
WARN | Solving with bucket number 5							258.5271s
WARN | Kernel: [0, 2, 3, 7, 13, 17, 21, 25, 26, 30, 31, 34, 35, 38, 39, 41, 42, 53, 54, 58, 62, 63, 64, 68, 71, 73, 74, 77, 78, 85, 86, 87, 92, 94, 96, 98, 99, 101, 102, 105, 114, 115, 117, 119, 121, 122, 129, 130, 131, 135, 138, 141, 145, 149, 150, 152, 154, 156, 160, 166, 176, 177, 178, 179, 180, 181, 183, 184, 185, 187, 190, 194, 196, 202, 203, 207, 210, 219, 223, 225, 226, 229, 230, 231, 233, 237, 239, 240, 242, 243, 247, 251, 253, 259, 260, 261, 262, 266, 267, 268, 273, 279, 280, 281, 282, 284, 285, 286, 287, 290, 293, 295, 296, 297, 298, 304, 306, 309, 311, 317, 319, 321, 332, 333, 338, 341, 343, 345, 347, 349, 351, 356, 358, 360, 361, 372, 373, 377, 379, 381, 386, 388, 389, 394, 395, 397, 398, 401, 403, 407, 408, 409, 412, 422, 423, 424, 430, 434, 438, 441, 442, 452, 453, 458, 461, 465, 467, 468, 471, 473, 474, 475, 477, 478, 479, 483, 484, 485, 486, 488, 493, 494, 496, 502, 503, 507, 514, 516, 517, 521, 523, 529, 530, 534, 535, 536, 538, 539, 544, 546, 550, 553, 562, 563, 564, 566, 569, 571, 573, 576, 586, 587, 589, 590, 591, 593, 594, 597, 599]	258.5271s
WARN | Bucket: [601, 604, 606, 613, 614, 615, 617, 618, 621, 624, 626, 628, 629, 630, 631, 635, 642, 643, 647, 650, 652, 653, 655, 661, 662, 272, 370, 584, 490, 168, 368, 376, 392, 555, 620, 355, 561, 609, 491, 362]	258.5271s
INFO | Starting VNDS algorithm
INFO | Initial solution value: 1221733							0.0000s
INFO | New best solution found: 1224474							1.6721s
INFO | New best solution found: 1232264							2.5427s
INFO | New best solution found: 1236582							4.6288s
INFO | New best solution found: 1238939							5.5115s
INFO | New best solution found: 1258788							7.1568s
INFO | New best solution found: 1260917							11.3369s
INFO | New best solution found: 1267323							12.4480s
INFO | New best solution found: 1271645							13.9397s
INFO | New best solution found: 1275123							16.9916s
INFO | New best solution found: 1284931							18.3961s
INFO | New best solution found: 1285790							19.9840s
INFO | New best solution found: 1295438							26.2665s
INFO | New best solution found: 1295718							30.8625s
INFO | New best solution found: 1296788							39.4119s
INFO | New best solution found: 1297978							59.0980s
INFO | New best solution found: 1303249							62.3471s
CRIT | Time limit reached
ERRO | Families from bucket --> [168, 272, 370, 392, 491, 561, 584, 601, 604, 609, 613, 614, 615, 621, 624, 626, 628, 629, 630, 631, 643, 647, 650, 652, 653, 655]
WARN | Solution value: 1303249								320.9142s
WARN | Solution improved
WARN | Indexes of the families added to the kernel: [601, 604, 613, 614, 615, 621, 624, 626, 628, 629, 630, 631, 643, 647, 650, 652, 653, 655, 272, 370, 584, 168, 392, 561, 609, 491]					320.9262s
WARN | Solving with bucket number 6							320.9281s
WARN | Kernel: [0, 2, 3, 7, 13, 17, 21, 25, 26, 30, 31, 34, 35, 38, 39, 41, 42, 53, 54, 58, 62, 63, 64, 68, 71, 73, 74, 77, 78, 85, 86, 87, 92, 94, 96, 98, 99, 101, 102, 105, 114, 115, 117, 119, 121, 122, 129, 130, 131, 135, 138, 141, 145, 149, 150, 152, 154, 156, 160, 166, 176, 177, 178, 179, 180, 181, 183, 184, 185, 187, 190, 194, 196, 202, 203, 207, 210, 219, 223, 225, 226, 229, 230, 231, 233, 237, 239, 240, 242, 243, 247, 251, 253, 259, 260, 261, 262, 266, 267, 268, 273, 279, 280, 281, 282, 284, 285, 286, 287, 290, 293, 295, 296, 297, 298, 304, 306, 309, 311, 317, 319, 321, 332, 333, 338, 341, 343, 345, 347, 349, 351, 356, 358, 360, 361, 372, 373, 377, 379, 381, 386, 388, 389, 394, 395, 397, 398, 401, 403, 407, 408, 409, 412, 422, 423, 424, 430, 434, 438, 441, 442, 452, 453, 458, 461, 465, 467, 468, 471, 473, 474, 475, 477, 478, 479, 483, 484, 485, 486, 488, 493, 494, 496, 502, 503, 507, 514, 516, 517, 521, 523, 529, 530, 534, 535, 536, 538, 539, 544, 546, 550, 553, 562, 563, 564, 566, 569, 571, 573, 576, 586, 587, 589, 590, 591, 593, 594, 597, 599, 601, 604, 613, 614, 615, 621, 624, 626, 628, 629, 630, 631, 643, 647, 650, 652, 653, 655, 272, 370, 584, 168, 392, 561, 609, 491]	320.9281s
WARN | Bucket: [95, 608, 271, 545, 305, 18, 255, 664, 567, 579, 570, 198, 245, 476, 109, 659, 216, 48, 400, 188, 551, 634, 235, 354, 155, 511, 275, 16, 413, 548, 84, 415, 556, 482, 19, 489, 459, 646, 600, 169]	320.9281s
INFO | Starting VNDS algorithm
INFO | Initial solution value: 1303249							0.0000s
INFO | New best solution found: 1306529							3.7989s
INFO | New best solution found: 1308288							19.6007s
INFO | New best solution found: 1308784							52.4259s
CRIT | Time limit reached
ERRO | Families from bucket --> [18, 556, 570, 600]
WARN | Solution value: 1308784								383.1312s
WARN | Solution improved
WARN | Indexes of the families added to the kernel: [18, 570, 556, 600]					383.1432s
WARN | Solving with bucket number 7							383.1441s
WARN | Kernel: [0, 2, 3, 7, 13, 17, 21, 25, 26, 30, 31, 34, 35, 38, 39, 41, 42, 53, 54, 58, 62, 63, 64, 68, 71, 73, 74, 77, 78, 85, 86, 87, 92, 94, 96, 98, 99, 101, 102, 105, 114, 115, 117, 119, 121, 122, 129, 130, 131, 135, 138, 141, 145, 149, 150, 152, 154, 156, 160, 166, 176, 177, 178, 179, 180, 181, 183, 184, 185, 187, 190, 194, 196, 202, 203, 207, 210, 219, 223, 225, 226, 229, 230, 231, 233, 237, 239, 240, 242, 243, 247, 251, 253, 259, 260, 261, 262, 266, 267, 268, 273, 279, 280, 281, 282, 284, 285, 286, 287, 290, 293, 295, 296, 297, 298, 304, 306, 309, 311, 317, 319, 321, 332, 333, 338, 341, 343, 345, 347, 349, 351, 356, 358, 360, 361, 372, 373, 377, 379, 381, 386, 388, 389, 394, 395, 397, 398, 401, 403, 407, 408, 409, 412, 422, 423, 424, 430, 434, 438, 441, 442, 452, 453, 458, 461, 465, 467, 468, 471, 473, 474, 475, 477, 478, 479, 483, 484, 485, 486, 488, 493, 494, 496, 502, 503, 507, 514, 516, 517, 521, 523, 529, 530, 534, 535, 536, 538, 539, 544, 546, 550, 553, 562, 563, 564, 566, 569, 571, 573, 576, 586, 587, 589, 590, 591, 593, 594, 597, 599, 601, 604, 613, 614, 615, 621, 624, 626, 628, 629, 630, 631, 643, 647, 650, 652, 653, 655, 272, 370, 584, 168, 392, 561, 609, 491, 18, 570, 556, 600]	383.1441s
WARN | Bucket: [509, 232, 445, 405, 254, 543, 444, 258, 124, 186, 492, 89, 427, 32, 208, 585, 217, 383, 656, 299, 367, 23, 528, 209, 340, 350, 24, 125, 457, 222, 518, 47, 610, 116, 540, 649, 436, 588, 542, 375]	383.1441s
INFO | Starting VNDS algorithm
INFO | Initial solution value: 1308784							0.0000s
INFO | New best solution found: 1309355							18.2682s
INFO | New best solution found: 1309412							58.2650s
CRIT | Time limit reached
ERRO | Families from bucket --> [436, 585, 656]
WARN | Solution value: 1309412								444.6133s
WARN | Solution improved
WARN | Indexes of the families added to the kernel: [585, 656, 436]					444.6252s
WARN | Solving with bucket number 8							444.6265s
WARN | Kernel: [0, 2, 3, 7, 13, 17, 21, 25, 26, 30, 31, 34, 35, 38, 39, 41, 42, 53, 54, 58, 62, 63, 64, 68, 71, 73, 74, 77, 78, 85, 86, 87, 92, 94, 96, 98, 99, 101, 102, 105, 114, 115, 117, 119, 121, 122, 129, 130, 131, 135, 138, 141, 145, 149, 150, 152, 154, 156, 160, 166, 176, 177, 178, 179, 180, 181, 183, 184, 185, 187, 190, 194, 196, 202, 203, 207, 210, 219, 223, 225, 226, 229, 230, 231, 233, 237, 239, 240, 242, 243, 247, 251, 253, 259, 260, 261, 262, 266, 267, 268, 273, 279, 280, 281, 282, 284, 285, 286, 287, 290, 293, 295, 296, 297, 298, 304, 306, 309, 311, 317, 319, 321, 332, 333, 338, 341, 343, 345, 347, 349, 351, 356, 358, 360, 361, 372, 373, 377, 379, 381, 386, 388, 389, 394, 395, 397, 398, 401, 403, 407, 408, 409, 412, 422, 423, 424, 430, 434, 438, 441, 442, 452, 453, 458, 461, 465, 467, 468, 471, 473, 474, 475, 477, 478, 479, 483, 484, 485, 486, 488, 493, 494, 496, 502, 503, 507, 514, 516, 517, 521, 523, 529, 530, 534, 535, 536, 538, 539, 544, 546, 550, 553, 562, 563, 564, 566, 569, 571, 573, 576, 586, 587, 589, 590, 591, 593, 594, 597, 599, 601, 604, 613, 614, 615, 621, 624, 626, 628, 629, 630, 631, 643, 647, 650, 652, 653, 655, 272, 370, 584, 168, 392, 561, 609, 491, 18, 570, 556, 600, 585, 656, 436]	444.6265s
WARN | Bucket: [301, 310, 481, 14, 100, 577, 33, 533, 128, 82, 396, 607, 330, 318, 238, 67, 167, 447, 336, 559, 380, 524, 300, 425, 417, 236, 582, 104, 70, 506, 288, 463, 20, 12, 663, 264, 466, 526, 651, 93]	444.6265s
INFO | Starting VNDS algorithm
INFO | Initial solution value: 1309412							0.0000s
INFO | New best solution found: 1311185							21.8815s
INFO | New best solution found: 1312080							35.6515s
INFO | New best solution found: 1312792							46.5131s
CRIT | Time limit reached
ERRO | Families from bucket --> [481]
WARN | Solution value: 1312792								506.0642s
WARN | Solution improved
WARN | Indexes of the families added to the kernel: [481]					506.0772s
WARN | Solving with bucket number 9							506.0781s
WARN | Kernel: [0, 2, 3, 7, 13, 17, 21, 25, 26, 30, 31, 34, 35, 38, 39, 41, 42, 53, 54, 58, 62, 63, 64, 68, 71, 73, 74, 77, 78, 85, 86, 87, 92, 94, 96, 98, 99, 101, 102, 105, 114, 115, 117, 119, 121, 122, 129, 130, 131, 135, 138, 141, 145, 149, 150, 152, 154, 156, 160, 166, 176, 177, 178, 179, 180, 181, 183, 184, 185, 187, 190, 194, 196, 202, 203, 207, 210, 219, 223, 225, 226, 229, 230, 231, 233, 237, 239, 240, 242, 243, 247, 251, 253, 259, 260, 261, 262, 266, 267, 268, 273, 279, 280, 281, 282, 284, 285, 286, 287, 290, 293, 295, 296, 297, 298, 304, 306, 309, 311, 317, 319, 321, 332, 333, 338, 341, 343, 345, 347, 349, 351, 356, 358, 360, 361, 372, 373, 377, 379, 381, 386, 388, 389, 394, 395, 397, 398, 401, 403, 407, 408, 409, 412, 422, 423, 424, 430, 434, 438, 441, 442, 452, 453, 458, 461, 465, 467, 468, 471, 473, 474, 475, 477, 478, 479, 483, 484, 485, 486, 488, 493, 494, 496, 502, 503, 507, 514, 516, 517, 521, 523, 529, 530, 534, 535, 536, 538, 539, 544, 546, 550, 553, 562, 563, 564, 566, 569, 571, 573, 576, 586, 587, 589, 590, 591, 593, 594, 597, 599, 601, 604, 613, 614, 615, 621, 624, 626, 628, 629, 630, 631, 643, 647, 650, 652, 653, 655, 272, 370, 584, 168, 392, 561, 609, 491, 18, 570, 556, 600, 585, 656, 436, 481]	506.0781s
WARN | Bucket: [462, 252, 410, 645, 335, 90, 66, 213, 385, 411, 320, 344, 5, 76, 443, 371, 171, 549, 666, 640, 560, 537, 450, 404, 153, 79, 365, 464, 81, 151, 547, 218, 212, 244, 148, 449, 416, 36, 583, 580]	506.0781s
INFO | Starting VNDS algorithm
INFO | Initial solution value: 1312792							0.0000s
INFO | New best solution found: 1316693							3.7818s
CRIT | Time limit reached
ERRO | Families from bucket --> []
WARN | Solution value: 1316693								566.8280s
WARN | Solution improved
WARN | Indexes of the families added to the kernel: []					566.8408s
WARN | Solving with bucket number 10							566.8417s
WARN | Kernel: [0, 2, 3, 7, 13, 17, 21, 25, 26, 30, 31, 34, 35, 38, 39, 41, 42, 53, 54, 58, 62, 63, 64, 68, 71, 73, 74, 77, 78, 85, 86, 87, 92, 94, 96, 98, 99, 101, 102, 105, 114, 115, 117, 119, 121, 122, 129, 130, 131, 135, 138, 141, 145, 149, 150, 152, 154, 156, 160, 166, 176, 177, 178, 179, 180, 181, 183, 184, 185, 187, 190, 194, 196, 202, 203, 207, 210, 219, 223, 225, 226, 229, 230, 231, 233, 237, 239, 240, 242, 243, 247, 251, 253, 259, 260, 261, 262, 266, 267, 268, 273, 279, 280, 281, 282, 284, 285, 286, 287, 290, 293, 295, 296, 297, 298, 304, 306, 309, 311, 317, 319, 321, 332, 333, 338, 341, 343, 345, 347, 349, 351, 356, 358, 360, 361, 372, 373, 377, 379, 381, 386, 388, 389, 394, 395, 397, 398, 401, 403, 407, 408, 409, 412, 422, 423, 424, 430, 434, 438, 441, 442, 452, 453, 458, 461, 465, 467, 468, 471, 473, 474, 475, 477, 478, 479, 483, 484, 485, 486, 488, 493, 494, 496, 502, 503, 507, 514, 516, 517, 521, 523, 529, 530, 534, 535, 536, 538, 539, 544, 546, 550, 553, 562, 563, 564, 566, 569, 571, 573, 576, 586, 587, 589, 590, 591, 593, 594, 597, 599, 601, 604, 613, 614, 615, 621, 624, 626, 628, 629, 630, 631, 643, 647, 650, 652, 653, 655, 272, 370, 584, 168, 392, 561, 609, 491, 18, 570, 556, 600, 585, 656, 436, 481]	566.8417s
WARN | Bucket: [234, 302, 174, 531, 382, 638, 56, 611, 421, 140, 57, 339, 69, 29, 433, 1, 627, 508, 59, 363, 249, 120, 323, 327, 308, 312, 456, 118, 175, 326, 592, 182, 303, 201, 123, 636, 61, 366, 435, 414]	566.8417s
INFO | Starting VNDS algorithm
INFO | Initial solution value: 1316693							0.0000s
INFO | New best solution found: 1316737							23.8621s
CRIT | Time limit reached
ERRO | Families from bucket --> [174]
WARN | Solution value: 1316737								601.7201s
WARN | Solution improved
WARN | Indexes of the families added to the kernel: [174]					601.7336s
ERRO | Kernel Time limit reached
