
Gurobi 11.0.2 (win64) logging started Wed Aug  7 19:25:17 2024

Set parameter LogFile to value "D:\Documenti\Scuola\Laurea magistrale unibs\laurea-unibs-mkfsp\output\2024-08-07T17_25_17.381079\logs\instance01_bucket2.log"
Set parameter TimeLimit to value 100
Set parameter MIPGap to value 0
Gurobi Optimizer version 11.0.2 build v11.0.2rc0 (win64 - Windows 10.0 (19045.2))

CPU model: Intel(R) Core(TM) i5-4670 CPU @ 3.40GHz, instruction set [SSE2|AVX|AVX2]
Thread count: 4 physical cores, 4 logical processors, using up to 4 threads

Optimize a model with 309 rows, 848 columns and 8977 nonzeros
Model fingerprint: 0x9ef4ae3d
Variable types: 0 continuous, 848 integer (829 binary)
Coefficient statistics:
  Matrix range     [1e+00, 8e+03]
  Objective range  [6e+02, 8e+03]
  Bounds range     [1e+00, 1e+00]
  RHS range        [1e+00, 7e+04]
Found heuristic solution: objective 67501.000000
Presolve time: 0.01s
Presolved: 309 rows, 848 columns, 8977 nonzeros
Variable types: 0 continuous, 848 integer (829 binary)

Root relaxation: objective 1.004282e+05, 589 iterations, 0.02 seconds (0.02 work units)

    Nodes    |    Current Node    |     Objective Bounds      |     Work
 Expl Unexpl |  Obj  Depth IntInf | Incumbent    BestBd   Gap | It/Node Time

     0     0 100428.190    0  165 67501.0000 100428.190  48.8%     -    0s
H    0     0                    69805.000000 100428.190  43.9%     -    0s
H    0     0                    70024.000000 100428.190  43.4%     -    0s
H    0     0                    71967.000000 100428.190  39.5%     -    0s
     0     0 99269.0000    0  280 71967.0000 99269.0000  37.9%     -    0s
H    0     0                    75672.000000 99269.0000  31.2%     -    0s
     0     0 99269.0000    0  229 75672.0000 99269.0000  31.2%     -    0s
     0     0 99269.0000    0  229 75672.0000 99269.0000  31.2%     -    0s
H    0     0                    75803.000000 99269.0000  31.0%     -    0s
H    0     0                    78302.000000 99269.0000  26.8%     -    0s
     0     0 99269.0000    0  331 78302.0000 99269.0000  26.8%     -    0s
     0     0 99269.0000    0  319 78302.0000 99269.0000  26.8%     -    0s
     0     0 99269.0000    0  270 78302.0000 99269.0000  26.8%     -    0s
H    0     0                    79028.000000 99269.0000  25.6%     -    0s
     0     0 99269.0000    0  248 79028.0000 99269.0000  25.6%     -    0s
     0     0 99269.0000    0  229 79028.0000 99269.0000  25.6%     -    0s
     0     0 99269.0000    0  212 79028.0000 99269.0000  25.6%     -    0s
     0     0 99269.0000    0  221 79028.0000 99269.0000  25.6%     -    0s
H    0     0                    80436.000000 99269.0000  23.4%     -    0s
     0     0 99269.0000    0  204 80436.0000 99269.0000  23.4%     -    0s
     0     0 99269.0000    0  313 80436.0000 99269.0000  23.4%     -    0s
     0     0 99269.0000    0  146 80436.0000 99269.0000  23.4%     -    0s
H    0     0                    82259.000000 99269.0000  20.7%     -    1s
     0     2 99269.0000    0  145 82259.0000 99269.0000  20.7%     -    1s
H  113   102                    87788.000000 99269.0000  13.1%   139    1s
H  405   369                    87792.000000 99269.0000  13.1%   143    2s
H  502   444                    88478.000000 99269.0000  12.2%   171    3s
   666   610 95031.5875   99  243 88478.0000 99269.0000  12.2%   192    5s
H  718   636                    88533.000000 99269.0000  12.1%   217    5s
H 1104   880                    89891.000000 99269.0000  10.4%   242    9s
  1150   908 91240.0000  108  146 89891.0000 99269.0000  10.4%   257   10s
  1168   920 95858.1422   46  326 89891.0000 99269.0000  10.4%   253   15s
H 1172   876                    91774.000000 99269.0000  8.17%   252   16s
  1249   937 98308.4907   22  392 91774.0000 99269.0000  8.17%   349   20s
H 1341   945                    92178.000000 99269.0000  7.69%   387   22s
H 1368   925                    92202.000000 99269.0000  7.66%   396   23s
  1450   976 92385.0000   45  153 92202.0000 99269.0000  7.66%   407   25s
  1742  1104 97555.1162   32  348 92202.0000 99269.0000  7.66%   405   30s
  2003  1230 97798.6079   31  327 92202.0000 99268.5061  7.66%   413   35s
  2309  1374 94399.8065   81  178 92202.0000 99268.5061  7.66%   407   40s
  2643  1538 98690.0000   31  314 92202.0000 99240.4621  7.63%   405   45s
H 2850  1591                    92320.000000 99240.4621  7.50%   396   47s
  3090  1720 98545.7604   23  343 92320.0000 99199.5788  7.45%   386   51s
  3586  2060 96490.0000   41  249 92320.0000 99190.3348  7.44%   378   55s
  4126  2475 94832.0000   46  158 92320.0000 99150.9400  7.40%   380   61s
  4551  2770 98026.3411   35  399 92320.0000 99122.3920  7.37%   386   65s
  5029  3217 94550.4183   77  273 92320.0000 99122.3920  7.37%   388   70s
  5645  3721 98471.9203   27  412 92320.0000 99071.9750  7.31%   391   76s
  6160  4130 94543.0000   25  163 92320.0000 99043.2433  7.28%   381   80s
  6785  4548 97769.0000   27  348 92320.0000 99006.4853  7.24%   375   85s
  7207  4836 infeasible   37      92320.0000 98998.6285  7.23%   380   90s
  7732  5218 92552.3262   63  144 92320.0000 98982.9481  7.22%   383   95s
  8199  5614 97598.9737   31  226 92320.0000 98978.2019  7.21%   388  100s

Cutting planes:
  Gomory: 2
  Cover: 2
  MIR: 7
  StrongCG: 2
  Flow cover: 2
  Zero half: 26
  RLT: 102

Explored 8423 nodes (3255995 simplex iterations) in 100.01 seconds (175.11 work units)
Thread count was 4 (of 4 available processors)

Solution count 10: 92320 92202 92178 ... 82259

Time limit reached
Best objective 9.232000000000e+04, best bound 9.897800000000e+04, gap 7.2119%
