
Gurobi 11.0.2 (win64) logging started Wed Aug  7 21:12:35 2024

Set parameter LogFile to value "D:\Documenti\Scuola\Laurea magistrale unibs\laurea-unibs-mkfsp\output\2024-08-07T17_25_17.381079\logs\instance11_bucket5.log"
Set parameter TimeLimit to value 100
Set parameter MIPGap to value 0
Gurobi Optimizer version 11.0.2 build v11.0.2rc0 (win64 - Windows 10.0 (19045.2))

CPU model: Intel(R) Core(TM) i5-4670 CPU @ 3.40GHz, instruction set [SSE2|AVX|AVX2]
Thread count: 4 physical cores, 4 logical processors, using up to 4 threads

Optimize a model with 5499 rows, 24236 columns and 675511 nonzeros
Model fingerprint: 0x2bc1bb98
Variable types: 0 continuous, 24236 integer (23953 binary)
Coefficient statistics:
  Matrix range     [1e+00, 9e+03]
  Objective range  [6e+02, 9e+03]
  Bounds range     [1e+00, 1e+00]
  RHS range        [1e+00, 1e+06]
Presolve time: 1.45s
Presolved: 5499 rows, 24236 columns, 675511 nonzeros
Variable types: 0 continuous, 24236 integer (23953 binary)
Deterministic concurrent LP optimizer: primal simplex, dual simplex, and barrier
Showing barrier log only...

Root barrier log...

Ordering time: 0.07s

Barrier statistics:
 AA' NZ     : 7.262e+05
 Factor NZ  : 8.153e+05 (roughly 16 MB of memory)
 Factor Ops : 2.669e+08 (less than 1 second per iteration)
 Threads    : 1

                  Objective                Residual
Iter       Primal          Dual         Primal    Dual     Compl     Time
   0   1.01077884e+08  1.09952718e+08  5.10e+06 0.00e+00  7.19e+05     2s
   1   2.01142715e+07  1.13162171e+08  8.84e+05 3.13e-13  1.34e+05     2s
   2   1.62416516e+06  1.04477470e+08  9.93e+03 5.97e-13  3.79e+03     3s
   3   1.42871958e+06  3.97880034e+07  2.96e+02 4.86e-12  9.08e+02     3s
   4   1.42851244e+06  5.34835637e+06  1.37e-13 3.77e-13  9.03e+01     3s
   5   1.48682854e+06  1.74136356e+06  3.55e-14 4.09e-14  5.87e+00     3s
   6   1.49428554e+06  1.51107292e+06  6.39e-14 3.20e-14  3.87e-01     3s
   7   1.49530257e+06  1.49786414e+06  3.09e-13 2.93e-14  5.90e-02     3s
   8   1.49575707e+06  1.49665326e+06  1.96e-12 3.69e-14  2.07e-02     3s
   9   1.49599516e+06  1.49639623e+06  3.50e-12 3.20e-14  9.24e-03     3s
  10   1.49618649e+06  1.49626590e+06  1.47e-11 3.49e-14  1.83e-03     3s
  11   1.49624297e+06  1.49625616e+06  3.51e-10 3.02e-14  3.04e-04     4s
  12   1.49624931e+06  1.49625006e+06  1.27e-10 3.29e-14  1.74e-05     4s
  13   1.49624961e+06  1.49624974e+06  3.05e-12 2.78e-14  2.92e-06     4s
  14   1.49624972e+06  1.49624973e+06  1.31e-08 3.38e-14  1.57e-07     4s
  15   1.49624973e+06  1.49624973e+06  8.36e-08 2.93e-14  1.57e-10     4s

Barrier solved model in 15 iterations and 4.10 seconds (3.08 work units)
Optimal objective 1.49624973e+06

  Building initial crossover basis                                 5s

Root crossover log...

    1884 DPushes remaining with DInf 0.0000000e+00                 6s
       0 DPushes remaining with DInf 0.0000000e+00                 7s

      86 PPushes remaining with PInf 5.4648812e-04                 7s
       0 PPushes remaining with PInf 0.0000000e+00                 7s

  Push phase complete: Pinf 0.0000000e+00, Dinf 2.8965278e-11      7s


Root simplex log...

Iteration    Objective       Primal Inf.    Dual Inf.      Time
    1973    1.4962497e+06   0.000000e+00   0.000000e+00      7s
Concurrent spin time: 0.00s

Solved with barrier
    1973    1.4962497e+06   0.000000e+00   0.000000e+00      7s

Root relaxation: objective 1.496250e+06, 1973 iterations, 4.99 seconds (3.28 work units)
Total elapsed time = 21.30s (DegenMoves)
Total elapsed time = 34.78s (DegenMoves)
Total elapsed time = 46.53s (DegenMoves)
Total elapsed time = 62.40s (DegenMoves)

    Nodes    |    Current Node    |     Objective Bounds      |     Work
 Expl Unexpl |  Obj  Depth IntInf | Incumbent    BestBd   Gap | It/Node Time

     0     0 1496249.73    0 2040          - 1496249.73      -     -   69s
     0     0 1496171.58    0 3441          - 1496171.58      -     -   97s
     0     0          -    0               - 1496171.58      -     -  100s

Cutting planes:
  Gomory: 3
  Cover: 996
  Clique: 91
  MIR: 411
  StrongCG: 9
  Zero half: 6

Explored 1 nodes (79368 simplex iterations) in 100.03 seconds (114.10 work units)
Thread count was 4 (of 4 available processors)

Solution count 0

Time limit reached
Best objective -, best bound 1.496171581036e+06, gap -
