
Gurobi 11.0.2 (win64) logging started Wed Aug  7 20:17:07 2024

Set parameter LogFile to value "D:\Documenti\Scuola\Laurea magistrale unibs\laurea-unibs-mkfsp\output\2024-08-07T17_25_17.381079\logs\instance06_bucket2.log"
Set parameter TimeLimit to value 100
Set parameter MIPGap to value 0
Gurobi Optimizer version 11.0.2 build v11.0.2rc0 (win64 - Windows 10.0 (19045.2))

CPU model: Intel(R) Core(TM) i5-4670 CPU @ 3.40GHz, instruction set [SSE2|AVX|AVX2]
Thread count: 4 physical cores, 4 logical processors, using up to 4 threads

Optimize a model with 3529 rows, 17165 columns and 483861 nonzeros
Model fingerprint: 0x5be8a5b2
Variable types: 0 continuous, 17165 integer (17035 binary)
Coefficient statistics:
  Matrix range     [1e+00, 8e+03]
  Objective range  [6e+02, 8e+03]
  Bounds range     [1e+00, 1e+00]
  RHS range        [1e+00, 7e+05]
Presolve time: 0.98s
Presolved: 3529 rows, 17165 columns, 483861 nonzeros
Variable types: 0 continuous, 17165 integer (17035 binary)
Deterministic concurrent LP optimizer: primal and dual simplex
Showing primal log only...

Concurrent spin time: 0.00s

Solved with dual simplex

Root relaxation: objective 7.699020e+05, 4346 iterations, 3.67 seconds (3.95 work units)
Total elapsed time = 12.10s (DegenMoves)
Total elapsed time = 18.95s (DegenMoves)
Total elapsed time = 25.99s (DegenMoves)
Total elapsed time = 33.30s (DegenMoves)

    Nodes    |    Current Node    |     Objective Bounds      |     Work
 Expl Unexpl |  Obj  Depth IntInf | Incumbent    BestBd   Gap | It/Node Time

     0     0 769902.018    0 1389          - 769902.018      -     -   34s
     0     0 767527.003    0 2405          - 767527.003      -     -   51s
     0     0 767527.003    0 1864          - 767527.003      -     -   66s
     0     0 767527.003    0 2505          - 767527.003      -     -   98s
     0     0 767527.003    0 2505          - 767527.003      -     -  100s

Cutting planes:
  Gomory: 5
  Cover: 955
  Clique: 248
  MIR: 261
  StrongCG: 6
  Zero half: 1

Explored 1 nodes (86286 simplex iterations) in 100.01 seconds (103.10 work units)
Thread count was 4 (of 4 available processors)

Solution count 0

Time limit reached
Best objective -, best bound 7.675270000000e+05, gap -
