
Gurobi 11.0.2 (win64) logging started Wed Aug  7 20:20:30 2024

Set parameter LogFile to value "D:\Documenti\Scuola\Laurea magistrale unibs\laurea-unibs-mkfsp\output\2024-08-07T17_25_17.381079\logs\instance06_bucket4.log"
Set parameter TimeLimit to value 100
Set parameter MIPGap to value 0
Gurobi Optimizer version 11.0.2 build v11.0.2rc0 (win64 - Windows 10.0 (19045.2))

CPU model: Intel(R) Core(TM) i5-4670 CPU @ 3.40GHz, instruction set [SSE2|AVX|AVX2]
Thread count: 4 physical cores, 4 logical processors, using up to 4 threads

Optimize a model with 3520 rows, 17030 columns and 479532 nonzeros
Model fingerprint: 0x89c97cfd
Variable types: 0 continuous, 17030 integer (16900 binary)
Coefficient statistics:
  Matrix range     [1e+00, 8e+03]
  Objective range  [6e+02, 8e+03]
  Bounds range     [1e+00, 1e+00]
  RHS range        [1e+00, 7e+05]
Presolve time: 1.07s
Presolved: 3520 rows, 17030 columns, 479532 nonzeros
Variable types: 0 continuous, 17030 integer (16900 binary)
Deterministic concurrent LP optimizer: primal and dual simplex
Showing primal log only...

Concurrent spin time: 0.00s

Solved with dual simplex

Root relaxation: objective 7.600710e+05, 3794 iterations, 2.57 seconds (2.93 work units)
Total elapsed time = 8.12s (DegenMoves)
Total elapsed time = 12.34s (DegenMoves)
Total elapsed time = 17.19s (DegenMoves)
Total elapsed time = 21.56s (DegenMoves)

    Nodes    |    Current Node    |     Objective Bounds      |     Work
 Expl Unexpl |  Obj  Depth IntInf | Incumbent    BestBd   Gap | It/Node Time

     0     0 760071.020    0 1219          - 760071.020      -     -   25s
     0     0 759286.955    0 2231          - 759286.955      -     -   36s
     0     0 759130.135    0 1766          - 759130.135      -     -   46s
     0     0 759130.135    0 2421          - 759130.135      -     -   72s
     0     0 759130.135    0 1339          - 759130.135      -     -  100s

Cutting planes:
  Gomory: 6
  Cover: 945
  Clique: 221
  MIR: 272
  StrongCG: 2
  Zero half: 1

Explored 1 nodes (119468 simplex iterations) in 100.01 seconds (111.64 work units)
Thread count was 4 (of 4 available processors)

Solution count 0

Time limit reached
Best objective -, best bound 7.591300000000e+05, gap -
