
Gurobi 11.0.2 (win64) logging started Wed Aug  7 21:20:37 2024

Set parameter LogFile to value "D:\Documenti\Scuola\Laurea magistrale unibs\laurea-unibs-mkfsp\output\2024-08-07T17_25_17.381079\logs\instance12_bucket3.log"
Set parameter TimeLimit to value 100
Set parameter MIPGap to value 0
Gurobi Optimizer version 11.0.2 build v11.0.2rc0 (win64 - Windows 10.0 (19045.2))

CPU model: Intel(R) Core(TM) i5-4670 CPU @ 3.40GHz, instruction set [SSE2|AVX|AVX2]
Thread count: 4 physical cores, 4 logical processors, using up to 4 threads

Optimize a model with 16918 rows, 91113 columns and 2563763 nonzeros
Model fingerprint: 0x0101710f
Variable types: 0 continuous, 91113 integer (90414 binary)
Coefficient statistics:
  Matrix range     [1e+00, 9e+03]
  Objective range  [6e+02, 9e+03]
  Bounds range     [1e+00, 1e+00]
  RHS range        [1e+00, 4e+06]
Presolve removed 0 rows and 0 columns (presolve time = 5s) ...
Presolve time: 6.76s
Presolved: 16918 rows, 91113 columns, 2563763 nonzeros
Variable types: 0 continuous, 91113 integer (90414 binary)
Deterministic concurrent LP optimizer: primal simplex, dual simplex, and barrier
Showing barrier log only...

Root barrier log...

Ordering time: 0.29s

Barrier statistics:
 AA' NZ     : 2.728e+06
 Factor NZ  : 2.926e+06 (roughly 60 MB of memory)
 Factor Ops : 1.387e+09 (less than 1 second per iteration)
 Threads    : 1

                  Objective                Residual
Iter       Primal          Dual         Primal    Dual     Compl     Time
   0   5.55560811e+08  4.14458969e+08  2.79e+07 0.00e+00  1.55e+06    11s
   1   1.03385615e+08  4.34355926e+08  4.58e+06 5.68e-13  2.72e+05    12s
   2   4.72644830e+06  4.12939038e+08  5.61e+04 9.66e-13  5.76e+03    12s
   3   3.61117679e+06  1.53833853e+08  1.55e+03 3.18e-12  9.81e+02    13s
   4   3.60298398e+06  1.88069421e+07  8.53e-14 7.03e-13  9.36e+01    13s
   5   3.85468180e+06  6.06450549e+06  4.97e-14 6.39e-14  1.36e+01    14s
   6   3.86851597e+06  4.08855389e+06  4.24e-14 4.26e-14  1.35e+00    15s
   7   3.87395992e+06  3.94545942e+06  2.03e-13 3.55e-14  4.40e-01    16s
   8   3.87638525e+06  3.88729948e+06  2.08e-13 4.00e-14  6.72e-02    16s
   9   3.87695351e+06  3.87776632e+06  4.92e-13 4.31e-14  5.00e-03    17s
  10   3.87701643e+06  3.87732754e+06  2.42e-11 4.26e-14  1.92e-03    18s
  11   3.87707311e+06  3.87709187e+06  1.11e-11 4.97e-14  1.16e-04    18s
  12   3.87708025e+06  3.87708088e+06  6.00e-11 4.49e-14  3.87e-06    19s
  13   3.87708024e+06  3.87708045e+06  4.85e-11 4.35e-14  1.34e-06    20s
  14   3.87708028e+06  3.87708039e+06  3.52e-08 3.41e-14  6.49e-07    21s
  15   3.87708030e+06  3.87708039e+06  9.35e-08 3.55e-14  5.31e-07    21s
  16   3.87708032e+06  3.87708038e+06  2.03e-07 4.17e-14  4.03e-07    22s
  17   3.87708032e+06  3.87708038e+06  1.84e-07 3.42e-14  3.70e-07    23s
  18   3.87708032e+06  3.87708038e+06  1.69e-07 3.73e-14  3.31e-07    24s
  19   3.87708033e+06  3.87708037e+06  3.16e-07 2.93e-14  2.34e-07    24s

Barrier solved model in 19 iterations and 24.35 seconds (14.07 work units)
Optimal objective 3.87708033e+06


Root crossover log...

    1714 DPushes remaining with DInf 0.0000000e+00                25s
    1524 DPushes remaining with DInf 0.0000000e+00                25s
       0 DPushes remaining with DInf 0.0000000e+00                28s

   71259 PPushes remaining with PInf 0.0000000e+00                28s
   67604 PPushes remaining with PInf 0.0000000e+00                30s
   60464 PPushes remaining with PInf 0.0000000e+00                35s
   53663 PPushes remaining with PInf 0.0000000e+00                40s
   46795 PPushes remaining with PInf 0.0000000e+00                45s
   40020 PPushes remaining with PInf 0.0000000e+00                50s
   33300 PPushes remaining with PInf 0.0000000e+00                55s
   26459 PPushes remaining with PInf 0.0000000e+00                60s
   19165 PPushes remaining with PInf 0.0000000e+00                65s
   11676 PPushes remaining with PInf 0.0000000e+00                70s
    4526 PPushes remaining with PInf 0.0000000e+00                75s
       0 PPushes remaining with PInf 0.0000000e+00                78s

  Push phase complete: Pinf 0.0000000e+00, Dinf 3.2469651e-11     78s


Root simplex log...

Iteration    Objective       Primal Inf.    Dual Inf.      Time
   72747    3.8770804e+06   0.000000e+00   0.000000e+00     78s
Concurrent spin time: 5.95s

Solved with barrier
   72747    3.8770804e+06   0.000000e+00   0.000000e+00     85s

Root relaxation: objective 3.877080e+06, 72747 iterations, 76.17 seconds (54.60 work units)

    Nodes    |    Current Node    |     Objective Bounds      |     Work
 Expl Unexpl |  Obj  Depth IntInf | Incumbent    BestBd   Gap | It/Node Time

     0     0 3877080.36    0 5228          - 3877080.36      -     -  100s

Explored 1 nodes (77388 simplex iterations) in 100.04 seconds (72.94 work units)
Thread count was 4 (of 4 available processors)

Solution count 0

Time limit reached
Best objective -, best bound 3.877080355119e+06, gap -
