
Gurobi 11.0.2 (win64) logging started Wed Aug  7 20:22:11 2024

Set parameter LogFile to value "D:\Documenti\Scuola\Laurea magistrale unibs\laurea-unibs-mkfsp\output\2024-08-07T17_25_17.381079\logs\instance06_bucket5.log"
Set parameter TimeLimit to value 100
Set parameter MIPGap to value 0
Gurobi Optimizer version 11.0.2 build v11.0.2rc0 (win64 - Windows 10.0 (19045.2))

CPU model: Intel(R) Core(TM) i5-4670 CPU @ 3.40GHz, instruction set [SSE2|AVX|AVX2]
Thread count: 4 physical cores, 4 logical processors, using up to 4 threads

Optimize a model with 3531 rows, 17195 columns and 484823 nonzeros
Model fingerprint: 0xb84a987f
Variable types: 0 continuous, 17195 integer (17065 binary)
Coefficient statistics:
  Matrix range     [1e+00, 8e+03]
  Objective range  [6e+02, 8e+03]
  Bounds range     [1e+00, 1e+00]
  RHS range        [1e+00, 7e+05]
Presolve time: 0.96s
Presolved: 3531 rows, 17195 columns, 484823 nonzeros
Variable types: 0 continuous, 17195 integer (17065 binary)
Deterministic concurrent LP optimizer: primal and dual simplex
Showing primal log only...

Concurrent spin time: 0.00s

Solved with dual simplex

Root relaxation: objective 7.618761e+05, 4388 iterations, 3.44 seconds (3.90 work units)
Total elapsed time = 9.59s (DegenMoves)
Total elapsed time = 15.25s (DegenMoves)
Total elapsed time = 22.14s (DegenMoves)
Total elapsed time = 27.24s (DegenMoves)

    Nodes    |    Current Node    |     Objective Bounds      |     Work
 Expl Unexpl |  Obj  Depth IntInf | Incumbent    BestBd   Gap | It/Node Time

     0     0 761876.148    0 1294          - 761876.148      -     -   32s
     0     0 761622.879    0 2279          - 761622.879      -     -   47s
     0     0 761617.023    0 1837          - 761617.023      -     -   59s
     0     0 761402.539    0 2584          - 761402.539      -     -   93s
     0     0 761402.539    0 2584          - 761402.539      -     -  100s

Cutting planes:
  Gomory: 2
  Cover: 969
  Clique: 259
  MIR: 260
  Zero half: 4

Explored 1 nodes (100351 simplex iterations) in 100.01 seconds (101.17 work units)
Thread count was 4 (of 4 available processors)

Solution count 0

Time limit reached
Best objective -, best bound 7.614025390709e+05, gap -
