
Gurobi 11.0.2 (win64) logging started Wed Aug  7 20:25:22 2024

Set parameter LogFile to value "D:\Documenti\Scuola\Laurea magistrale unibs\laurea-unibs-mkfsp\output\2024-08-07T17_25_17.381079\logs\instance07_bucket2.log"
Set parameter TimeLimit to value 100
Set parameter MIPGap to value 0
Gurobi Optimizer version 11.0.2 build v11.0.2rc0 (win64 - Windows 10.0 (19045.2))

CPU model: Intel(R) Core(TM) i5-4670 CPU @ 3.40GHz, instruction set [SSE2|AVX|AVX2]
Thread count: 4 physical cores, 4 logical processors, using up to 4 threads

Optimize a model with 739 rows, 1946 columns and 53540 nonzeros
Model fingerprint: 0x89504ce5
Variable types: 0 continuous, 1946 integer (1903 binary)
Coefficient statistics:
  Matrix range     [1e+00, 8e+03]
  Objective range  [6e+02, 8e+03]
  Bounds range     [1e+00, 1e+00]
  RHS range        [1e+00, 2e+05]
Found heuristic solution: objective 186142.00000
Presolve time: 0.09s
Presolved: 739 rows, 1946 columns, 53540 nonzeros
Variable types: 0 continuous, 1946 integer (1903 binary)
Found heuristic solution: objective 187606.00000

Root relaxation: objective 2.487435e+05, 2135 iterations, 0.21 seconds (0.40 work units)

    Nodes    |    Current Node    |     Objective Bounds      |     Work
 Expl Unexpl |  Obj  Depth IntInf | Incumbent    BestBd   Gap | It/Node Time

     0     0 248743.512    0  364 187606.000 248743.512  32.6%     -    0s
H    0     0                    200062.00000 248743.512  24.3%     -    0s
H    0     0                    200774.00000 248743.512  23.9%     -    1s
H    0     0                    205291.00000 248620.048  21.1%     -    1s
     0     0 248620.048    0  785 205291.000 248620.048  21.1%     -    1s
H    0     0                    207482.00000 248620.048  19.8%     -    1s
     0     0 248198.123    0  628 207482.000 248198.123  19.6%     -    2s
     0     0 248177.971    0  556 207482.000 248177.971  19.6%     -    2s
H    0     0                    208968.00000 248121.868  18.7%     -    6s
     0     0 247552.065    0  457 208968.000 247552.065  18.5%     -    6s
H    0     0                    211535.00000 247519.097  17.0%     -    7s
H    0     0                    212221.00000 247519.097  16.6%     -    7s
H    0     0                    214449.00000 247519.097  15.4%     -    7s
     0     0 247519.097    0  568 214449.000 247519.097  15.4%     -    7s
H    0     0                    214490.00000 247497.000  15.4%     -    7s
H    0     0                    217877.00000 247497.000  13.6%     -    7s
     0     0 247497.000    0  549 217877.000 247497.000  13.6%     -    7s
H    0     0                    218618.00000 247497.000  13.2%     -    8s
H    0     0                    218671.00000 247497.000  13.2%     -    8s
     0     0 247497.000    0  543 218671.000 247497.000  13.2%     -    8s
     0     0 247497.000    0  530 218671.000 247497.000  13.2%     -    8s
H    0     0                    220120.00000 247497.000  12.4%     -    9s
H    0     0                    220410.00000 247497.000  12.3%     -   10s
H    0     0                    220567.00000 247497.000  12.2%     -   10s
     0     0 247497.000    0  832 220567.000 247497.000  12.2%     -   10s
     0     0 247497.000    0  417 220567.000 247497.000  12.2%     -   11s
H    0     0                    221357.00000 247497.000  11.8%     -   12s
H    0     0                    221388.00000 247497.000  11.8%     -   13s
     0     2 247497.000    0  341 221388.000 247497.000  11.8%     -   14s
     3     8 246529.604    2  490 221388.000 247497.000  11.8%  1810   15s
H   28    32                    222066.00000 247497.000  11.5%  1803   18s
H   56    61                    223329.00000 247497.000  10.8%  1222   20s
H   60    66                    224038.00000 247497.000  10.5%  1171   21s
H   61    66                    224716.00000 247497.000  10.1%  1160   21s
H  124   126                    224975.00000 247497.000  10.0%   818   23s
   146   160 244071.647   40  266 224975.000 247497.000  10.0%   736   25s
H  174   181                    225025.00000 247497.000  10.0%   647   26s
H  191   188                    225708.00000 247497.000  9.65%   609   26s
   317   319 238865.000   89  186 225708.000 247497.000  9.65%   494   30s
H  513   491                    226504.00000 247497.000  9.27%   421   35s
   742   703 238865.000  174  201 226504.000 247497.000  9.27%   428   40s
   925   872 237197.063  216  220 226504.000 247497.000  9.27%   455   45s
  1043   974 235906.000  242  166 226504.000 247497.000  9.27%   478   50s
  1231  1124 233136.000  303  131 226504.000 247497.000  9.27%   501   55s
H 1326  1206                    226507.00000 247497.000  9.27%   496   58s
H 1349  1206                    226550.00000 247497.000  9.25%   494   58s
  1354  1224 247497.000    5  673 226550.000 247497.000  9.25%   501   60s
  1490  1422 242259.000   46  217 226550.000 247497.000  9.25%   515   65s
  1653  1499 242259.000  101  237 226550.000 247497.000  9.25%   523   73s
  1664  1514 242259.000  106  227 226550.000 247497.000  9.25%   532   75s
  1767  1639 241623.000  143  225 226550.000 247497.000  9.25%   549   81s
  1840  1700 241340.097  162  348 226550.000 247497.000  9.25%   560   85s
  1967  1823 240134.505  194  288 226550.000 247497.000  9.25%   580   91s
  2008  1851 238829.000  204  202 226550.000 247497.000  9.25%   587   95s
  2193  2019 234576.000  269  158 226550.000 247497.000  9.25%   590  100s

Cutting planes:
  Gomory: 8
  Cover: 549
  Clique: 416
  MIR: 185
  StrongCG: 15
  Zero half: 10

Explored 2211 nodes (1344568 simplex iterations) in 100.02 seconds (184.87 work units)
Thread count was 4 (of 4 available processors)

Solution count 10: 226550 226507 226504 ... 222066

Time limit reached
Best objective 2.265500000000e+05, best bound 2.474970000000e+05, gap 9.2461%
