
Gurobi 11.0.2 (win64) logging started Wed Aug  7 20:28:42 2024

Set parameter LogFile to value "D:\Documenti\Scuola\Laurea magistrale unibs\laurea-unibs-mkfsp\output\2024-08-07T17_25_17.381079\logs\instance07_bucket4.log"
Set parameter TimeLimit to value 100
Set parameter MIPGap to value 0
Gurobi Optimizer version 11.0.2 build v11.0.2rc0 (win64 - Windows 10.0 (19045.2))

CPU model: Intel(R) Core(TM) i5-4670 CPU @ 3.40GHz, instruction set [SSE2|AVX|AVX2]
Thread count: 4 physical cores, 4 logical processors, using up to 4 threads

Optimize a model with 884 rows, 2418 columns and 66402 nonzeros
Model fingerprint: 0x68bd1f7c
Variable types: 0 continuous, 2418 integer (2364 binary)
Coefficient statistics:
  Matrix range     [1e+00, 8e+03]
  Objective range  [6e+02, 8e+03]
  Bounds range     [1e+00, 1e+00]
  RHS range        [1e+00, 2e+05]
Presolve time: 0.11s
Presolved: 884 rows, 2418 columns, 66402 nonzeros
Variable types: 0 continuous, 2418 integer (2364 binary)

Root relaxation: objective 2.491966e+05, 2768 iterations, 0.28 seconds (0.50 work units)

    Nodes    |    Current Node    |     Objective Bounds      |     Work
 Expl Unexpl |  Obj  Depth IntInf | Incumbent    BestBd   Gap | It/Node Time

     0     0 249196.577    0  462          - 249196.577      -     -    1s
     0     0 249024.087    0  850          - 249024.087      -     -    3s
     0     0 248910.198    0  676          - 248910.198      -     -    3s
     0     0 248728.563    0  529          - 248728.563      -     -    8s
     0     0 248710.811    0  706          - 248710.811      -     -    9s
     0     0 248626.431    0  553          - 248626.431      -     -   14s
     0     0 248626.431    0  494          - 248626.431      -     -   15s
     0     2 248626.431    0  441          - 248626.431      -     -   19s
     3     8 248626.431    2  590          - 248626.431      -  2924   20s
   317   329 246029.000   57  254          - 248626.431      -   291   25s
   661   651 246029.000  100  211          - 248626.431      -   338   30s
   905   872 246029.000  150  209          - 248626.431      -   391   35s
  1283  1271 244568.909  179  236          - 248626.431      -   367   40s
  1612  1475 246128.304   37 1145          - 248626.431      -   346   48s
  1614  1477 248287.734   13 1143          - 248626.431      -   345   52s
  1615  1477 241021.796  150 1143          - 248626.431      -   345   56s
  1616  1481 248626.431   15 1133          - 248626.431      -  28.0   63s
  1618  1484 248626.431   16 1080          - 248626.431      -  33.8   66s
  1622  1487 248626.431   17 1056          - 248626.431      -  46.0   70s
  1626  1490 248626.431   17 1167          - 248626.431      -  65.9   76s
  1630  1492 248626.431   18 1163          - 248626.431      -  98.7   81s
  1642  1500 248338.808   19 1103          - 248626.431      -   128   89s
H 1643  1426                    230393.00000 248626.431  7.91%   128   89s
H 1646  1358                    231529.00000 248626.431  7.38%   138   92s
H 1648  1291                    232351.00000 248626.431  7.00%   142   92s
  1650  1295 248524.688   20 1177 232351.000 248626.431  7.00%   151   96s

Cutting planes:
  Gomory: 1

Explored 1658 nodes (880192 simplex iterations) in 100.01 seconds (190.62 work units)
Thread count was 4 (of 4 available processors)

Solution count 3: 232351 231529 230393 

Time limit reached
Best objective 2.323510000000e+05, best bound 2.486260000000e+05, gap 7.0045%
