
Gurobi 11.0.2 (win64) logging started Wed Aug  7 19:26:57 2024

Set parameter LogFile to value "D:\Documenti\Scuola\Laurea magistrale unibs\laurea-unibs-mkfsp\output\2024-08-07T17_25_17.381079\logs\instance01_bucket3.log"
Set parameter TimeLimit to value 100
Set parameter MIPGap to value 0
Gurobi Optimizer version 11.0.2 build v11.0.2rc0 (win64 - Windows 10.0 (19045.2))

CPU model: Intel(R) Core(TM) i5-4670 CPU @ 3.40GHz, instruction set [SSE2|AVX|AVX2]
Thread count: 4 physical cores, 4 logical processors, using up to 4 threads

Optimize a model with 365 rows, 1036 columns and 10981 nonzeros
Model fingerprint: 0x19c20106
Variable types: 0 continuous, 1036 integer (1013 binary)
Coefficient statistics:
  Matrix range     [1e+00, 8e+03]
  Objective range  [6e+02, 8e+03]
  Bounds range     [1e+00, 1e+00]
  RHS range        [1e+00, 9e+04]
Presolve time: 0.01s
Presolved: 365 rows, 1036 columns, 10981 nonzeros
Variable types: 0 continuous, 1036 integer (1013 binary)

Root relaxation: objective 1.005942e+05, 1015 iterations, 0.03 seconds (0.04 work units)

    Nodes    |    Current Node    |     Objective Bounds      |     Work
 Expl Unexpl |  Obj  Depth IntInf | Incumbent    BestBd   Gap | It/Node Time

     0     0 100594.229    0  200          - 100594.229      -     -    0s
     0     0 99944.1309    0  357          - 99944.1309      -     -    0s
     0     0 99871.4942    0  290          - 99871.4942      -     -    0s
     0     0 99857.7888    0  250          - 99857.7888      -     -    0s
     0     0 99532.9367    0  205          - 99532.9367      -     -    0s
     0     0 99511.7967    0  260          - 99511.7967      -     -    0s
     0     0 99430.6123    0  325          - 99430.6123      -     -    1s
     0     0 99430.6123    0  210          - 99430.6123      -     -    1s
     0     2 99430.6123    0  181          - 99430.6123      -     -    1s
  1243  1029 99430.6123   10  364          - 99430.6123      -  10.4    5s
  1371  1121 97497.2141   28  208          - 99430.6123      -   113   10s
  1720  1303 infeasible   72               - 99430.6123      -   237   15s
  1860  1366 98815.5826   24  352          - 99430.6123      -   322   20s
  2091  1516 94957.0947   49  277          - 99430.6123      -   372   25s
  2427  1677 96086.5617   28  239          - 99430.6123      -   410   30s
  2672  1764 infeasible   66               - 99430.6123      -   415   35s
  3010  1984 96007.0000   43  298          - 99430.6123      -   437   40s
  3394  2147 96700.0301   41  280          - 99430.6123      -   445   45s
  3806  2359 98268.8659   34  367          - 99430.6123      -   454   50s
  4133  2502 98400.3156   24  275          - 99430.6123      -   459   55s
  4523  2799 98377.6309   16  305          - 99430.6123      -   473   61s
  4796  3076 98777.5920   17  344          - 99430.6123      -   478   66s
  5171  3352 94341.0000   66  218          - 99430.6123      -   483   70s
  5527  3588 94721.0387   65  221          - 99418.9889      -   492   75s
  5918  3952 93809.0000   45  151          - 99398.4470      -   498   80s
  6536  4420 94653.0000   37  155          - 99339.3946      -   497   85s
  6996  4775 96670.0000   35  293          - 99337.3031      -   503   92s
  7187  4978 94671.0000   61  188          - 99337.3031      -   503   95s
  7831  5290 98766.1591   20  383          - 99301.3349      -   505  100s

Cutting planes:
  MIR: 1
  StrongCG: 1

Explored 7898 nodes (4135444 simplex iterations) in 100.01 seconds (195.96 work units)
Thread count was 4 (of 4 available processors)

Solution count 0

Time limit reached
Best objective -, best bound 9.930100000000e+04, gap -
