
Gurobi 11.0.2 (win64) logging started Wed Aug  7 20:38:50 2024

Set parameter LogFile to value "D:\Documenti\Scuola\Laurea magistrale unibs\laurea-unibs-mkfsp\output\2024-08-07T17_25_17.381079\logs\instance08_bucket3.log"
Set parameter TimeLimit to value 100
Set parameter MIPGap to value 0
Gurobi Optimizer version 11.0.2 build v11.0.2rc0 (win64 - Windows 10.0 (19045.2))

CPU model: Intel(R) Core(TM) i5-4670 CPU @ 3.40GHz, instruction set [SSE2|AVX|AVX2]
Thread count: 4 physical cores, 4 logical processors, using up to 4 threads

Optimize a model with 2793 rows, 11778 columns and 329559 nonzeros
Model fingerprint: 0x3b1aac39
Variable types: 0 continuous, 11778 integer (11644 binary)
Coefficient statistics:
  Matrix range     [1e+00, 8e+03]
  Objective range  [6e+02, 8e+03]
  Bounds range     [1e+00, 1e+00]
  RHS range        [1e+00, 7e+05]
Presolve time: 0.64s
Presolved: 2793 rows, 11778 columns, 329559 nonzeros
Variable types: 0 continuous, 11778 integer (11644 binary)
Deterministic concurrent LP optimizer: primal and dual simplex
Showing primal log only...

Concurrent spin time: 0.00s

Solved with dual simplex

Root relaxation: objective 7.462554e+05, 4667 iterations, 2.49 seconds (2.74 work units)
Total elapsed time = 7.46s (DegenMoves)
Total elapsed time = 11.95s (DegenMoves)
Total elapsed time = 16.39s (DegenMoves)
Total elapsed time = 20.27s (DegenMoves)

    Nodes    |    Current Node    |     Objective Bounds      |     Work
 Expl Unexpl |  Obj  Depth IntInf | Incumbent    BestBd   Gap | It/Node Time

     0     0 746255.447    0 1244          - 746255.447      -     -   25s
     0     0 746195.919    0 2211          - 746195.919      -     -   38s
     0     0 746143.751    0 1668          - 746143.751      -     -   47s
     0     0 746143.751    0 1513          - 746143.751      -     -   48s
     0     0 746143.751    0 1326          - 746143.751      -     -  100s

Cutting planes:
  Gomory: 18
  Cover: 870
  Clique: 338
  MIR: 325
  StrongCG: 4
  Zero half: 14

Explored 1 nodes (98215 simplex iterations) in 100.05 seconds (103.08 work units)
Thread count was 4 (of 4 available processors)

Solution count 0

Time limit reached
Best objective -, best bound 7.461437512780e+05, gap -
