
Gurobi 11.0.2 (win64) logging started Wed Aug 14 19:25:47 2024

Set parameter LogFile to value "D:\Documenti\Scuola\Laurea magistrale unibs\laurea-unibs-mkfsp\output\2024-08-14T16_44_40.946359\logs\instance05_bucket2.log"
Set parameter TimeLimit to value 500
Set parameter MIPGap to value 0
Gurobi Optimizer version 11.0.2 build v11.0.2rc0 (win64 - Windows 10.0 (19045.2))

CPU model: Intel(R) Core(TM) i5-4670 CPU @ 3.40GHz, instruction set [SSE2|AVX|AVX2]
Thread count: 4 physical cores, 4 logical processors, using up to 4 threads

Optimize a model with 946 rows, 3010 columns and 83952 nonzeros
Model fingerprint: 0xe29d3351
Variable types: 0 continuous, 3010 integer (2975 binary)
Coefficient statistics:
  Matrix range     [1e+00, 9e+03]
  Objective range  [6e+02, 9e+03]
  Bounds range     [1e+00, 1e+00]
  RHS range        [1e+00, 2e+05]
Presolve time: 0.14s
Presolved: 946 rows, 3010 columns, 83952 nonzeros
Variable types: 0 continuous, 3010 integer (2975 binary)
Found heuristic solution: objective 160077.00000
Found heuristic solution: objective 195870.00000

Root relaxation: objective 2.059770e+05, 558 iterations, 0.01 seconds (0.01 work units)

    Nodes    |    Current Node    |     Objective Bounds      |     Work
 Expl Unexpl |  Obj  Depth IntInf | Incumbent    BestBd   Gap | It/Node Time

H    0     0                    205977.00000 205977.000  0.00%     -    0s
     0     0 205977.000    0    2 205977.000 205977.000  0.00%     -    0s

Explored 1 nodes (946 simplex iterations) in 0.21 seconds (0.18 work units)
Thread count was 4 (of 4 available processors)

Solution count 3: 205977 195870 160077 

Optimal solution found (tolerance 0.00e+00)
Best objective 2.059770000000e+05, best bound 2.059770000000e+05, gap 0.0000%
