
Gurobi 11.0.2 (win64) logging started Wed Aug 14 18:45:41 2024

Set parameter LogFile to value "D:\Documenti\Scuola\Laurea magistrale unibs\laurea-unibs-mkfsp\output\2024-08-14T16_44_40.946359\logs\instance01_bucket2.log"
Set parameter TimeLimit to value 500
Set parameter MIPGap to value 0
Gurobi Optimizer version 11.0.2 build v11.0.2rc0 (win64 - Windows 10.0 (19045.2))

CPU model: Intel(R) Core(TM) i5-4670 CPU @ 3.40GHz, instruction set [SSE2|AVX|AVX2]
Thread count: 4 physical cores, 4 logical processors, using up to 4 threads

Optimize a model with 293 rows, 791 columns and 8351 nonzeros
Model fingerprint: 0x590be092
Variable types: 0 continuous, 791 integer (773 binary)
Coefficient statistics:
  Matrix range     [1e+00, 8e+03]
  Objective range  [6e+02, 8e+03]
  Bounds range     [1e+00, 1e+00]
  RHS range        [1e+00, 8e+04]
Presolve time: 0.01s
Presolved: 293 rows, 791 columns, 8351 nonzeros
Variable types: 0 continuous, 791 integer (773 binary)

Root relaxation: objective 9.975292e+04, 363 iterations, 0.01 seconds (0.01 work units)

    Nodes    |    Current Node    |     Objective Bounds      |     Work
 Expl Unexpl |  Obj  Depth IntInf | Incumbent    BestBd   Gap | It/Node Time

     0     0 99752.9194    0  124          - 99752.9194      -     -    0s
     0     0 99269.0000    0  309          - 99269.0000      -     -    0s
     0     0 99269.0000    0  226          - 99269.0000      -     -    0s
     0     0 99269.0000    0  128          - 99269.0000      -     -    0s
     0     0 99269.0000    0  187          - 99269.0000      -     -    0s
     0     0 99269.0000    0  184          - 99269.0000      -     -    0s
H    0     0                    83207.000000 99269.0000  19.3%     -    0s
     0     0 99269.0000    0  131 83207.0000 99269.0000  19.3%     -    0s
     0     0 99269.0000    0  131 83207.0000 99269.0000  19.3%     -    0s
     0     2 99269.0000    0  131 83207.0000 99269.0000  19.3%     -    0s
H   35    38                    83717.000000 99269.0000  18.6%   286    1s
H  101   127                    83737.000000 99269.0000  18.5%   160    1s
H  177   178                    84521.000000 99269.0000  17.4%   132    1s
H  281   303                    86352.000000 99269.0000  15.0%   161    2s
H  408   411                    88656.000000 99269.0000  12.0%   187    2s
H  498   465                    88666.000000 99269.0000  12.0%   207    3s
H  499   465                    88680.000000 99269.0000  11.9%   206    3s
   642   630 97077.4691   45  217 88680.0000 99269.0000  11.9%   258    5s
H  699   635                    89817.000000 99269.0000  10.5%   265    5s
  1159   988 95987.0000   28  131 89817.0000 99269.0000  10.5%   308   10s
  1166   993 94463.5000   68  337 89817.0000 99269.0000  10.5%   306   15s
H 1173   946                    89875.000000 99269.0000  10.5%   304   18s
  1177   952 99269.0000   11  318 89875.0000 99269.0000  10.5%   339   20s
H 1268   969                    90563.000000 99269.0000  9.61%   397   24s
  1294   990 98513.8678   23  313 90563.0000 99269.0000  9.61%   401   25s
H 1400  1020                    91828.000000 99269.0000  8.10%   413   28s
H 1500  1020                    91842.000000 99269.0000  8.09%   408   29s
  1520  1049 97434.1446   43  280 91842.0000 99269.0000  8.09%   410   30s
  1829  1189 98240.0954   27  321 91842.0000 99269.0000  8.09%   407   35s
H 1967  1200                    91886.000000 99269.0000  8.03%   405   38s
  2042  1281 96768.9240   56  245 91886.0000 99269.0000  8.03%   408   40s
H 2119  1239                    92159.000000 99269.0000  7.71%   405   41s
  2449  1384 97459.1757   46  340 92159.0000 99209.1781  7.65%   385   45s
  2866  1612 infeasible   65      92159.0000 99203.7043  7.64%   374   51s
  3285  1834 98548.0000   22  333 92159.0000 99150.4742  7.59%   355   55s
  3973  2470 97415.3979   29  333 92159.0000 99072.9120  7.50%   334   60s
  5220  3461 96647.8348   42  260 92159.0000 99009.3555  7.43%   295   65s
  5954  4090 98114.9367   33  332 92159.0000 98947.4832  7.37%   300   71s
  7114  5047 93869.3753   61  250 92159.0000 98889.7878  7.30%   275   75s
  8372  6066 98081.1050   28  329 92159.0000 98799.7636  7.21%   260   80s
  9591  6948 96038.1938   47  239 92159.0000 98741.0951  7.14%   253   86s
 10787  8157 94850.6576   42  148 92159.0000 98721.7569  7.12%   242   90s
 13015  9547 infeasible   71      92159.0000 98624.4479  7.02%   224   95s
 14677 10867 92404.3570   46  131 92159.0000 98591.0429  6.98%   215  100s
 15628 11560     cutoff   86      92159.0000 98583.0000  6.97%   210  105s
 16804 12414 98304.8242   30  286 92159.0000 98576.0000  6.96%   211  110s
 18039 13305 97719.8881   27  268 92159.0000 98576.0000  6.96%   212  115s
 18891 14165 96277.1326   34  316 92159.0000 98576.0000  6.96%   212  120s
 20090 15036 95350.8410   40  290 92159.0000 98575.4591  6.96%   213  125s
 21023 15390 92824.9407   63  131 92159.0000 98562.8140  6.95%   211  138s
 21026 15392 92243.0000   83  289 92159.0000 98562.8140  6.95%   210  140s
 21031 15395 94053.2516   37  296 92159.0000 98562.8140  6.95%   210  145s
 21105 15452 98548.0000   30  328 92159.0000 98562.8140  6.95%   215  150s
 21271 15565 95541.6377   51  125 92159.0000 98562.8140  6.95%   218  155s
 21659 15751 95411.0000   43  143 92159.0000 98562.8140  6.95%   219  160s
 22033 15994 98186.8289   34  369 92159.0000 98562.8140  6.95%   222  165s
 22387 16153 95357.4297   66  233 92159.0000 98562.8140  6.95%   223  170s
 22832 16395 98293.5862   43  327 92159.0000 98562.8140  6.95%   225  175s
 23087 16594 94922.7971   70  148 92159.0000 98562.8140  6.95%   226  180s
 23815 16905 98534.5520   33  396 92159.0000 98562.8140  6.95%   225  185s
 24571 17354 93455.4214   56   91 92159.0000 98562.8140  6.95%   227  190s
 25418 17725 97916.8939   31  320 92159.0000 98562.8140  6.95%   227  195s
 26230 17921 95107.0689   40  273 92159.0000 98562.8140  6.95%   227  201s
 27203 18633 98037.1530   38  345 92159.0000 98562.8140  6.95%   225  206s
 28602 19322 92957.8269   42  157 92159.0000 98562.8140  6.95%   223  211s
H29182 18761                    92337.000000 98562.8140  6.74%   222  213s
 29792 18837 93219.1818   78  122 92337.0000 98562.8140  6.74%   220  215s
 31521 19925 97981.3678   40  329 92337.0000 98562.8140  6.74%   216  222s
 33200 20384 92872.9081   71  188 92337.0000 98562.8140  6.74%   212  225s
 35214 21146 97099.2390   42  317 92337.0000 98562.8140  6.74%   207  230s
 36958 21890 96153.5884   57  318 92337.0000 98562.8140  6.74%   203  235s
 38268 22414 96638.2176   37  323 92337.0000 98562.8140  6.74%   202  240s
 39376 22893 96551.8711   43  346 92337.0000 98562.8140  6.74%   203  245s
 40814 23497 infeasible   78      92337.0000 98562.8140  6.74%   202  250s
 42028 24362 95086.6459   67  182 92337.0000 98562.0000  6.74%   203  256s
 43155 24854 98381.1180   29  390 92337.0000 98559.0000  6.74%   203  260s
 44736 25186 92579.2134   96  182 92337.0000 98548.0000  6.73%   201  266s
 45157 25505 94243.0000   66  108 92337.0000 98548.0000  6.73%   203  270s
 46100 26139 97059.0000   48  264 92337.0000 98548.0000  6.73%   205  276s
 46989 26650 97295.0409   51  299 92337.0000 98548.0000  6.73%   206  280s
 48604 27303 96422.6739   46  284 92337.0000 98548.0000  6.73%   205  286s
 49573 27562 98130.3445   33  397 92337.0000 98548.0000  6.73%   205  291s
 50344 27957 97769.0000   42  319 92337.0000 98548.0000  6.73%   205  296s
 51132 28539 93727.0000   52  115 92337.0000 98548.0000  6.73%   206  301s
 51982 28832 97059.0000   43  257 92337.0000 98548.0000  6.73%   207  305s
 52743 29227 97807.4851   40  282 92337.0000 98548.0000  6.73%   208  310s
 53611 29629 92495.0000   63  112 92337.0000 98548.0000  6.73%   209  316s
 54708 30194 97318.7558   39  323 92337.0000 98548.0000  6.73%   209  321s
 55677 30525 96336.6341   37  263 92337.0000 98548.0000  6.73%   209  326s
 56533 31016 97764.1870   42  385 92337.0000 98548.0000  6.73%   210  330s
 58272 31742 97565.1955   41  380 92337.0000 98541.5633  6.72%   209  336s
 59140 32062 94589.3324   54  228 92337.0000 98536.4257  6.71%   209  340s
 60883 32845 92865.0000   97   72 92337.0000 98529.6068  6.71%   208  346s
 62465 33209 97797.2669   36  341 92337.0000 98517.0421  6.69%   207  352s
 63166 33859 93119.8651   59  164 92337.0000 98514.1522  6.69%   207  356s
 64505 34240 95570.6978   49  286 92337.0000 98507.3746  6.68%   205  360s
 65965 35243 98504.0000   31  341 92337.0000 98504.0000  6.68%   205  366s
 66817 35958 95924.0000   39  273 92337.0000 98504.0000  6.68%   206  371s
 67484 36389 92785.1236   58  100 92337.0000 98504.0000  6.68%   207  375s
 68754 37409 92875.9072   78  167 92337.0000 98502.1439  6.68%   206  382s
 69616 38293 97126.1602   55  289 92337.0000 98497.3385  6.67%   206  385s
 71153 39505 98490.0000   37  398 92337.0000 98490.0000  6.66%   205  390s
 72580 40515 92853.0000   97   76 92337.0000 98490.0000  6.66%   205  396s
 73486 41243 96261.3948   46  251 92337.0000 98490.0000  6.66%   205  400s
 74420 42053 96501.2677   51  294 92337.0000 98490.0000  6.66%   205  405s
 75724 42996 97769.0000   33  382 92337.0000 98490.0000  6.66%   205  412s
 76988 43763 97897.3505   45  320 92337.0000 98487.0185  6.66%   204  416s
 77841 44537 95600.7358   67  142 92337.0000 98483.3546  6.66%   204  420s
 79169 45661 94765.8940   97  106 92337.0000 98479.8171  6.65%   204  426s
 80054 46178 95414.2276   58  245 92337.0000 98475.7489  6.65%   204  430s
 81339 47278 93500.0000   83  103 92337.0000 98473.0463  6.65%   204  435s
 82833 48525 92425.0000   53  119 92337.0000 98466.6064  6.64%   203  440s
 84455 49741 94899.0000   42  267 92337.0000 98461.0664  6.63%   202  445s
 85765 50577 97878.4796   45  321 92337.0000 98454.6679  6.63%   201  450s
 86787 51358 97785.1454   40  335 92337.0000 98450.5643  6.62%   201  455s
 88526 52791 95630.6304   66  223 92337.0000 98442.2027  6.61%   200  461s
 89900 53890 97599.5012   35  333 92337.0000 98437.6698  6.61%   200  465s
 91816 55414 93641.9618   75  144 92337.0000 98429.8197  6.60%   199  471s
H92299 55260                    92451.000000 98428.7669  6.47%   198  472s
 92633 55344 96515.3080   54  301 92451.0000 98425.1275  6.46%   198  476s
H92635 55330                    92462.000000 98425.1275  6.45%   198  476s
 93421 56246 93961.3588   85  118 92462.0000 98423.3239  6.45%   198  480s
H94598 53440                    93041.000000 98417.6181  5.78%   198  483s
 94920 53813     cutoff   97      93041.0000 98416.3006  5.78%   197  485s
 96548 54994 97575.0179   47  346 93041.0000 98406.6157  5.77%   196  490s
 97894 55759 97050.6756   41  300 93041.0000 98403.8951  5.76%   196  495s
 98896 56524 97747.4351   42  340 93041.0000 98401.8245  5.76%   196  500s

Cutting planes:
  Gomory: 6
  Cover: 3
  Flow cover: 1
  Zero half: 3
  RLT: 21

Explored 99122 nodes (19421493 simplex iterations) in 500.01 seconds (892.91 work units)
Thread count was 4 (of 4 available processors)

Solution count 10: 93041 92462 92451 ... 89875

Time limit reached
Best objective 9.304100000000e+04, best bound 9.840100000000e+04, gap 5.7609%
