WARN | Starting Kernel Search with 40 families per bucket
WARN | Building Kernel Search initial solution
WARN | Kernel size: 100
WARN | Relaxed optimum: 1499046.6442718199							0.0034s
WARN | Kernel: [0, 2, 3, 7, 13, 17, 21, 25, 26, 30, 31, 34, 35, 38, 39, 41, 42, 53, 54, 58, 62, 63, 64, 68, 71, 73, 74, 77, 78, 85, 86, 87, 92, 94, 96, 98, 99, 101, 102, 105, 114, 115, 117, 119, 121, 122, 129, 130, 131, 135, 138, 141, 145, 149, 150, 152, 154, 156, 160, 166, 176, 177, 178, 179, 180, 181, 183, 184, 185, 187, 190, 194, 196, 202, 203, 207, 210, 219, 223, 225, 226, 229, 230, 231, 233, 237, 239, 240, 242, 243, 247, 251, 253, 259, 260, 261, 262, 266, 267, 268]
WARN | Solving with bucket number 0							0.0096s
WARN | Kernel: [0, 2, 3, 7, 13, 17, 21, 25, 26, 30, 31, 34, 35, 38, 39, 41, 42, 53, 54, 58, 62, 63, 64, 68, 71, 73, 74, 77, 78, 85, 86, 87, 92, 94, 96, 98, 99, 101, 102, 105, 114, 115, 117, 119, 121, 122, 129, 130, 131, 135, 138, 141, 145, 149, 150, 152, 154, 156, 160, 166, 176, 177, 178, 179, 180, 181, 183, 184, 185, 187, 190, 194, 196, 202, 203, 207, 210, 219, 223, 225, 226, 229, 230, 231, 233, 237, 239, 240, 242, 243, 247, 251, 253, 259, 260, 261, 262, 266, 267, 268]	0.0096s
WARN | Bucket: []	0.0096s
WARN | The model was solved to optimality
ERRO | Families from bucket --> []
WARN | Solution value: 579173								0.9888s
WARN | Solution improved
WARN | Indexes of the families added to the kernel: []					0.9957s
WARN | Solving with bucket number 1							0.9965s
WARN | Kernel: [0, 2, 3, 7, 13, 17, 21, 25, 26, 30, 31, 34, 35, 38, 39, 41, 42, 53, 54, 58, 62, 63, 64, 68, 71, 73, 74, 77, 78, 85, 86, 87, 92, 94, 96, 98, 99, 101, 102, 105, 114, 115, 117, 119, 121, 122, 129, 130, 131, 135, 138, 141, 145, 149, 150, 152, 154, 156, 160, 166, 176, 177, 178, 179, 180, 181, 183, 184, 185, 187, 190, 194, 196, 202, 203, 207, 210, 219, 223, 225, 226, 229, 230, 231, 233, 237, 239, 240, 242, 243, 247, 251, 253, 259, 260, 261, 262, 266, 267, 268]	0.9965s
WARN | Bucket: [269, 273, 279, 280, 281, 282, 284, 285, 286, 287, 290, 293, 295, 296, 297, 298, 304, 306, 309, 311, 317, 319, 321, 332, 333, 338, 341, 343, 345, 347, 349, 351, 356, 358, 360, 361, 372, 373, 377, 379]	0.9965s
WARN | The model was solved to optimality
ERRO | Families from bucket --> [269, 273, 279, 280, 281, 282, 284, 285, 286, 287, 290, 293, 295, 296, 297, 298, 304, 306, 309, 311, 317, 319, 321, 332, 333, 338, 341, 343, 345, 347, 349, 351, 356, 358, 360, 361, 372, 373, 377, 379]
WARN | Solution value: 811730								2.5239s
WARN | Solution improved
WARN | Indexes of the families added to the kernel: [269, 273, 279, 280, 281, 282, 284, 285, 286, 287, 290, 293, 295, 296, 297, 298, 304, 306, 309, 311, 317, 319, 321, 332, 333, 338, 341, 343, 345, 347, 349, 351, 356, 358, 360, 361, 372, 373, 377, 379]					2.5325s
WARN | Solving with bucket number 2							2.5338s
WARN | Kernel: [0, 2, 3, 7, 13, 17, 21, 25, 26, 30, 31, 34, 35, 38, 39, 41, 42, 53, 54, 58, 62, 63, 64, 68, 71, 73, 74, 77, 78, 85, 86, 87, 92, 94, 96, 98, 99, 101, 102, 105, 114, 115, 117, 119, 121, 122, 129, 130, 131, 135, 138, 141, 145, 149, 150, 152, 154, 156, 160, 166, 176, 177, 178, 179, 180, 181, 183, 184, 185, 187, 190, 194, 196, 202, 203, 207, 210, 219, 223, 225, 226, 229, 230, 231, 233, 237, 239, 240, 242, 243, 247, 251, 253, 259, 260, 261, 262, 266, 267, 268, 269, 273, 279, 280, 281, 282, 284, 285, 286, 287, 290, 293, 295, 296, 297, 298, 304, 306, 309, 311, 317, 319, 321, 332, 333, 338, 341, 343, 345, 347, 349, 351, 356, 358, 360, 361, 372, 373, 377, 379]	2.5338s
WARN | Bucket: [381, 386, 388, 389, 394, 395, 397, 398, 401, 403, 407, 408, 409, 412, 422, 423, 424, 430, 434, 438, 441, 442, 452, 453, 458, 461, 465, 467, 468, 471, 473, 474, 475, 477, 478, 479, 483, 484, 485, 486]	2.5338s
WARN | The model was solved to optimality
ERRO | Families from bucket --> [381, 386, 388, 389, 394, 395, 397, 398, 401, 403, 407, 408, 409, 412, 422, 423, 424, 430, 434, 438, 441, 442, 452, 453, 458, 461, 465, 467, 468, 471, 473, 474, 475, 477, 478, 479, 483, 484, 485, 486]
WARN | Solution value: 1048181								4.5591s
WARN | Solution improved
WARN | Indexes of the families added to the kernel: [381, 386, 388, 389, 394, 395, 397, 398, 401, 403, 407, 408, 409, 412, 422, 423, 424, 430, 434, 438, 441, 442, 452, 453, 458, 461, 465, 467, 468, 471, 473, 474, 475, 477, 478, 479, 483, 484, 485, 486]					4.5697s
WARN | Solving with bucket number 3							4.5707s
WARN | Kernel: [0, 2, 3, 7, 13, 17, 21, 25, 26, 30, 31, 34, 35, 38, 39, 41, 42, 53, 54, 58, 62, 63, 64, 68, 71, 73, 74, 77, 78, 85, 86, 87, 92, 94, 96, 98, 99, 101, 102, 105, 114, 115, 117, 119, 121, 122, 129, 130, 131, 135, 138, 141, 145, 149, 150, 152, 154, 156, 160, 166, 176, 177, 178, 179, 180, 181, 183, 184, 185, 187, 190, 194, 196, 202, 203, 207, 210, 219, 223, 225, 226, 229, 230, 231, 233, 237, 239, 240, 242, 243, 247, 251, 253, 259, 260, 261, 262, 266, 267, 268, 269, 273, 279, 280, 281, 282, 284, 285, 286, 287, 290, 293, 295, 296, 297, 298, 304, 306, 309, 311, 317, 319, 321, 332, 333, 338, 341, 343, 345, 347, 349, 351, 356, 358, 360, 361, 372, 373, 377, 379, 381, 386, 388, 389, 394, 395, 397, 398, 401, 403, 407, 408, 409, 412, 422, 423, 424, 430, 434, 438, 441, 442, 452, 453, 458, 461, 465, 467, 468, 471, 473, 474, 475, 477, 478, 479, 483, 484, 485, 486]	4.5707s
WARN | Bucket: [488, 493, 494, 496, 502, 503, 507, 514, 516, 517, 521, 523, 529, 530, 534, 535, 536, 538, 539, 544, 546, 550, 553, 562, 563, 564, 566, 569, 571, 573, 576, 586, 587, 589, 590, 591, 593, 594, 597, 599]	4.5707s
WARN | The model was solved to optimality
ERRO | Families from bucket --> [488, 493, 494, 496, 502, 503, 507, 514, 516, 517, 521, 523, 529, 530, 534, 535, 536, 538, 539, 544, 546, 550, 553, 562, 563, 564, 566, 569, 571, 573, 576, 586, 587, 589, 590, 591, 593, 594, 597, 599]
WARN | Solution value: 1290985								7.0891s
WARN | Solution improved
WARN | Indexes of the families added to the kernel: [488, 493, 494, 496, 502, 503, 507, 514, 516, 517, 521, 523, 529, 530, 534, 535, 536, 538, 539, 544, 546, 550, 553, 562, 563, 564, 566, 569, 571, 573, 576, 586, 587, 589, 590, 591, 593, 594, 597, 599]					7.1010s
WARN | Solving with bucket number 4							7.1019s
WARN | Kernel: [0, 2, 3, 7, 13, 17, 21, 25, 26, 30, 31, 34, 35, 38, 39, 41, 42, 53, 54, 58, 62, 63, 64, 68, 71, 73, 74, 77, 78, 85, 86, 87, 92, 94, 96, 98, 99, 101, 102, 105, 114, 115, 117, 119, 121, 122, 129, 130, 131, 135, 138, 141, 145, 149, 150, 152, 154, 156, 160, 166, 176, 177, 178, 179, 180, 181, 183, 184, 185, 187, 190, 194, 196, 202, 203, 207, 210, 219, 223, 225, 226, 229, 230, 231, 233, 237, 239, 240, 242, 243, 247, 251, 253, 259, 260, 261, 262, 266, 267, 268, 269, 273, 279, 280, 281, 282, 284, 285, 286, 287, 290, 293, 295, 296, 297, 298, 304, 306, 309, 311, 317, 319, 321, 332, 333, 338, 341, 343, 345, 347, 349, 351, 356, 358, 360, 361, 372, 373, 377, 379, 381, 386, 388, 389, 394, 395, 397, 398, 401, 403, 407, 408, 409, 412, 422, 423, 424, 430, 434, 438, 441, 442, 452, 453, 458, 461, 465, 467, 468, 471, 473, 474, 475, 477, 478, 479, 483, 484, 485, 486, 488, 493, 494, 496, 502, 503, 507, 514, 516, 517, 521, 523, 529, 530, 534, 535, 536, 538, 539, 544, 546, 550, 553, 562, 563, 564, 566, 569, 571, 573, 576, 586, 587, 589, 590, 591, 593, 594, 597, 599]	7.1019s
WARN | Bucket: [601, 604, 606, 613, 614, 615, 617, 618, 621, 624, 626, 628, 629, 630, 631, 635, 642, 643, 647, 650, 652, 653, 655, 661, 662, 272, 370, 584, 490, 168, 368, 376, 392, 555, 620, 355, 561, 609, 491, 362]	7.1019s
WARN | The optimization terminated because the time expended exceeded the value specified by the TimeLimit parameter.
ERRO | Families from bucket --> [168, 272, 355, 362, 368, 376, 490, 491, 555, 561, 584, 601, 604, 606, 609, 613, 614, 615, 617, 618, 620, 621, 624, 626, 628, 629, 630, 635, 642, 643, 647, 650, 652, 653, 655, 661, 662]
WARN | Solution value: 1374921								508.4124s
WARN | Solution improved
WARN | Indexes of the families added to the kernel: [601, 604, 606, 613, 614, 615, 617, 618, 621, 624, 626, 628, 629, 630, 635, 642, 643, 647, 650, 652, 653, 655, 661, 662, 272, 584, 490, 168, 368, 376, 555, 620, 355, 561, 609, 491, 362]					508.4258s
WARN | Solving with bucket number 5							508.4271s
WARN | Kernel: [0, 2, 3, 7, 13, 17, 21, 25, 26, 30, 31, 34, 35, 38, 39, 41, 42, 53, 54, 58, 62, 63, 64, 68, 71, 73, 74, 77, 78, 85, 86, 87, 92, 94, 96, 98, 99, 101, 102, 105, 114, 115, 117, 119, 121, 122, 129, 130, 131, 135, 138, 141, 145, 149, 150, 152, 154, 156, 160, 166, 176, 177, 178, 179, 180, 181, 183, 184, 185, 187, 190, 194, 196, 202, 203, 207, 210, 219, 223, 225, 226, 229, 230, 231, 233, 237, 239, 240, 242, 243, 247, 251, 253, 259, 260, 261, 262, 266, 267, 268, 269, 273, 279, 280, 281, 282, 284, 285, 286, 287, 290, 293, 295, 296, 297, 298, 304, 306, 309, 311, 317, 319, 321, 332, 333, 338, 341, 343, 345, 347, 349, 351, 356, 358, 360, 361, 372, 373, 377, 379, 381, 386, 388, 389, 394, 395, 397, 398, 401, 403, 407, 408, 409, 412, 422, 423, 424, 430, 434, 438, 441, 442, 452, 453, 458, 461, 465, 467, 468, 471, 473, 474, 475, 477, 478, 479, 483, 484, 485, 486, 488, 493, 494, 496, 502, 503, 507, 514, 516, 517, 521, 523, 529, 530, 534, 535, 536, 538, 539, 544, 546, 550, 553, 562, 563, 564, 566, 569, 571, 573, 576, 586, 587, 589, 590, 591, 593, 594, 597, 599, 601, 604, 606, 613, 614, 615, 617, 618, 621, 624, 626, 628, 629, 630, 635, 642, 643, 647, 650, 652, 653, 655, 661, 662, 272, 584, 490, 168, 368, 376, 555, 620, 355, 561, 609, 491, 362]	508.4271s
WARN | Bucket: [95, 608, 271, 545, 305, 18, 255, 664, 567, 579, 570, 198, 245, 476, 109, 659, 216, 48, 400, 188, 551, 634, 235, 354, 155, 511, 275, 16, 413, 548, 84, 415, 556, 482, 19, 489, 459, 646, 600, 169]	508.4271s
WARN | The optimization terminated because the time expended exceeded the value specified by the TimeLimit parameter.
ERRO | Families from bucket --> []
WARN | Solution value: 1374921								541.4194s
WARN | Solution improved
WARN | Indexes of the families added to the kernel: []					541.4314s
ERRO | Kernel Time limit reached
