
Gurobi 11.0.2 (win64) logging started Wed Aug 14 19:15:47 2024

Set parameter LogFile to value "D:\Documenti\Scuola\Laurea magistrale unibs\laurea-unibs-mkfsp\output\2024-08-14T16_44_40.946359\logs\instance04_bucket2.log"
Set parameter TimeLimit to value 500
Set parameter MIPGap to value 0
Gurobi Optimizer version 11.0.2 build v11.0.2rc0 (win64 - Windows 10.0 (19045.2))

CPU model: Intel(R) Core(TM) i5-4670 CPU @ 3.40GHz, instruction set [SSE2|AVX|AVX2]
Thread count: 4 physical cores, 4 logical processors, using up to 4 threads

Optimize a model with 397 rows, 788 columns and 21342 nonzeros
Model fingerprint: 0x57a0ce05
Variable types: 0 continuous, 788 integer (769 binary)
Coefficient statistics:
  Matrix range     [1e+00, 8e+03]
  Objective range  [6e+02, 8e+03]
  Bounds range     [1e+00, 1e+00]
  RHS range        [1e+00, 8e+04]
Presolve time: 0.04s
Presolved: 397 rows, 788 columns, 21342 nonzeros
Variable types: 0 continuous, 788 integer (769 binary)

Root relaxation: objective 9.542847e+04, 851 iterations, 0.05 seconds (0.08 work units)

    Nodes    |    Current Node    |     Objective Bounds      |     Work
 Expl Unexpl |  Obj  Depth IntInf | Incumbent    BestBd   Gap | It/Node Time

     0     0 95428.4668    0  214          - 95428.4668      -     -    0s
     0     0 94780.3050    0  389          - 94780.3050      -     -    0s
     0     0 94614.3662    0  318          - 94614.3662      -     -    0s
     0     0 94614.2543    0  308          - 94614.2543      -     -    0s
     0     0 93540.0000    0  245          - 93540.0000      -     -    1s
     0     0 93540.0000    0  307          - 93540.0000      -     -    1s
     0     0 93540.0000    0  412          - 93540.0000      -     -    2s
     0     0 93540.0000    0  225          - 93540.0000      -     -    2s
     0     2 93540.0000    0  213          - 93540.0000      -     -    3s
   209   217 93345.0000   23  213          - 93540.0000      -   315    5s
   894   723 87793.0000   61  163          - 93540.0000      -   305   10s
  1163   944 91240.0000   46  225          - 93540.0000      -   392   15s
  1171   949 91399.1850   37  546          - 93540.0000      -   390   20s
  1230   995 88901.0000   23  232          - 93154.3874      -  45.5   25s
  1353  1082 88707.8260   41  283          - 93116.1992      -   120   30s
  1578  1207 92190.1176   29  468          - 93114.2407      -   208   37s
H 1584  1157                    81537.000000 93114.2407  14.2%   210   37s
H 1587  1133                    81853.000000 93114.2407  13.8%   213   37s
  1753  1222 91393.9193   47  438 81853.0000 93114.2407  13.8%   242   40s
  1875  1295 88465.3659   63  341 81853.0000 93022.8092  13.6%   293   45s
H 1953  1300                    82285.000000 93022.8092  13.0%   301   47s
H 2003  1271                    83903.000000 93022.8092  10.9%   302   48s
  2052  1293 91462.2892   27  403 83903.0000 93022.8092  10.9%   302   50s
  2306  1438     cutoff   55      83903.0000 93022.8092  10.9%   316   55s
  2755  1698 90750.9735   40  403 83903.0000 93010.9310  10.9%   315   61s
  3122  1827 88020.2622   70  247 83903.0000 93010.9310  10.9%   331   66s
  3475  2051 90807.0000   38  330 83903.0000 92954.4570  10.8%   346   70s
  4018  2587 90224.4032   34  360 83903.0000 92844.0160  10.7%   338   75s
  4676  3101 85149.1758   87  165 83903.0000 92729.2666  10.5%   329   80s
  4970  3259 88450.7039   41  324 83903.0000 92728.9466  10.5%   334   85s
  5202  3495 91368.3162   41  426 83903.0000 92728.2890  10.5%   348   90s
  5686  3936 85048.0000   93  224 83903.0000 92716.1869  10.5%   354   97s
  6049  4297 90928.0000   43  350 83903.0000 92703.6764  10.5%   368  102s
  6547  4673 88578.7615   67  296 83903.0000 92703.6764  10.5%   375  107s
  6728  4862 86612.0000   82  197 83903.0000 92653.6296  10.4%   372  110s
  7166  5274 89753.0000   38  327 83903.0000 92635.7401  10.4%   381  116s
  7802  5801 91589.4606   27  393 83903.0000 92630.6984  10.4%   383  122s
  8107  5983 84412.0000   60  153 83903.0000 92593.4776  10.4%   386  126s
H 8177  5935                    84171.000000 92581.9341  10.0%   385  126s
  8747  6449 90541.0000   32  332 84171.0000 92554.5734  10.0%   382  133s
  8992  6713 89583.1293   39  370 84171.0000 92554.5734  10.0%   391  136s
  9279  7034 87291.2854   66  210 84171.0000 92554.5734  10.0%   395  141s
  9636  7305 84789.4856   98  137 84171.0000 92554.1220  10.0%   395  145s
 10258  7915 87624.6629   38  236 84171.0000 92508.1542  9.91%   406  154s
 10496  7915 86777.0000   51  147 84171.0000 92506.4147  9.90%   408  155s
 11004  8556 85089.0000  103  172 84171.0000 92494.3995  9.89%   417  162s
 11482  9048 89826.3710   37  375 84171.0000 92493.8025  9.89%   422  167s
 12082  9474 85879.7458   61  200 84171.0000 92488.6429  9.88%   416  171s
 12968 10122 88246.0210   48  318 84171.0000 92476.1272  9.87%   415  178s
 13417 10519     cutoff   74      84171.0000 92467.8475  9.86%   413  181s
 13941 10919 91936.6961   24  477 84171.0000 92457.4900  9.84%   410  185s
 14780 11543 90981.0000   36  356 84171.0000 92444.1473  9.83%   406  191s
 15154 11638 90041.1432   44  373 84171.0000 92440.8426  9.83%   406  197s
 15255 11944 87033.8676   64  277 84171.0000 92440.7386  9.82%   406  201s
 16060 12615 89516.9853   44  397 84171.0000 92437.1383  9.82%   406  207s
 16436 12928 87299.6474   63  243 84171.0000 92424.4981  9.81%   406  211s
 17191 13594 90929.8654   41  498 84171.0000 92414.9525  9.79%   410  218s
 17612 14017 87507.9637   45  233 84171.0000 92413.7334  9.79%   411  221s
 18106 14453 87818.0000   33  279 84171.0000 92407.9491  9.79%   410  225s
 19096 15140 87618.0000   33  280 84171.0000 92391.8433  9.77%   406  232s
 19533 15564 92027.5988   25  506 84171.0000 92386.6652  9.76%   406  235s
H20709 16016                    84231.000000 92361.1552  9.65%   396  336s
 20716 16021 90376.0000   37  524 84231.0000 92361.1552  9.65%   396  340s
 20718 16022 89508.6967   42  554 84231.0000 92361.1552  9.65%   396  345s
 20721 16024 86429.5788   93  571 84231.0000 92361.1552  9.65%   396  352s
 20722 16025 90135.5534   54  556 84231.0000 92361.1552  9.65%   396  355s
 20724 16026 87618.0000   34  561 84231.0000 92361.1552  9.65%   396  360s
 20726 16028 85995.0870   95  547 84231.0000 92361.1552  9.65%   396  365s
 20728 16029 90158.9508   53  550 84231.0000 92361.1552  9.65%   396  370s
 20730 16030 85202.0381   67  520 84231.0000 92361.1552  9.65%   396  375s
 20733 16032 89549.7280   42  514 84231.0000 92361.1552  9.65%   396  381s
 20735 16034 88660.6849   55  529 84231.0000 92361.1552  9.65%   396  386s
 20737 16035 88648.6978   37  529 84231.0000 92361.1552  9.65%   396  392s
 20738 16036 87806.3846   43  529 84231.0000 92361.1552  9.65%   396  395s
 20741 16038 89424.8092   36  529 84231.0000 92361.1552  9.65%   396  401s
 20795 16079 90030.1311   38  350 84231.0000 92361.1552  9.65%   398  405s
 20867 16127 89149.1338   47  272 84231.0000 92361.1552  9.65%   400  410s
 20940 16184 87642.6555   61  200 84231.0000 92361.1552  9.65%   402  415s
 21091 16264 91943.7532   39  485 84231.0000 92361.1552  9.65%   404  420s
 21284 16413 90548.9543   59  350 84231.0000 92361.1552  9.65%   406  425s
 21468 16495 85100.7425   84  150 84231.0000 92361.1552  9.65%   408  430s
 21631 16622 90931.7760   48  308 84231.0000 92361.1552  9.65%   411  435s
 21809 16744 87275.0519   73  204 84231.0000 92361.1552  9.65%   414  440s
 22036 16820 92361.1552   37  504 84231.0000 92361.1552  9.65%   414  445s
 22241 16967 90008.4917   58  342 84231.0000 92361.1552  9.65%   416  451s
 22394 17061 88442.2606   78  268 84231.0000 92361.1552  9.65%   417  455s
 22646 17184 90566.1663   48  432 84231.0000 92361.1552  9.65%   418  461s
 22824 17308 88414.0000   45  231 84231.0000 92361.1552  9.65%   419  466s
 23100 17452 87757.0000   60  211 84231.0000 92361.1552  9.65%   421  471s
 23424 17599 88682.5626   51  294 84231.0000 92361.1552  9.65%   424  475s
 23689 17784 86280.5251   59  209 84231.0000 92361.1552  9.65%   427  482s
 23916 17884 92251.7964   41  457 84231.0000 92361.1552  9.65%   429  485s
 24374 18087 91802.2679   49  473 84231.0000 92361.1552  9.65%   430  491s
 24946 18359 89191.0000   53  259 84231.0000 92361.1552  9.65%   430  497s
 25172 18398 89191.0000   51  254 84231.0000 92361.1552  9.65%   432  500s

Cutting planes:
  Gomory: 4
  Cover: 1
  MIR: 6
  Flow cover: 45
  Zero half: 9
  Mod-K: 36
  RLT: 201
  Relax-and-lift: 1

Explored 25286 nodes (11447987 simplex iterations) in 500.01 seconds (783.85 work units)
Thread count was 4 (of 4 available processors)

Solution count 6: 84231 84171 83903 ... 81537

Time limit reached
Best objective 8.423100000000e+04, best bound 9.236100000000e+04, gap 9.6520%
