
Gurobi 11.0.2 (win64) logging started Wed Aug 14 20:06:27 2024

Set parameter LogFile to value "D:\Documenti\Scuola\Laurea magistrale unibs\laurea-unibs-mkfsp\output\2024-08-14T16_44_40.946359\logs\instance09_bucket5.log"
Set parameter TimeLimit to value 500
Set parameter MIPGap to value 0
Gurobi Optimizer version 11.0.2 build v11.0.2rc0 (win64 - Windows 10.0 (19045.2))

CPU model: Intel(R) Core(TM) i5-4670 CPU @ 3.40GHz, instruction set [SSE2|AVX|AVX2]
Thread count: 4 physical cores, 4 logical processors, using up to 4 threads

Optimize a model with 5040 rows, 25335 columns and 712573 nonzeros
Model fingerprint: 0x8918d1c3
Variable types: 0 continuous, 25335 integer (25140 binary)
Coefficient statistics:
  Matrix range     [1e+00, 9e+03]
  Objective range  [6e+02, 9e+03]
  Bounds range     [1e+00, 1e+00]
  RHS range        [1e+00, 1e+06]
Found heuristic solution: objective 960971.00000
Presolve time: 1.47s
Presolved: 5040 rows, 25335 columns, 712573 nonzeros
Variable types: 0 continuous, 25335 integer (25140 binary)
Found heuristic solution: objective 1024450.0000
Deterministic concurrent LP optimizer: primal simplex, dual simplex, and barrier
Showing barrier log only...

Root barrier log...

Ordering time: 0.05s

Barrier statistics:
 AA' NZ     : 7.633e+05
 Factor NZ  : 8.968e+05 (roughly 17 MB of memory)
 Factor Ops : 4.152e+08 (less than 1 second per iteration)
 Threads    : 2

Barrier performed 0 iterations in 2.05 seconds (1.77 work units)
Barrier solve interrupted - model solved by another algorithm

Concurrent spin time: 0.13s (can be avoided by choosing Method=3)

Solved with dual simplex

Root relaxation: objective 1.138530e+06, 1490 iterations, 0.53 seconds (0.36 work units)

    Nodes    |    Current Node    |     Objective Bounds      |     Work
 Expl Unexpl |  Obj  Depth IntInf | Incumbent    BestBd   Gap | It/Node Time

H    0     0                    1138530.0000 1138530.00  0.00%     -    2s
     0     0 1138530.00    0 1117 1138530.00 1138530.00  0.00%     -    2s

Explored 1 nodes (1490 simplex iterations) in 2.13 seconds (1.79 work units)
Thread count was 4 (of 4 available processors)

Solution count 3: 1.13853e+06 1.02445e+06 960971 

Optimal solution found (tolerance 0.00e+00)
Best objective 1.138530000000e+06, best bound 1.138530000000e+06, gap 0.0000%
