
Gurobi 11.0.2 (win64) logging started Wed Aug 14 20:06:47 2024

Set parameter LogFile to value "D:\Documenti\Scuola\Laurea magistrale unibs\laurea-unibs-mkfsp\output\2024-08-14T16_44_40.946359\logs\instance09_bucket9.log"
Set parameter TimeLimit to value 500
Set parameter MIPGap to value 0
Gurobi Optimizer version 11.0.2 build v11.0.2rc0 (win64 - Windows 10.0 (19045.2))

CPU model: Intel(R) Core(TM) i5-4670 CPU @ 3.40GHz, instruction set [SSE2|AVX|AVX2]
Thread count: 4 physical cores, 4 logical processors, using up to 4 threads

Optimize a model with 7867 rows, 40980 columns and 1152800 nonzeros
Model fingerprint: 0x42555ba3
Variable types: 0 continuous, 40980 integer (40665 binary)
Coefficient statistics:
  Matrix range     [1e+00, 9e+03]
  Objective range  [6e+02, 9e+03]
  Bounds range     [1e+00, 1e+00]
  RHS range        [1e+00, 2e+06]
Found heuristic solution: objective 1661921.0000
Presolve time: 2.57s
Presolved: 7867 rows, 40980 columns, 1152800 nonzeros
Variable types: 0 continuous, 40980 integer (40665 binary)
Found heuristic solution: objective 1667224.0000
Deterministic concurrent LP optimizer: primal simplex, dual simplex, and barrier
Showing barrier log only...

Root barrier log...

Ordering time: 0.11s

Barrier statistics:
 AA' NZ     : 1.231e+06
 Factor NZ  : 1.364e+06 (roughly 27 MB of memory)
 Factor Ops : 6.279e+08 (less than 1 second per iteration)
 Threads    : 2

                  Objective                Residual
Iter       Primal          Dual         Primal    Dual     Compl     Time
   0   1.49145082e+08  1.86371038e+08  7.47e+06 0.00e+00  9.15e+05     4s
   1   3.89696749e+07  1.92885458e+08  1.79e+06 4.83e-13  2.35e+05     4s
   2   2.06940463e+06  1.82939642e+08  1.87e+04 6.82e-13  4.84e+03     4s
   3   1.78849460e+06  5.39504611e+07  4.76e+03 1.39e-11  1.06e+03     4s
   4   1.69273833e+06  1.49374875e+07  6.82e-01 1.88e-12  1.81e+02     4s
   5   1.82082048e+06  2.29790524e+06  6.08e-14 2.42e-13  6.51e+00     4s
   6   1.84131367e+06  1.84543938e+06  6.53e-14 4.26e-14  5.63e-02     4s
   7   1.84137294e+06  1.84137707e+06  2.47e-13 4.26e-14  5.63e-05     4s
   8   1.84137300e+06  1.84137300e+06  1.10e-13 5.68e-14  5.63e-08     4s

Barrier performed 8 iterations in 4.33 seconds (3.67 work units)
Barrier solve interrupted - model solved by another algorithm

Concurrent spin time: 0.41s (can be avoided by choosing Method=3)

Solved with dual simplex

Root relaxation: objective 1.841373e+06, 3027 iterations, 1.67 seconds (1.29 work units)
Total elapsed time = 12.92s (DegenMoves)
Total elapsed time = 18.22s (DegenMoves)
Total elapsed time = 24.77s (DegenMoves)
Total elapsed time = 29.09s (DegenMoves)

    Nodes    |    Current Node    |     Objective Bounds      |     Work
 Expl Unexpl |  Obj  Depth IntInf | Incumbent    BestBd   Gap | It/Node Time

     0     0 1841373.00    0  381 1667224.00 1841373.00  10.4%     -   34s
H    0     0                    1725432.0000 1841373.00  6.72%     -   34s
H    0     0                    1726929.0000 1841373.00  6.63%     -   34s
     0     0 1841373.00    0  851 1726929.00 1841373.00  6.63%     -   38s
H    0     0                    1782567.0000 1841373.00  3.30%     -   65s
     0     0 1841373.00    0  768 1782567.00 1841373.00  3.30%     -   66s
     0     0 1841373.00    0  300 1782567.00 1841373.00  3.30%     -  110s
H    0     0                    1782872.0000 1841373.00  3.28%     -  111s
     0     0 1841373.00    0  528 1782872.00 1841373.00  3.28%     -  112s
     0     0 1841373.00    0  572 1782872.00 1841373.00  3.28%     -  138s
     0     0 1841373.00    0  565 1782872.00 1841373.00  3.28%     -  142s
     0     0 1841373.00    0  580 1782872.00 1841373.00  3.28%     -  169s
     0     0 1841373.00    0  307 1782872.00 1841373.00  3.28%     -  208s
H    0     2                    1789816.0000 1841373.00  2.88%     -  277s
     0     2 1841373.00    0  255 1789816.00 1841373.00  2.88%     -  277s
     1     4 1841373.00    1  732 1789816.00 1841373.00  2.88% 18826  280s
     7    12 1841373.00    3 1426 1789816.00 1841373.00  2.88%  4871  290s
    11    16 1841373.00    3 1578 1789816.00 1841373.00  2.88%  4700  298s
    23    32 1841373.00    5 1368 1789816.00 1841373.00  2.88%  3219  300s
H   31    36                    1798605.0000 1841373.00  2.38%  2566  313s
    35    86 1841373.00    7 1190 1798605.00 1841373.00  2.38%  2381  320s
H   86   151                    1806392.0000 1841373.00  1.94%  1517  357s
H  151   666                    1808418.0000 1841373.00  1.82%  1021  393s
H  314   666                    1808451.0000 1841373.00  1.82%   674  393s
H  477   666                    1808525.0000 1841373.00  1.82%   534  394s
   674  1071 1841373.00  162  856 1808525.00 1841373.00  1.82%   477  420s
  1099  1271 1841373.00  204  964 1808525.00 1841373.00  1.82%   406  440s
H 1130  1271                    1808575.0000 1841373.00  1.81%   400  440s
H 1308  1271                    1808591.0000 1841373.00  1.81%   401  440s
  1316  1599 1841373.00  230 1063 1808591.00 1841373.00  1.81%   402  464s
  1667  1855 1841373.00  247 1111 1808591.00 1841373.00  1.81%   380  485s
H 1948  1904                    1808779.0000 1841373.00  1.80%   380  500s
H 1955  1904                    1812022.0000 1841373.00  1.62%   380  500s

Cutting planes:
  Gomory: 40
  Cover: 1551
  Clique: 1441
  MIR: 533
  StrongCG: 60
  Zero half: 6

Explored 2001 nodes (1154546 simplex iterations) in 500.13 seconds (695.10 work units)
Thread count was 4 (of 4 available processors)

Solution count 10: 1.81202e+06 1.80878e+06 1.80859e+06 ... 1.78982e+06

Time limit reached
Best objective 1.812022000000e+06, best bound 1.841373000000e+06, gap 1.6198%
