WARN | Starting Kernel Search with 30 families per bucket
WARN | Building Kernel Search initial solution
WARN | Kernel size: 75
WARN | Relaxed optimum: 1935203.6868518395							0.0023s
WARN | Kernel: [1, 2, 3, 4, 7, 10, 11, 12, 13, 15, 16, 18, 19, 20, 21, 22, 25, 27, 28, 31, 32, 34, 35, 36, 37, 42, 44, 47, 48, 50, 51, 54, 55, 58, 61, 62, 63, 64, 67, 69, 70, 71, 73, 75, 77, 78, 84, 87, 88, 89, 91, 92, 95, 96, 97, 98, 100, 102, 103, 104, 106, 107, 109, 111, 113, 116, 117, 118, 120, 121, 122, 123, 124, 125, 127]
WARN | Solving with bucket number 0							0.0075s
WARN | Kernel: [1, 2, 3, 4, 7, 10, 11, 12, 13, 15, 16, 18, 19, 20, 21, 22, 25, 27, 28, 31, 32, 34, 35, 36, 37, 42, 44, 47, 48, 50, 51, 54, 55, 58, 61, 62, 63, 64, 67, 69, 70, 71, 73, 75, 77, 78, 84, 87, 88, 89, 91, 92, 95, 96, 97, 98, 100, 102, 103, 104, 106, 107, 109, 111, 113, 116, 117, 118, 120, 121, 122, 123, 124, 125, 127]	0.0075s
WARN | Bucket: []	0.0075s
WARN | The model was solved to optimality
ERRO | Families from bucket --> []
WARN | Solution value: 422967								1.0933s
WARN | Solution improved
WARN | Indexes of the families added to the kernel: []					1.0987s
WARN | Solving with bucket number 1							1.0993s
WARN | Kernel: [1, 2, 3, 4, 7, 10, 11, 12, 13, 15, 16, 18, 19, 20, 21, 22, 25, 27, 28, 31, 32, 34, 35, 36, 37, 42, 44, 47, 48, 50, 51, 54, 55, 58, 61, 62, 63, 64, 67, 69, 70, 71, 73, 75, 77, 78, 84, 87, 88, 89, 91, 92, 95, 96, 97, 98, 100, 102, 103, 104, 106, 107, 109, 111, 113, 116, 117, 118, 120, 121, 122, 123, 124, 125, 127]	1.0993s
WARN | Bucket: [129, 131, 134, 136, 137, 138, 141, 142, 146, 147, 149, 153, 154, 156, 157, 162, 163, 166, 167, 168, 170, 172, 174, 175, 179, 180, 181, 182, 184, 185]	1.0993s
WARN | The model was solved to optimality
ERRO | Families from bucket --> [129, 131, 134, 136, 137, 138, 141, 142, 146, 147, 149, 153, 154, 156, 157, 162, 163, 166, 167, 168, 170, 172, 174, 175, 179, 180, 181, 182, 184, 185]
WARN | Solution value: 590160								2.8170s
WARN | Solution improved
WARN | Indexes of the families added to the kernel: [129, 131, 134, 136, 137, 138, 141, 142, 146, 147, 149, 153, 154, 156, 157, 162, 163, 166, 167, 168, 170, 172, 174, 175, 179, 180, 181, 182, 184, 185]					2.8245s
WARN | Solving with bucket number 2							2.8253s
WARN | Kernel: [1, 2, 3, 4, 7, 10, 11, 12, 13, 15, 16, 18, 19, 20, 21, 22, 25, 27, 28, 31, 32, 34, 35, 36, 37, 42, 44, 47, 48, 50, 51, 54, 55, 58, 61, 62, 63, 64, 67, 69, 70, 71, 73, 75, 77, 78, 84, 87, 88, 89, 91, 92, 95, 96, 97, 98, 100, 102, 103, 104, 106, 107, 109, 111, 113, 116, 117, 118, 120, 121, 122, 123, 124, 125, 127, 129, 131, 134, 136, 137, 138, 141, 142, 146, 147, 149, 153, 154, 156, 157, 162, 163, 166, 167, 168, 170, 172, 174, 175, 179, 180, 181, 182, 184, 185]	2.8253s
WARN | Bucket: [186, 187, 189, 190, 195, 196, 198, 200, 201, 202, 203, 204, 205, 206, 207, 209, 210, 213, 216, 217, 218, 219, 220, 222, 223, 225, 226, 229, 230, 232]	2.8253s
WARN | The model was solved to optimality
ERRO | Families from bucket --> [186, 187, 189, 190, 195, 196, 198, 200, 201, 202, 203, 204, 205, 206, 207, 209, 210, 213, 216, 217, 218, 219, 220, 222, 223, 225, 226, 229, 230, 232]
WARN | Solution value: 771534								4.9887s
WARN | Solution improved
WARN | Indexes of the families added to the kernel: [186, 187, 189, 190, 195, 196, 198, 200, 201, 202, 203, 204, 205, 206, 207, 209, 210, 213, 216, 217, 218, 219, 220, 222, 223, 225, 226, 229, 230, 232]					4.9973s
WARN | Solving with bucket number 3							4.9984s
WARN | Kernel: [1, 2, 3, 4, 7, 10, 11, 12, 13, 15, 16, 18, 19, 20, 21, 22, 25, 27, 28, 31, 32, 34, 35, 36, 37, 42, 44, 47, 48, 50, 51, 54, 55, 58, 61, 62, 63, 64, 67, 69, 70, 71, 73, 75, 77, 78, 84, 87, 88, 89, 91, 92, 95, 96, 97, 98, 100, 102, 103, 104, 106, 107, 109, 111, 113, 116, 117, 118, 120, 121, 122, 123, 124, 125, 127, 129, 131, 134, 136, 137, 138, 141, 142, 146, 147, 149, 153, 154, 156, 157, 162, 163, 166, 167, 168, 170, 172, 174, 175, 179, 180, 181, 182, 184, 185, 186, 187, 189, 190, 195, 196, 198, 200, 201, 202, 203, 204, 205, 206, 207, 209, 210, 213, 216, 217, 218, 219, 220, 222, 223, 225, 226, 229, 230, 232]	4.9984s
WARN | Bucket: [233, 235, 236, 237, 238, 239, 240, 241, 242, 244, 245, 250, 251, 252, 253, 254, 255, 256, 257, 258, 261, 262, 263, 264, 265, 267, 268, 269, 271, 273]	4.9984s
WARN | The model was solved to optimality
ERRO | Families from bucket --> [233, 235, 236, 237, 238, 239, 240, 241, 242, 244, 245, 250, 251, 252, 253, 254, 255, 256, 257, 258, 261, 262, 263, 264, 265, 267, 268, 269, 271, 273]
WARN | Solution value: 960584								7.9328s
WARN | Solution improved
WARN | Indexes of the families added to the kernel: [233, 235, 236, 237, 238, 239, 240, 241, 242, 244, 245, 250, 251, 252, 253, 254, 255, 256, 257, 258, 261, 262, 263, 264, 265, 267, 268, 269, 271, 273]					7.9424s
WARN | Solving with bucket number 4							7.9433s
WARN | Kernel: [1, 2, 3, 4, 7, 10, 11, 12, 13, 15, 16, 18, 19, 20, 21, 22, 25, 27, 28, 31, 32, 34, 35, 36, 37, 42, 44, 47, 48, 50, 51, 54, 55, 58, 61, 62, 63, 64, 67, 69, 70, 71, 73, 75, 77, 78, 84, 87, 88, 89, 91, 92, 95, 96, 97, 98, 100, 102, 103, 104, 106, 107, 109, 111, 113, 116, 117, 118, 120, 121, 122, 123, 124, 125, 127, 129, 131, 134, 136, 137, 138, 141, 142, 146, 147, 149, 153, 154, 156, 157, 162, 163, 166, 167, 168, 170, 172, 174, 175, 179, 180, 181, 182, 184, 185, 186, 187, 189, 190, 195, 196, 198, 200, 201, 202, 203, 204, 205, 206, 207, 209, 210, 213, 216, 217, 218, 219, 220, 222, 223, 225, 226, 229, 230, 232, 233, 235, 236, 237, 238, 239, 240, 241, 242, 244, 245, 250, 251, 252, 253, 254, 255, 256, 257, 258, 261, 262, 263, 264, 265, 267, 268, 269, 271, 273]	7.9433s
WARN | Bucket: [276, 278, 279, 281, 282, 283, 284, 285, 286, 288, 289, 290, 291, 292, 294, 295, 296, 297, 298, 299, 300, 301, 302, 303, 304, 306, 307, 308, 309, 311]	7.9433s
WARN | The model was solved to optimality
ERRO | Families from bucket --> [276, 278, 279, 281, 282, 283, 284, 285, 286, 288, 289, 290, 291, 292, 294, 295, 296, 297, 298, 299, 300, 301, 302, 303, 304, 306, 307, 308, 309, 311]
WARN | Solution value: 1138530								11.5172s
WARN | Solution improved
WARN | Indexes of the families added to the kernel: [276, 278, 279, 281, 282, 283, 284, 285, 286, 288, 289, 290, 291, 292, 294, 295, 296, 297, 298, 299, 300, 301, 302, 303, 304, 306, 307, 308, 309, 311]					11.5276s
WARN | Solving with bucket number 5							11.5289s
WARN | Kernel: [1, 2, 3, 4, 7, 10, 11, 12, 13, 15, 16, 18, 19, 20, 21, 22, 25, 27, 28, 31, 32, 34, 35, 36, 37, 42, 44, 47, 48, 50, 51, 54, 55, 58, 61, 62, 63, 64, 67, 69, 70, 71, 73, 75, 77, 78, 84, 87, 88, 89, 91, 92, 95, 96, 97, 98, 100, 102, 103, 104, 106, 107, 109, 111, 113, 116, 117, 118, 120, 121, 122, 123, 124, 125, 127, 129, 131, 134, 136, 137, 138, 141, 142, 146, 147, 149, 153, 154, 156, 157, 162, 163, 166, 167, 168, 170, 172, 174, 175, 179, 180, 181, 182, 184, 185, 186, 187, 189, 190, 195, 196, 198, 200, 201, 202, 203, 204, 205, 206, 207, 209, 210, 213, 216, 217, 218, 219, 220, 222, 223, 225, 226, 229, 230, 232, 233, 235, 236, 237, 238, 239, 240, 241, 242, 244, 245, 250, 251, 252, 253, 254, 255, 256, 257, 258, 261, 262, 263, 264, 265, 267, 268, 269, 271, 273, 276, 278, 279, 281, 282, 283, 284, 285, 286, 288, 289, 290, 291, 292, 294, 295, 296, 297, 298, 299, 300, 301, 302, 303, 304, 306, 307, 308, 309, 311]	11.5289s
WARN | Bucket: [313, 315, 316, 318, 322, 323, 324, 326, 327, 328, 329, 330, 331, 332, 333, 334, 335, 336, 337, 338, 339, 340, 341, 342, 343, 345, 346, 348, 350, 353]	11.5289s
WARN | The model was solved to optimality
ERRO | Families from bucket --> [313, 315, 316, 318, 322, 323, 324, 326, 327, 328, 329, 330, 331, 332, 333, 334, 335, 336, 337, 338, 339, 340, 341, 342, 343, 345, 346, 348, 350, 353]
WARN | Solution value: 1311669								15.6778s
WARN | Solution improved
WARN | Indexes of the families added to the kernel: [313, 315, 316, 318, 322, 323, 324, 326, 327, 328, 329, 330, 331, 332, 333, 334, 335, 336, 337, 338, 339, 340, 341, 342, 343, 345, 346, 348, 350, 353]					15.6894s
WARN | Solving with bucket number 6							15.6903s
WARN | Kernel: [1, 2, 3, 4, 7, 10, 11, 12, 13, 15, 16, 18, 19, 20, 21, 22, 25, 27, 28, 31, 32, 34, 35, 36, 37, 42, 44, 47, 48, 50, 51, 54, 55, 58, 61, 62, 63, 64, 67, 69, 70, 71, 73, 75, 77, 78, 84, 87, 88, 89, 91, 92, 95, 96, 97, 98, 100, 102, 103, 104, 106, 107, 109, 111, 113, 116, 117, 118, 120, 121, 122, 123, 124, 125, 127, 129, 131, 134, 136, 137, 138, 141, 142, 146, 147, 149, 153, 154, 156, 157, 162, 163, 166, 167, 168, 170, 172, 174, 175, 179, 180, 181, 182, 184, 185, 186, 187, 189, 190, 195, 196, 198, 200, 201, 202, 203, 204, 205, 206, 207, 209, 210, 213, 216, 217, 218, 219, 220, 222, 223, 225, 226, 229, 230, 232, 233, 235, 236, 237, 238, 239, 240, 241, 242, 244, 245, 250, 251, 252, 253, 254, 255, 256, 257, 258, 261, 262, 263, 264, 265, 267, 268, 269, 271, 273, 276, 278, 279, 281, 282, 283, 284, 285, 286, 288, 289, 290, 291, 292, 294, 295, 296, 297, 298, 299, 300, 301, 302, 303, 304, 306, 307, 308, 309, 311, 313, 315, 316, 318, 322, 323, 324, 326, 327, 328, 329, 330, 331, 332, 333, 334, 335, 336, 337, 338, 339, 340, 341, 342, 343, 345, 346, 348, 350, 353]	15.6903s
WARN | Bucket: [356, 358, 360, 364, 365, 366, 368, 370, 371, 373, 374, 376, 377, 378, 381, 382, 383, 384, 385, 388, 392, 393, 394, 395, 397, 398, 400, 401, 403, 404]	15.6903s
WARN | The model was solved to optimality
ERRO | Families from bucket --> [356, 358, 360, 364, 365, 366, 368, 370, 371, 373, 374, 376, 377, 378, 381, 382, 383, 384, 385, 388, 392, 393, 394, 395, 397, 398, 400, 401, 403, 404]
WARN | Solution value: 1478216								20.3847s
WARN | Solution improved
WARN | Indexes of the families added to the kernel: [356, 358, 360, 364, 365, 366, 368, 370, 371, 373, 374, 376, 377, 378, 381, 382, 383, 384, 385, 388, 392, 393, 394, 395, 397, 398, 400, 401, 403, 404]					20.3978s
WARN | Solving with bucket number 7							20.3988s
WARN | Kernel: [1, 2, 3, 4, 7, 10, 11, 12, 13, 15, 16, 18, 19, 20, 21, 22, 25, 27, 28, 31, 32, 34, 35, 36, 37, 42, 44, 47, 48, 50, 51, 54, 55, 58, 61, 62, 63, 64, 67, 69, 70, 71, 73, 75, 77, 78, 84, 87, 88, 89, 91, 92, 95, 96, 97, 98, 100, 102, 103, 104, 106, 107, 109, 111, 113, 116, 117, 118, 120, 121, 122, 123, 124, 125, 127, 129, 131, 134, 136, 137, 138, 141, 142, 146, 147, 149, 153, 154, 156, 157, 162, 163, 166, 167, 168, 170, 172, 174, 175, 179, 180, 181, 182, 184, 185, 186, 187, 189, 190, 195, 196, 198, 200, 201, 202, 203, 204, 205, 206, 207, 209, 210, 213, 216, 217, 218, 219, 220, 222, 223, 225, 226, 229, 230, 232, 233, 235, 236, 237, 238, 239, 240, 241, 242, 244, 245, 250, 251, 252, 253, 254, 255, 256, 257, 258, 261, 262, 263, 264, 265, 267, 268, 269, 271, 273, 276, 278, 279, 281, 282, 283, 284, 285, 286, 288, 289, 290, 291, 292, 294, 295, 296, 297, 298, 299, 300, 301, 302, 303, 304, 306, 307, 308, 309, 311, 313, 315, 316, 318, 322, 323, 324, 326, 327, 328, 329, 330, 331, 332, 333, 334, 335, 336, 337, 338, 339, 340, 341, 342, 343, 345, 346, 348, 350, 353, 356, 358, 360, 364, 365, 366, 368, 370, 371, 373, 374, 376, 377, 378, 381, 382, 383, 384, 385, 388, 392, 393, 394, 395, 397, 398, 400, 401, 403, 404]	20.3988s
WARN | Bucket: [406, 407, 408, 409, 411, 412, 413, 414, 416, 419, 422, 423, 425, 426, 428, 429, 430, 431, 432, 434, 436, 437, 438, 439, 440, 441, 445, 447, 449, 450]	20.3988s
WARN | The model was solved to optimality
ERRO | Families from bucket --> [406, 407, 408, 409, 411, 412, 413, 414, 416, 419, 422, 423, 425, 426, 428, 429, 430, 431, 432, 434, 436, 437, 438, 439, 440, 441, 445, 447, 449, 450]
WARN | Solution value: 1660698								26.5573s
WARN | Solution improved
WARN | Indexes of the families added to the kernel: [406, 407, 408, 409, 411, 412, 413, 414, 416, 419, 422, 423, 425, 426, 428, 429, 430, 431, 432, 434, 436, 437, 438, 439, 440, 441, 445, 447, 449, 450]					26.5704s
WARN | Solving with bucket number 8							26.5716s
WARN | Kernel: [1, 2, 3, 4, 7, 10, 11, 12, 13, 15, 16, 18, 19, 20, 21, 22, 25, 27, 28, 31, 32, 34, 35, 36, 37, 42, 44, 47, 48, 50, 51, 54, 55, 58, 61, 62, 63, 64, 67, 69, 70, 71, 73, 75, 77, 78, 84, 87, 88, 89, 91, 92, 95, 96, 97, 98, 100, 102, 103, 104, 106, 107, 109, 111, 113, 116, 117, 118, 120, 121, 122, 123, 124, 125, 127, 129, 131, 134, 136, 137, 138, 141, 142, 146, 147, 149, 153, 154, 156, 157, 162, 163, 166, 167, 168, 170, 172, 174, 175, 179, 180, 181, 182, 184, 185, 186, 187, 189, 190, 195, 196, 198, 200, 201, 202, 203, 204, 205, 206, 207, 209, 210, 213, 216, 217, 218, 219, 220, 222, 223, 225, 226, 229, 230, 232, 233, 235, 236, 237, 238, 239, 240, 241, 242, 244, 245, 250, 251, 252, 253, 254, 255, 256, 257, 258, 261, 262, 263, 264, 265, 267, 268, 269, 271, 273, 276, 278, 279, 281, 282, 283, 284, 285, 286, 288, 289, 290, 291, 292, 294, 295, 296, 297, 298, 299, 300, 301, 302, 303, 304, 306, 307, 308, 309, 311, 313, 315, 316, 318, 322, 323, 324, 326, 327, 328, 329, 330, 331, 332, 333, 334, 335, 336, 337, 338, 339, 340, 341, 342, 343, 345, 346, 348, 350, 353, 356, 358, 360, 364, 365, 366, 368, 370, 371, 373, 374, 376, 377, 378, 381, 382, 383, 384, 385, 388, 392, 393, 394, 395, 397, 398, 400, 401, 403, 404, 406, 407, 408, 409, 411, 412, 413, 414, 416, 419, 422, 423, 425, 426, 428, 429, 430, 431, 432, 434, 436, 437, 438, 439, 440, 441, 445, 447, 449, 450]	26.5716s
WARN | Bucket: [452, 453, 455, 456, 457, 458, 460, 463, 464, 465, 466, 467, 468, 470, 471, 473, 475, 476, 478, 480, 482, 483, 484, 485, 489, 490, 493, 495, 496, 500]	26.5716s
WARN | The optimization terminated because the time expended exceeded the value specified by the TimeLimit parameter.
ERRO | Families from bucket --> [452, 453, 455, 456, 457, 458, 460, 463, 464, 465, 466, 467, 468, 470, 471, 473, 475, 476, 478, 480, 482, 483, 484, 485, 489, 490, 493, 496, 500]
WARN | Solution value: 1812022								529.0541s
WARN | Solution improved
WARN | Indexes of the families added to the kernel: [452, 453, 455, 456, 457, 458, 460, 463, 464, 465, 466, 467, 468, 470, 471, 473, 475, 476, 478, 480, 482, 483, 484, 485, 489, 490, 493, 496, 500]					529.0700s
WARN | Solving with bucket number 9							529.0709s
WARN | Kernel: [1, 2, 3, 4, 7, 10, 11, 12, 13, 15, 16, 18, 19, 20, 21, 22, 25, 27, 28, 31, 32, 34, 35, 36, 37, 42, 44, 47, 48, 50, 51, 54, 55, 58, 61, 62, 63, 64, 67, 69, 70, 71, 73, 75, 77, 78, 84, 87, 88, 89, 91, 92, 95, 96, 97, 98, 100, 102, 103, 104, 106, 107, 109, 111, 113, 116, 117, 118, 120, 121, 122, 123, 124, 125, 127, 129, 131, 134, 136, 137, 138, 141, 142, 146, 147, 149, 153, 154, 156, 157, 162, 163, 166, 167, 168, 170, 172, 174, 175, 179, 180, 181, 182, 184, 185, 186, 187, 189, 190, 195, 196, 198, 200, 201, 202, 203, 204, 205, 206, 207, 209, 210, 213, 216, 217, 218, 219, 220, 222, 223, 225, 226, 229, 230, 232, 233, 235, 236, 237, 238, 239, 240, 241, 242, 244, 245, 250, 251, 252, 253, 254, 255, 256, 257, 258, 261, 262, 263, 264, 265, 267, 268, 269, 271, 273, 276, 278, 279, 281, 282, 283, 284, 285, 286, 288, 289, 290, 291, 292, 294, 295, 296, 297, 298, 299, 300, 301, 302, 303, 304, 306, 307, 308, 309, 311, 313, 315, 316, 318, 322, 323, 324, 326, 327, 328, 329, 330, 331, 332, 333, 334, 335, 336, 337, 338, 339, 340, 341, 342, 343, 345, 346, 348, 350, 353, 356, 358, 360, 364, 365, 366, 368, 370, 371, 373, 374, 376, 377, 378, 381, 382, 383, 384, 385, 388, 392, 393, 394, 395, 397, 398, 400, 401, 403, 404, 406, 407, 408, 409, 411, 412, 413, 414, 416, 419, 422, 423, 425, 426, 428, 429, 430, 431, 432, 434, 436, 437, 438, 439, 440, 441, 445, 447, 449, 450, 452, 453, 455, 456, 457, 458, 460, 463, 464, 465, 466, 467, 468, 470, 471, 473, 475, 476, 478, 480, 482, 483, 484, 485, 489, 490, 493, 496, 500]	529.0709s
WARN | Bucket: [128, 29, 492, 399, 52, 357, 43, 160, 274, 60, 56, 130, 325, 171, 74, 379, 183, 396, 33, 188, 110, 161, 212, 344, 94, 451, 140, 199, 486, 143]	529.0709s
WARN | The optimization terminated because the time expended exceeded the value specified by the TimeLimit parameter.
ERRO | Families from bucket --> []
WARN | Solution value: 1812022								542.6803s
WARN | Solution improved
WARN | Indexes of the families added to the kernel: []					542.6963s
ERRO | Kernel Time limit reached
