
Gurobi 11.0.2 (win64) logging started Wed Aug 14 20:16:24 2024

Set parameter LogFile to value "D:\Documenti\Scuola\Laurea magistrale unibs\laurea-unibs-mkfsp\output\2024-08-14T16_44_40.946359\logs\instance10_bucket2.log"
Set parameter TimeLimit to value 500
Set parameter MIPGap to value 0
Gurobi Optimizer version 11.0.2 build v11.0.2rc0 (win64 - Windows 10.0 (19045.2))

CPU model: Intel(R) Core(TM) i5-4670 CPU @ 3.40GHz, instruction set [SSE2|AVX|AVX2]
Thread count: 4 physical cores, 4 logical processors, using up to 4 threads

Optimize a model with 1340 rows, 3893 columns and 106471 nonzeros
Model fingerprint: 0xfb723c68
Variable types: 0 continuous, 3893 integer (3804 binary)
Coefficient statistics:
  Matrix range     [1e+00, 8e+03]
  Objective range  [7e+02, 8e+03]
  Bounds range     [1e+00, 1e+00]
  RHS range        [1e+00, 4e+05]
Found heuristic solution: objective 409524.00000
Presolve time: 0.19s
Presolved: 1340 rows, 3893 columns, 106471 nonzeros
Variable types: 0 continuous, 3893 integer (3804 binary)
Found heuristic solution: objective 414293.00000

Root relaxation: objective 5.102542e+05, 2588 iterations, 0.27 seconds (0.54 work units)

    Nodes    |    Current Node    |     Objective Bounds      |     Work
 Expl Unexpl |  Obj  Depth IntInf | Incumbent    BestBd   Gap | It/Node Time

     0     0 510254.237    0  609 414293.000 510254.237  23.2%     -    1s
H    0     0                    416669.00000 510254.237  22.5%     -    1s
H    0     0                    421080.00000 510254.237  21.2%     -    2s
     0     0 509991.027    0 1334 421080.000 509991.027  21.1%     -    4s
H    0     0                    437983.00000 509991.027  16.4%     -    4s
     0     0 509728.597    0  916 437983.000 509728.597  16.4%     -    6s
     0     0 509705.905    0  799 437983.000 509705.905  16.4%     -    7s
H    0     0                    445114.00000 509517.846  14.5%     -   14s
     0     0 509517.846    0  616 445114.000 509517.846  14.5%     -   14s
H    0     0                    446683.00000 509517.846  14.1%     -   14s
     0     0 509481.871    0  982 446683.000 509481.871  14.1%     -   16s
H    0     0                    446830.00000 509459.823  14.0%     -   17s
H    0     0                    447681.00000 509459.823  13.8%     -   17s
H    0     0                    448700.00000 509459.823  13.5%     -   17s
H    0     0                    449441.00000 509459.823  13.4%     -   17s
H    0     0                    451886.00000 509459.823  12.7%     -   17s
H    0     0                    453540.00000 509459.823  12.3%     -   17s
     0     0 509459.823    0 1079 453540.000 509459.823  12.3%     -   17s
H    0     0                    457848.00000 509438.164  11.3%     -   23s
H    0     0                    458260.00000 509438.164  11.2%     -   23s
H    0     0                    458787.00000 509438.164  11.0%     -   23s
H    0     0                    459959.00000 509438.164  10.8%     -   23s
     0     0 509438.164    0 1390 459959.000 509438.164  10.8%     -   23s
     0     0 509438.164    0  683 459959.000 509438.164  10.8%     -   27s
H    0     0                    468683.00000 509438.164  8.70%     -   31s
     0     2 509438.164    0  543 468683.000 509438.164  8.70%     -   34s
     1     4 509438.164    1  677 468683.000 509438.164  8.70%  5134   35s
     3     8 509438.164    2  840 468683.000 509438.164  8.70%  3279   43s
     7    12 509438.164    3 1087 468683.000 509438.164  8.70%  4011   47s
    11    16 509438.164    4  837 468683.000 509438.164  8.70%  4286   51s
H   30    36                    470114.00000 509438.164  8.36%  3234   54s
H   31    36                    473807.00000 509438.164  7.52%  3197   54s
    35    42 509438.164    8  745 473807.000 509438.164  7.52%  3014   55s
H   65    69                    474256.00000 509438.164  7.42%  2115   59s
H   66    69                    474300.00000 509438.164  7.41%  2103   59s
H   67    69                    475626.00000 509438.164  7.11%  2097   59s
    68    79 509237.239   16  701 475626.000 509438.164  7.11%  2083   60s
H  101   106                    476529.00000 509438.164  6.91%  1659   64s
   105   113 509122.934   26  700 476529.000 509438.164  6.91%  1643   65s
H  134   137                    477256.00000 509438.164  6.74%  1437   69s
   136   151 508963.763   32  703 477256.000 509438.164  6.74%  1432   70s
H  170   173                    477306.00000 509438.164  6.73%  1248   72s
   231   253 508677.246   51  677 477306.000 509438.164  6.73%  1031   75s
H  268   282                    477999.00000 509438.164  6.58%   955   78s
   310   347 508283.408   61  552 477999.000 509438.164  6.58%   886   81s
H  313   347                    478451.00000 509438.164  6.48%   884   81s
   479   538 507204.081   85  497 478451.000 509438.164  6.48%   682   85s
   698   751 504639.000  104  422 478451.000 509438.164  6.48%   542   90s
  1000   981 504639.000  153  424 478451.000 509438.164  6.48%   449   95s
H 1027  1007                    478467.00000 509438.164  6.47%   445   97s
H 1035  1007                    478515.00000 509438.164  6.46%   443   97s
  1110  1155 504639.000  175  361 478515.000 509438.164  6.46%   432  100s
  1416  1413 503945.000  218  405 478515.000 509438.164  6.46%   404  105s
  1626  1619 503945.000  254  340 478515.000 509438.164  6.46%   398  110s
  1871  1808 503945.000  286  329 478515.000 509438.164  6.46%   393  116s
  1972  1910 503945.000  310  296 478515.000 509438.164  6.46%   396  120s
  2114  1960 503945.000  343  279 478515.000 509438.164  6.46%   399  128s
  2118  2017 503945.000  344  267 478515.000 509438.164  6.46%   398  131s
  2250  2112 503159.375  374  346 478515.000 509438.164  6.46%   405  135s
  2358  2212 502465.000  388  304 478515.000 509438.164  6.46%   416  141s
  2493  2314 502465.000  406  259 478515.000 509438.164  6.46%   425  146s
  2599  2392 502376.778  428  278 478515.000 509438.164  6.46%   437  152s
  2643  2438 501765.000  434  305 478515.000 509438.164  6.46%   445  155s
  2738  2510 501043.000  450  299 478515.000 509438.164  6.46%   459  162s
  2788  2555 500348.000  458  305 478515.000 509438.164  6.46%   467  166s
  2841  2593 500348.000  470  313 478515.000 509438.164  6.46%   474  170s
  2910  2648 500348.000  483  346 478515.000 509438.164  6.46%   490  177s
  2956  2687 500348.000  488  329 478515.000 509438.164  6.46%   497  181s
  3005  2708 500348.000  496  336 478515.000 509438.164  6.46%   504  185s
  3088  2803 499621.000  503  329 478515.000 509438.164  6.46%   514  194s
  3136  2810 498858.000  510  359 478515.000 509438.164  6.46%   521  200s
H 3141  2810                    481226.00000 509438.164  5.86%   520  200s
H 3201  2905                    481568.00000 509438.164  5.79%   527  209s
  3261  2966 498858.000  525  325 481568.000 509438.164  5.79%   533  213s
  3327  3061 498858.000  535  338 481568.000 509438.164  5.79%   538  219s
H 3384  3061                    481934.00000 509438.164  5.71%   537  219s
  3435  3091 496665.569  557  467 481934.000 509438.164  5.71%   537  224s
  3472  3146 494327.755  564  440 481934.000 509438.164  5.71%   544  229s
  3531  3275 492930.000  573  340 481934.000 509438.164  5.71%   551  234s
H 3662  3307                    482283.00000 509438.164  5.63%   547  241s
  3705  3338 490615.772  590  583 482283.000 509438.164  5.63%   554  247s
  3739  3377 486110.982  602  446 482283.000 509438.164  5.63%   562  253s
H 3749  3365                    482333.00000 509438.164  5.62%   564  253s
  3779  3408 485656.000  608  408 482333.000 509438.164  5.62%   569  259s
H 3787  3388                    483138.00000 509438.164  5.44%   571  259s
  3824  3431 484874.000  614  421 483138.000 509438.164  5.44%   576  266s
H 3848  3405                    483836.00000 509438.164  5.29%   580  266s
  3867  3464 484698.136  622  455 483836.000 509438.164  5.29%   583  274s
H 3938  3458                    484315.00000 509438.164  5.19%   588  285s
  3963  3471 509370.785    4 1284 484315.000 509438.164  5.19%   601  293s
H 3976  3298                    485845.00000 509438.164  4.86%   608  306s
  3977  3299 502465.000  422  683 485845.000 509438.164  4.86%   608  312s
  3979  3300 504597.000  152 1201 485845.000 509438.164  4.86%   607  326s
  3980  3301 502997.000  362 1201 485845.000 509438.164  4.86%   607  330s
  3981  3302 501285.000  315 1201 485845.000 509438.164  4.86%   607  335s
  3982  3305 509438.164   11 1131 485845.000 509438.164  4.86%   628  349s
  3984  3309 508336.133   12 1063 485845.000 509438.164  4.86%   632  357s
  3988  3311 508213.983   13  956 485845.000 509438.164  4.86%   639  363s
  3992  3314 507806.496   13  997 485845.000 509438.164  4.86%   650  375s
  4000  3319 506109.000   14  799 485845.000 509438.164  4.86%   678  380s
  4009  3325 507988.604   16  974 485845.000 509438.164  4.86%   696  391s
H 4011  3159                    486491.00000 509438.164  4.72%   697  391s
  4018  3165 507304.231   17  908 486491.000 509438.164  4.72%   710  396s
  4022  3168 507880.400   18  932 486491.000 509438.164  4.72%   717  403s
  4026  3171 506946.495   18  875 486491.000 509438.164  4.72%   726  413s
  4030  3175 507821.834   19  993 486491.000 509438.164  4.72%   744  417s
H 4032  3018                    487367.00000 509438.164  4.53%   745  417s
  4036  3020 507705.712   20  951 487367.000 509438.164  4.53%   754  424s
H 4040  2875                    487930.00000 509438.164  4.41%   759  428s
H 4043  2733                    488151.00000 509438.164  4.36%   765  428s
  4045  2736 507700.791   21  874 488151.000 509438.164  4.36%   770  434s
  4049  2742 507104.452   21 1059 488151.000 509438.164  4.36%   776  438s
  4056  2745 507690.067   23  802 488151.000 509438.164  4.36%   788  446s
  4061  2752 507675.801   24  888 488151.000 509438.164  4.36%   795  451s
H 4065  2616                    489796.00000 509438.164  4.01%   798  451s
  4070  2620 507015.460   25  919 489796.000 509438.164  4.01%   808  455s
H 4074  2492                    492780.00000 509438.164  3.38%   812  455s
  4076  2497 507597.628   27  824 492780.000 509438.164  3.38%   818  462s
  4082  2507 507597.227   28  936 492780.000 509438.164  3.38%   824  467s
  4094  2508 507578.441   30  863 492780.000 509438.164  3.38%   839  473s
  4099  2510 507574.868   31  910 492780.000 509438.164  3.38%   847  483s
  4103  2520 507357.484   31  924 492780.000 509438.164  3.38%   863  488s
  4114  2529 506314.093   33  993 492780.000 509438.164  3.38%   875  494s
  4127  2528 506178.117   35  837 492780.000 509438.164  3.38%   890  500s

Explored 4130 nodes (3757629 simplex iterations) in 500.01 seconds (936.26 work units)
Thread count was 4 (of 4 available processors)

Solution count 10: 492780 489796 488151 ... 483138

Time limit reached
Best objective 4.927800000000e+05, best bound 5.094380000000e+05, gap 3.3804%
