
Gurobi 11.0.2 (win64) logging started Wed Aug 14 18:55:43 2024

Set parameter LogFile to value "D:\Documenti\Scuola\Laurea magistrale unibs\laurea-unibs-mkfsp\output\2024-08-14T16_44_40.946359\logs\instance02_bucket3.log"
Set parameter TimeLimit to value 500
Set parameter MIPGap to value 0
Gurobi Optimizer version 11.0.2 build v11.0.2rc0 (win64 - Windows 10.0 (19045.2))

CPU model: Intel(R) Core(TM) i5-4670 CPU @ 3.40GHz, instruction set [SSE2|AVX|AVX2]
Thread count: 4 physical cores, 4 logical processors, using up to 4 threads

Optimize a model with 1063 rows, 4612 columns and 49581 nonzeros
Model fingerprint: 0x1822a689
Variable types: 0 continuous, 4612 integer (4561 binary)
Coefficient statistics:
  Matrix range     [1e+00, 8e+03]
  Objective range  [6e+02, 8e+03]
  Bounds range     [1e+00, 1e+00]
  RHS range        [1e+00, 3e+05]
Presolve time: 0.06s
Presolved: 1063 rows, 4612 columns, 49581 nonzeros
Variable types: 0 continuous, 4612 integer (4561 binary)

Root relaxation: objective 2.972853e+05, 1990 iterations, 0.14 seconds (0.26 work units)

    Nodes    |    Current Node    |     Objective Bounds      |     Work
 Expl Unexpl |  Obj  Depth IntInf | Incumbent    BestBd   Gap | It/Node Time

     0     0 297285.253    0  481          - 297285.253      -     -    1s
     0     0 296941.590    0  891          - 296941.590      -     -    2s
     0     0 296820.395    0  684          - 296820.395      -     -    3s
     0     0 296479.193    0  458          - 296479.193      -     -    6s
     0     0 296455.899    0  628          - 296455.899      -     -    7s
     0     0 296410.609    0  925          - 296410.609      -     -    8s
     0     0 296407.536    0  487          - 296407.536      -     -   10s
     0     2 296407.536    0  432          - 296407.536      -     -   13s
   105   113 294749.351   30  356          - 296407.536      -   208   15s
   583   596 292506.000  138  280          - 296407.536      -   187   20s
   982   992 292506.000  224  267          - 296407.536      -   221   25s
  1332  1302 292244.911  297  283          - 296407.536      -   253   30s
  1604  1531 292506.000  350  252          - 296407.536      -   281   35s
  1778  1701 291826.000  389  201          - 296407.536      -   318   40s
  1987  1872 291117.000  427  213          - 296407.536      -   357   46s
  2140  2032 291117.000  462  225          - 296407.536      -   371   50s
  2370  2257 288276.000  496  201          - 296407.536      -   392   55s
  2570  2419 286875.000  537  240          - 296407.536      -   406   60s
  2764  2642 286260.000  561  224          - 296407.536      -   423   65s
  3032  2902 284891.000  614  215          - 296407.536      -   433   71s
  3304  3153 292750.000   71  315          - 296407.536      -   428   75s
  3808  3470 285546.000  601  487          - 296407.536      -   414   80s
H 3809  3297                    261481.00000 296407.536  13.4%   414   88s
H 3809  3132                    264109.00000 296407.536  12.2%   414   88s
H 3810  2975                    268538.00000 296407.536  10.4%   413   92s
  3812  2977 292169.567  463  897 268538.000 296407.536  10.4%   413   95s
  3814  2978 290652.000   69  879 268538.000 296407.536  10.4%   413  100s
H 3814  2829                    268681.00000 296407.536  10.3%   413  101s
H 3814  2688                    271096.00000 296407.536  9.34%   413  104s
  3816  2692 296407.536   11 1045 271096.000 296407.536  9.34%   439  113s
  3818  2696 295511.500   12  928 271096.000 296407.536  9.34%   444  117s
  3822  2698 294866.000   13  799 271096.000 296407.536  9.34%   452  122s
  3826  2701 292768.000   13  654 271096.000 296407.536  9.34%   461  127s
  3834  2706 291477.000   14  635 271096.000 296407.536  9.34%   481  130s
H 3842  2577                    273706.00000 296407.536  8.29%   487  133s
  3850  2582 291277.000   16  646 273706.000 296407.536  8.29%   496  138s
  3854  2585 294750.000   17  817 273706.000 296407.536  8.29%   505  143s
  3858  2587 294750.000   17  915 273706.000 296407.536  8.29%   519  145s
  3866  2595 294750.000   18  841 273706.000 296407.536  8.29%   528  150s
  3872  2597 294750.000   19  871 273706.000 296407.536  8.29%   534  157s
H 3875  2468                    274648.00000 296407.536  7.92%   536  157s
  3883  2481 294750.000   21  856 274648.000 296407.536  7.92%   544  161s
  3896  2488 294750.000   23  841 274648.000 296407.536  7.92%   556  166s
  3903  2489 294750.000   24  802 274648.000 296407.536  7.92%   563  170s
  3915  2502 294750.000   25 1022 274648.000 296407.536  7.92%   575  175s
H 3927  2381                    274653.00000 296407.536  7.92%   586  179s
  3928  2391 294750.000   27  968 274653.000 296407.536  7.92%   589  182s
  3938  2396 294476.844   28 1000 274653.000 296407.536  7.92%   597  188s
  3946  2398 294528.628   29 1018 274653.000 296407.536  7.92%   615  193s
  3951  2408 294750.000   30  963 274653.000 296407.536  7.92%   621  199s
H 3956  2292                    274685.00000 296407.536  7.91%   624  199s
  3963  2302 294243.967   31  994 274685.000 296407.536  7.91%   630  202s
  3976  2313 294750.000   33  989 274685.000 296407.536  7.91%   639  206s
  3991  2312 294750.000   35  922 274685.000 296407.536  7.91%   650  212s
  3995  2327 294750.000   35  960 274685.000 296407.536  7.91%   652  216s
  4011  2336 294750.000   37  904 274685.000 296407.536  7.91%   662  221s
  4041  2358 294750.000   40  900 274685.000 296407.536  7.91%   683  228s
  4058  2369 294694.399   42 1009 274685.000 296407.536  7.91%   695  233s
H 4074  2258                    276234.00000 296407.536  7.30%   705  239s
  4079  2277 294748.484   45  955 276234.000 296407.536  7.30%   710  243s
  4099  2288 294748.029   48  945 276234.000 296407.536  7.30%   723  248s
  4117  2308 294627.356   50  871 276234.000 296407.536  7.30%   734  252s
  4143  2322 294357.653   54  906 276234.000 296407.536  7.30%   745  257s
  4166  2340 293980.000   57  892 276234.000 296407.536  7.30%   756  262s
  4192  2355 293980.000   60  857 276234.000 296407.536  7.30%   769  266s
  4217  2376 293972.868   63  886 276234.000 296407.536  7.30%   781  271s
  4249  2395 293971.717   67  894 276234.000 296407.536  7.30%   794  276s
  4279  2426 293924.817   70  916 276234.000 296407.536  7.30%   808  282s
  4320  2444 293565.287   76  896 276234.000 296407.536  7.30%   821  287s
H 4344  2332                    276342.00000 296407.536  7.26%   829  287s
  4352  2367 293836.330   80  897 276342.000 296407.536  7.26%   833  293s
  4389  2391 293769.991   84  916 276342.000 296407.536  7.26%   847  299s
  4426  2420 293692.132   89  893 276342.000 296407.536  7.26%   860  308s
H 4438  2317                    276452.00000 296407.536  7.22%   862  308s
  4467  2343 293272.000   95  911 276452.000 296407.536  7.22%   875  314s
  4503  2376 293052.255  100  869 276452.000 296407.536  7.22%   891  321s
  4548  2403 293003.088  106  922 276452.000 296407.536  7.22%   906  327s
  4590  2439 293254.418  111  905 276452.000 296407.536  7.22%   920  334s
  4640  2488 292748.006  116  834 276452.000 296407.536  7.22%   933  341s
  4705  2526 293120.967  122  925 276452.000 296407.536  7.22%   943  349s
  4765  2551 287762.000  128  624 276452.000 296407.536  7.22%   955  357s
H 4799  2446                    276459.00000 296407.536  7.22%   965  357s
  4810  2476 292640.746  132  901 276459.000 296407.536  7.22%   970  366s
  4844  2519 292677.982  135  867 276459.000 296407.536  7.22%   974  375s
H 4879  2418                    276500.00000 296407.536  7.20%   982  375s
  4898  2478 292474.018  141  900 276500.000 296407.536  7.20%   985  383s
  4965  2492 292255.443  146  796 276500.000 296407.536  7.20%   998  394s
  5024  2492 291101.109  155  808 276500.000 296407.536  7.20%  1010  407s
  5066  2506 295966.740   17 1039 276500.000 296407.536  7.20%  1033  420s
  5106  2518 296407.536   21 1084 276500.000 296407.536  7.20%  1053  434s
  5146  2538 295407.585   25 1101 276500.000 296407.536  7.20%  1070  448s
  5189  2565 296407.536   30 1078 276500.000 296407.536  7.20%  1088  460s
  5238  2596 296219.634   37 1014 276500.000 296407.536  7.20%  1109  471s
  5286  2628 295933.667   43 1032 276500.000 296407.536  7.20%  1127  484s
  5334  2674 295656.491   49 1017 276500.000 296407.536  7.20%  1143  496s
  5397  2675 295365.016   56 1032 276500.000 296407.536  7.20%  1163  500s

Cutting planes:
  Gomory: 1
  Cover: 1
  MIR: 1

Explored 5419 nodes (6385902 simplex iterations) in 500.02 seconds (920.86 work units)
Thread count was 4 (of 4 available processors)

Solution count 10: 276500 276459 276452 ... 271096

Time limit reached
Best objective 2.765000000000e+05, best bound 2.964070000000e+05, gap 7.1996%
