
Gurobi 11.0.2 (win64) logging started Wed Aug 14 19:45:55 2024

Set parameter LogFile to value "D:\Documenti\Scuola\Laurea magistrale unibs\laurea-unibs-mkfsp\output\2024-08-14T16_44_40.946359\logs\instance07_bucket2.log"
Set parameter TimeLimit to value 500
Set parameter MIPGap to value 0
Gurobi Optimizer version 11.0.2 build v11.0.2rc0 (win64 - Windows 10.0 (19045.2))

CPU model: Intel(R) Core(TM) i5-4670 CPU @ 3.40GHz, instruction set [SSE2|AVX|AVX2]
Thread count: 4 physical cores, 4 logical processors, using up to 4 threads

Optimize a model with 752 rows, 1988 columns and 54678 nonzeros
Model fingerprint: 0xd578a709
Variable types: 0 continuous, 1988 integer (1944 binary)
Coefficient statistics:
  Matrix range     [1e+00, 8e+03]
  Objective range  [6e+02, 8e+03]
  Bounds range     [1e+00, 1e+00]
  RHS range        [1e+00, 2e+05]
Presolve time: 0.09s
Presolved: 752 rows, 1988 columns, 54678 nonzeros
Variable types: 0 continuous, 1988 integer (1944 binary)

Root relaxation: objective 2.490236e+05, 1951 iterations, 0.21 seconds (0.39 work units)

    Nodes    |    Current Node    |     Objective Bounds      |     Work
 Expl Unexpl |  Obj  Depth IntInf | Incumbent    BestBd   Gap | It/Node Time

     0     0 249023.642    0  389          - 249023.642      -     -    0s
H    0     0                    206522.00000 249023.642  20.6%     -    0s
H    0     0                    207924.00000 248851.884  19.7%     -    1s
     0     0 248774.067    0  817 207924.000 248774.067  19.6%     -    1s
     0     0 248550.027    0  596 207924.000 248550.027  19.5%     -    2s
     0     0 248155.539    0  808 207924.000 248155.539  19.3%     -    3s
H    0     0                    210004.00000 248155.539  18.2%     -    3s
H    0     0                    212570.00000 248037.745  16.7%     -    4s
H    0     0                    213398.00000 248037.745  16.2%     -    4s
     0     0 248037.745    0  809 213398.000 248037.745  16.2%     -    4s
     0     0 247970.761    0  642 213398.000 247970.761  16.2%     -    4s
     0     0 247945.959    0  602 213398.000 247945.959  16.2%     -    5s
H    0     0                    217094.00000 247872.055  14.2%     -    6s
     0     0 247872.055    0  827 217094.000 247872.055  14.2%     -    6s
     0     0 247872.055    0  419 217094.000 247872.055  14.2%     -    7s
H    0     0                    219929.00000 247872.055  12.7%     -    8s
     0     2 247872.055    0  357 219929.000 247872.055  12.7%     -    9s
     3     8 247289.927    2  558 219929.000 247872.055  12.7%  2290   11s
H   27    32                    221074.00000 247872.055  12.1%  1563   14s
    43    48 246969.950   13  447 221074.000 247872.055  12.1%  1213   15s
H   59    64                    221412.00000 247872.055  12.0%  1070   16s
H   61    64                    222467.00000 247872.055  11.4%  1054   16s
H   62    64                    223304.00000 247872.055  11.0%  1047   16s
H   90    95                    223317.00000 247872.055  11.0%   861   17s
H   91    95                    223382.00000 247872.055  11.0%   858   17s
H   91    95                    223499.00000 247872.055  10.9%   858   17s
H   92    95                    224036.00000 247872.055  10.6%   852   17s
H   93    95                    224779.00000 247872.055  10.3%   846   17s
H  157   166                    225591.00000 247872.055  9.88%   679   19s
   166   178 245567.905   40  381 225591.000 247872.055  9.88%   665   20s
H  190   195                    225618.00000 247872.055  9.86%   651   20s
H  222   226                    226352.00000 247872.055  9.51%   659   23s
H  224   226                    226376.00000 247872.055  9.50%   661   23s
   267   284 244003.000   57  246 226376.000 247872.055  9.50%   636   25s
H  352   354                    226402.00000 247872.055  9.48%   583   26s
H  451   450                    227080.00000 247872.055  9.16%   543   29s
   481   491 244003.000  100  343 227080.000 247872.055  9.16%   541   30s
   604   605 244003.000  120  278 227080.000 247872.055  9.16%   555   36s
   713   713 244003.000  141  332 227080.000 247872.055  9.16%   575   40s
   824   806 243209.000  157  329 227080.000 247872.055  9.16%   593   45s
   901   863 243209.000  173  359 227080.000 247872.055  9.16%   610   50s
H  906   863                    227162.00000 247872.055  9.12%   612   50s
   952   905 243126.105  182  419 227162.000 247872.055  9.12%   651   55s
H  961   905                    227389.00000 247872.055  9.01%   654   55s
  1018   983 242499.354  193  386 227389.000 247872.055  9.01%   667   60s
  1123  1083 241332.636  219  389 227389.000 247872.055  9.01%   706   66s
H 1193  1114                    227946.00000 247872.055  8.74%   719   72s
  1236  1190 239678.000  240  300 227946.000 247872.055  8.74%   727   75s
  1383  1333 238964.000  271  277 227946.000 247872.055  8.74%   731   81s
H 1485  1381                    228729.00000 247872.055  8.37%   726   84s
  1494  1433 236718.000  297  283 228729.000 247872.055  8.37%   729   86s
  1627  1589 234503.672  325  275 228729.000 247872.055  8.37%   727   91s
  1814  1737 247872.055    4  686 228729.000 247872.055  8.37%   712   95s
  1968  1881 242921.000   49  399 228729.000 247872.055  8.37%   705  101s
  2064  1934 242921.000   79  314 228729.000 247872.055  8.37%   715  108s
  2104  1950 242921.000   91  422 228729.000 247872.055  8.37%   726  111s
  2121  1951 244003.000   56  419 228729.000 247872.055  8.37%   743  119s
  2123  1952 236430.440  298 1125 228729.000 247872.055  8.37%   742  122s
  2125  1954 236163.278  304 1125 228729.000 247872.055  8.37%   741  125s
  2132  1963 247872.055   15 1114 228729.000 247872.055  8.37%   760  131s
  2136  1966 247414.049   15 1073 228729.000 247872.055  8.37%   772  136s
  2152  1978 245720.000   17  868 228729.000 247872.055  8.37%   812  142s
  2167  1988 247209.257   19 1140 228729.000 247872.055  8.37%   824  146s
  2184  1998 247250.069   22 1048 228729.000 247872.055  8.37%   844  151s
  2188  2001 247114.026   22 1057 228729.000 247872.055  8.37%   854  155s
  2204  2012 247189.389   24 1094 228729.000 247872.055  8.37%   883  160s
  2216  2019 247183.844   26 1115 228729.000 247872.055  8.37%   898  165s
  2230  2036 242100.000   27  620 228729.000 247872.055  8.37%   915  170s
  2246  2045 242892.000   29  735 228729.000 247872.055  8.37%   932  175s
  2273  2057 247152.118   33 1061 228729.000 247872.055  8.37%   960  182s
  2277  2065 242152.000   33  595 228729.000 247872.055  8.37%   977  185s
  2300  2079 247140.798   37 1035 228729.000 247872.055  8.37%   993  190s
  2321  2094 247120.997   39 1010 228729.000 247872.055  8.37%  1011  195s
H 2338  2007                    229433.00000 247872.055  8.04%  1022  197s
  2346  2020 247108.479   42 1041 229433.000 247872.055  8.04%  1026  200s
  2375  2039 244192.000   45  872 229433.000 247872.055  8.04%  1046  205s
  2408  2053 246834.031   50 1043 229433.000 247872.055  8.04%  1066  211s
  2419  2074 246827.917   51 1063 229433.000 247872.055  8.04%  1074  215s
  2468  2111 244003.000   55  802 229433.000 247872.055  8.04%  1091  221s
H 2505  2036                    229483.00000 247872.055  8.01%  1101  224s
  2531  2065 244797.000   62  901 229483.000 247872.055  8.01%  1108  228s
  2569  2103 244703.893   65  870 229483.000 247872.055  8.01%  1114  231s
  2669  2176 244703.256   74  848 229483.000 247872.055  8.01%  1119  238s
  2726  2215 244621.023   81  853 229483.000 247872.055  8.01%  1119  241s
  2788  2227 244346.294   87  856 229483.000 247872.055  8.01%  1120  245s
  2892  2314 243860.660   97  823 229483.000 247872.055  8.01%  1123  252s
  2954  2362 243228.591  104  752 229483.000 247872.055  8.01%  1120  256s
  3023  2389 243101.252  112  739 229483.000 247872.055  8.01%  1119  260s
  3133  2408 infeasible  130      229483.000 247872.055  8.01%  1123  269s
  3158  2413 241528.478  128  691 229483.000 247872.055  8.01%  1130  274s
  3196  2429 infeasible  132      229483.000 247872.055  8.01%  1140  279s
  3230  2451 247872.055   18 1125 229483.000 247872.055  8.01%  1149  284s
  3264  2473 247872.055   21 1124 229483.000 247872.055  8.01%  1160  289s
  3297  2506 246727.077   24  962 229483.000 247872.055  8.01%  1172  294s
  3341  2540 246621.298   27 1072 229483.000 247872.055  8.01%  1179  299s
  3390  2573 247334.622   31 1093 229483.000 247872.055  8.01%  1186  305s
H 3428  2472                    229555.00000 247872.055  7.98%  1190  305s
H 3439  2432                    230987.00000 247872.055  7.31%  1193  311s
  3486  2480 246689.350   37 1104 230987.000 247872.055  7.31%  1204  318s
H 3524  2387                    231828.00000 247872.055  6.92%  1205  318s
  3550  2450 246482.503   41  978 231828.000 247872.055  6.92%  1212  324s
  3623  2498 246231.395   45 1037 231828.000 247872.055  6.92%  1216  331s
  3706  2532 245537.268   50  968 231828.000 247872.055  6.92%  1217  338s
  3780  2563 245379.268   56  964 231828.000 247872.055  6.92%  1223  345s
  3846  2598 245189.975   62  988 231828.000 247872.055  6.92%  1232  353s
H 3894  2507                    232218.00000 247872.055  6.74%  1239  353s
  3904  2594 242905.636   69  830 232218.000 247872.055  6.74%  1242  360s
  3994  2650 242219.000   78  756 232218.000 247872.055  6.74%  1244  368s
  4080  2712 241868.305   89  855 232218.000 247872.055  6.74%  1244  377s
  4182  2755 240966.986  110  749 232218.000 247872.055  6.74%  1249  386s
  4281  2800 239288.000  127  652 232218.000 247872.055  6.74%  1247  394s
  4382  2845 infeasible  146      232218.000 247872.055  6.74%  1254  403s
H 4396  2769                    232290.00000 247872.055  6.71%  1257  403s
  4483  2797 246724.461   24  996 232290.000 247872.055  6.71%  1256  413s
  4558  2878 246106.983   34  932 232290.000 247872.055  6.71%  1265  424s
  4664  2987 245481.096   60  899 232290.000 247872.055  6.71%  1273  434s
  4811  3054 244346.506   77  822 232290.000 247872.055  6.71%  1273  445s
  4949  3143 242860.257   95  658 232290.000 247872.055  6.71%  1275  455s
  5087  3355 237760.000  110  365 232290.000 247872.055  6.71%  1274  467s
  5364  3329 247824.089   21 1114 232290.000 247872.055  6.71%  1255  480s
  5494  3366 246641.871   37 1012 232290.000 247872.055  6.71%  1255  493s
  5588  3390 245565.822   53  951 232290.000 247872.055  6.71%  1265  500s
H 5589  3321                    232779.00000 247872.055  6.48%  1265  500s

Explored 5644 nodes (7187875 simplex iterations) in 500.02 seconds (1058.30 work units)
Thread count was 4 (of 4 available processors)

Solution count 10: 232779 232290 232218 ... 227946

Time limit reached
Best objective 2.327790000000e+05, best bound 2.478720000000e+05, gap 6.4838%
