
Gurobi 11.0.2 (win64) logging started Wed Aug 14 19:05:45 2024

Set parameter LogFile to value "D:\Documenti\Scuola\Laurea magistrale unibs\laurea-unibs-mkfsp\output\2024-08-14T16_44_40.946359\logs\instance03_bucket4.log"
Set parameter TimeLimit to value 500
Set parameter MIPGap to value 0
Gurobi Optimizer version 11.0.2 build v11.0.2rc0 (win64 - Windows 10.0 (19045.2))

CPU model: Intel(R) Core(TM) i5-4670 CPU @ 3.40GHz, instruction set [SSE2|AVX|AVX2]
Thread count: 4 physical cores, 4 logical processors, using up to 4 threads

Optimize a model with 2238 rows, 11443 columns and 122771 nonzeros
Model fingerprint: 0x44707675
Variable types: 0 continuous, 11443 integer (11354 binary)
Coefficient statistics:
  Matrix range     [1e+00, 8e+03]
  Objective range  [6e+02, 8e+03]
  Bounds range     [1e+00, 1e+00]
  RHS range        [1e+00, 4e+05]
Found heuristic solution: objective 425097.00000
Presolve time: 0.16s
Presolved: 2238 rows, 11443 columns, 122771 nonzeros
Variable types: 0 continuous, 11443 integer (11354 binary)
Found heuristic solution: objective 462865.00000
Deterministic concurrent LP optimizer: primal and dual simplex
Showing primal log only...

Concurrent spin time: 0.00s

Solved with dual simplex

Root relaxation: objective 5.055640e+05, 689 iterations, 0.06 seconds (0.06 work units)

    Nodes    |    Current Node    |     Objective Bounds      |     Work
 Expl Unexpl |  Obj  Depth IntInf | Incumbent    BestBd   Gap | It/Node Time

H    0     0                    505564.00000 505564.000  0.00%     -    0s
     0     0 505564.000    0    2 505564.000 505564.000  0.00%     -    0s

Explored 1 nodes (1334 simplex iterations) in 0.28 seconds (0.25 work units)
Thread count was 4 (of 4 available processors)

Solution count 3: 505564 462865 425097 

Optimal solution found (tolerance 0.00e+00)
Best objective 5.055640000000e+05, best bound 5.055640000000e+05, gap 0.0000%
